#
# A fatal error has been detected by the Java Runtime Environment:
#
#  EXCEPTION_ACCESS_VIOLATION (0xc0000005) at pc=0x0000029713da102c, pid=2676, tid=21412
#
# JRE version: OpenJDK Runtime Environment Temurin-21.0.3+9 (21.0.3+9) (build 21.0.3+9-LTS)
# Java VM: OpenJDK 64-Bit Server VM Temurin-21.0.3+9 (21.0.3+9-LTS, mixed mode, emulated-client, tiered, compressed oops, compressed class ptrs, g1 gc, windows-amd64)
# Problematic frame:
# v  ~BufferBlob::MethodHandles adapters 0x0000029713da102c
#
# No core dump will be written. Minidumps are not enabled by default on client versions of Windows
#
# If you would like to submit a bug report, please visit:
#   https://github.com/adoptium/adoptium-support/issues
#

---------------  S U M M A R Y ------------

Command Line: -XX:+ShowCodeDetailsInExceptionMessages -agentlib:jdwp=transport=dt_socket,suspend=y,address=localhost:61852 -Dcom.sun.management.jmxremote -Dcom.sun.management.jmxremote.port=61851 -Dcom.sun.management.jmxremote.authenticate=false -Dcom.sun.management.jmxremote.ssl=false -Djava.rmi.server.hostname=localhost -Dspring.jmx.enabled=true -Dmanagement.endpoints.jmx.exposure.include=* -Dspring.application.admin.enabled=true -XX:TieredStopAtLevel=1 -Dspring.boot.project.name=FoodDeliveryManagement -javaagent:C:\Users\PRASANTH\Downloads\sts-4.24.0.RELEASE\configuration\org.eclipse.osgi\270\0\.cp\lib\javaagent-shaded.jar -Dfile.encoding=UTF-8 -Dstdout.encoding=UTF-8 -Dstderr.encoding=UTF-8 com.fooddelivery.FoodDeliveryManagementApplication --spring.output.ansi.enabled=always

Host: AMD Ryzen 5 4600H with Radeon Graphics         , 12 cores, 7G,  Windows 11 , 64 bit Build 26100 (10.0.26100.3360)
Time: Thu Mar 20 23:40:26 2025 India Standard Time elapsed time: 193.751604 seconds (0d 0h 3m 13s)

---------------  T H R E A D  ---------------

Current thread (0x0000029725427180):  JavaThread "restartedMain"        [_thread_in_Java, id=21412, stack(0x000000a586700000,0x000000a586800000) (1024K)]

Stack: [0x000000a586700000,0x000000a586800000],  sp=0x000000a5867fd7b8,  free space=1013k
Native frames: (J=compiled Java code, j=interpreted, Vv=VM code, C=native code)
C  0x0000029713da102c

The last pc belongs to _linkToSpecial (printed below).

siginfo: EXCEPTION_ACCESS_VIOLATION (0xc0000005), reading address 0xffffffffffffffff


Registers:
RAX=0x0000029713d79086, RBX=0x919c8c5000000000, RCX=0x000000a5867fd7c0, RDX=0x0000000000000002
RSP=0x000000a5867fd7b8, RBP=0x000000a5867fd808, RSI=0x00000297223a14c8, RDI=0x00000297257b1ee0
R8 =0x0000000000000004, R9 =0x0000000000000004, R10=0x00007ff81d021a30, R11=0x000002971d3e7388
R12=0x0000000000000000, R13=0x000000a5867fd7b8, R14=0x000000a5867fd828, R15=0x0000029725427180
RIP=0x0000029713da102c, EFLAGS=0x0000000000010202


Register to memory mapping:

RAX=0x0000029713d79086 is at code_begin+3078 in an Interpreter codelet
return entry points  [0x0000029713d78480, 0x0000029713d7a298]  7704 bytes
RBX=0x919c8c5000000000 is an unknown value
RCX=0x000000a5867fd7c0 is pointing into the stack for thread: 0x0000029725427180
RDX=0x0000000000000002 is an unknown value
RSP=0x000000a5867fd7b8 is pointing into the stack for thread: 0x0000029725427180
RBP=0x000000a5867fd808 is pointing into the stack for thread: 0x0000029725427180
RSI=0x00000297223a14c8 points into unknown readable memory: 0xc8020100ac02c602 | 02 c6 02 ac 00 01 02 c8
RDI=0x00000297257b1ee0 points into unknown readable memory: 0x0000001800000070 | 70 00 00 00 18 00 00 00
R8 =0x0000000000000004 is an unknown value
R9 =0x0000000000000004 is an unknown value
R10=0x00007ff81d021a30 jvm.dll
R11={method} {0x000002971d3e7390} 'newInvokeSpecial' '(Ljava/lang/Object;)Ljava/lang/Object;' in 'java/lang/invoke/DirectMethodHandle$Holder'
R12=0x0 is null
R13=0x000000a5867fd7b8 is pointing into the stack for thread: 0x0000029725427180
R14=0x000000a5867fd828 is pointing into the stack for thread: 0x0000029725427180
R15=0x0000029725427180 is a thread

Top of Stack: (sp=0x000000a5867fd7b8)
0x000000a5867fd7b8:   0000029713d79086 000000a5867fd7c0
0x000000a5867fd7c8:   000002971d3e7377 0000000000000004
0x000000a5867fd7d8:   000002971d3eb150 000000008ed3a778
0x000000a5867fd7e8:   000000008abc87a0 000002971d3e7388
0x000000a5867fd7f8:   000000a5867fd7b8 000000a5867fd830
0x000000a5867fd808:   000000a5867feb48 0000029714136ddb
0x000000a5867fd818:   00000000919c8b58 00000000919c8c00
0x000000a5867fd828:   00000000919c8bb8 00000000919c8968
0x000000a5867fd838:   000002971cdb4ad0 000000a5867feb48
0x000000a5867fd848:   0000029714692c74 0000029721d27ab8
0x000000a5867fd858:   00007ff876d245f2 00007ff876d32bb0
0x000000a5867fd868:   000002971cdb4ad0 0000029721d7c1c0
0x000000a5867fd878:   000000a5867fb090 00000297255a8fb0
0x000000a5867fd888:   000000a5867fb090 0000029725427100
0x000000a5867fd898:   00007ff81c51368f 00007ff876d303a0
0x000000a5867fd8a8:   000000008abc0f30 000000008ed3a778
0x000000a5867fd8b8:   00000000919c8830 00000000919c8830
0x000000a5867fd8c8:   00000000919c8968 00000000919c8be8
0x000000a5867fd8d8:   00000000919c89c0 000000008ed3a778
0x000000a5867fd8e8:   0000000000000001 000000a5867feb48
0x000000a5867fd8f8:   0000029700000000 0000000000000000
0x000000a5867fd908:   0000000000000000 00000000919c8bb8
0x000000a5867fd918:   0000029714137fdc 0000000000000000
0x000000a5867fd928:   0000000000000000 0000000000000000
0x000000a5867fd938:   0000000000000000 0000029725427180
0x000000a5867fd948:   0000000000000000 00000000919c8968
0x000000a5867fd958:   0000000000000000 00000000919c8830
0x000000a5867fd968:   00000000919c8be8 00000000919c8968
0x000000a5867fd978:   0000000000000000 0000000000000000
0x000000a5867fd988:   0000029714136334 000000a5867feb48
0x000000a5867fd998:   0000029714133b6a 0000000000000000
0x000000a5867fd9a8:   0000029713fb06a1 0000000000000000 

Instructions: (pc=0x0000029713da102c)
0x0000029713da0f2c:   8b 59 14 8b 5b 28 8b 5b 24 48 8b 5b 10 48 85 db
0x0000029713da0f3c:   0f 84 10 00 00 00 41 80 bf e0 05 00 00 00 74 03
0x0000029713da0f4c:   ff 63 38 ff 63 50 e9 a9 16 00 00 66 0f 1f 84 00
0x0000029713da0f5c:   00 00 00 00 48 8b 53 08 0f b7 52 2e 48 8b 0c d4
0x0000029713da0f6c:   58 5b 50 44 8b 51 08 49 c1 e2 03 4c 8b 5b 10 4b
0x0000029713da0f7c:   8b 9c da c8 01 00 00 48 85 db 0f 84 10 00 00 00
0x0000029713da0f8c:   41 80 bf e0 05 00 00 00 74 03 ff 63 38 ff 63 50
0x0000029713da0f9c:   e9 5f 16 00 00 66 66 66 0f 1f 84 00 00 00 00 00
0x0000029713da0fac:   66 66 0f 1f 84 00 00 00 00 00 66 66 0f 1f 84 00
0x0000029713da0fbc:   00 00 00 00 58 5b 50 8b 5b 24 48 8b 5b 10 48 85
0x0000029713da0fcc:   db 0f 84 10 00 00 00 41 80 bf e0 05 00 00 00 74
0x0000029713da0fdc:   03 ff 63 38 ff 63 50 e9 18 16 00 00 66 66 66 0f
0x0000029713da0fec:   1f 84 00 00 00 00 00 0f 1f 80 00 00 00 00 66 0f
0x0000029713da0ffc:   1f 44 00 00 48 8b 53 08 0f b7 52 2e 48 8b 0c d4
0x0000029713da100c:   58 5b 50 48 3b 01 8b 5b 24 48 8b 5b 10 48 85 db
0x0000029713da101c:   0f 84 10 00 00 00 41 80 bf e0 05 00 00 00 74 03
0x0000029713da102c:   ff 63 38 ff 63 50 e9 c9 15 00 00 66 0f 1f 84 00
0x0000029713da103c:   00 00 00 00 48 8b 53 08 0f b7 52 2e 48 8b 0c d4
0x0000029713da104c:   58 5b 50 44 8b 51 08 49 c1 e2 03 8b 43 18 48 8b
0x0000029713da105c:   40 10 48 8b 5b 10 45 8b 9a a0 00 00 00 4f 8d 9c
0x0000029713da106c:   da c8 01 00 00 4d 8d 14 da 49 8b 1b 48 3b c3 74
0x0000029713da107c:   15 48 85 db 0f 84 32 00 00 00 49 83 c3 10 49 8b
0x0000029713da108c:   1b 48 3b c3 75 eb 45 8b 5b 08 4b 8b 1c 1a 48 85
0x0000029713da109c:   db 0f 84 10 00 00 00 41 80 bf e0 05 00 00 00 74
0x0000029713da10ac:   03 ff 63 38 ff 63 50 e9 48 15 00 00 e9 43 12 00
0x0000029713da10bc:   00 f4 00 00 00 00 00 00 00 00 00 00 00 00 00 00
0x0000029713da10cc:   00 00 00 00 00 00 00 00 00 00 00 00 00 00 00 00
0x0000029713da10dc:   00 00 00 00 00 00 00 00 00 00 00 00 00 00 00 00
0x0000029713da10ec:   00 00 00 00 00 00 00 00 00 00 00 00 00 00 00 00
0x0000029713da10fc:   00 00 00 00 00 00 00 00 00 00 00 00 00 00 00 00
0x0000029713da110c:   00 00 00 00 00 00 00 00 00 00 00 00 00 00 00 00
0x0000029713da111c:   00 00 00 00 00 00 00 00 00 00 00 00 00 00 00 00 


Stack slot to memory mapping:

stack at sp + 0 slots: 0x0000029713d79086 is at code_begin+3078 in an Interpreter codelet
return entry points  [0x0000029713d78480, 0x0000029713d7a298]  7704 bytes
stack at sp + 1 slots: 0x000000a5867fd7c0 is pointing into the stack for thread: 0x0000029725427180
stack at sp + 2 slots: 0x000002971d3e7377 is pointing into metadata
stack at sp + 3 slots: 0x0000000000000004 is an unknown value
stack at sp + 4 slots: 0x000002971d3eb150 is pointing into metadata
stack at sp + 5 slots: 0x000000008ed3a778 is an oop: java.lang.Class 
{0x000000008ed3a778} - klass: 'java/lang/Class'
 - ---- fields (total size 14 words):
 - private volatile transient 'classRedefinedCount' 'I' @12  1 (0x00000001)
 - injected 'klass' 'J' @16  4306617344 (0x0000000100b1c400)
 - injected 'array_klass' 'J' @24  0 (0x0000000000000000)
 - injected 'oop_size' 'I' @32  14 (0x0000000e)
 - injected 'static_oop_field_count' 'I' @36  0 (0x00000000)
 - private volatile transient 'cachedConstructor' 'Ljava/lang/reflect/Constructor;' @40  null (0x00000000)
 - private transient 'name' 'Ljava/lang/String;' @44  "com.fooddelivery.controller.ReciepeController"{0x000000008adc1768} (0x8adc1768)
 - private transient 'module' 'Ljava/lang/Module;' @48  a 'java/lang/Module'{0x000000008ed3a5f0} (0x8ed3a5f0)
 - private final 'classLoader' 'Ljava/lang/ClassLoader;' @52  a 'org/springframework/boot/devtools/restart/classloader/RestartClassLoader'{0x000000008ed26ea0} (0x8ed26ea0)
 - private transient 'classData' 'Ljava/lang/Object;' @56  null (0x00000000)
 - private transient 'packageName' 'Ljava/lang/String;' @60  "com.fooddelivery.controller"{0x000000008adc17c0} (0x8adc17c0)
 - private final 'componentType' 'Ljava/lang/Class;' @64  null (0x00000000)
 - private volatile transient 'reflectionData' 'Ljava/lang/ref/SoftReference;' @68  a 'java/lang/ref/SoftReference'{0x000000008eb2c2a0} (0x8eb2c2a0)
 - private volatile transient 'genericInfo' 'Lsun/reflect/generics/repository/ClassRepository;' @72  null (0x00000000)
 - private volatile transient 'enumConstants' '[Ljava/lang/Object;' @76  null (0x00000000)
 - private volatile transient 'enumConstantDirectory' 'Ljava/util/Map;' @80  null (0x00000000)
 - private volatile transient 'annotationData' 'Ljava/lang/Class$AnnotationData;' @84  a 'java/lang/Class$AnnotationData'{0x000000008eb2c190} (0x8eb2c190)
 - private volatile transient 'annotationType' 'Lsun/reflect/annotation/AnnotationType;' @88  null (0x00000000)
 - transient 'classValueMap' 'Ljava/lang/ClassValue$ClassValueMap;' @92  null (0x00000000)
 - injected 'protection_domain' 'Ljava/lang/Object;' @96  a 'java/security/ProtectionDomain'{0x000000008ed1f470} (0x8ed1f470)
 - injected 'signers_name' 'Ljava/lang/Object;' @100  null (0x00000000)
 - injected 'source_file' 'Ljava/lang/Object;' @104  null (0x00000000)
 - signature: Lcom/fooddelivery/controller/ReciepeController;
 - ---- static fields (0):
stack at sp + 6 slots: 0x000000008abc87a0 is an oop: java.lang.Class 
{0x000000008abc87a0} - klass: 'java/lang/Class'
 - ---- fields (total size 14 words):
 - private volatile transient 'classRedefinedCount' 'I' @12  0 (0x00000000)
 - injected 'klass' 'J' @16  4295174240 (0x0000000100032860)
 - injected 'array_klass' 'J' @24  0 (0x0000000000000000)
 - injected 'oop_size' 'I' @32  14 (0x0000000e)
 - injected 'static_oop_field_count' 'I' @36  0 (0x00000000)
 - private volatile transient 'cachedConstructor' 'Ljava/lang/reflect/Constructor;' @40  null (0x00000000)
 - private transient 'name' 'Ljava/lang/String;' @44  null (0x00000000)
 - private transient 'module' 'Ljava/lang/Module;' @48  a 'java/lang/Module'{0x000000008abe6fc0} (0x8abe6fc0)
 - private final 'classLoader' 'Ljava/lang/ClassLoader;' @52  null (0x00000000)
 - private transient 'classData' 'Ljava/lang/Object;' @56  null (0x00000000)
 - private transient 'packageName' 'Ljava/lang/String;' @60  null (0x00000000)
 - private final 'componentType' 'Ljava/lang/Class;' @64  null (0x00000000)
 - private volatile transient 'reflectionData' 'Ljava/lang/ref/SoftReference;' @68  null (0x00000000)
 - private volatile transient 'genericInfo' 'Lsun/reflect/generics/repository/ClassRepository;' @72  null (0x00000000)
 - private volatile transient 'enumConstants' '[Ljava/lang/Object;' @76  null (0x00000000)
 - private volatile transient 'enumConstantDirectory' 'Ljava/util/Map;' @80  null (0x00000000)
 - private volatile transient 'annotationData' 'Ljava/lang/Class$AnnotationData;' @84  null (0x00000000)
 - private volatile transient 'annotationType' 'Lsun/reflect/annotation/AnnotationType;' @88  null (0x00000000)
 - transient 'classValueMap' 'Ljava/lang/ClassValue$ClassValueMap;' @92  null (0x00000000)
 - injected 'protection_domain' 'Ljava/lang/Object;' @96  null (0x00000000)
 - injected 'signers_name' 'Ljava/lang/Object;' @100  null (0x00000000)
 - injected 'source_file' 'Ljava/lang/Object;' @104  null (0x00000000)
 - signature: Ljava/lang/invoke/DirectMethodHandle$Holder;
 - ---- static fields (0):
stack at sp + 7 slots: {method} {0x000002971d3e7390} 'newInvokeSpecial' '(Ljava/lang/Object;)Ljava/lang/Object;' in 'java/lang/invoke/DirectMethodHandle$Holder'

MethodHandle::interpreter_entry::_linkToSpecial [0x0000029713da0fe8, 0x0000029713da1037] (79 bytes)
[MachCode]
  0x0000029713da0fe8: 6666 660f | 1f84 0000 | 0000 000f | 1f80 0000 | 0000 660f | 1f44 0000 | 488b 5308 | 0fb7 522e 
  0x0000029713da1008: 488b 0cd4 | 585b 5048 | 3b01 8b5b | 2448 8b5b | 1048 85db | 0f84 1000 | 0000 4180 | bfe0 0500 
  0x0000029713da1028: 0000 7403 | ff63 38ff | 6350 e9c9 | 
[/MachCode]

---------------  P R O C E S S  ---------------

Threads class SMR info:
_java_thread_list=0x00000297250608e0, length=37, elements={
0x000002971cb32550, 0x000002971cb33160, 0x000002971cb054b0, 0x000002971cb04100,
0x000002971cb04790, 0x000002971cb04e20, 0x000002971cb3d870, 0x000002971cb06860,
0x000002971cdbecc0, 0x000002971cdc4c90, 0x000002971cdc7430, 0x000002971cb07580,
0x000002971cb06ef0, 0x000002971cb05b40, 0x000002971cb061d0, 0x0000029721f60e10,
0x0000029721f63570, 0x0000029721f65640, 0x0000029721f67710, 0x0000029725365620,
0x0000029725428530, 0x0000029725427ea0, 0x0000029725425dd0, 0x0000029725364900,
0x0000029725367060, 0x0000029725365cb0, 0x00000297253676f0, 0x0000029725366340,
0x00000297253669d0, 0x0000029725367d80, 0x00000297254298e0, 0x0000029725427180,
0x00000297254250b0, 0x0000029725428bc0, 0x0000029725425740, 0x0000029725426460,
0x0000029725429250
}

Java Threads: ( => current thread )
  0x000002971cb32550 JavaThread "Reference Handler"          daemon [_thread_blocked, id=452, stack(0x000000a585900000,0x000000a585a00000) (1024K)]
  0x000002971cb33160 JavaThread "Finalizer"                  daemon [_thread_blocked, id=1264, stack(0x000000a585a00000,0x000000a585b00000) (1024K)]
  0x000002971cb054b0 JavaThread "Signal Dispatcher"          daemon [_thread_blocked, id=6492, stack(0x000000a585b00000,0x000000a585c00000) (1024K)]
  0x000002971cb04100 JavaThread "Attach Listener"            daemon [_thread_blocked, id=6048, stack(0x000000a585c00000,0x000000a585d00000) (1024K)]
  0x000002971cb04790 JavaThread "Service Thread"             daemon [_thread_blocked, id=20632, stack(0x000000a585d00000,0x000000a585e00000) (1024K)]
  0x000002971cb04e20 JavaThread "Monitor Deflation Thread"   daemon [_thread_blocked, id=20800, stack(0x000000a585e00000,0x000000a585f00000) (1024K)]
  0x000002971cb3d870 JavaThread "C1 CompilerThread0"         daemon [_thread_blocked, id=20032, stack(0x000000a585f00000,0x000000a586000000) (1024K)]
  0x000002971cb06860 JavaThread "Common-Cleaner"             daemon [_thread_blocked, id=8112, stack(0x000000a586000000,0x000000a586100000) (1024K)]
  0x000002971cdbecc0 JavaThread "JDWP Transport Listener: dt_socket" daemon [_thread_blocked, id=21520, stack(0x000000a586200000,0x000000a586300000) (1024K)]
  0x000002971cdc4c90 JavaThread "JDWP Event Helper Thread"   daemon [_thread_blocked, id=24924, stack(0x000000a586300000,0x000000a586400000) (1024K)]
  0x000002971cdc7430 JavaThread "JDWP Command Reader"        daemon [_thread_in_native, id=9460, stack(0x000000a586400000,0x000000a586500000) (1024K)]
  0x000002971cb07580 JavaThread "Notification Thread"        daemon [_thread_blocked, id=22356, stack(0x000000a586500000,0x000000a586600000) (1024K)]
  0x000002971cb06ef0 JavaThread "RMI TCP Accept-0"           daemon [_thread_in_native, id=15028, stack(0x000000a587000000,0x000000a587100000) (1024K)]
  0x000002971cb05b40 JavaThread "RMI TCP Accept-61851"       daemon [_thread_in_native, id=4508, stack(0x000000a587100000,0x000000a587200000) (1024K)]
  0x000002971cb061d0 JavaThread "RMI TCP Accept-0"           daemon [_thread_in_native, id=13072, stack(0x000000a587200000,0x000000a587300000) (1024K)]
  0x0000029721f60e10 JavaThread "RMI Scheduler(0)"           daemon [_thread_blocked, id=24068, stack(0x000000a587400000,0x000000a587500000) (1024K)]
  0x0000029721f63570 JavaThread "JMX server connection timeout 39" daemon [_thread_blocked, id=24912, stack(0x000000a587600000,0x000000a587700000) (1024K)]
  0x0000029721f65640 JavaThread "mysql-cj-abandoned-connection-cleanup" daemon [_thread_blocked, id=16340, stack(0x000000a587f00000,0x000000a588000000) (1024K)]
  0x0000029721f67710 JavaThread "spectator-gauge-polling-0"  daemon [_thread_blocked, id=20996, stack(0x000000a588500000,0x000000a588600000) (1024K)]
  0x0000029725365620 JavaThread "DestroyJavaVM"                     [_thread_blocked, id=12360, stack(0x000000a585100000,0x000000a585200000) (1024K)]
  0x0000029725428530 JavaThread "RMI TCP Connection(17)-127.0.0.1" daemon [_thread_in_native, id=23652, stack(0x000000a589c00000,0x000000a589d00000) (1024K)]
  0x0000029725427ea0 JavaThread "OkHttp TaskRunner"          daemon [_thread_blocked, id=20776, stack(0x000000a589900000,0x000000a589a00000) (1024K)]
  0x0000029725425dd0 JavaThread "Okio Watchdog"              daemon [_thread_blocked, id=3140, stack(0x000000a589b00000,0x000000a589c00000) (1024K)]
  0x0000029725364900 JavaThread "RMI TCP Connection(18)-127.0.0.1" daemon [_thread_in_native, id=2804, stack(0x000000a589000000,0x000000a589100000) (1024K)]
  0x0000029725367060 JavaThread "RMI TCP Connection(15)-127.0.0.1" daemon [_thread_in_native, id=6256, stack(0x000000a589100000,0x000000a589200000) (1024K)]
  0x0000029725365cb0 JavaThread "RMI TCP Connection(16)-127.0.0.1" daemon [_thread_in_native, id=9228, stack(0x000000a589200000,0x000000a589300000) (1024K)]
  0x00000297253676f0 JavaThread "OkHttp Dispatcher"                 [_thread_blocked, id=18196, stack(0x000000a584e00000,0x000000a584f00000) (1024K)]
  0x0000029725366340 JavaThread "OkHttp TaskRunner"          daemon [_thread_blocked, id=6752, stack(0x000000a584f00000,0x000000a585000000) (1024K)]
  0x00000297253669d0 JavaThread "OkHttp Dispatcher"                 [_thread_blocked, id=21908, stack(0x000000a585000000,0x000000a585100000) (1024K)]
  0x0000029725367d80 JavaThread "ForkJoinPool.commonPool-worker-2" daemon [_thread_blocked, id=14276, stack(0x000000a586100000,0x000000a586200000) (1024K)]
  0x00000297254298e0 JavaThread "Thread-13"                         [_thread_blocked, id=16784, stack(0x000000a586600000,0x000000a586700000) (1024K)]
=>0x0000029725427180 JavaThread "restartedMain"                     [_thread_in_Java, id=21412, stack(0x000000a586700000,0x000000a586800000) (1024K)]
  0x00000297254250b0 JavaThread "Catalina-utility-1"                [_thread_blocked, id=23520, stack(0x000000a587300000,0x000000a587400000) (1024K)]
  0x0000029725428bc0 JavaThread "Catalina-utility-2"                [_thread_blocked, id=14080, stack(0x000000a587500000,0x000000a587600000) (1024K)]
  0x0000029725425740 JavaThread "container-0"                       [_thread_blocked, id=4740, stack(0x000000a587800000,0x000000a587900000) (1024K)]
  0x0000029725426460 JavaThread "HikariPool-4 housekeeper"   daemon [_thread_blocked, id=24384, stack(0x000000a587900000,0x000000a587a00000) (1024K)]
  0x0000029725429250 JavaThread "HikariPool-4 connection adder" daemon [_thread_blocked, id=24572, stack(0x000000a587c00000,0x000000a587d00000) (1024K)]
Total: 37

Other Threads:
  0x000002970e7b4c70 VMThread "VM Thread"                           [id=14364, stack(0x000000a585800000,0x000000a585900000) (1024K)]
  0x000002971ca19a20 WatcherThread "VM Periodic Task Thread"        [id=3656, stack(0x000000a585700000,0x000000a585800000) (1024K)]
  0x000002970e7b36b0 WorkerThread "GC Thread#0"                     [id=14440, stack(0x000000a585200000,0x000000a585300000) (1024K)]
  0x000002970e7b3df0 WorkerThread "GC Thread#1"                     [id=24316, stack(0x000000a586800000,0x000000a586900000) (1024K)]
  0x000002970e7b4190 WorkerThread "GC Thread#2"                     [id=20452, stack(0x000000a586900000,0x000000a586a00000) (1024K)]
  0x0000029721c0f030 WorkerThread "GC Thread#3"                     [id=3100, stack(0x000000a586a00000,0x000000a586b00000) (1024K)]
  0x0000029721c0fb10 WorkerThread "GC Thread#4"                     [id=12532, stack(0x000000a586b00000,0x000000a586c00000) (1024K)]
  0x0000029721c0e1b0 WorkerThread "GC Thread#5"                     [id=1780, stack(0x000000a586c00000,0x000000a586d00000) (1024K)]
  0x0000029721c0e550 WorkerThread "GC Thread#6"                     [id=5556, stack(0x000000a586d00000,0x000000a586e00000) (1024K)]
  0x0000029721c0f3d0 WorkerThread "GC Thread#7"                     [id=22412, stack(0x000000a586e00000,0x000000a586f00000) (1024K)]
  0x0000029721c0e8f0 WorkerThread "GC Thread#8"                     [id=21196, stack(0x000000a586f00000,0x000000a587000000) (1024K)]
  0x0000029721c0ec90 WorkerThread "GC Thread#9"                     [id=22836, stack(0x000000a587700000,0x000000a587800000) (1024K)]
  0x0000029710287e10 ConcurrentGCThread "G1 Main Marker"            [id=4816, stack(0x000000a585300000,0x000000a585400000) (1024K)]
  0x000002970e7b48d0 WorkerThread "G1 Conc#0"                       [id=20900, stack(0x000000a585400000,0x000000a585500000) (1024K)]
  0x0000029721c0f770 WorkerThread "G1 Conc#1"                       [id=15936, stack(0x000000a587a00000,0x000000a587b00000) (1024K)]
  0x000002971ccfb390 WorkerThread "G1 Conc#2"                       [id=15964, stack(0x000000a587b00000,0x000000a587c00000) (1024K)]
  0x000002971c8ecfb0 ConcurrentGCThread "G1 Refine#0"               [id=23272, stack(0x000000a585500000,0x000000a585600000) (1024K)]
  0x000002971c8ed930 ConcurrentGCThread "G1 Service"                [id=15336, stack(0x000000a585600000,0x000000a585700000) (1024K)]
Total: 18

Threads with active compile tasks:
Total: 0

VM state: not at safepoint (normal execution)

VM Mutex/Monitor currently owned by a thread: None

Heap address: 0x000000008a200000, size: 1886 MB, Compressed Oops mode: 32-bit

CDS archive(s) not mapped
Compressed class space mapped at: 0x0000000100000000-0x0000000140000000, reserved size: 1073741824
Narrow klass base: 0x0000000000000000, Narrow klass shift: 3, Narrow klass range: 0x140000000

GC Precious Log:
 CardTable entry size: 512
 Card Set container configuration: InlinePtr #cards 5 size 8 Array Of Cards #cards 12 size 40 Howl #buckets 4 coarsen threshold 1843 Howl Bitmap #cards 512 size 80 coarsen threshold 460 Card regions per heap region 1 cards per card region 2048
 CPUs: 12 total, 12 available
 Memory: 7539M
 Large Page Support: Disabled
 NUMA Support: Disabled
 Compressed Oops: Enabled (32-bit)
 Heap Region Size: 1M
 Heap Min Capacity: 8M
 Heap Initial Capacity: 118M
 Heap Max Capacity: 1886M
 Pre-touch: Disabled
 Parallel Workers: 10
 Concurrent Workers: 3
 Concurrent Refinement Workers: 10
 Periodic GC: Disabled

Heap:
 garbage-first heap   total 137216K, used 61477K [0x000000008a200000, 0x0000000100000000)
  region size 1024K, 20 young (20480K), 5 survivors (5120K)
 Metaspace       used 93016K, committed 93824K, reserved 1179648K
  class space    used 12212K, committed 12608K, reserved 1048576K

Heap Regions: E=young(eden), S=young(survivor), O=old, HS=humongous(starts), HC=humongous(continues), CS=collection set, F=free, TAMS=top-at-mark-start, PB=parsable bottom
|   0|0x000000008a200000, 0x000000008a300000, 0x000000008a300000|100%|HS|  |TAMS 0x000000008a200000| PB 0x000000008a200000| Complete 
|   1|0x000000008a300000, 0x000000008a400000, 0x000000008a400000|100%|HS|  |TAMS 0x000000008a300000| PB 0x000000008a300000| Complete 
|   2|0x000000008a400000, 0x000000008a500000, 0x000000008a500000|100%|HS|  |TAMS 0x000000008a400000| PB 0x000000008a400000| Complete 
|   3|0x000000008a500000, 0x000000008a5fffe8, 0x000000008a600000| 99%| O|  |TAMS 0x000000008a500000| PB 0x000000008a500000| Untracked 
|   4|0x000000008a600000, 0x000000008a6ffff0, 0x000000008a700000| 99%| O|  |TAMS 0x000000008a600000| PB 0x000000008a600000| Untracked 
|   5|0x000000008a700000, 0x000000008a800000, 0x000000008a800000|100%| O|  |TAMS 0x000000008a700000| PB 0x000000008a700000| Untracked 
|   6|0x000000008a800000, 0x000000008a900000, 0x000000008a900000|100%| O|  |TAMS 0x000000008a800000| PB 0x000000008a800000| Untracked 
|   7|0x000000008a900000, 0x000000008a9ffff8, 0x000000008aa00000| 99%| O|  |TAMS 0x000000008a900000| PB 0x000000008a900000| Untracked 
|   8|0x000000008aa00000, 0x000000008ab00000, 0x000000008ab00000|100%| O|  |TAMS 0x000000008aa00000| PB 0x000000008aa00000| Untracked 
|   9|0x000000008ab00000, 0x000000008abfffe8, 0x000000008ac00000| 99%| O|  |TAMS 0x000000008ab00000| PB 0x000000008ab00000| Untracked 
|  10|0x000000008ac00000, 0x000000008ad00000, 0x000000008ad00000|100%| O|  |TAMS 0x000000008ac00000| PB 0x000000008ac00000| Untracked 
|  11|0x000000008ad00000, 0x000000008adffff0, 0x000000008ae00000| 99%| O|  |TAMS 0x000000008ad00000| PB 0x000000008ad00000| Untracked 
|  12|0x000000008ae00000, 0x000000008af00000, 0x000000008af00000|100%| O|  |TAMS 0x000000008ae00000| PB 0x000000008ae00000| Untracked 
|  13|0x000000008af00000, 0x000000008b000000, 0x000000008b000000|100%| O|  |TAMS 0x000000008af00000| PB 0x000000008af00000| Untracked 
|  14|0x000000008b000000, 0x000000008b0fffd8, 0x000000008b100000| 99%| O|  |TAMS 0x000000008b000000| PB 0x000000008b000000| Untracked 
|  15|0x000000008b100000, 0x000000008b1fffd0, 0x000000008b200000| 99%| O|  |TAMS 0x000000008b100000| PB 0x000000008b100000| Untracked 
|  16|0x000000008b200000, 0x000000008b2fffc8, 0x000000008b300000| 99%| O|  |TAMS 0x000000008b200000| PB 0x000000008b200000| Untracked 
|  17|0x000000008b300000, 0x000000008b3fffd0, 0x000000008b400000| 99%| O|  |TAMS 0x000000008b300000| PB 0x000000008b300000| Untracked 
|  18|0x000000008b400000, 0x000000008b4ffff0, 0x000000008b500000| 99%| O|  |TAMS 0x000000008b400000| PB 0x000000008b400000| Untracked 
|  19|0x000000008b500000, 0x000000008b5fcc10, 0x000000008b600000| 98%| O|  |TAMS 0x000000008b500000| PB 0x000000008b500000| Untracked 
|  20|0x000000008b600000, 0x000000008b6fffe0, 0x000000008b700000| 99%| O|  |TAMS 0x000000008b600000| PB 0x000000008b600000| Untracked 
|  21|0x000000008b700000, 0x000000008b800000, 0x000000008b800000|100%| O|  |TAMS 0x000000008b700000| PB 0x000000008b700000| Untracked 
|  22|0x000000008b800000, 0x000000008b8ffff8, 0x000000008b900000| 99%| O|  |TAMS 0x000000008b800000| PB 0x000000008b800000| Untracked 
|  23|0x000000008b900000, 0x000000008ba00000, 0x000000008ba00000|100%| O|  |TAMS 0x000000008b900000| PB 0x000000008b900000| Untracked 
|  24|0x000000008ba00000, 0x000000008baffff8, 0x000000008bb00000| 99%| O|  |TAMS 0x000000008ba00000| PB 0x000000008ba00000| Untracked 
|  25|0x000000008bb00000, 0x000000008bbffff8, 0x000000008bc00000| 99%| O|  |TAMS 0x000000008bb00000| PB 0x000000008bb00000| Untracked 
|  26|0x000000008bc00000, 0x000000008bcfffd0, 0x000000008bd00000| 99%| O|  |TAMS 0x000000008bc00000| PB 0x000000008bc00000| Untracked 
|  27|0x000000008bd00000, 0x000000008bdfffc0, 0x000000008be00000| 99%| O|  |TAMS 0x000000008bd00000| PB 0x000000008bd00000| Untracked 
|  28|0x000000008be00000, 0x000000008befffe8, 0x000000008bf00000| 99%| O|  |TAMS 0x000000008be00000| PB 0x000000008be00000| Untracked 
|  29|0x000000008bf00000, 0x000000008bffffd8, 0x000000008c000000| 99%| O|  |TAMS 0x000000008bf00000| PB 0x000000008bf00000| Untracked 
|  30|0x000000008c000000, 0x000000008c0fffd8, 0x000000008c100000| 99%| O|  |TAMS 0x000000008c000000| PB 0x000000008c000000| Untracked 
|  31|0x000000008c100000, 0x000000008c1fffb0, 0x000000008c200000| 99%| O|  |TAMS 0x000000008c100000| PB 0x000000008c100000| Untracked 
|  32|0x000000008c200000, 0x000000008c2ff418, 0x000000008c300000| 99%| O|  |TAMS 0x000000008c200000| PB 0x000000008c200000| Untracked 
|  33|0x000000008c300000, 0x000000008c3fffc8, 0x000000008c400000| 99%| O|  |TAMS 0x000000008c300000| PB 0x000000008c300000| Untracked 
|  34|0x000000008c400000, 0x000000008c4ffff0, 0x000000008c500000| 99%| O|  |TAMS 0x000000008c400000| PB 0x000000008c400000| Untracked 
|  35|0x000000008c500000, 0x000000008c5cb738, 0x000000008c600000| 79%| O|  |TAMS 0x000000008c500000| PB 0x000000008c500000| Untracked 
|  36|0x000000008c600000, 0x000000008c700000, 0x000000008c700000|100%| O|  |TAMS 0x000000008c600000| PB 0x000000008c600000| Untracked 
|  37|0x000000008c700000, 0x000000008c7b5b78, 0x000000008c800000| 70%| O|  |TAMS 0x000000008c700000| PB 0x000000008c700000| Untracked 
|  38|0x000000008c800000, 0x000000008c8ba830, 0x000000008c900000| 72%| O|  |TAMS 0x000000008c800000| PB 0x000000008c800000| Untracked 
|  39|0x000000008c900000, 0x000000008c903568, 0x000000008ca00000|  1%| O|Cm|TAMS 0x000000008c900000| PB 0x000000008c900000| Complete 
|  40|0x000000008ca00000, 0x000000008ca22380, 0x000000008cb00000| 13%| O|  |TAMS 0x000000008ca00000| PB 0x000000008ca00000| Untracked 
|  41|0x000000008cb00000, 0x000000008cc00000, 0x000000008cc00000|100%|HS|  |TAMS 0x000000008cb00000| PB 0x000000008cb00000| Complete 
|  42|0x000000008cc00000, 0x000000008cc24158, 0x000000008cd00000| 14%| O|  |TAMS 0x000000008cc00000| PB 0x000000008cc00000| Untracked 
|  43|0x000000008cd00000, 0x000000008ce00000, 0x000000008ce00000|100%|HS|  |TAMS 0x000000008cd00000| PB 0x000000008cd00000| Complete 
|  44|0x000000008ce00000, 0x000000008ce00000, 0x000000008cf00000|  0%| F|  |TAMS 0x000000008ce00000| PB 0x000000008ce00000| Untracked 
|  45|0x000000008cf00000, 0x000000008cf00000, 0x000000008d000000|  0%| F|  |TAMS 0x000000008cf00000| PB 0x000000008cf00000| Untracked 
|  46|0x000000008d000000, 0x000000008d000000, 0x000000008d100000|  0%| F|  |TAMS 0x000000008d000000| PB 0x000000008d000000| Untracked 
|  47|0x000000008d100000, 0x000000008d100000, 0x000000008d200000|  0%| F|  |TAMS 0x000000008d100000| PB 0x000000008d100000| Untracked 
|  48|0x000000008d200000, 0x000000008d200000, 0x000000008d300000|  0%| F|  |TAMS 0x000000008d200000| PB 0x000000008d200000| Untracked 
|  49|0x000000008d300000, 0x000000008d300000, 0x000000008d400000|  0%| F|  |TAMS 0x000000008d300000| PB 0x000000008d300000| Untracked 
|  50|0x000000008d400000, 0x000000008d400000, 0x000000008d500000|  0%| F|  |TAMS 0x000000008d400000| PB 0x000000008d400000| Untracked 
|  51|0x000000008d500000, 0x000000008d500000, 0x000000008d600000|  0%| F|  |TAMS 0x000000008d500000| PB 0x000000008d500000| Untracked 
|  52|0x000000008d600000, 0x000000008d600000, 0x000000008d700000|  0%| F|  |TAMS 0x000000008d600000| PB 0x000000008d600000| Untracked 
|  53|0x000000008d700000, 0x000000008d700000, 0x000000008d800000|  0%| F|  |TAMS 0x000000008d700000| PB 0x000000008d700000| Untracked 
|  54|0x000000008d800000, 0x000000008d800000, 0x000000008d900000|  0%| F|  |TAMS 0x000000008d800000| PB 0x000000008d800000| Untracked 
|  55|0x000000008d900000, 0x000000008d900000, 0x000000008da00000|  0%| F|  |TAMS 0x000000008d900000| PB 0x000000008d900000| Untracked 
|  56|0x000000008da00000, 0x000000008da00000, 0x000000008db00000|  0%| F|  |TAMS 0x000000008da00000| PB 0x000000008da00000| Untracked 
|  57|0x000000008db00000, 0x000000008db00000, 0x000000008dc00000|  0%| F|  |TAMS 0x000000008db00000| PB 0x000000008db00000| Untracked 
|  58|0x000000008dc00000, 0x000000008dc00000, 0x000000008dd00000|  0%| F|  |TAMS 0x000000008dc00000| PB 0x000000008dc00000| Untracked 
|  59|0x000000008dd00000, 0x000000008dd00000, 0x000000008de00000|  0%| F|  |TAMS 0x000000008dd00000| PB 0x000000008dd00000| Untracked 
|  60|0x000000008de00000, 0x000000008de00000, 0x000000008df00000|  0%| F|  |TAMS 0x000000008de00000| PB 0x000000008de00000| Untracked 
|  61|0x000000008df00000, 0x000000008df00000, 0x000000008e000000|  0%| F|  |TAMS 0x000000008df00000| PB 0x000000008df00000| Untracked 
|  62|0x000000008e000000, 0x000000008e000000, 0x000000008e100000|  0%| F|  |TAMS 0x000000008e000000| PB 0x000000008e000000| Untracked 
|  63|0x000000008e100000, 0x000000008e100000, 0x000000008e200000|  0%| F|  |TAMS 0x000000008e100000| PB 0x000000008e100000| Untracked 
|  64|0x000000008e200000, 0x000000008e200000, 0x000000008e300000|  0%| F|  |TAMS 0x000000008e200000| PB 0x000000008e200000| Untracked 
|  65|0x000000008e300000, 0x000000008e300000, 0x000000008e400000|  0%| F|  |TAMS 0x000000008e300000| PB 0x000000008e300000| Untracked 
|  66|0x000000008e400000, 0x000000008e400000, 0x000000008e500000|  0%| F|  |TAMS 0x000000008e400000| PB 0x000000008e400000| Untracked 
|  67|0x000000008e500000, 0x000000008e500000, 0x000000008e600000|  0%| F|  |TAMS 0x000000008e500000| PB 0x000000008e500000| Untracked 
|  68|0x000000008e600000, 0x000000008e600000, 0x000000008e700000|  0%| F|  |TAMS 0x000000008e600000| PB 0x000000008e600000| Untracked 
|  69|0x000000008e700000, 0x000000008e700000, 0x000000008e800000|  0%| F|  |TAMS 0x000000008e700000| PB 0x000000008e700000| Untracked 
|  70|0x000000008e800000, 0x000000008e800000, 0x000000008e900000|  0%| F|  |TAMS 0x000000008e800000| PB 0x000000008e800000| Untracked 
|  71|0x000000008e900000, 0x000000008e988330, 0x000000008ea00000| 53%| S|CS|TAMS 0x000000008e900000| PB 0x000000008e900000| Complete 
|  72|0x000000008ea00000, 0x000000008eb00000, 0x000000008eb00000|100%| S|CS|TAMS 0x000000008ea00000| PB 0x000000008ea00000| Complete 
|  73|0x000000008eb00000, 0x000000008ec00000, 0x000000008ec00000|100%| S|CS|TAMS 0x000000008eb00000| PB 0x000000008eb00000| Complete 
|  74|0x000000008ec00000, 0x000000008ed00000, 0x000000008ed00000|100%| S|CS|TAMS 0x000000008ec00000| PB 0x000000008ec00000| Complete 
|  75|0x000000008ed00000, 0x000000008ee00000, 0x000000008ee00000|100%| S|CS|TAMS 0x000000008ed00000| PB 0x000000008ed00000| Complete 
|  76|0x000000008ee00000, 0x000000008ee00000, 0x000000008ef00000|  0%| F|  |TAMS 0x000000008ee00000| PB 0x000000008ee00000| Untracked 
|  77|0x000000008ef00000, 0x000000008ef00000, 0x000000008f000000|  0%| F|  |TAMS 0x000000008ef00000| PB 0x000000008ef00000| Untracked 
|  78|0x000000008f000000, 0x000000008f000000, 0x000000008f100000|  0%| F|  |TAMS 0x000000008f000000| PB 0x000000008f000000| Untracked 
|  79|0x000000008f100000, 0x000000008f100000, 0x000000008f200000|  0%| F|  |TAMS 0x000000008f100000| PB 0x000000008f100000| Untracked 
|  80|0x000000008f200000, 0x000000008f200000, 0x000000008f300000|  0%| F|  |TAMS 0x000000008f200000| PB 0x000000008f200000| Untracked 
|  81|0x000000008f300000, 0x000000008f300000, 0x000000008f400000|  0%| F|  |TAMS 0x000000008f300000| PB 0x000000008f300000| Untracked 
|  82|0x000000008f400000, 0x000000008f400000, 0x000000008f500000|  0%| F|  |TAMS 0x000000008f400000| PB 0x000000008f400000| Untracked 
|  83|0x000000008f500000, 0x000000008f500000, 0x000000008f600000|  0%| F|  |TAMS 0x000000008f500000| PB 0x000000008f500000| Untracked 
|  84|0x000000008f600000, 0x000000008f600000, 0x000000008f700000|  0%| F|  |TAMS 0x000000008f600000| PB 0x000000008f600000| Untracked 
|  85|0x000000008f700000, 0x000000008f700000, 0x000000008f800000|  0%| F|  |TAMS 0x000000008f700000| PB 0x000000008f700000| Untracked 
|  86|0x000000008f800000, 0x000000008f800000, 0x000000008f900000|  0%| F|  |TAMS 0x000000008f800000| PB 0x000000008f800000| Untracked 
|  87|0x000000008f900000, 0x000000008f900000, 0x000000008fa00000|  0%| F|  |TAMS 0x000000008f900000| PB 0x000000008f900000| Untracked 
|  88|0x000000008fa00000, 0x000000008fa00000, 0x000000008fb00000|  0%| F|  |TAMS 0x000000008fa00000| PB 0x000000008fa00000| Untracked 
|  89|0x000000008fb00000, 0x000000008fb00000, 0x000000008fc00000|  0%| F|  |TAMS 0x000000008fb00000| PB 0x000000008fb00000| Untracked 
|  90|0x000000008fc00000, 0x000000008fc00000, 0x000000008fd00000|  0%| F|  |TAMS 0x000000008fc00000| PB 0x000000008fc00000| Untracked 
|  91|0x000000008fd00000, 0x000000008fd00000, 0x000000008fe00000|  0%| F|  |TAMS 0x000000008fd00000| PB 0x000000008fd00000| Untracked 
|  92|0x000000008fe00000, 0x000000008fe00000, 0x000000008ff00000|  0%| F|  |TAMS 0x000000008fe00000| PB 0x000000008fe00000| Untracked 
|  93|0x000000008ff00000, 0x000000008ff00000, 0x0000000090000000|  0%| F|  |TAMS 0x000000008ff00000| PB 0x000000008ff00000| Untracked 
|  94|0x0000000090000000, 0x0000000090000000, 0x0000000090100000|  0%| F|  |TAMS 0x0000000090000000| PB 0x0000000090000000| Untracked 
|  95|0x0000000090100000, 0x0000000090100000, 0x0000000090200000|  0%| F|  |TAMS 0x0000000090100000| PB 0x0000000090100000| Untracked 
|  96|0x0000000090200000, 0x0000000090200000, 0x0000000090300000|  0%| F|  |TAMS 0x0000000090200000| PB 0x0000000090200000| Untracked 
|  97|0x0000000090300000, 0x0000000090300000, 0x0000000090400000|  0%| F|  |TAMS 0x0000000090300000| PB 0x0000000090300000| Untracked 
|  98|0x0000000090400000, 0x0000000090400000, 0x0000000090500000|  0%| F|  |TAMS 0x0000000090400000| PB 0x0000000090400000| Untracked 
|  99|0x0000000090500000, 0x0000000090500000, 0x0000000090600000|  0%| F|  |TAMS 0x0000000090500000| PB 0x0000000090500000| Untracked 
| 100|0x0000000090600000, 0x0000000090600000, 0x0000000090700000|  0%| F|  |TAMS 0x0000000090600000| PB 0x0000000090600000| Untracked 
| 101|0x0000000090700000, 0x0000000090700000, 0x0000000090800000|  0%| F|  |TAMS 0x0000000090700000| PB 0x0000000090700000| Untracked 
| 102|0x0000000090800000, 0x0000000090800000, 0x0000000090900000|  0%| F|  |TAMS 0x0000000090800000| PB 0x0000000090800000| Untracked 
| 103|0x0000000090900000, 0x0000000090900000, 0x0000000090a00000|  0%| F|  |TAMS 0x0000000090900000| PB 0x0000000090900000| Untracked 
| 104|0x0000000090a00000, 0x0000000090a00000, 0x0000000090b00000|  0%| F|  |TAMS 0x0000000090a00000| PB 0x0000000090a00000| Untracked 
| 105|0x0000000090b00000, 0x0000000090b00000, 0x0000000090c00000|  0%| F|  |TAMS 0x0000000090b00000| PB 0x0000000090b00000| Untracked 
| 106|0x0000000090c00000, 0x0000000090c00000, 0x0000000090d00000|  0%| F|  |TAMS 0x0000000090c00000| PB 0x0000000090c00000| Untracked 
| 107|0x0000000090d00000, 0x0000000090d00000, 0x0000000090e00000|  0%| F|  |TAMS 0x0000000090d00000| PB 0x0000000090d00000| Untracked 
| 108|0x0000000090e00000, 0x0000000090e00000, 0x0000000090f00000|  0%| F|  |TAMS 0x0000000090e00000| PB 0x0000000090e00000| Untracked 
| 109|0x0000000090f00000, 0x0000000090f00000, 0x0000000091000000|  0%| F|  |TAMS 0x0000000090f00000| PB 0x0000000090f00000| Untracked 
| 110|0x0000000091000000, 0x0000000091000000, 0x0000000091100000|  0%| F|  |TAMS 0x0000000091000000| PB 0x0000000091000000| Untracked 
| 111|0x0000000091100000, 0x0000000091100000, 0x0000000091200000|  0%| F|  |TAMS 0x0000000091100000| PB 0x0000000091100000| Untracked 
| 112|0x0000000091200000, 0x0000000091200000, 0x0000000091300000|  0%| F|  |TAMS 0x0000000091200000| PB 0x0000000091200000| Untracked 
| 113|0x0000000091300000, 0x0000000091300000, 0x0000000091400000|  0%| F|  |TAMS 0x0000000091300000| PB 0x0000000091300000| Untracked 
| 114|0x0000000091400000, 0x0000000091400000, 0x0000000091500000|  0%| F|  |TAMS 0x0000000091400000| PB 0x0000000091400000| Untracked 
| 115|0x0000000091500000, 0x0000000091500000, 0x0000000091600000|  0%| F|  |TAMS 0x0000000091500000| PB 0x0000000091500000| Untracked 
| 116|0x0000000091600000, 0x0000000091600000, 0x0000000091700000|  0%| F|  |TAMS 0x0000000091600000| PB 0x0000000091600000| Untracked 
| 117|0x0000000091700000, 0x0000000091700000, 0x0000000091800000|  0%| F|  |TAMS 0x0000000091700000| PB 0x0000000091700000| Untracked 
| 118|0x0000000091800000, 0x0000000091900000, 0x0000000091900000|100%| E|  |TAMS 0x0000000091800000| PB 0x0000000091800000| Complete 
| 119|0x0000000091900000, 0x0000000091a00000, 0x0000000091a00000|100%| E|CS|TAMS 0x0000000091900000| PB 0x0000000091900000| Complete 
| 120|0x0000000091a00000, 0x0000000091b00000, 0x0000000091b00000|100%| E|CS|TAMS 0x0000000091a00000| PB 0x0000000091a00000| Complete 
| 121|0x0000000091b00000, 0x0000000091c00000, 0x0000000091c00000|100%| E|CS|TAMS 0x0000000091b00000| PB 0x0000000091b00000| Complete 
| 122|0x0000000091c00000, 0x0000000091d00000, 0x0000000091d00000|100%| E|CS|TAMS 0x0000000091c00000| PB 0x0000000091c00000| Complete 
|1875|0x00000000ff500000, 0x00000000ff600000, 0x00000000ff600000|100%| E|CS|TAMS 0x00000000ff500000| PB 0x00000000ff500000| Complete 
|1876|0x00000000ff600000, 0x00000000ff700000, 0x00000000ff700000|100%| E|CS|TAMS 0x00000000ff600000| PB 0x00000000ff600000| Complete 
|1877|0x00000000ff700000, 0x00000000ff800000, 0x00000000ff800000|100%| E|CS|TAMS 0x00000000ff700000| PB 0x00000000ff700000| Complete 
|1878|0x00000000ff800000, 0x00000000ff900000, 0x00000000ff900000|100%| E|CS|TAMS 0x00000000ff800000| PB 0x00000000ff800000| Complete 
|1879|0x00000000ff900000, 0x00000000ffa00000, 0x00000000ffa00000|100%| E|CS|TAMS 0x00000000ff900000| PB 0x00000000ff900000| Complete 
|1880|0x00000000ffa00000, 0x00000000ffb00000, 0x00000000ffb00000|100%| O|  |TAMS 0x00000000ffa00000| PB 0x00000000ffa00000| Untracked 
|1881|0x00000000ffb00000, 0x00000000ffc00000, 0x00000000ffc00000|100%| E|CS|TAMS 0x00000000ffb00000| PB 0x00000000ffb00000| Complete 
|1882|0x00000000ffc00000, 0x00000000ffd00000, 0x00000000ffd00000|100%| E|CS|TAMS 0x00000000ffc00000| PB 0x00000000ffc00000| Complete 
|1883|0x00000000ffd00000, 0x00000000ffe00000, 0x00000000ffe00000|100%| E|CS|TAMS 0x00000000ffd00000| PB 0x00000000ffd00000| Complete 
|1884|0x00000000ffe00000, 0x00000000fff00000, 0x00000000fff00000|100%| E|CS|TAMS 0x00000000ffe00000| PB 0x00000000ffe00000| Complete 
|1885|0x00000000fff00000, 0x0000000100000000, 0x0000000100000000|100%| E|CS|TAMS 0x00000000fff00000| PB 0x00000000fff00000| Complete 

Card table byte_map: [0x0000029717c30000,0x0000029717fe0000] _byte_map_base: 0x00000297177df000

Marking Bits: (CMBitMap*) 0x0000029710278970
 Bits: [0x0000029717fe0000, 0x0000029719d58000)

Polling page: 0x000002970e960000

Metaspace:

Usage:
  Non-class:     78.91 MB used.
      Class:     11.93 MB used.
       Both:     90.84 MB used.

Virtual space:
  Non-class space:      128.00 MB reserved,      79.31 MB ( 62%) committed,  2 nodes.
      Class space:        1.00 GB reserved,      12.31 MB (  1%) committed,  1 nodes.
             Both:        1.12 GB reserved,      91.62 MB (  8%) committed. 

Chunk freelists:
   Non-Class:  15.88 MB
       Class:  3.68 MB
        Both:  19.56 MB

MaxMetaspaceSize: unlimited
CompressedClassSpaceSize: 1.00 GB
Initial GC threshold: 21.00 MB
Current GC threshold: 152.50 MB
CDS: off
 - commit_granule_bytes: 65536.
 - commit_granule_words: 8192.
 - virtual_space_node_default_size: 8388608.
 - enlarge_chunks_in_place: 1.
 - use_allocation_guard: 0.


Internal statistics:

num_allocs_failed_limit: 9.
num_arena_births: 1514.
num_arena_deaths: 528.
num_vsnodes_births: 3.
num_vsnodes_deaths: 0.
num_space_committed: 1465.
num_space_uncommitted: 0.
num_chunks_returned_to_freelist: 617.
num_chunks_taken_from_freelist: 4696.
num_chunk_merges: 158.
num_chunk_splits: 3144.
num_chunks_enlarged: 2430.
num_inconsistent_stats: 0.

CodeCache: size=49152Kb used=13939Kb max_used=15063Kb free=35212Kb
 bounds [0x0000029713d70000, 0x0000029714c30000, 0x0000029716d70000]
 total_blobs=7594 nmethods=6812 adapters=705
 compilation: enabled
              stopped_count=0, restarted_count=0
 full_count=0

Compilation events (20 events):
Event: 190.963 Thread 0x000002971cb3d870 9586       1       com.mysql.cj.protocol.a.NativeServerSession::getCapabilities (5 bytes)
Event: 190.963 Thread 0x000002971cb3d870 nmethod 9586 0x00000297140e0890 code [0x00000297140e0a20, 0x00000297140e0ae8]
Event: 191.001 Thread 0x000002971cb3d870 9587       1       com.mysql.cj.protocol.a.TextRowFactory::createFromMessage (144 bytes)
Event: 191.001 Thread 0x000002971cb3d870 nmethod 9587 0x0000029714777710 code [0x0000029714777920, 0x0000029714778080]
Event: 191.001 Thread 0x000002971cb3d870 9589       1       com.mysql.cj.protocol.a.SimplePacketSender::send (75 bytes)
Event: 191.002 Thread 0x000002971cb3d870 nmethod 9589 0x00000297147ca710 code [0x00000297147ca900, 0x00000297147cac60]
Event: 191.002 Thread 0x000002971cb3d870 9588   !   1       com.mysql.cj.protocol.a.NativeProtocol::send (136 bytes)
Event: 191.002 Thread 0x000002971cb3d870 nmethod 9588 0x000002971423c590 code [0x000002971423c7c0, 0x000002971423cdd8]
Event: 191.002 Thread 0x000002971cb3d870 9590       1       com.mysql.cj.protocol.a.PacketSplitter::<init> (20 bytes)
Event: 191.002 Thread 0x000002971cb3d870 nmethod 9590 0x0000029714108010 code [0x00000297141081a0, 0x0000029714108278]
Event: 191.002 Thread 0x000002971cb3d870 9591       1       com.mysql.cj.protocol.a.NativeUtils::encodeMysqlThreeByteInteger (31 bytes)
Event: 191.002 Thread 0x000002971cb3d870 nmethod 9591 0x0000029714035410 code [0x00000297140355a0, 0x00000297140356f8]
Event: 191.002 Thread 0x000002971cb3d870 9592       1       java.io.FilterOutputStream::write (9 bytes)
Event: 191.002 Thread 0x000002971cb3d870 nmethod 9592 0x000002971407ab90 code [0x000002971407ad40, 0x000002971407ae58]
Event: 191.032 Thread 0x000002971cb3d870 9593       1       java.util.HashMap$HashMapSpliterator::<init> (32 bytes)
Event: 191.032 Thread 0x000002971cb3d870 nmethod 9593 0x00000297140b3a10 code [0x00000297140b3ba0, 0x00000297140b3cc0]
Event: 191.072 Thread 0x000002971cb3d870 9594       1       java.net.Socket::isConnected (12 bytes)
Event: 191.072 Thread 0x000002971cb3d870 nmethod 9594 0x0000029714122b10 code [0x0000029714122ca0, 0x0000029714122d58]
Event: 191.075 Thread 0x000002971cb3d870 9595       1       com.mysql.cj.NativeQueryBindValue::getName (5 bytes)
Event: 191.075 Thread 0x000002971cb3d870 nmethod 9595 0x000002971412b390 code [0x000002971412b520, 0x000002971412b5e8]

GC Heap History (20 events):
Event: 7.326 GC heap before
{Heap before GC invocations=20 (full 0):
 garbage-first heap   total 113664K, used 46293K [0x000000008a200000, 0x0000000100000000)
  region size 1024K, 13 young (13312K), 6 survivors (6144K)
 Metaspace       used 72353K, committed 73024K, reserved 1114112K
  class space    used 9538K, committed 9856K, reserved 1048576K
}
Event: 7.330 GC heap after
{Heap after GC invocations=21 (full 0):
 garbage-first heap   total 113664K, used 41847K [0x000000008a200000, 0x0000000100000000)
  region size 1024K, 5 young (5120K), 5 survivors (5120K)
 Metaspace       used 72353K, committed 73024K, reserved 1114112K
  class space    used 9538K, committed 9856K, reserved 1048576K
}
Event: 7.789 GC heap before
{Heap before GC invocations=22 (full 0):
 garbage-first heap   total 113664K, used 102263K [0x000000008a200000, 0x0000000100000000)
  region size 1024K, 62 young (63488K), 5 survivors (5120K)
 Metaspace       used 76660K, committed 77440K, reserved 1179648K
  class space    used 9979K, committed 10368K, reserved 1048576K
}
Event: 7.793 GC heap after
{Heap after GC invocations=23 (full 0):
 garbage-first heap   total 137216K, used 44493K [0x000000008a200000, 0x0000000100000000)
  region size 1024K, 7 young (7168K), 7 survivors (7168K)
 Metaspace       used 76660K, committed 77440K, reserved 1179648K
  class space    used 9979K, committed 10368K, reserved 1048576K
}
Event: 8.457 GC heap before
{Heap before GC invocations=23 (full 0):
 garbage-first heap   total 137216K, used 119245K [0x000000008a200000, 0x0000000100000000)
  region size 1024K, 80 young (81920K), 7 survivors (7168K)
 Metaspace       used 81917K, committed 82688K, reserved 1179648K
  class space    used 10780K, committed 11136K, reserved 1048576K
}
Event: 8.464 GC heap after
{Heap after GC invocations=24 (full 0):
 garbage-first heap   total 137216K, used 46984K [0x000000008a200000, 0x0000000100000000)
  region size 1024K, 9 young (9216K), 9 survivors (9216K)
 Metaspace       used 81917K, committed 82688K, reserved 1179648K
  class space    used 10780K, committed 11136K, reserved 1048576K
}
Event: 56.873 GC heap before
{Heap before GC invocations=24 (full 0):
 garbage-first heap   total 137216K, used 117640K [0x000000008a200000, 0x0000000100000000)
  region size 1024K, 79 young (80896K), 9 survivors (9216K)
 Metaspace       used 88443K, committed 89280K, reserved 1179648K
  class space    used 11641K, committed 12032K, reserved 1048576K
}
Event: 56.882 GC heap after
{Heap after GC invocations=25 (full 0):
 garbage-first heap   total 137216K, used 48755K [0x000000008a200000, 0x0000000100000000)
  region size 1024K, 5 young (5120K), 5 survivors (5120K)
 Metaspace       used 88443K, committed 89280K, reserved 1179648K
  class space    used 11641K, committed 12032K, reserved 1048576K
}
Event: 147.420 GC heap before
{Heap before GC invocations=26 (full 0):
 garbage-first heap   total 137216K, used 80499K [0x000000008a200000, 0x0000000100000000)
  region size 1024K, 38 young (38912K), 5 survivors (5120K)
 Metaspace       used 91614K, committed 92480K, reserved 1179648K
  class space    used 12072K, committed 12480K, reserved 1048576K
}
Event: 147.472 GC heap after
{Heap after GC invocations=27 (full 1):
 garbage-first heap   total 137216K, used 43241K [0x000000008a200000, 0x0000000100000000)
  region size 1024K, 0 young (0K), 0 survivors (0K)
 Metaspace       used 91614K, committed 92480K, reserved 1179648K
  class space    used 12072K, committed 12480K, reserved 1048576K
}
Event: 148.135 GC heap before
{Heap before GC invocations=27 (full 1):
 garbage-first heap   total 137216K, used 100585K [0x000000008a200000, 0x0000000100000000)
  region size 1024K, 58 young (59392K), 0 survivors (0K)
 Metaspace       used 91689K, committed 92544K, reserved 1179648K
  class space    used 12084K, committed 12480K, reserved 1048576K
}
Event: 148.138 GC heap after
{Heap after GC invocations=28 (full 1):
 garbage-first heap   total 137216K, used 48024K [0x000000008a200000, 0x0000000100000000)
  region size 1024K, 5 young (5120K), 5 survivors (5120K)
 Metaspace       used 91689K, committed 92544K, reserved 1179648K
  class space    used 12084K, committed 12480K, reserved 1048576K
}
Event: 183.225 GC heap before
{Heap before GC invocations=29 (full 1):
 garbage-first heap   total 137216K, used 115485K [0x000000008a200000, 0x0000000100000000)
  region size 1024K, 70 young (71680K), 5 survivors (5120K)
 Metaspace       used 92396K, committed 93248K, reserved 1179648K
  class space    used 12143K, committed 12544K, reserved 1048576K
}
Event: 183.280 GC heap after
{Heap after GC invocations=30 (full 2):
 garbage-first heap   total 137216K, used 40779K [0x000000008a200000, 0x0000000100000000)
  region size 1024K, 0 young (0K), 0 survivors (0K)
 Metaspace       used 92364K, committed 93248K, reserved 1179648K
  class space    used 12137K, committed 12544K, reserved 1048576K
}
Event: 184.068 GC heap before
{Heap before GC invocations=30 (full 2):
 garbage-first heap   total 137216K, used 97099K [0x000000008a200000, 0x0000000100000000)
  region size 1024K, 57 young (58368K), 0 survivors (0K)
 Metaspace       used 92429K, committed 93248K, reserved 1179648K
  class space    used 12148K, committed 12544K, reserved 1048576K
}
Event: 184.071 GC heap after
{Heap after GC invocations=31 (full 2):
 garbage-first heap   total 137216K, used 45691K [0x000000008a200000, 0x0000000100000000)
  region size 1024K, 5 young (5120K), 5 survivors (5120K)
 Metaspace       used 92429K, committed 93248K, reserved 1179648K
  class space    used 12148K, committed 12544K, reserved 1048576K
}
Event: 190.022 GC heap before
{Heap before GC invocations=32 (full 2):
 garbage-first heap   total 137216K, used 103035K [0x000000008a200000, 0x0000000100000000)
  region size 1024K, 60 young (61440K), 5 survivors (5120K)
 Metaspace       used 92892K, committed 93696K, reserved 1179648K
  class space    used 12194K, committed 12544K, reserved 1048576K
}
Event: 190.063 GC heap after
{Heap after GC invocations=33 (full 3):
 garbage-first heap   total 137216K, used 40452K [0x000000008a200000, 0x0000000100000000)
  region size 1024K, 0 young (0K), 0 survivors (0K)
 Metaspace       used 92892K, committed 93696K, reserved 1179648K
  class space    used 12194K, committed 12544K, reserved 1048576K
}
Event: 190.585 GC heap before
{Heap before GC invocations=33 (full 3):
 garbage-first heap   total 137216K, used 96772K [0x000000008a200000, 0x0000000100000000)
  region size 1024K, 57 young (58368K), 0 survivors (0K)
 Metaspace       used 92953K, committed 93696K, reserved 1179648K
  class space    used 12204K, committed 12544K, reserved 1048576K
}
Event: 190.588 GC heap after
{Heap after GC invocations=34 (full 3):
 garbage-first heap   total 137216K, used 45093K [0x000000008a200000, 0x0000000100000000)
  region size 1024K, 5 young (5120K), 5 survivors (5120K)
 Metaspace       used 92953K, committed 93696K, reserved 1179648K
  class space    used 12204K, committed 12544K, reserved 1048576K
}

Dll operation events (12 events):
Event: 0.009 Loaded shared library C:\Users\PRASANTH\Downloads\sts-4.24.0.RELEASE\plugins\org.eclipse.justj.openjdk.hotspot.jre.full.win32.x86_64_21.0.3.v20240426-1530\jre\bin\java.dll
Event: 0.014 Loaded shared library C:\Users\PRASANTH\Downloads\sts-4.24.0.RELEASE\plugins\org.eclipse.justj.openjdk.hotspot.jre.full.win32.x86_64_21.0.3.v20240426-1530\jre\bin\zip.dll
Event: 0.276 Loaded shared library C:\Users\PRASANTH\Downloads\sts-4.24.0.RELEASE\plugins\org.eclipse.justj.openjdk.hotspot.jre.full.win32.x86_64_21.0.3.v20240426-1530\jre\bin\instrument.dll
Event: 0.287 Loaded shared library C:\Users\PRASANTH\Downloads\sts-4.24.0.RELEASE\plugins\org.eclipse.justj.openjdk.hotspot.jre.full.win32.x86_64_21.0.3.v20240426-1530\jre\bin\net.dll
Event: 0.289 Loaded shared library C:\Users\PRASANTH\Downloads\sts-4.24.0.RELEASE\plugins\org.eclipse.justj.openjdk.hotspot.jre.full.win32.x86_64_21.0.3.v20240426-1530\jre\bin\nio.dll
Event: 0.297 Loaded shared library C:\Users\PRASANTH\Downloads\sts-4.24.0.RELEASE\plugins\org.eclipse.justj.openjdk.hotspot.jre.full.win32.x86_64_21.0.3.v20240426-1530\jre\bin\zip.dll
Event: 0.493 Loaded shared library C:\Users\PRASANTH\Downloads\sts-4.24.0.RELEASE\plugins\org.eclipse.justj.openjdk.hotspot.jre.full.win32.x86_64_21.0.3.v20240426-1530\jre\bin\jimage.dll
Event: 0.554 Loaded shared library C:\Users\PRASANTH\Downloads\sts-4.24.0.RELEASE\plugins\org.eclipse.justj.openjdk.hotspot.jre.full.win32.x86_64_21.0.3.v20240426-1530\jre\bin\management.dll
Event: 0.567 Loaded shared library C:\Users\PRASANTH\Downloads\sts-4.24.0.RELEASE\plugins\org.eclipse.justj.openjdk.hotspot.jre.full.win32.x86_64_21.0.3.v20240426-1530\jre\bin\management_ext.dll
Event: 0.830 Loaded shared library C:\Users\PRASANTH\Downloads\sts-4.24.0.RELEASE\plugins\org.eclipse.justj.openjdk.hotspot.jre.full.win32.x86_64_21.0.3.v20240426-1530\jre\bin\extnet.dll
Event: 0.867 Loaded shared library C:\Users\PRASANTH\Downloads\sts-4.24.0.RELEASE\plugins\org.eclipse.justj.openjdk.hotspot.jre.full.win32.x86_64_21.0.3.v20240426-1530\jre\bin\verify.dll
Event: 2.461 Loaded shared library C:\Users\PRASANTH\Downloads\sts-4.24.0.RELEASE\plugins\org.eclipse.justj.openjdk.hotspot.jre.full.win32.x86_64_21.0.3.v20240426-1530\jre\bin\sunmscapi.dll

Deoptimization events (20 events):
Event: 190.737 Thread 0x0000029725427180 DEOPT PACKING pc=0x000002971458a9cc sp=0x000000a5867fc840
Event: 190.737 Thread 0x0000029725427180 DEOPT UNPACKING pc=0x0000029713dc4e42 sp=0x000000a5867fbd78 mode 1
Event: 190.737 Thread 0x0000029725427180 DEOPT PACKING pc=0x000002971458b94c sp=0x000000a5867fc930
Event: 190.737 Thread 0x0000029725427180 DEOPT UNPACKING pc=0x0000029713dc4e42 sp=0x000000a5867fbee0 mode 1
Event: 190.737 Thread 0x0000029725427180 DEOPT PACKING pc=0x000002971458dcf4 sp=0x000000a5867fcaa0
Event: 190.737 Thread 0x0000029725427180 DEOPT UNPACKING pc=0x0000029713dc4e42 sp=0x000000a5867fc060 mode 1
Event: 190.740 Thread 0x0000029725427180 DEOPT PACKING pc=0x000002971458a9cc sp=0x000000a5867fc830
Event: 190.740 Thread 0x0000029725427180 DEOPT UNPACKING pc=0x0000029713dc4e42 sp=0x000000a5867fbd68 mode 1
Event: 190.740 Thread 0x0000029725427180 DEOPT PACKING pc=0x000002971458b94c sp=0x000000a5867fc920
Event: 190.740 Thread 0x0000029725427180 DEOPT UNPACKING pc=0x0000029713dc4e42 sp=0x000000a5867fbed0 mode 1
Event: 190.740 Thread 0x0000029725427180 DEOPT PACKING pc=0x000002971458dcf4 sp=0x000000a5867fca90
Event: 190.740 Thread 0x0000029725427180 DEOPT UNPACKING pc=0x0000029713dc4e42 sp=0x000000a5867fc050 mode 1
Event: 190.740 Thread 0x0000029725427180 DEOPT PACKING pc=0x000002971458a9cc sp=0x000000a5867fc830
Event: 190.740 Thread 0x0000029725427180 DEOPT UNPACKING pc=0x0000029713dc4e42 sp=0x000000a5867fbd68 mode 1
Event: 190.740 Thread 0x0000029725427180 DEOPT PACKING pc=0x000002971458b94c sp=0x000000a5867fc920
Event: 190.740 Thread 0x0000029725427180 DEOPT UNPACKING pc=0x0000029713dc4e42 sp=0x000000a5867fbed0 mode 1
Event: 190.740 Thread 0x0000029725427180 DEOPT PACKING pc=0x000002971458dcf4 sp=0x000000a5867fca90
Event: 190.740 Thread 0x0000029725427180 DEOPT UNPACKING pc=0x0000029713dc4e42 sp=0x000000a5867fc050 mode 1
Event: 193.702 Thread 0x0000029725427180 DEOPT PACKING pc=0x00000297141cf49c sp=0x000000a5867fd7c0
Event: 193.702 Thread 0x0000029725427180 DEOPT UNPACKING pc=0x0000029713dc4e42 sp=0x000000a5867fcc78 mode 0

Classes loaded (20 events):
Event: 144.373 Loading class javax/crypto/BadPaddingException
Event: 144.374 Loading class javax/crypto/BadPaddingException done
Event: 147.418 Loading class java/util/WeakHashMap$KeyIterator
Event: 147.419 Loading class java/util/WeakHashMap$HashIterator
Event: 147.419 Loading class java/util/WeakHashMap$HashIterator done
Event: 147.419 Loading class java/util/WeakHashMap$KeyIterator done
Event: 147.472 Loading class java/lang/ref/Finalizer$2
Event: 147.473 Loading class java/lang/ref/Finalizer$2 done
Event: 147.473 Loading class java/lang/ref/Finalizer$1
Event: 147.473 Loading class java/lang/ref/Finalizer$1 done
Event: 148.016 Loading class java/util/WeakHashMap$EntrySet
Event: 148.017 Loading class java/util/WeakHashMap$EntrySet done
Event: 148.017 Loading class java/util/WeakHashMap$EntryIterator
Event: 148.017 Loading class java/util/WeakHashMap$EntryIterator done
Event: 148.397 Loading class java/time/DurationEditor
Event: 148.397 Loading class java/time/DurationEditor done
Event: 148.755 Loading class java/util/concurrent/locks/ReentrantReadWriteLock$Sync$HoldCounter
Event: 148.755 Loading class java/util/concurrent/locks/ReentrantReadWriteLock$Sync$HoldCounter done
Event: 159.345 Loading class java/util/regex/Pattern$GroupCurly
Event: 159.345 Loading class java/util/regex/Pattern$GroupCurly done

Classes unloaded (20 events):
Event: 148.157 Thread 0x000002970e7b4c70 Unloading class 0x0000000100141800 'java/lang/invoke/LambdaForm$MH+0x0000000100141800'
Event: 148.157 Thread 0x000002970e7b4c70 Unloading class 0x0000000100141000 'java/lang/invoke/LambdaForm$MH+0x0000000100141000'
Event: 148.157 Thread 0x000002970e7b4c70 Unloading class 0x0000000100140800 'java/lang/invoke/LambdaForm$MH+0x0000000100140800'
Event: 148.157 Thread 0x000002970e7b4c70 Unloading class 0x0000000100140000 'java/lang/invoke/LambdaForm$MH+0x0000000100140000'
Event: 148.157 Thread 0x000002970e7b4c70 Unloading class 0x00000001000c4000 'java/lang/invoke/LambdaForm$MH+0x00000001000c4000'
Event: 148.157 Thread 0x000002970e7b4c70 Unloading class 0x00000001000c3c00 'java/lang/invoke/LambdaForm$MH+0x00000001000c3c00'
Event: 148.157 Thread 0x000002970e7b4c70 Unloading class 0x00000001000c3800 'java/lang/invoke/LambdaForm$MH+0x00000001000c3800'
Event: 148.157 Thread 0x000002970e7b4c70 Unloading class 0x00000001000c3400 'java/lang/invoke/LambdaForm$MH+0x00000001000c3400'
Event: 183.240 Thread 0x000002970e7b4c70 Unloading class 0x0000000100198800 'java/lang/invoke/LambdaForm$MH+0x0000000100198800'
Event: 183.240 Thread 0x000002970e7b4c70 Unloading class 0x000000010019ac00 'jdk/internal/reflect/GeneratedSerializationConstructorAccessor39'
Event: 183.240 Thread 0x000002970e7b4c70 Unloading class 0x000000010019e800 'jdk/internal/reflect/GeneratedSerializationConstructorAccessor35'
Event: 183.240 Thread 0x000002970e7b4c70 Unloading class 0x00000001001a4c00 'jdk/internal/reflect/GeneratedSerializationConstructorAccessor33'
Event: 183.240 Thread 0x000002970e7b4c70 Unloading class 0x00000001001a9400 'jdk/internal/reflect/GeneratedSerializationConstructorAccessor28'
Event: 183.240 Thread 0x000002970e7b4c70 Unloading class 0x00000001002bdc00 'jdk/internal/reflect/GeneratedSerializationConstructorAccessor26'
Event: 183.240 Thread 0x000002970e7b4c70 Unloading class 0x0000000100b38800 'java/lang/invoke/LambdaForm$MH+0x0000000100b38800'
Event: 183.240 Thread 0x000002970e7b4c70 Unloading class 0x0000000100b23400 'java/lang/invoke/LambdaForm$MH+0x0000000100b23400'
Event: 183.240 Thread 0x000002970e7b4c70 Unloading class 0x0000000100b22800 'java/lang/invoke/LambdaForm$MH+0x0000000100b22800'
Event: 183.240 Thread 0x000002970e7b4c70 Unloading class 0x0000000100b1ec00 'java/lang/invoke/LambdaForm$MH+0x0000000100b1ec00'
Event: 183.240 Thread 0x000002970e7b4c70 Unloading class 0x0000000100b1e800 'java/lang/invoke/LambdaForm$MH+0x0000000100b1e800'
Event: 183.240 Thread 0x000002970e7b4c70 Unloading class 0x0000000100b1c400 'java/lang/invoke/LambdaForm$MH+0x0000000100b1c400'

Classes redefined (8 events):
Event: 142.842 Thread 0x000002970e7b4c70 redefined class name=com.fooddelivery.entity.Recipe, count=1
Event: 185.519 Thread 0x000002970e7b4c70 redefined class name=com.fooddelivery.controller.ReciepeController, count=1
Event: 185.519 Thread 0x000002970e7b4c70 redefined class name=com.fooddelivery.controller.ReciepeController, count=1
Event: 185.519 Thread 0x000002970e7b4c70 redefined class name=com.fooddelivery.controller.ReciepeController, count=1
Event: 193.724 Thread 0x000002970e7b4c70 redefined class name=com.fooddelivery.controller.ReciepeController, count=1
Event: 193.724 Thread 0x000002970e7b4c70 redefined class name=com.fooddelivery.controller.ReciepeController, count=2
Event: 193.724 Thread 0x000002970e7b4c70 redefined class name=com.fooddelivery.controller.ReciepeController, count=2
Event: 193.724 Thread 0x000002970e7b4c70 redefined class name=com.fooddelivery.controller.ReciepeController, count=2

Internal exceptions (20 events):
Event: 183.294 Thread 0x0000029721f614a0 Exception <a 'sun/nio/fs/WindowsException'{0x00000000fffaae10}> (0x00000000fffaae10) 
thrown [s\src\hotspot\share\prims\jni.cpp, line 520]
Event: 183.965 Thread 0x0000029721f614a0 Exception <a 'java/lang/NoClassDefFoundError'{0x000000008fe18ed8}: org/flywaydb/core/Flyway> (0x000000008fe18ed8) 
thrown [s\src\hotspot\share\oops\constantPool.cpp, line 873]
Event: 183.966 Thread 0x0000029721f614a0 Exception <a 'java/lang/NoClassDefFoundError'{0x000000008fe19538}: liquibase/integration/spring/SpringLiquibase> (0x000000008fe19538) 
thrown [s\src\hotspot\share\oops\constantPool.cpp, line 873]
Event: 183.972 Thread 0x0000029721f614a0 Exception <a 'java/lang/NoClassDefFoundError'{0x000000008fe9b600}: org/jooq/DSLContext> (0x000000008fe9b600) 
thrown [s\src\hotspot\share\oops\constantPool.cpp, line 873]
Event: 183.974 Thread 0x0000029721f614a0 Exception <a 'java/lang/NoClassDefFoundError'{0x000000008feaba90}: org/springframework/batch/core/repository/JobRepository> (0x000000008feaba90) 
thrown [s\src\hotspot\share\oops\constantPool.cpp, line 873]
Event: 183.975 Thread 0x0000029721f614a0 Exception <a 'java/lang/NoClassDefFoundError'{0x000000008feac0e8}: org/quartz/Scheduler> (0x000000008feac0e8) 
thrown [s\src\hotspot\share\oops\constantPool.cpp, line 873]
Event: 183.976 Thread 0x0000029721f614a0 Exception <a 'java/lang/NoClassDefFoundError'{0x000000008feac768}: org/springframework/session/jdbc/JdbcIndexedSessionRepository> (0x000000008feac768) 
thrown [s\src\hotspot\share\oops\constantPool.cpp, line 873]
Event: 184.058 Thread 0x0000029721f614a0 Exception <a 'java/io/FileNotFoundException'{0x000000008ef435c0}> (0x000000008ef435c0) 
thrown [s\src\hotspot\share\prims\jni.cpp, line 520]
Event: 184.114 Thread 0x0000029721f614a0 Exception <a 'java/io/FileNotFoundException'{0x00000000ffd452f0}> (0x00000000ffd452f0) 
thrown [s\src\hotspot\share\prims\jni.cpp, line 520]
Event: 184.511 Thread 0x0000029721f614a0 Exception <a 'java/net/BindException'{0x00000000903b74e8}: Address already in use: bind> (0x00000000903b74e8) 
thrown [s\src\hotspot\share\prims\jni.cpp, line 539]
Event: 190.022 Thread 0x0000029721f621c0 Exception <a 'java/lang/InterruptedException'{0x000000008f02c1f8}: sleep interrupted> (0x000000008f02c1f8) 
thrown [s\src\hotspot\share\prims\jvm.cpp, line 3074]
Event: 190.077 Thread 0x0000029725427180 Exception <a 'sun/nio/fs/WindowsException'{0x00000000fffa8198}> (0x00000000fffa8198) 
thrown [s\src\hotspot\share\prims\jni.cpp, line 520]
Event: 190.495 Thread 0x0000029725427180 Exception <a 'java/lang/NoClassDefFoundError'{0x000000008ffe98e8}: org/flywaydb/core/Flyway> (0x000000008ffe98e8) 
thrown [s\src\hotspot\share\oops\constantPool.cpp, line 873]
Event: 190.497 Thread 0x0000029725427180 Exception <a 'java/lang/NoClassDefFoundError'{0x000000008ffe9f48}: liquibase/integration/spring/SpringLiquibase> (0x000000008ffe9f48) 
thrown [s\src\hotspot\share\oops\constantPool.cpp, line 873]
Event: 190.503 Thread 0x0000029725427180 Exception <a 'java/lang/NoClassDefFoundError'{0x000000008fe6c598}: org/jooq/DSLContext> (0x000000008fe6c598) 
thrown [s\src\hotspot\share\oops\constantPool.cpp, line 873]
Event: 190.505 Thread 0x0000029725427180 Exception <a 'java/lang/NoClassDefFoundError'{0x000000008fe7c9e8}: org/springframework/batch/core/repository/JobRepository> (0x000000008fe7c9e8) 
thrown [s\src\hotspot\share\oops\constantPool.cpp, line 873]
Event: 190.506 Thread 0x0000029725427180 Exception <a 'java/lang/NoClassDefFoundError'{0x000000008fe7d040}: org/quartz/Scheduler> (0x000000008fe7d040) 
thrown [s\src\hotspot\share\oops\constantPool.cpp, line 873]
Event: 190.507 Thread 0x0000029725427180 Exception <a 'java/lang/NoClassDefFoundError'{0x000000008fe7d6c0}: org/springframework/session/jdbc/JdbcIndexedSessionRepository> (0x000000008fe7d6c0) 
thrown [s\src\hotspot\share\oops\constantPool.cpp, line 873]
Event: 190.576 Thread 0x0000029725427180 Exception <a 'java/io/FileNotFoundException'{0x000000008ef13d90}> (0x000000008ef13d90) 
thrown [s\src\hotspot\share\prims\jni.cpp, line 520]
Event: 190.627 Thread 0x0000029725427180 Exception <a 'java/io/FileNotFoundException'{0x00000000ffd47090}> (0x00000000ffd47090) 
thrown [s\src\hotspot\share\prims\jni.cpp, line 520]

ZGC Phase Switch (0 events):
No events

VM Operations (20 events):
Event: 190.965 Executing VM operation: get/set locals
Event: 190.965 Executing VM operation: get/set locals done
Event: 190.966 Executing VM operation: get/set locals
Event: 190.966 Executing VM operation: get/set locals done
Event: 190.967 Executing VM operation: get/set locals
Event: 190.967 Executing VM operation: get/set locals done
Event: 190.967 Executing VM operation: get/set locals
Event: 190.968 Executing VM operation: get/set locals done
Event: 190.968 Executing VM operation: get/set locals
Event: 190.968 Executing VM operation: get/set locals done
Event: 191.969 Executing VM operation: Cleanup
Event: 191.969 Executing VM operation: Cleanup done
Event: 193.701 Executing VM operation: ChangeSingleStep
Event: 193.701 Executing VM operation: ChangeSingleStep done
Event: 193.702 Executing VM operation: ChangeSingleStep
Event: 193.702 Executing VM operation: ChangeSingleStep done
Event: 193.718 Executing VM operation: RedefineClasses
Event: 193.744 Executing VM operation: RedefineClasses done
Event: 193.746 Executing VM operation: ChangeSingleStep
Event: 193.746 Executing VM operation: ChangeSingleStep done

Events (20 events):
Event: 190.612 Thread 0x000002970e7b4c70 flushing nmethod 0x0000029713ee9b90
Event: 190.612 Thread 0x000002970e7b4c70 flushing nmethod 0x0000029713ee4210
Event: 190.612 Thread 0x000002970e7b4c70 flushing nmethod 0x0000029713eeeb90
Event: 190.612 Thread 0x000002970e7b4c70 flushing nmethod 0x0000029713ed7510
Event: 190.612 Thread 0x000002970e7b4c70 flushing nmethod 0x0000029713ed6d90
Event: 190.612 Thread 0x000002970e7b4c70 flushing nmethod 0x0000029713ece290
Event: 190.612 Thread 0x000002970e7b4c70 flushing nmethod 0x0000029713ec5390
Event: 190.612 Thread 0x000002970e7b4c70 flushing nmethod 0x0000029713ecd210
Event: 190.612 Thread 0x000002970e7b4c70 flushing nmethod 0x0000029713eccf10
Event: 190.612 Thread 0x000002970e7b4c70 flushing nmethod 0x0000029713ee7190
Event: 190.612 Thread 0x000002970e7b4c70 flushing nmethod 0x0000029713eccc10
Event: 190.612 Thread 0x000002970e7b4c70 flushing nmethod 0x0000029713ed4e10
Event: 190.612 Thread 0x000002970e7b4c70 flushing nmethod 0x0000029713e8f790
Event: 190.612 Thread 0x000002970e7b4c70 flushing nmethod 0x0000029713ec1190
Event: 190.612 Thread 0x000002970e7b4c70 flushing nmethod 0x0000029713e91890
Event: 190.628 Thread 0x00000297254250b0 Thread added: 0x00000297254250b0
Event: 190.628 Thread 0x0000029725428bc0 Thread added: 0x0000029725428bc0
Event: 190.628 Thread 0x0000029725425740 Thread added: 0x0000029725425740
Event: 190.678 Thread 0x0000029725426460 Thread added: 0x0000029725426460
Event: 190.780 Thread 0x0000029725429250 Thread added: 0x0000029725429250


Dynamic libraries:
0x00007ff7b8d50000 - 0x00007ff7b8d5e000 	C:\Users\PRASANTH\Downloads\sts-4.24.0.RELEASE\plugins\org.eclipse.justj.openjdk.hotspot.jre.full.win32.x86_64_21.0.3.v20240426-1530\jre\bin\javaw.exe
0x00007ff8b4dc0000 - 0x00007ff8b5020000 	C:\WINDOWS\SYSTEM32\ntdll.dll
0x00007ff8b2bc0000 - 0x00007ff8b2c87000 	C:\WINDOWS\System32\KERNEL32.DLL
0x00007ff8b1fa0000 - 0x00007ff8b2369000 	C:\WINDOWS\System32\KERNELBASE.dll
0x00007ff8b2600000 - 0x00007ff8b274c000 	C:\WINDOWS\System32\ucrtbase.dll
0x00007ff88b360000 - 0x00007ff88b378000 	C:\Users\PRASANTH\Downloads\sts-4.24.0.RELEASE\plugins\org.eclipse.justj.openjdk.hotspot.jre.full.win32.x86_64_21.0.3.v20240426-1530\jre\bin\jli.dll
0x00007ff876f40000 - 0x00007ff876f5b000 	C:\Users\PRASANTH\Downloads\sts-4.24.0.RELEASE\plugins\org.eclipse.justj.openjdk.hotspot.jre.full.win32.x86_64_21.0.3.v20240426-1530\jre\bin\VCRUNTIME140.dll
0x00007ff8b33b0000 - 0x00007ff8b3579000 	C:\WINDOWS\System32\USER32.dll
0x00007ff897680000 - 0x00007ff897917000 	C:\WINDOWS\WinSxS\amd64_microsoft.windows.common-controls_6595b64144ccf1df_6.0.26100.3380_none_3e0ec6aae32e8fb7\COMCTL32.dll
0x00007ff8b3300000 - 0x00007ff8b33a9000 	C:\WINDOWS\System32\msvcrt.dll
0x00007ff8b2ec0000 - 0x00007ff8b2eea000 	C:\WINDOWS\System32\GDI32.dll
0x00007ff8b28c0000 - 0x00007ff8b28e7000 	C:\WINDOWS\System32\win32u.dll
0x00007ff8b2410000 - 0x00007ff8b2541000 	C:\WINDOWS\System32\gdi32full.dll
0x00007ff8b2550000 - 0x00007ff8b25f3000 	C:\WINDOWS\System32\msvcp_win.dll
0x00007ff8b2f00000 - 0x00007ff8b2f2f000 	C:\WINDOWS\System32\IMM32.DLL
0x00007ff890c30000 - 0x00007ff890c3c000 	C:\Users\PRASANTH\Downloads\sts-4.24.0.RELEASE\plugins\org.eclipse.justj.openjdk.hotspot.jre.full.win32.x86_64_21.0.3.v20240426-1530\jre\bin\vcruntime140_1.dll
0x00007ff872a90000 - 0x00007ff872b1e000 	C:\Users\PRASANTH\Downloads\sts-4.24.0.RELEASE\plugins\org.eclipse.justj.openjdk.hotspot.jre.full.win32.x86_64_21.0.3.v20240426-1530\jre\bin\msvcp140.dll
0x00007ff81c370000 - 0x00007ff81d0f2000 	C:\Users\PRASANTH\Downloads\sts-4.24.0.RELEASE\plugins\org.eclipse.justj.openjdk.hotspot.jre.full.win32.x86_64_21.0.3.v20240426-1530\jre\bin\server\jvm.dll
0x00007ff8b41f0000 - 0x00007ff8b42a2000 	C:\WINDOWS\System32\ADVAPI32.dll
0x00007ff8b3140000 - 0x00007ff8b31e6000 	C:\WINDOWS\System32\sechost.dll
0x00007ff8b42c0000 - 0x00007ff8b43d6000 	C:\WINDOWS\System32\RPCRT4.dll
0x00007ff8b30c0000 - 0x00007ff8b3134000 	C:\WINDOWS\System32\WS2_32.dll
0x00007ff8b1e20000 - 0x00007ff8b1e7e000 	C:\WINDOWS\SYSTEM32\POWRPROF.dll
0x00007ff8a9420000 - 0x00007ff8a9456000 	C:\WINDOWS\SYSTEM32\WINMM.dll
0x00007ff8a9460000 - 0x00007ff8a946b000 	C:\WINDOWS\SYSTEM32\VERSION.dll
0x00007ff8b1e00000 - 0x00007ff8b1e14000 	C:\WINDOWS\SYSTEM32\UMPDC.dll
0x00007ff8b0db0000 - 0x00007ff8b0dca000 	C:\WINDOWS\SYSTEM32\kernel.appcore.dll
0x00007ff898c20000 - 0x00007ff898c2a000 	C:\Users\PRASANTH\Downloads\sts-4.24.0.RELEASE\plugins\org.eclipse.justj.openjdk.hotspot.jre.full.win32.x86_64_21.0.3.v20240426-1530\jre\bin\jimage.dll
0x00007ff8a5920000 - 0x00007ff8a5b61000 	C:\WINDOWS\SYSTEM32\DBGHELP.DLL
0x00007ff8b37a0000 - 0x00007ff8b3b22000 	C:\WINDOWS\System32\combase.dll
0x00007ff8b4b20000 - 0x00007ff8b4bf6000 	C:\WINDOWS\System32\OLEAUT32.dll
0x00007ff8944f0000 - 0x00007ff894529000 	C:\WINDOWS\SYSTEM32\dbgcore.DLL
0x00007ff8b2370000 - 0x00007ff8b2409000 	C:\WINDOWS\System32\bcryptPrimitives.dll
0x00007ff876d00000 - 0x00007ff876d3c000 	C:\Users\PRASANTH\Downloads\sts-4.24.0.RELEASE\plugins\org.eclipse.justj.openjdk.hotspot.jre.full.win32.x86_64_21.0.3.v20240426-1530\jre\bin\jdwp.dll
0x00007ff898c10000 - 0x00007ff898c1f000 	C:\Users\PRASANTH\Downloads\sts-4.24.0.RELEASE\plugins\org.eclipse.justj.openjdk.hotspot.jre.full.win32.x86_64_21.0.3.v20240426-1530\jre\bin\instrument.dll
0x00007ff894880000 - 0x00007ff89489f000 	C:\Users\PRASANTH\Downloads\sts-4.24.0.RELEASE\plugins\org.eclipse.justj.openjdk.hotspot.jre.full.win32.x86_64_21.0.3.v20240426-1530\jre\bin\java.dll
0x00007ff888810000 - 0x00007ff888828000 	C:\Users\PRASANTH\Downloads\sts-4.24.0.RELEASE\plugins\org.eclipse.justj.openjdk.hotspot.jre.full.win32.x86_64_21.0.3.v20240426-1530\jre\bin\zip.dll
0x00007ff8b43f0000 - 0x00007ff8b4b0e000 	C:\WINDOWS\System32\SHELL32.dll
0x00007ff8b2750000 - 0x00007ff8b28b8000 	C:\WINDOWS\System32\wintypes.dll
0x00007ff8afc60000 - 0x00007ff8b04aa000 	C:\WINDOWS\SYSTEM32\windows.storage.dll
0x00007ff8b4c00000 - 0x00007ff8b4ced000 	C:\WINDOWS\System32\SHCORE.dll
0x00007ff8b31f0000 - 0x00007ff8b3254000 	C:\WINDOWS\System32\shlwapi.dll
0x00007ff8b1eb0000 - 0x00007ff8b1edf000 	C:\WINDOWS\SYSTEM32\profapi.dll
0x00007ff8a90f0000 - 0x00007ff8a90fb000 	C:\Users\PRASANTH\Downloads\sts-4.24.0.RELEASE\plugins\org.eclipse.justj.openjdk.hotspot.jre.full.win32.x86_64_21.0.3.v20240426-1530\jre\bin\dt_socket.dll
0x00007ff8b07a0000 - 0x00007ff8b07d3000 	C:\WINDOWS\SYSTEM32\IPHLPAPI.DLL
0x00007ff8b12d0000 - 0x00007ff8b133a000 	C:\WINDOWS\system32\mswsock.dll
0x00007ff8b0830000 - 0x00007ff8b0955000 	C:\WINDOWS\SYSTEM32\DNSAPI.dll
0x00007ff8b43e0000 - 0x00007ff8b43ea000 	C:\WINDOWS\System32\NSI.dll
0x00007ff8a96d0000 - 0x00007ff8a96db000 	C:\Windows\System32\rasadhlp.dll
0x00007ff8a6f80000 - 0x00007ff8a7005000 	C:\WINDOWS\System32\fwpuclnt.dll
0x00007ff897550000 - 0x00007ff897560000 	C:\Users\PRASANTH\Downloads\sts-4.24.0.RELEASE\plugins\org.eclipse.justj.openjdk.hotspot.jre.full.win32.x86_64_21.0.3.v20240426-1530\jre\bin\net.dll
0x00007ff8a9f70000 - 0x00007ff8aa08d000 	C:\WINDOWS\SYSTEM32\WINHTTP.dll
0x00007ff888490000 - 0x00007ff8884a6000 	C:\Users\PRASANTH\Downloads\sts-4.24.0.RELEASE\plugins\org.eclipse.justj.openjdk.hotspot.jre.full.win32.x86_64_21.0.3.v20240426-1530\jre\bin\nio.dll
0x00007ff888690000 - 0x00007ff88869a000 	C:\Users\PRASANTH\Downloads\sts-4.24.0.RELEASE\plugins\org.eclipse.justj.openjdk.hotspot.jre.full.win32.x86_64_21.0.3.v20240426-1530\jre\bin\management.dll
0x00007ff887510000 - 0x00007ff88751b000 	C:\Users\PRASANTH\Downloads\sts-4.24.0.RELEASE\plugins\org.eclipse.justj.openjdk.hotspot.jre.full.win32.x86_64_21.0.3.v20240426-1530\jre\bin\management_ext.dll
0x00007ff8b32c0000 - 0x00007ff8b32c8000 	C:\WINDOWS\System32\PSAPI.DLL
0x00007ff88ec40000 - 0x00007ff88ec58000 	C:\WINDOWS\system32\napinsp.dll
0x00007ff88ebf0000 - 0x00007ff88ec02000 	C:\WINDOWS\System32\winrnr.dll
0x00007ff88ebb0000 - 0x00007ff88ebe0000 	C:\WINDOWS\system32\nlansp_c.dll
0x00007ff8ab0b0000 - 0x00007ff8ab0c6000 	C:\WINDOWS\system32\wshbth.dll
0x00007ff8b1570000 - 0x00007ff8b158c000 	C:\WINDOWS\SYSTEM32\CRYPTSP.dll
0x00007ff8b0d10000 - 0x00007ff8b0d4a000 	C:\WINDOWS\system32\rsaenh.dll
0x00007ff8b1370000 - 0x00007ff8b139b000 	C:\WINDOWS\SYSTEM32\USERENV.dll
0x00007ff8b17b0000 - 0x00007ff8b17d6000 	C:\WINDOWS\SYSTEM32\bcrypt.dll
0x00007ff8b1590000 - 0x00007ff8b159c000 	C:\WINDOWS\SYSTEM32\CRYPTBASE.dll
0x00007ff88b350000 - 0x00007ff88b359000 	C:\Users\PRASANTH\Downloads\sts-4.24.0.RELEASE\plugins\org.eclipse.justj.openjdk.hotspot.jre.full.win32.x86_64_21.0.3.v20240426-1530\jre\bin\extnet.dll
0x00007ff896620000 - 0x00007ff896630000 	C:\Users\PRASANTH\Downloads\sts-4.24.0.RELEASE\plugins\org.eclipse.justj.openjdk.hotspot.jre.full.win32.x86_64_21.0.3.v20240426-1530\jre\bin\verify.dll
0x00007ff895dc0000 - 0x00007ff895dce000 	C:\Users\PRASANTH\Downloads\sts-4.24.0.RELEASE\plugins\org.eclipse.justj.openjdk.hotspot.jre.full.win32.x86_64_21.0.3.v20240426-1530\jre\bin\sunmscapi.dll
0x00007ff8b29b0000 - 0x00007ff8b2b27000 	C:\WINDOWS\System32\CRYPT32.dll
0x00007ff8b1770000 - 0x00007ff8b17a0000 	C:\WINDOWS\SYSTEM32\ncrypt.dll
0x00007ff8b1720000 - 0x00007ff8b175f000 	C:\WINDOWS\SYSTEM32\NTASN1.dll
0x00007ff898c50000 - 0x00007ff898c58000 	C:\WINDOWS\system32\wshunix.dll

dbghelp: loaded successfully - version: 4.0.5 - missing functions: none
symbol engine: initialized successfully - sym options: 0x614 - pdb path: .;C:\Users\PRASANTH\Downloads\sts-4.24.0.RELEASE\plugins\org.eclipse.justj.openjdk.hotspot.jre.full.win32.x86_64_21.0.3.v20240426-1530\jre\bin;C:\WINDOWS\SYSTEM32;C:\WINDOWS\WinSxS\amd64_microsoft.windows.common-controls_6595b64144ccf1df_6.0.26100.3380_none_3e0ec6aae32e8fb7;C:\Users\PRASANTH\Downloads\sts-4.24.0.RELEASE\plugins\org.eclipse.justj.openjdk.hotspot.jre.full.win32.x86_64_21.0.3.v20240426-1530\jre\bin\server

VM Arguments:
jvm_args: -XX:+ShowCodeDetailsInExceptionMessages -agentlib:jdwp=transport=dt_socket,suspend=y,address=localhost:61852 -Dcom.sun.management.jmxremote -Dcom.sun.management.jmxremote.port=61851 -Dcom.sun.management.jmxremote.authenticate=false -Dcom.sun.management.jmxremote.ssl=false -Djava.rmi.server.hostname=localhost -Dspring.jmx.enabled=true -Dmanagement.endpoints.jmx.exposure.include=* -Dspring.application.admin.enabled=true -XX:TieredStopAtLevel=1 -Dspring.boot.project.name=FoodDeliveryManagement -javaagent:C:\Users\PRASANTH\Downloads\sts-4.24.0.RELEASE\configuration\org.eclipse.osgi\270\0\.cp\lib\javaagent-shaded.jar -Dfile.encoding=UTF-8 -Dstdout.encoding=UTF-8 -Dstderr.encoding=UTF-8 
java_command: com.fooddelivery.FoodDeliveryManagementApplication --spring.output.ansi.enabled=always
java_class_path (initial): D:\DemoProject\FoodDeliveryManagement\target\classes;C:\Users\PRASANTH\.m2\repository\org\springframework\boot\spring-boot-starter-data-jpa\3.4.3\spring-boot-starter-data-jpa-3.4.3.jar;C:\Users\PRASANTH\.m2\repository\org\springframework\boot\spring-boot-starter\3.4.3\spring-boot-starter-3.4.3.jar;C:\Users\PRASANTH\.m2\repository\org\springframework\boot\spring-boot-starter-logging\3.4.3\spring-boot-starter-logging-3.4.3.jar;C:\Users\PRASANTH\.m2\repository\ch\qos\logback\logback-classic\1.5.16\logback-classic-1.5.16.jar;C:\Users\PRASANTH\.m2\repository\ch\qos\logback\logback-core\1.5.16\logback-core-1.5.16.jar;C:\Users\PRASANTH\.m2\repository\org\apache\logging\log4j\log4j-to-slf4j\2.24.3\log4j-to-slf4j-2.24.3.jar;C:\Users\PRASANTH\.m2\repository\org\apache\logging\log4j\log4j-api\2.24.3\log4j-api-2.24.3.jar;C:\Users\PRASANTH\.m2\repository\org\slf4j\jul-to-slf4j\2.0.16\jul-to-slf4j-2.0.16.jar;C:\Users\PRASANTH\.m2\repository\jakarta\annotation\jakarta.annotation-api\2.1.1\jakarta.annotation-api-2.1.1.jar;C:\Users\PRASANTH\.m2\repository\org\yaml\snakeyaml\2.3\snakeyaml-2.3.jar;C:\Users\PRASANTH\.m2\repository\org\springframework\boot\spring-boot-starter-jdbc\3.4.3\spring-boot-starter-jdbc-3.4.3.jar;C:\Users\PRASANTH\.m2\repository\com\zaxxer\HikariCP\5.1.0\HikariCP-5.1.0.jar;C:\Users\PRASANTH\.m2\repository\org\springframework\spring-jdbc\6.2.3\spring-jdbc-6.2.3.jar;C:\Users\PRASANTH\.m2\repository\org\hibernate\orm\hibernate-core\6.6.8.Final\hibernate-core-6.6.8.Final.jar;C:\Users\PRASANTH\.m2\repository\jakarta\persistence\jakarta.persistence-api\3.1.0\jakarta.persistence-api-3.1.0.jar;C:\Users\PRASANTH\.m2\repository\jakarta\transaction\jakarta.transaction-api\2.0.1\jakarta.transaction-api-2.0.1.jar;C:\Users\PRASANTH\.m2\repository\org\jboss\logging\jboss-logging\3.6.1.Final\jboss-logging-3.6.1.Final.jar;C:\Users\PRASANTH\.m2\repository\org\hibernate\common\hibernate-commons-annotations\7.0.3.Final\hibernate-commons-annotations-7.0.3.Final.jar;C:\Users\PRASANTH\.m2\repository\io\smallrye\jandex\3.2.0\jandex-3.2.0.jar;C:\Users\PRASANTH\.m2\repository\com\fasterxml\classmate\1.7.0\classmate-1.7.0.jar;C:\Users\PRASANTH\.m2\repository\net\bytebuddy\byte-buddy\1.15.11\byte-buddy-1.15.11.jar;C:\Users\PRASANTH\.m2\repository\org\glassfish\jaxb\jaxb-runtime\4.0.5\jaxb-runtime-4.0.5.jar;C:\Users\PRASANTH\.m2\repository\org\glassfish\jaxb\jaxb-core\4.0.5\jaxb-core-4.0.5.jar;C:\Users\PRASANTH\.m2\repository\org\eclipse\angus\angus-activation\2.0.2\angus-activation-2.0.2.jar;C:\Users\PRASANTH\.m2\repository\org\glassfish\jaxb\txw2\4.0.5\txw2-4.0.5.jar;C:\Users\PRASANTH\.m2\repository\com\sun\istack\istack-commons-runtime\4.1.2\istack-commons-runtime-4.1.2.jar;C:\Users\PRASANTH\.m2\repository\jakarta\inject\jakarta.inject-api\2.0.1\jakarta.inject-api-2.0.1.jar;C:\Users\PRASANTH\.m2\repository\org\antlr\antlr4-runtime\4.13.0\antlr4-runtime-4.13.0.jar;C:\Users\PRASANTH\.m2\repository\org\springframework\data\spring-data-jpa\3.4.3\spring-data-jpa-3.4.3.jar;C:\Users\PRASANTH\.m2\repository\org\springframework\data\spring-data-commons\3.4.3\spring-data-commons-3.4.3.jar;C:\Users\PRASANTH\.m2\repository\org\springframework\spring-orm\6.2.3\spring-orm-6.2.3.jar;C:\Users\PRASANTH\.m2\repository\org\springframework\spring-context\6.2.3\spring-context-6.2.3.jar;C:\Users\PRASANTH\.m2\repository\org\springframework\spring-aop\6.2.3\spring-aop-6.2.3.jar;C:\Users\PRASANTH\.m2\repository\org\springframework\spring-tx\6.2.3\spring-tx-6.2.3.jar;C:\Users\PRASANTH\.m2\repository\org\springframework\spring-beans\6.2.3\spring-beans-6.2.3.jar;C:\Users\PRASANTH\.m2\repository\org\slf4j\slf4j-api\2.0.16\slf4j-api-2.0.16.jar;C:\Users\PRASANTH\.m2\repository\org\springframework\spring-aspects\6.2.3\spring-aspects-6.2.3.jar;C:\Users\PRASANTH\.m2\repository\org\aspectj\aspectjweaver\1.9.22.1\aspectjweaver-1.9.22.1.jar;C:\Users\PRASANTH\.m2\repository\org\springframework\boot\spring-boot-starter-web\3.4.3\spring-boot-starter-web-3.4.3.jar;C:\Users\PRASANTH\.m2\repository\org\springframework\boot\spring-boot-starter-json\3.4.3\spring-boot-starter-json-3.4.3.jar;C:\Users\PRASANTH\.m2\repository\com\fasterxml\jackson\datatype\jackson-datatype-jdk8\2.18.2\jackson-datatype-jdk8-2.18.2.jar;C:\Users\PRASANTH\.m2\repository\com\fasterxml\jackson\datatype\jackson-datatype-jsr310\2.18.2\jackson-datatype-jsr310-2.18.2.jar;C:\Users\PRASANTH\.m2\repository\com\fasterxml\jackson\module\jackson-module-parameter-names\2.18.2\jackson-module-parameter-names-2.18.2.jar;C:\Users\PRASANTH\.m2\repository\org\springframework\boot\spring-boot-starter-tomcat\3.4.3\spring-boot-starter-tomcat-3.4.3.jar;C:\Users\PRASANTH\.m2\repository\org\apache\tomcat\embed\tomcat-embed-core\10.1.36\tomcat-embed-core-10.1.36.jar;C:\Users\PRASANTH\.m2\repository\org\apache\tomcat\embed\tomcat-embed-el\10.1.36\tomcat-embed-el-10.1.36.jar;C:\Users\PRASANTH\.m2\repository\org\apache\tomcat\embed\tomcat-embed-websocket\10.1.36\tomcat-embed-websocket-10.1.36.jar;C:\Users\PRASANTH\.m2\repository\org\springframework\spring-web\6.2.3\spring-web-6.2.3.jar;C:\Users\PRASANTH\.m2\repository\io\micrometer\micrometer-observation\1.14.4\micrometer-observation-1.14.4.jar;C:\Users\PRASANTH\.m2\repository\io\micrometer\micrometer-commons\1.14.4\micrometer-commons-1.14.4.jar;C:\Users\PRASANTH\.m2\repository\org\springframework\spring-webmvc\6.2.3\spring-webmvc-6.2.3.jar;C:\Users\PRASANTH\.m2\repository\org\springframework\spring-expression\6.2.3\spring-expression-6.2.3.jar;C:\Users\PRASANTH\.m2\repository\org\springframework\cloud\spring-cloud-starter-netflix-eureka-client\4.2.1\spring-cloud-starter-netflix-eureka-client-4.2.1.jar;C:\Users\PRASANTH\.m2\repository\org\springframework\cloud\spring-cloud-starter\4.2.1\spring-cloud-starter-4.2.1.jar;C:\Users\PRASANTH\.m2\repository\org\springframework\cloud\spring-cloud-context\4.2.1\spring-cloud-context-4.2.1.jar;C:\Users\PRASANTH\.m2\repository\org\bouncycastle\bcprov-jdk18on\1.78.1\bcprov-jdk18on-1.78.1.jar;C:\Users\PRASANTH\.m2\repository\org\springframework\cloud\spring-cloud-netflix-eureka-client\4.2.1\spring-cloud-netflix-eureka-client-4.2.1.jar;C:\Users\PRASANTH\.m2\repository\org\apache\httpcomponents\client5\httpclient5\5.4.2\httpclient5-5.4.2.jar;C:\Users\PRASANTH\.m2\repository\org\apache\httpcomponents\core5\httpcore5\5.3.3\httpcore5-5.3.3.jar;C:\Users\PRASANTH\.m2\repository\org\apache\httpcomponents\core5\httpcore5-h2\5.3.3\httpcore5-h2-5.3.3.jar;C:\Users\PRASANTH\.m2\repository\com\netflix\eureka\eureka-client\2.0.4\eureka-client-2.0.4.jar;C:\Users\PRASANTH\.m2\repository\com\thoughtworks\xstream\xstream\1.4.20\xstream-1.4.20.jar;C:\Users\PRASANTH\.m2\repository\io\github\x-stream\mxparser\1.2.2\mxparser-1.2.2.jar;C:\Users\PRASANTH\.m2\repository\xmlpull\xmlpull\1.1.3.1\xmlpull-1.1.3.1.jar;C:\Users\PRASANTH\.m2\repository\jakarta\ws\rs\jakarta.ws.rs-api\3.1.0\jakarta.ws.rs-api-3.1.0.jar;C:\Users\PRASANTH\.m2\repository\com\netflix\spectator\spectator-api\1.7.3\spectator-api-1.7.3.jar;C:\Users\PRASANTH\.m2\repository\org\apache\httpcomponents\httpclient\4.5.3\httpclient-4.5.3.jar;C:\Users\PRASANTH\.m2\repository\org\apache\httpcomponents\httpcore\4.4.16\httpcore-4.4.16.jar;C:\Users\PRASANTH\.m2\repository\commons-codec\commons-codec\1.17.2\commons-codec-1.17.2.jar;C:\Users\PRASANTH\.m2\repository\commons-configuration\commons-configuration\1.10\commons-configuration-1.10.jar;C:\Users\PRASANTH\.m2\repository\commons-lang\commons-lang\2.6\commons-lang-2.6.jar;C:\Users\PRASANTH\.m2\repository\com\netflix\netflix-commons\netflix-eventbus\0.3.0\netflix-eventbus-0.3.0.jar;C:\Users\PRASANTH\.m2\repository\com\netflix\netflix-commons\netflix-infix\0.3.0\netflix-infix-0.3.0.jar;C:\Users\PRASANTH\.m2\repository\commons-jxpath\commons-jxpath\1.3\commons-jxpath-1.3.jar;C:\Users\PRASANTH\.m2\repository\joda-time\joda-time\2.3\joda-time-2.3.jar;C:\Users\PRASANTH\.m2\repository\org\antlr\antlr-runtime\3.4\antlr-runtime-3.4.jar;C:\Users\PRASANTH\.m2\repository\org\antlr\stringtemplate\3.2.1\stringtemplate-3.2.1.jar;C:\Users\PRASANTH\.m2\repository\antlr\antlr\2.7.7\antlr-2.7.7.jar;C:\Users\PRASANTH\.m2\repository\com\google\code\gson\gson\2.11.0\gson-2.11.0.jar;C:\Users\PRASANTH\.m2\repository\com\netflix\servo\servo-core\0.5.3\servo-core-0.5.3.jar;C:\Users\PRASANTH\.m2\repository\org\apache\commons\commons-math\2.2\commons-math-2.2.jar;C:\Users\PRASANTH\.m2\repository\javax\annotation\javax.annotation-api\1.2\javax.annotation-api-1.2.jar;C:\Users\PRASANTH\.m2\repository\org\codehaus\jettison\jettison\1.5.4\jettison-1.5.4.jar;C:\Users\PRASANTH\.m2\repository\org\springframework\cloud\spring-cloud-starter-loadbalancer\4.2.1\spring-cloud-starter-loadbalancer-4.2.1.jar;C:\Users\PRASANTH\.m2\repository\org\springframework\cloud\spring-cloud-loadbalancer\4.2.1\spring-cloud-loadbalancer-4.2.1.jar;C:\Users\PRASANTH\.m2\repository\io\projectreactor\reactor-core\3.7.3\reactor-core-3.7.3.jar;C:\Users\PRASANTH\.m2\repository\org\reactivestreams\reactive-streams\1.0.4\reactive-streams-1.0.4.jar;C:\Users\PRASANTH\.m2\repository\io\projectreactor\addons\reactor-extra\3.5.2\reactor-extra-3.5.2.jar;C:\Users\PRASANTH\.m2\repository\org\springframework\boot\spring-boot-starter-cache\3.4.3\spring-boot-starter-cache-3.4.3.jar;C:\Users\PRASANTH\.m2\repository\org\springframework\spring-context-support\6.2.3\spring-context-support-6.2.3.jar;C:\Users\PRASANTH\.m2\repository\com\stoyanr\evictor\1.0.0\evictor-1.0.0.jar;C:\Users\PRASANTH\.m2\repository\org\springframework\cloud\spring-cloud-starter-openfeign\4.2.1\spring-cloud-starter-openfeign-4.2.1.jar;C:\Users\PRASANTH\.m2\repository\org\springframework\cloud\spring-cloud-openfeign-core\4.2.1\spring-cloud-openfeign-core-4.2.1.jar;C:\Users\PRASANTH\.m2\repository\io\github\openfeign\feign-form-spring\13.5\feign-form-spring-13.5.jar;C:\Users\PRASANTH\.m2\repository\io\github\openfeign\feign-form\13.5\feign-form-13.5.jar;C:\Users\PRASANTH\.m2\repository\commons-fileupload\commons-fileupload\1.5\commons-fileupload-1.5.jar;C:\Users\PRASANTH\.m2\repository\org\springframework\cloud\spring-cloud-commons\4.2.1\spring-cloud-commons-4.2.1.jar;C:\Users\PRASANTH\.m2\repository\org\springframework\security\spring-security-crypto\6.4.3\spring-security-crypto-6.4.3.jar;C:\Users\PRASANTH\.m2\repository\io\github\openfeign\feign-core\13.5\feign-core-13.5.jar;C:\Users\PRASANTH\.m2\repository\io\github\openfeign\feign-slf4j\13.5\feign-slf4j-13.5.jar;C:\Users\PRASANTH\.m2\repository\io\minio\minio\8.5.2\minio-8.5.2.jar;C:\Users\PRASANTH\.m2\repository\com\carrotsearch\thirdparty\simple-xml-safe\2.7.1\simple-xml-safe-2.7.1.jar;C:\Users\PRASANTH\.m2\repository\com\google\guava\guava\30.1.1-jre\guava-30.1.1-jre.jar;C:\Users\PRASANTH\.m2\repository\com\google\guava\failureaccess\1.0.1\failureaccess-1.0.1.jar;C:\Users\PRASANTH\.m2\repository\com\google\guava\listenablefuture\9999.0-empty-to-avoid-conflict-with-guava\listenablefuture-9999.0-empty-to-avoid-conflict-with-guava.jar;C:\Users\PRASANTH\.m2\repository\com\google\code\findbugs\jsr305\3.0.2\jsr305-3.0.2.jar;C:\Users\PRASANTH\.m2\repository\org\checkerframework\checker-qual\3.8.0\checker-qual-3.8.0.jar;C:\Users\PRASANTH\.m2\repository\com\google\errorprone\error_prone_annotations\2.5.1\error_prone_annotations-2.5.1.jar;C:\Users\PRASANTH\.m2\repository\com\google\j2objc\j2objc-annotations\1.3\j2objc-annotations-1.3.jar;C:\Users\PRASANTH\.m2\repository\com\squareup\okhttp3\okhttp\4.12.0\okhttp-4.12.0.jar;C:\Users\PRASANTH\.m2\repository\com\squareup\okio\okio\3.6.0\okio-3.6.0.jar;C:\Users\PRASANTH\.m2\repository\com\squareup\okio\okio-jvm\3.6.0\okio-jvm-3.6.0.jar;C:\Users\PRASANTH\.m2\repository\org\jetbrains\kotlin\kotlin-stdlib-common\1.9.25\kotlin-stdlib-common-1.9.25.jar;C:\Users\PRASANTH\.m2\repository\org\jetbrains\kotlin\kotlin-stdlib-jdk8\1.9.25\kotlin-stdlib-jdk8-1.9.25.jar;C:\Users\PRASANTH\.m2\repository\org\jetbrains\kotlin\kotlin-stdlib\1.9.25\kotlin-stdlib-1.9.25.jar;C:\Users\PRASANTH\.m2\repository\org\jetbrains\annotations\13.0\annotations-13.0.jar;C:\Users\PRASANTH\.m2\repository\org\jetbrains\kotlin\kotlin-stdlib-jdk7\1.9.25\kotlin-stdlib-jdk7-1.9.25.jar;C:\Users\PRASANTH\.m2\repository\com\fasterxml\jackson\core\jackson-annotations\2.18.2\jackson-annotations-2.18.2.jar;C:\Users\PRASANTH\.m2\repository\com\fasterxml\jackson\core\jackson-core\2.18.2\jackson-core-2.18.2.jar;C:\Users\PRASANTH\.m2\repository\com\fasterxml\jackson\core\jackson-databind\2.18.2\jackson-databind-2.18.2.jar;C:\Users\PRASANTH\.m2\repository\org\bouncycastle\bcprov-jdk15on\1.69\bcprov-jdk15on-1.69.jar;C:\Users\PRASANTH\.m2\repository\org\apache\commons\commons-compress\1.21\commons-compress-1.21.jar;C:\Users\PRASANTH\.m2\repository\org\xerial\snappy\snappy-java\1.1.8.4\snappy-java-1.1.8.4.jar;C:\Users\PRASANTH\.m2\repository\org\projectlombok\lombok\1.18.36\lombok-1.18.36.jar;C:\Users\PRASANTH\.m2\repository\org\springframework\boot\spring-boot-devtools\3.4.3\spring-boot-devtools-3.4.3.jar;C:\Users\PRASANTH\.m2\repository\org\springframework\boot\spring-boot\3.4.3\spring-boot-3.4.3.jar;C:\Users\PRASANTH\.m2\repository\org\springframework\boot\spring-boot-autoconfigure\3.4.3\spring-boot-autoconfigure-3.4.3.jar;C:\Users\PRASANTH\.m2\repository\com\mysql\mysql-connector-j\9.1.0\mysql-connector-j-9.1.0.jar;C:\Users\PRASANTH\.m2\repository\jakarta\xml\bind\jakarta.xml.bind-api\4.0.2\jakarta.xml.bind-api-4.0.2.jar;C:\Users\PRASANTH\.m2\repository\jakarta\activation\jakarta.activation-api\2.1.3\jakarta.activation-api-2.1.3.jar;C:\Users\PRASANTH\.m2\repository\org\springframework\spring-core\6.2.3\spring-core-6.2.3.jar;C:\Users\PRASANTH\.m2\repository\org\springframework\spring-jcl\6.2.3\spring-jcl-6.2.3.jar
Launcher Type: SUN_STANDARD

[Global flags]
     intx CICompilerCount                          = 4                                         {product} {ergonomic}
     uint ConcGCThreads                            = 3                                         {product} {ergonomic}
     uint G1ConcRefinementThreads                  = 10                                        {product} {ergonomic}
   size_t G1HeapRegionSize                         = 1048576                                   {product} {ergonomic}
    uintx GCDrainStackTargetSize                   = 64                                        {product} {ergonomic}
   size_t InitialHeapSize                          = 123731968                                 {product} {ergonomic}
     bool ManagementServer                         = true                                      {product} {command line}
   size_t MarkStackSize                            = 4194304                                   {product} {ergonomic}
   size_t MaxHeapSize                              = 1977614336                                {product} {ergonomic}
   size_t MaxNewSize                               = 1185939456                                {product} {ergonomic}
   size_t MinHeapDeltaBytes                        = 1048576                                   {product} {ergonomic}
   size_t MinHeapSize                              = 8388608                                   {product} {ergonomic}
    uintx NonNMethodCodeHeapSize                   = 4096                                   {pd product} {ergonomic}
    uintx NonProfiledCodeHeapSize                  = 0                                      {pd product} {ergonomic}
     bool ProfileInterpreter                       = false                                  {pd product} {command line}
    uintx ProfiledCodeHeapSize                     = 0                                      {pd product} {ergonomic}
     bool ShowCodeDetailsInExceptionMessages       = true                                   {manageable} {command line}
   size_t SoftMaxHeapSize                          = 1977614336                             {manageable} {ergonomic}
     intx TieredStopAtLevel                        = 1                                         {product} {command line}
     bool UseCompressedOops                        = true                           {product lp64_product} {ergonomic}
     bool UseG1GC                                  = true                                      {product} {ergonomic}
     bool UseLargePagesIndividualAllocation        = false                                  {pd product} {ergonomic}

Logging:
Log output configuration:
 #0: stdout all=warning uptime,level,tags foldmultilines=false
 #1: stderr all=off uptime,level,tags foldmultilines=false

Environment Variables:
PATH=C:\Users\PRASANTH\Downloads\sts-4.24.0.RELEASE\plugins\org.eclipse.justj.openjdk.hotspot.jre.full.win32.x86_64_21.0.3.v20240426-1530\jre\bin;C:/Users/PRASANTH/Downloads/sts-4.24.0.RELEASE//plugins/org.eclipse.justj.openjdk.hotspot.jre.full.win32.x86_64_21.0.3.v20240426-1530/jre/bin/server;C:/Users/PRASANTH/Downloads/sts-4.24.0.RELEASE//plugins/org.eclipse.justj.openjdk.hotspot.jre.full.win32.x86_64_21.0.3.v20240426-1530/jre/bin;C:\Program Files\Common Files\Oracle\Java\javapath;C:\Python310\Scripts\;C:\Python310\;C:\Program Files\Python310\Scripts\;C:\Program Files\Python310\;C:\windows\system32;C:\windows;C:\windows\System32\Wbem;C:\windows\System32\WindowsPowerShell\v1.0\;C:\windows\System32\OpenSSH\;C:\Program Files (x86)\NVIDIA Corporation\PhysX\Common;C:\Program Files\NVIDIA Corporation\NVIDIA NvDLISR;C:\WINDOWS\system32;C:\WINDOWS;C:\WINDOWS\System32\Wbem;C:\WINDOWS\System32\WindowsPowerShell\v1.0\;C:\WINDOWS\System32\OpenSSH\;C:\Program Files (x86)\MATLAB\R2009a\bin;C:\Program Files (x86)\MATLAB\R2009a\bin\win32;C:\ProgramData\chocolatey\bin;C:\Program Files\dotnet\;C:\Program Files (x86)\dotnet\;C:\Program Files\HP\HP One Agent;C:\WINDOWS\system32;C:\WINDOWS;C:\WINDOWS\System32\Wbem;C:\WINDOWS\System32\WindowsPowerShell\v1.0\;C:\WINDOWS\System32\OpenSSH\;C:\Program Files\Git\cmd;C:\Program Files (x86)\Git\cmd;%JAVA_HOME%\bin;C:\Program Files\PowerShell\7\;C:\softwares\apache-maven-3.8.8\bin;C:\Program Files\nodejs\;C:\Program Files\Docker\Docker\resources\bin;C:\Program Files\PuTTY\;C:\Users\PRASANTH\AppData\Local\Programs\Python\Python313\Scripts\;C:\Users\PRASANTH\AppData\Local\Programs\Python\Python313\;C:\Program Files\MySQL\MySQL Shell 8.0\bin\;C:\MinGW\bin;C:\Users\PRASANTH\AppData\Local\Programs\Microsoft VS Code\bin;C:\Users\PRASANTH\AppData\Local\Microsoft\WindowsApps;;C:\Program Files\JetBrains\IntelliJ IDEA Community Edition 2024.1\bin;;C:\Program Files\JetBrains\PyCharm 2024.1\bin;;C:\Program Files\JetBrains\PyCharm Community Edition 2024.1\bin;;C:\Users\PRASANTH\AppData\Roaming\npm;C:\Users\PRASANTH\Downloads\sts-4.24.0.RELEASE;
USERNAME=PRASANTH
OS=Windows_NT
PROCESSOR_IDENTIFIER=AMD64 Family 23 Model 96 Stepping 1, AuthenticAMD
TMP=C:\Users\PRASANTH\AppData\Local\Temp
TEMP=C:\Users\PRASANTH\AppData\Local\Temp




Periodic native trim disabled

---------------  S Y S T E M  ---------------

OS:
 Windows 11 , 64 bit Build 26100 (10.0.26100.3360)
OS uptime: 5 days 10:42 hours
Hyper-V role detected

CPU: total 12 (initial active 12) (12 cores per cpu, 2 threads per core) family 23 model 96 stepping 1 microcode 0x860010c, cx8, cmov, fxsr, ht, mmx, 3dnowpref, sse, sse2, sse3, ssse3, sse4a, sse4.1, sse4.2, popcnt, lzcnt, tsc, tscinvbit, avx, avx2, aes, clmul, bmi1, bmi2, adx, sha, fma, vzeroupper, clflush, clflushopt, hv, rdtscp, rdpid, f16c
Processor Information for all 12 processors :
  Max Mhz: 3000, Current Mhz: 3000, Mhz Limit: 3000

Memory: 4k page, system-wide physical 7539M (676M free)
TotalPageFile size 20859M (AvailPageFile size 1507M)
current process WorkingSet (physical memory assigned to process): 304M, peak: 339M
current process commit charge ("private bytes"): 380M, peak: 397M

vm_info: OpenJDK 64-Bit Server VM (21.0.3+9-LTS) for windows-amd64 JRE (21.0.3+9-LTS), built on 2024-04-16T00:00:00Z by "admin" with MS VC++ 17.7 (VS2022)

END.
