#
# A fatal error has been detected by the Java Runtime Environment:
#
#  EXCEPTION_ACCESS_VIOLATION (0xc0000005) at pc=0x00000151593f102f, pid=20260, tid=5788
#
# JRE version: OpenJDK Runtime Environment Temurin-21.0.3+9 (21.0.3+9) (build 21.0.3+9-LTS)
# Java VM: OpenJDK 64-Bit Server VM Temurin-21.0.3+9 (21.0.3+9-LTS, mixed mode, emulated-client, tiered, compressed oops, compressed class ptrs, g1 gc, windows-amd64)
# Problematic frame:
# v  ~BufferBlob::MethodHandles adapters 0x00000151593f102f
#
# No core dump will be written. Minidumps are not enabled by default on client versions of Windows
#
# If you would like to submit a bug report, please visit:
#   https://github.com/adoptium/adoptium-support/issues
#

---------------  S U M M A R Y ------------

Command Line: -XX:+ShowCodeDetailsInExceptionMessages -agentlib:jdwp=transport=dt_socket,suspend=y,address=localhost:60481 -Dcom.sun.management.jmxremote -Dcom.sun.management.jmxremote.port=60479 -Dcom.sun.management.jmxremote.authenticate=false -Dcom.sun.management.jmxremote.ssl=false -Djava.rmi.server.hostname=localhost -Dspring.jmx.enabled=true -Dmanagement.endpoints.jmx.exposure.include=* -Dspring.application.admin.enabled=true -XX:TieredStopAtLevel=1 -Dspring.boot.project.name=FoodDeliveryManagement -javaagent:C:\Users\PRASANTH\Downloads\sts-4.24.0.RELEASE\configuration\org.eclipse.osgi\270\0\.cp\lib\javaagent-shaded.jar -Dfile.encoding=UTF-8 -Dstdout.encoding=UTF-8 -Dstderr.encoding=UTF-8 com.fooddelivery.FoodDeliveryManagementApplication --spring.output.ansi.enabled=always

Host: AMD Ryzen 5 4600H with Radeon Graphics         , 12 cores, 7G,  Windows 11 , 64 bit Build 26100 (10.0.26100.3360)
Time: Thu Mar 20 22:58:47 2025 India Standard Time elapsed time: 142.557883 seconds (0d 0h 2m 22s)

---------------  T H R E A D  ---------------

Current thread (0x0000015169a99890):  JavaThread "restartedMain"        [_thread_in_Java, id=5788, stack(0x0000003983300000,0x0000003983400000) (1024K)]

Stack: [0x0000003983300000,0x0000003983400000],  sp=0x00000039833fd818,  free space=1014k
Native frames: (J=compiled Java code, j=interpreted, Vv=VM code, C=native code)
C  0x00000151593f102f

The last pc belongs to _linkToSpecial (printed below).

siginfo: EXCEPTION_ACCESS_VIOLATION (0xc0000005), reading address 0xffffffffffffffff


Registers:
RAX=0x00000151593c9086, RBX=0x905fb20800000000, RCX=0x00000039833fd820, RDX=0x0000000000000002
RSP=0x00000039833fd818, RBP=0x00000039833fd868, RSI=0x0000015169aa7ac8, RDI=0x0000015168c051e0
R8 =0x0000000000000004, R9 =0x0000000000000004, R10=0x00007ff81d021a30, R11=0x00000151623e7388
R12=0x0000000000000000, R13=0x00000039833fd818, R14=0x00000039833fd888, R15=0x0000015169a99890
RIP=0x00000151593f102f, EFLAGS=0x0000000000010246


Register to memory mapping:

RAX=0x00000151593c9086 is at code_begin+3078 in an Interpreter codelet
return entry points  [0x00000151593c8480, 0x00000151593ca298]  7704 bytes
RBX=0x905fb20800000000 is an unknown value
RCX=0x00000039833fd820 is pointing into the stack for thread: 0x0000015169a99890
RDX=0x0000000000000002 is an unknown value
RSP=0x00000039833fd818 is pointing into the stack for thread: 0x0000015169a99890
RBP=0x00000039833fd868 is pointing into the stack for thread: 0x0000015169a99890
RSI=0x0000015169aa7ac8 points into unknown readable memory: 0x880016059d434eb4 | b4 4e 43 9d 05 16 00 88
RDI=0x0000015168c051e0 points into unknown readable memory: 0x0000001800000070 | 70 00 00 00 18 00 00 00
R8 =0x0000000000000004 is an unknown value
R9 =0x0000000000000004 is an unknown value
R10=0x00007ff81d021a30 jvm.dll
R11={method} {0x00000151623e7390} 'newInvokeSpecial' '(Ljava/lang/Object;)Ljava/lang/Object;' in 'java/lang/invoke/DirectMethodHandle$Holder'
R12=0x0 is null
R13=0x00000039833fd818 is pointing into the stack for thread: 0x0000015169a99890
R14=0x00000039833fd888 is pointing into the stack for thread: 0x0000015169a99890
R15=0x0000015169a99890 is a thread

Top of Stack: (sp=0x00000039833fd818)
0x00000039833fd818:   00000151593c9086 00000039833fd820
0x00000039833fd828:   00000151623e7377 0000000000000004
0x00000039833fd838:   00000151623eb150 000000008d83a798
0x00000039833fd848:   000000008abd3e90 00000151623e7388
0x00000039833fd858:   00000039833fd818 00000039833fd890
0x00000039833fd868:   00000039833feba8 00000151596f25db
0x00000039833fd878:   00000000905fb110 00000000905fb1b8
0x00000039833fd888:   00000000905fb170 00000000905faf20
0x00000039833fd898:   0000000000000000 00000039833feba8
0x00000039833fd8a8:   0000015159d054f4 0000000000000000
0x00000039833fd8b8:   0000000000000000 0000000000000000
0x00000039833fd8c8:   0000000000000000 0000000000000000
0x00000039833fd8d8:   0000000000000000 0000000000000000
0x00000039833fd8e8:   0000000000000000 0000000000000000
0x00000039833fd8f8:   0000000000000000 0000000000000000
0x00000039833fd908:   000000008abcc760 000000008d83a798
0x00000039833fd918:   00000000905fade8 00000000905fade8
0x00000039833fd928:   00000000905faf20 00000000905fb1a0
0x00000039833fd938:   00000000905faf78 000000008d83a798
0x00000039833fd948:   0000000000000001 00000039833feba8
0x00000039833fd958:   0000015100000000 0000000000000000
0x00000039833fd968:   0000000000000000 00000000905fb170
0x00000039833fd978:   00000151596f7bdc 0000000000000000
0x00000039833fd988:   0000000000000000 0000000000000000
0x00000039833fd998:   0000000000000000 0000015169a99890
0x00000039833fd9a8:   0000000000000000 00000000905faf20
0x00000039833fd9b8:   0000000000000000 00000000905fade8
0x00000039833fd9c8:   00000000905fb1a0 00000000905faf20
0x00000039833fd9d8:   0000000000000000 0000000000000000
0x00000039833fd9e8:   00000151596f1b34 00000039833feba8
0x00000039833fd9f8:   00000151596eebea 0000000000000000
0x00000039833fda08:   00000151596007a1 0000000000000000 

Instructions: (pc=0x00000151593f102f)
0x00000151593f0f2f:   8b 5b 28 8b 5b 24 48 8b 5b 10 48 85 db 0f 84 10
0x00000151593f0f3f:   00 00 00 41 80 bf e0 05 00 00 00 74 03 ff 63 38
0x00000151593f0f4f:   ff 63 50 e9 a9 16 00 00 66 0f 1f 84 00 00 00 00
0x00000151593f0f5f:   00 48 8b 53 08 0f b7 52 2e 48 8b 0c d4 58 5b 50
0x00000151593f0f6f:   44 8b 51 08 49 c1 e2 03 4c 8b 5b 10 4b 8b 9c da
0x00000151593f0f7f:   c8 01 00 00 48 85 db 0f 84 10 00 00 00 41 80 bf
0x00000151593f0f8f:   e0 05 00 00 00 74 03 ff 63 38 ff 63 50 e9 5f 16
0x00000151593f0f9f:   00 00 66 66 66 0f 1f 84 00 00 00 00 00 66 66 0f
0x00000151593f0faf:   1f 84 00 00 00 00 00 66 66 0f 1f 84 00 00 00 00
0x00000151593f0fbf:   00 58 5b 50 8b 5b 24 48 8b 5b 10 48 85 db 0f 84
0x00000151593f0fcf:   10 00 00 00 41 80 bf e0 05 00 00 00 74 03 ff 63
0x00000151593f0fdf:   38 ff 63 50 e9 18 16 00 00 66 66 66 0f 1f 84 00
0x00000151593f0fef:   00 00 00 00 0f 1f 80 00 00 00 00 66 0f 1f 44 00
0x00000151593f0fff:   00 48 8b 53 08 0f b7 52 2e 48 8b 0c d4 58 5b 50
0x00000151593f100f:   48 3b 01 8b 5b 24 48 8b 5b 10 48 85 db 0f 84 10
0x00000151593f101f:   00 00 00 41 80 bf e0 05 00 00 00 74 03 ff 63 38
0x00000151593f102f:   ff 63 50 e9 c9 15 00 00 66 0f 1f 84 00 00 00 00
0x00000151593f103f:   00 48 8b 53 08 0f b7 52 2e 48 8b 0c d4 58 5b 50
0x00000151593f104f:   44 8b 51 08 49 c1 e2 03 8b 43 18 48 8b 40 10 48
0x00000151593f105f:   8b 5b 10 45 8b 9a a0 00 00 00 4f 8d 9c da c8 01
0x00000151593f106f:   00 00 4d 8d 14 da 49 8b 1b 48 3b c3 74 15 48 85
0x00000151593f107f:   db 0f 84 32 00 00 00 49 83 c3 10 49 8b 1b 48 3b
0x00000151593f108f:   c3 75 eb 45 8b 5b 08 4b 8b 1c 1a 48 85 db 0f 84
0x00000151593f109f:   10 00 00 00 41 80 bf e0 05 00 00 00 74 03 ff 63
0x00000151593f10af:   38 ff 63 50 e9 48 15 00 00 e9 43 12 00 00 f4 00
0x00000151593f10bf:   00 00 00 00 00 00 00 00 00 00 00 00 00 00 00 00
0x00000151593f10cf:   00 00 00 00 00 00 00 00 00 00 00 00 00 00 00 00
0x00000151593f10df:   00 00 00 00 00 00 00 00 00 00 00 00 00 00 00 00
0x00000151593f10ef:   00 00 00 00 00 00 00 00 00 00 00 00 00 00 00 00
0x00000151593f10ff:   00 00 00 00 00 00 00 00 00 00 00 00 00 00 00 00
0x00000151593f110f:   00 00 00 00 00 00 00 00 00 00 00 00 00 00 00 00
0x00000151593f111f:   00 00 00 00 00 00 00 00 00 00 00 00 00 00 00 00 


Stack slot to memory mapping:

stack at sp + 0 slots: 0x00000151593c9086 is at code_begin+3078 in an Interpreter codelet
return entry points  [0x00000151593c8480, 0x00000151593ca298]  7704 bytes
stack at sp + 1 slots: 0x00000039833fd820 is pointing into the stack for thread: 0x0000015169a99890
stack at sp + 2 slots: 0x00000151623e7377 is pointing into metadata
stack at sp + 3 slots: 0x0000000000000004 is an unknown value
stack at sp + 4 slots: 0x00000151623eb150 is pointing into metadata
stack at sp + 5 slots: 0x000000008d83a798 is an oop: java.lang.Class 
{0x000000008d83a798} - klass: 'java/lang/Class'
 - ---- fields (total size 14 words):
 - private volatile transient 'classRedefinedCount' 'I' @12  0 (0x00000000)
 - injected 'klass' 'J' @16  4303798272 (0x000000010086c000)
 - injected 'array_klass' 'J' @24  0 (0x0000000000000000)
 - injected 'oop_size' 'I' @32  14 (0x0000000e)
 - injected 'static_oop_field_count' 'I' @36  0 (0x00000000)
 - private volatile transient 'cachedConstructor' 'Ljava/lang/reflect/Constructor;' @40  null (0x00000000)
 - private transient 'name' 'Ljava/lang/String;' @44  "com.fooddelivery.controller.ReciepeController"{0x000000008c3d7340} (0x8c3d7340)
 - private transient 'module' 'Ljava/lang/Module;' @48  a 'java/lang/Module'{0x000000008d83a610} (0x8d83a610)
 - private final 'classLoader' 'Ljava/lang/ClassLoader;' @52  a 'org/springframework/boot/devtools/restart/classloader/RestartClassLoader'{0x000000008d81d3a8} (0x8d81d3a8)
 - private transient 'classData' 'Ljava/lang/Object;' @56  null (0x00000000)
 - private transient 'packageName' 'Ljava/lang/String;' @60  "com.fooddelivery.controller"{0x000000008c3de1e0} (0x8c3de1e0)
 - private final 'componentType' 'Ljava/lang/Class;' @64  null (0x00000000)
 - private volatile transient 'reflectionData' 'Ljava/lang/ref/SoftReference;' @68  a 'java/lang/ref/SoftReference'{0x000000008d83df60} (0x8d83df60)
 - private volatile transient 'genericInfo' 'Lsun/reflect/generics/repository/ClassRepository;' @72  null (0x00000000)
 - private volatile transient 'enumConstants' '[Ljava/lang/Object;' @76  null (0x00000000)
 - private volatile transient 'enumConstantDirectory' 'Ljava/util/Map;' @80  null (0x00000000)
 - private volatile transient 'annotationData' 'Ljava/lang/Class$AnnotationData;' @84  a 'java/lang/Class$AnnotationData'{0x000000008d83dfd8} (0x8d83dfd8)
 - private volatile transient 'annotationType' 'Lsun/reflect/annotation/AnnotationType;' @88  null (0x00000000)
 - transient 'classValueMap' 'Ljava/lang/ClassValue$ClassValueMap;' @92  null (0x00000000)
 - injected 'protection_domain' 'Ljava/lang/Object;' @96  a 'java/security/ProtectionDomain'{0x000000008d80e4c8} (0x8d80e4c8)
 - injected 'signers_name' 'Ljava/lang/Object;' @100  null (0x00000000)
 - injected 'source_file' 'Ljava/lang/Object;' @104  null (0x00000000)
 - signature: Lcom/fooddelivery/controller/ReciepeController;
 - ---- static fields (0):
stack at sp + 6 slots: 0x000000008abd3e90 is an oop: java.lang.Class 
{0x000000008abd3e90} - klass: 'java/lang/Class'
 - ---- fields (total size 14 words):
 - private volatile transient 'classRedefinedCount' 'I' @12  0 (0x00000000)
 - injected 'klass' 'J' @16  4295174240 (0x0000000100032860)
 - injected 'array_klass' 'J' @24  0 (0x0000000000000000)
 - injected 'oop_size' 'I' @32  14 (0x0000000e)
 - injected 'static_oop_field_count' 'I' @36  0 (0x00000000)
 - private volatile transient 'cachedConstructor' 'Ljava/lang/reflect/Constructor;' @40  null (0x00000000)
 - private transient 'name' 'Ljava/lang/String;' @44  null (0x00000000)
 - private transient 'module' 'Ljava/lang/Module;' @48  a 'java/lang/Module'{0x000000008a6008e0} (0x8a6008e0)
 - private final 'classLoader' 'Ljava/lang/ClassLoader;' @52  null (0x00000000)
 - private transient 'classData' 'Ljava/lang/Object;' @56  null (0x00000000)
 - private transient 'packageName' 'Ljava/lang/String;' @60  null (0x00000000)
 - private final 'componentType' 'Ljava/lang/Class;' @64  null (0x00000000)
 - private volatile transient 'reflectionData' 'Ljava/lang/ref/SoftReference;' @68  null (0x00000000)
 - private volatile transient 'genericInfo' 'Lsun/reflect/generics/repository/ClassRepository;' @72  null (0x00000000)
 - private volatile transient 'enumConstants' '[Ljava/lang/Object;' @76  null (0x00000000)
 - private volatile transient 'enumConstantDirectory' 'Ljava/util/Map;' @80  null (0x00000000)
 - private volatile transient 'annotationData' 'Ljava/lang/Class$AnnotationData;' @84  null (0x00000000)
 - private volatile transient 'annotationType' 'Lsun/reflect/annotation/AnnotationType;' @88  null (0x00000000)
 - transient 'classValueMap' 'Ljava/lang/ClassValue$ClassValueMap;' @92  null (0x00000000)
 - injected 'protection_domain' 'Ljava/lang/Object;' @96  null (0x00000000)
 - injected 'signers_name' 'Ljava/lang/Object;' @100  null (0x00000000)
 - injected 'source_file' 'Ljava/lang/Object;' @104  null (0x00000000)
 - signature: Ljava/lang/invoke/DirectMethodHandle$Holder;
 - ---- static fields (0):
stack at sp + 7 slots: {method} {0x00000151623e7390} 'newInvokeSpecial' '(Ljava/lang/Object;)Ljava/lang/Object;' in 'java/lang/invoke/DirectMethodHandle$Holder'

MethodHandle::interpreter_entry::_linkToSpecial [0x00000151593f0fe8, 0x00000151593f1037] (79 bytes)
[MachCode]
  0x00000151593f0fe8: 6666 660f | 1f84 0000 | 0000 000f | 1f80 0000 | 0000 660f | 1f44 0000 | 488b 5308 | 0fb7 522e 
  0x00000151593f1008: 488b 0cd4 | 585b 5048 | 3b01 8b5b | 2448 8b5b | 1048 85db | 0f84 1000 | 0000 4180 | bfe0 0500 
  0x00000151593f1028: 0000 7403 | ff63 38ff | 6350 e9c9 | 
[/MachCode]

---------------  P R O C E S S  ---------------

Threads class SMR info:
_java_thread_list=0x00000151682a53d0, length=30, elements={
0x00000151660c42a0, 0x00000151660c4d00, 0x00000151660a6690, 0x00000151660a70f0,
0x000001516609ad50, 0x000001516609b7b0, 0x0000015166099e10, 0x000001516168d820,
0x00000151663383c0, 0x0000015166338a40, 0x00000151663390c0, 0x0000015166e6ed40,
0x00000151671596a0, 0x00000151671704a0, 0x0000015167189820, 0x000001516738c340,
0x000001516739afe0, 0x0000015167394ed0, 0x0000015167785660, 0x0000015169a9b2d0,
0x000001516a267d50, 0x000001516a2683e0, 0x000001516a268a70, 0x000001516a269100,
0x0000015169a9b960, 0x0000015169a99890, 0x0000015169a9bff0, 0x0000015169a9a5b0,
0x0000015169a99200, 0x0000015169a9ede0
}

Java Threads: ( => current thread )
  0x00000151660c42a0 JavaThread "Reference Handler"          daemon [_thread_blocked, id=8916, stack(0x0000003983c00000,0x0000003983d00000) (1024K)]
  0x00000151660c4d00 JavaThread "Finalizer"                  daemon [_thread_blocked, id=25192, stack(0x0000003983d00000,0x0000003983e00000) (1024K)]
  0x00000151660a6690 JavaThread "Signal Dispatcher"          daemon [_thread_blocked, id=23804, stack(0x0000003983e00000,0x0000003983f00000) (1024K)]
  0x00000151660a70f0 JavaThread "Attach Listener"            daemon [_thread_blocked, id=18728, stack(0x0000003983f00000,0x0000003984000000) (1024K)]
  0x000001516609ad50 JavaThread "Service Thread"             daemon [_thread_blocked, id=12608, stack(0x0000003984000000,0x0000003984100000) (1024K)]
  0x000001516609b7b0 JavaThread "Monitor Deflation Thread"   daemon [_thread_blocked, id=19484, stack(0x0000003984100000,0x0000003984200000) (1024K)]
  0x0000015166099e10 JavaThread "C1 CompilerThread0"         daemon [_thread_blocked, id=20268, stack(0x0000003984200000,0x0000003984300000) (1024K)]
  0x000001516168d820 JavaThread "Common-Cleaner"             daemon [_thread_blocked, id=20876, stack(0x0000003984300000,0x0000003984400000) (1024K)]
  0x00000151663383c0 JavaThread "JDWP Transport Listener: dt_socket" daemon [_thread_blocked, id=20596, stack(0x0000003984500000,0x0000003984600000) (1024K)]
  0x0000015166338a40 JavaThread "JDWP Event Helper Thread"   daemon [_thread_blocked, id=10228, stack(0x0000003984600000,0x0000003984700000) (1024K)]
  0x00000151663390c0 JavaThread "JDWP Command Reader"        daemon [_thread_in_native, id=25060, stack(0x0000003984700000,0x0000003984800000) (1024K)]
  0x0000015166e6ed40 JavaThread "Notification Thread"        daemon [_thread_blocked, id=16856, stack(0x0000003984800000,0x0000003984900000) (1024K)]
  0x00000151671596a0 JavaThread "RMI TCP Accept-0"           daemon [_thread_in_native, id=14868, stack(0x0000003985200000,0x0000003985300000) (1024K)]
  0x00000151671704a0 JavaThread "RMI TCP Accept-60479"       daemon [_thread_in_native, id=10560, stack(0x0000003985300000,0x0000003985400000) (1024K)]
  0x0000015167189820 JavaThread "RMI TCP Accept-0"           daemon [_thread_in_native, id=13244, stack(0x0000003985400000,0x0000003985500000) (1024K)]
  0x000001516738c340 JavaThread "RMI Scheduler(0)"           daemon [_thread_blocked, id=21736, stack(0x0000003985600000,0x0000003985700000) (1024K)]
  0x000001516739afe0 JavaThread "RMI TCP Connection(idle)"   daemon [_thread_blocked, id=24112, stack(0x0000003985700000,0x0000003985800000) (1024K)]
  0x0000015167394ed0 JavaThread "JMX server connection timeout 38" daemon [_thread_blocked, id=23820, stack(0x0000003985800000,0x0000003985900000) (1024K)]
  0x0000015167785660 JavaThread "mysql-cj-abandoned-connection-cleanup" daemon [_thread_blocked, id=13836, stack(0x0000003986200000,0x0000003986300000) (1024K)]
  0x0000015169a9b2d0 JavaThread "spectator-gauge-polling-0"  daemon [_thread_blocked, id=17224, stack(0x0000003986800000,0x0000003986900000) (1024K)]
  0x000001516a267d50 JavaThread "DestroyJavaVM"                     [_thread_blocked, id=23316, stack(0x0000003983400000,0x0000003983500000) (1024K)]
  0x000001516a2683e0 JavaThread "RMI TCP Connection(idle)"   daemon [_thread_blocked, id=18496, stack(0x0000003987b00000,0x0000003987c00000) (1024K)]
  0x000001516a268a70 JavaThread "RMI TCP Connection(11)-127.0.0.1" daemon [_thread_in_native, id=25072, stack(0x0000003987d00000,0x0000003987e00000) (1024K)]
  0x000001516a269100 JavaThread "RMI TCP Connection(idle)"   daemon [_thread_blocked, id=20544, stack(0x0000003987e00000,0x0000003987f00000) (1024K)]
  0x0000015169a9b960 JavaThread "Thread-31"                         [_thread_blocked, id=6428, stack(0x0000003983100000,0x0000003983200000) (1024K)]
=>0x0000015169a99890 JavaThread "restartedMain"                     [_thread_in_Java, id=5788, stack(0x0000003983300000,0x0000003983400000) (1024K)]
  0x0000015169a9bff0 JavaThread "Catalina-utility-1"                [_thread_blocked, id=25244, stack(0x0000003984a00000,0x0000003984b00000) (1024K)]
  0x0000015169a9a5b0 JavaThread "Catalina-utility-2"                [_thread_blocked, id=18860, stack(0x0000003985500000,0x0000003985600000) (1024K)]
  0x0000015169a99200 JavaThread "container-0"                       [_thread_blocked, id=24332, stack(0x0000003985b00000,0x0000003985c00000) (1024K)]
  0x0000015169a9ede0 JavaThread "HikariPool-7 housekeeper"   daemon [_thread_blocked, id=25428, stack(0x0000003985c00000,0x0000003985d00000) (1024K)]
Total: 30

Other Threads:
  0x00000151616dca10 VMThread "VM Thread"                           [id=8988, stack(0x0000003983b00000,0x0000003983c00000) (1024K)]
  0x000001516168afc0 WatcherThread "VM Periodic Task Thread"        [id=1548, stack(0x0000003983a00000,0x0000003983b00000) (1024K)]
  0x0000015153f87e00 WorkerThread "GC Thread#0"                     [id=12328, stack(0x0000003983500000,0x0000003983600000) (1024K)]
  0x0000015167085860 WorkerThread "GC Thread#1"                     [id=23888, stack(0x0000003984b00000,0x0000003984c00000) (1024K)]
  0x000001516709a390 WorkerThread "GC Thread#2"                     [id=24668, stack(0x0000003984c00000,0x0000003984d00000) (1024K)]
  0x000001516709ab40 WorkerThread "GC Thread#3"                     [id=17636, stack(0x0000003984d00000,0x0000003984e00000) (1024K)]
  0x000001516709aee0 WorkerThread "GC Thread#4"                     [id=19116, stack(0x0000003984e00000,0x0000003984f00000) (1024K)]
  0x000001516709baa0 WorkerThread "GC Thread#5"                     [id=10084, stack(0x0000003984f00000,0x0000003985000000) (1024K)]
  0x000001516709ca50 WorkerThread "GC Thread#6"                     [id=10980, stack(0x0000003985000000,0x0000003985100000) (1024K)]
  0x000001516709d200 WorkerThread "GC Thread#7"                     [id=13168, stack(0x0000003985100000,0x0000003985200000) (1024K)]
  0x000001516768e120 WorkerThread "GC Thread#8"                     [id=24004, stack(0x0000003985900000,0x0000003985a00000) (1024K)]
  0x000001516768d2a0 WorkerThread "GC Thread#9"                     [id=7732, stack(0x0000003985a00000,0x0000003985b00000) (1024K)]
  0x0000015153f97bc0 ConcurrentGCThread "G1 Main Marker"            [id=17664, stack(0x0000003983600000,0x0000003983700000) (1024K)]
  0x0000015153f998e0 WorkerThread "G1 Conc#0"                       [id=6644, stack(0x0000003983700000,0x0000003983800000) (1024K)]
  0x000001516768e4c0 WorkerThread "G1 Conc#1"                       [id=16196, stack(0x0000003985d00000,0x0000003985e00000) (1024K)]
  0x000001516768d640 WorkerThread "G1 Conc#2"                       [id=8284, stack(0x0000003985e00000,0x0000003985f00000) (1024K)]
  0x0000015153fdeb90 ConcurrentGCThread "G1 Refine#0"               [id=24024, stack(0x0000003983800000,0x0000003983900000) (1024K)]
  0x000001516155e930 ConcurrentGCThread "G1 Service"                [id=13552, stack(0x0000003983900000,0x0000003983a00000) (1024K)]
Total: 18

Threads with active compile tasks:
Total: 0

VM state: not at safepoint (normal execution)

VM Mutex/Monitor currently owned by a thread: None

Heap address: 0x000000008a200000, size: 1886 MB, Compressed Oops mode: 32-bit

CDS archive(s) not mapped
Compressed class space mapped at: 0x0000000100000000-0x0000000140000000, reserved size: 1073741824
Narrow klass base: 0x0000000000000000, Narrow klass shift: 3, Narrow klass range: 0x140000000

GC Precious Log:
 CardTable entry size: 512
 Card Set container configuration: InlinePtr #cards 5 size 8 Array Of Cards #cards 12 size 40 Howl #buckets 4 coarsen threshold 1843 Howl Bitmap #cards 512 size 80 coarsen threshold 460 Card regions per heap region 1 cards per card region 2048
 CPUs: 12 total, 12 available
 Memory: 7539M
 Large Page Support: Disabled
 NUMA Support: Disabled
 Compressed Oops: Enabled (32-bit)
 Heap Region Size: 1M
 Heap Min Capacity: 8M
 Heap Initial Capacity: 118M
 Heap Max Capacity: 1886M
 Pre-touch: Disabled
 Parallel Workers: 10
 Concurrent Workers: 3
 Concurrent Refinement Workers: 10
 Periodic GC: Disabled

Heap:
 garbage-first heap   total 113664K, used 57803K [0x000000008a200000, 0x0000000100000000)
  region size 1024K, 19 young (19456K), 5 survivors (5120K)
 Metaspace       used 76689K, committed 77568K, reserved 1179648K
  class space    used 9823K, committed 10304K, reserved 1048576K

Heap Regions: E=young(eden), S=young(survivor), O=old, HS=humongous(starts), HC=humongous(continues), CS=collection set, F=free, TAMS=top-at-mark-start, PB=parsable bottom
|   0|0x000000008a200000, 0x000000008a300000, 0x000000008a300000|100%|HS|  |TAMS 0x000000008a200000| PB 0x000000008a200000| Complete 
|   1|0x000000008a300000, 0x000000008a400000, 0x000000008a400000|100%|HS|  |TAMS 0x000000008a300000| PB 0x000000008a300000| Complete 
|   2|0x000000008a400000, 0x000000008a500000, 0x000000008a500000|100%|HS|  |TAMS 0x000000008a400000| PB 0x000000008a400000| Complete 
|   3|0x000000008a500000, 0x000000008a5fffe0, 0x000000008a600000| 99%| O|  |TAMS 0x000000008a500000| PB 0x000000008a500000| Untracked 
|   4|0x000000008a600000, 0x000000008a700000, 0x000000008a700000|100%| O|  |TAMS 0x000000008a600000| PB 0x000000008a600000| Untracked 
|   5|0x000000008a700000, 0x000000008a800000, 0x000000008a800000|100%| O|  |TAMS 0x000000008a700000| PB 0x000000008a700000| Untracked 
|   6|0x000000008a800000, 0x000000008a900000, 0x000000008a900000|100%| O|  |TAMS 0x000000008a800000| PB 0x000000008a800000| Untracked 
|   7|0x000000008a900000, 0x000000008aa00000, 0x000000008aa00000|100%| O|  |TAMS 0x000000008a900000| PB 0x000000008a900000| Untracked 
|   8|0x000000008aa00000, 0x000000008ab00000, 0x000000008ab00000|100%| O|  |TAMS 0x000000008aa00000| PB 0x000000008aa00000| Untracked 
|   9|0x000000008ab00000, 0x000000008abffff8, 0x000000008ac00000| 99%| O|  |TAMS 0x000000008ab00000| PB 0x000000008ab00000| Untracked 
|  10|0x000000008ac00000, 0x000000008acfffc8, 0x000000008ad00000| 99%| O|  |TAMS 0x000000008ac00000| PB 0x000000008ac00000| Untracked 
|  11|0x000000008ad00000, 0x000000008adfffe8, 0x000000008ae00000| 99%| O|  |TAMS 0x000000008ad00000| PB 0x000000008ad00000| Untracked 
|  12|0x000000008ae00000, 0x000000008aefffe8, 0x000000008af00000| 99%| O|  |TAMS 0x000000008ae00000| PB 0x000000008ae00000| Untracked 
|  13|0x000000008af00000, 0x000000008b000000, 0x000000008b000000|100%| O|  |TAMS 0x000000008af00000| PB 0x000000008af00000| Untracked 
|  14|0x000000008b000000, 0x000000008b0ffff8, 0x000000008b100000| 99%| O|  |TAMS 0x000000008b000000| PB 0x000000008b000000| Untracked 
|  15|0x000000008b100000, 0x000000008b1ff978, 0x000000008b200000| 99%| O|  |TAMS 0x000000008b100000| PB 0x000000008b100000| Untracked 
|  16|0x000000008b200000, 0x000000008b2fffc8, 0x000000008b300000| 99%| O|  |TAMS 0x000000008b200000| PB 0x000000008b200000| Untracked 
|  17|0x000000008b300000, 0x000000008b3ffff0, 0x000000008b400000| 99%| O|  |TAMS 0x000000008b300000| PB 0x000000008b300000| Untracked 
|  18|0x000000008b400000, 0x000000008b4fffd0, 0x000000008b500000| 99%| O|  |TAMS 0x000000008b400000| PB 0x000000008b400000| Untracked 
|  19|0x000000008b500000, 0x000000008b5fffa8, 0x000000008b600000| 99%| O|  |TAMS 0x000000008b500000| PB 0x000000008b500000| Untracked 
|  20|0x000000008b600000, 0x000000008b700000, 0x000000008b700000|100%| O|  |TAMS 0x000000008b600000| PB 0x000000008b600000| Untracked 
|  21|0x000000008b700000, 0x000000008b800000, 0x000000008b800000|100%| O|  |TAMS 0x000000008b700000| PB 0x000000008b700000| Untracked 
|  22|0x000000008b800000, 0x000000008b8fffe8, 0x000000008b900000| 99%| O|  |TAMS 0x000000008b800000| PB 0x000000008b800000| Untracked 
|  23|0x000000008b900000, 0x000000008b9fff70, 0x000000008ba00000| 99%| O|  |TAMS 0x000000008b900000| PB 0x000000008b900000| Untracked 
|  24|0x000000008ba00000, 0x000000008bb00000, 0x000000008bb00000|100%| O|  |TAMS 0x000000008ba00000| PB 0x000000008ba00000| Untracked 
|  25|0x000000008bb00000, 0x000000008bbffff0, 0x000000008bc00000| 99%| O|  |TAMS 0x000000008bb00000| PB 0x000000008bb00000| Untracked 
|  26|0x000000008bc00000, 0x000000008bcfff90, 0x000000008bd00000| 99%| O|  |TAMS 0x000000008bc00000| PB 0x000000008bc00000| Untracked 
|  27|0x000000008bd00000, 0x000000008bdffff0, 0x000000008be00000| 99%| O|  |TAMS 0x000000008bd00000| PB 0x000000008bd00000| Untracked 
|  28|0x000000008be00000, 0x000000008befffd8, 0x000000008bf00000| 99%| O|  |TAMS 0x000000008be00000| PB 0x000000008be00000| Untracked 
|  29|0x000000008bf00000, 0x000000008bfffff8, 0x000000008c000000| 99%| O|  |TAMS 0x000000008bf00000| PB 0x000000008bf00000| Untracked 
|  30|0x000000008c000000, 0x000000008c0ffc50, 0x000000008c100000| 99%| O|  |TAMS 0x000000008c000000| PB 0x000000008c000000| Untracked 
|  31|0x000000008c100000, 0x000000008c1fffe0, 0x000000008c200000| 99%| O|  |TAMS 0x000000008c100000| PB 0x000000008c100000| Untracked 
|  32|0x000000008c200000, 0x000000008c2ffff0, 0x000000008c300000| 99%| O|  |TAMS 0x000000008c200000| PB 0x000000008c200000| Untracked 
|  33|0x000000008c300000, 0x000000008c3ffeb8, 0x000000008c400000| 99%| O|  |TAMS 0x000000008c300000| PB 0x000000008c300000| Untracked 
|  34|0x000000008c400000, 0x000000008c4d7e48, 0x000000008c500000| 84%| O|  |TAMS 0x000000008c400000| PB 0x000000008c400000| Untracked 
|  35|0x000000008c500000, 0x000000008c5ca1a8, 0x000000008c600000| 78%| O|  |TAMS 0x000000008c500000| PB 0x000000008c500000| Untracked 
|  36|0x000000008c600000, 0x000000008c6fffc0, 0x000000008c700000| 99%| O|  |TAMS 0x000000008c600000| PB 0x000000008c600000| Untracked 
|  37|0x000000008c700000, 0x000000008c7500f0, 0x000000008c800000| 31%| O|  |TAMS 0x000000008c700000| PB 0x000000008c700000| Untracked 
|  38|0x000000008c800000, 0x000000008c900000, 0x000000008c900000|100%|HS|  |TAMS 0x000000008c800000| PB 0x000000008c800000| Complete 
|  39|0x000000008c900000, 0x000000008ca00000, 0x000000008ca00000|100%|HS|  |TAMS 0x000000008c900000| PB 0x000000008c900000| Complete 
|  40|0x000000008ca00000, 0x000000008ca0cdc0, 0x000000008cb00000|  5%| O|Cm|TAMS 0x000000008ca00000| PB 0x000000008ca00000| Complete 
|  41|0x000000008cb00000, 0x000000008cb00000, 0x000000008cc00000|  0%| F|  |TAMS 0x000000008cb00000| PB 0x000000008cb00000| Untracked 
|  42|0x000000008cc00000, 0x000000008cc00000, 0x000000008cd00000|  0%| F|  |TAMS 0x000000008cc00000| PB 0x000000008cc00000| Untracked 
|  43|0x000000008cd00000, 0x000000008cd00000, 0x000000008ce00000|  0%| F|  |TAMS 0x000000008cd00000| PB 0x000000008cd00000| Untracked 
|  44|0x000000008ce00000, 0x000000008ce00000, 0x000000008cf00000|  0%| F|  |TAMS 0x000000008ce00000| PB 0x000000008ce00000| Untracked 
|  45|0x000000008cf00000, 0x000000008cf00000, 0x000000008d000000|  0%| F|  |TAMS 0x000000008cf00000| PB 0x000000008cf00000| Untracked 
|  46|0x000000008d000000, 0x000000008d000000, 0x000000008d100000|  0%| F|  |TAMS 0x000000008d000000| PB 0x000000008d000000| Untracked 
|  47|0x000000008d100000, 0x000000008d100000, 0x000000008d200000|  0%| F|  |TAMS 0x000000008d100000| PB 0x000000008d100000| Untracked 
|  48|0x000000008d200000, 0x000000008d200000, 0x000000008d300000|  0%| F|  |TAMS 0x000000008d200000| PB 0x000000008d200000| Untracked 
|  49|0x000000008d300000, 0x000000008d300000, 0x000000008d400000|  0%| F|  |TAMS 0x000000008d300000| PB 0x000000008d300000| Untracked 
|  50|0x000000008d400000, 0x000000008d474c20, 0x000000008d500000| 45%| S|CS|TAMS 0x000000008d400000| PB 0x000000008d400000| Complete 
|  51|0x000000008d500000, 0x000000008d600000, 0x000000008d600000|100%| S|CS|TAMS 0x000000008d500000| PB 0x000000008d500000| Complete 
|  52|0x000000008d600000, 0x000000008d700000, 0x000000008d700000|100%| S|CS|TAMS 0x000000008d600000| PB 0x000000008d600000| Complete 
|  53|0x000000008d700000, 0x000000008d800000, 0x000000008d800000|100%| S|CS|TAMS 0x000000008d700000| PB 0x000000008d700000| Complete 
|  54|0x000000008d800000, 0x000000008d900000, 0x000000008d900000|100%| S|CS|TAMS 0x000000008d800000| PB 0x000000008d800000| Complete 
|  55|0x000000008d900000, 0x000000008d900000, 0x000000008da00000|  0%| F|  |TAMS 0x000000008d900000| PB 0x000000008d900000| Untracked 
|  56|0x000000008da00000, 0x000000008da00000, 0x000000008db00000|  0%| F|  |TAMS 0x000000008da00000| PB 0x000000008da00000| Untracked 
|  57|0x000000008db00000, 0x000000008db00000, 0x000000008dc00000|  0%| F|  |TAMS 0x000000008db00000| PB 0x000000008db00000| Untracked 
|  58|0x000000008dc00000, 0x000000008dc00000, 0x000000008dd00000|  0%| F|  |TAMS 0x000000008dc00000| PB 0x000000008dc00000| Untracked 
|  59|0x000000008dd00000, 0x000000008dd00000, 0x000000008de00000|  0%| F|  |TAMS 0x000000008dd00000| PB 0x000000008dd00000| Untracked 
|  60|0x000000008de00000, 0x000000008de00000, 0x000000008df00000|  0%| F|  |TAMS 0x000000008de00000| PB 0x000000008de00000| Untracked 
|  61|0x000000008df00000, 0x000000008df00000, 0x000000008e000000|  0%| F|  |TAMS 0x000000008df00000| PB 0x000000008df00000| Untracked 
|  62|0x000000008e000000, 0x000000008e000000, 0x000000008e100000|  0%| F|  |TAMS 0x000000008e000000| PB 0x000000008e000000| Untracked 
|  63|0x000000008e100000, 0x000000008e100000, 0x000000008e200000|  0%| F|  |TAMS 0x000000008e100000| PB 0x000000008e100000| Untracked 
|  64|0x000000008e200000, 0x000000008e200000, 0x000000008e300000|  0%| F|  |TAMS 0x000000008e200000| PB 0x000000008e200000| Untracked 
|  65|0x000000008e300000, 0x000000008e300000, 0x000000008e400000|  0%| F|  |TAMS 0x000000008e300000| PB 0x000000008e300000| Untracked 
|  66|0x000000008e400000, 0x000000008e400000, 0x000000008e500000|  0%| F|  |TAMS 0x000000008e400000| PB 0x000000008e400000| Untracked 
|  67|0x000000008e500000, 0x000000008e500000, 0x000000008e600000|  0%| F|  |TAMS 0x000000008e500000| PB 0x000000008e500000| Untracked 
|  68|0x000000008e600000, 0x000000008e600000, 0x000000008e700000|  0%| F|  |TAMS 0x000000008e600000| PB 0x000000008e600000| Untracked 
|  69|0x000000008e700000, 0x000000008e700000, 0x000000008e800000|  0%| F|  |TAMS 0x000000008e700000| PB 0x000000008e700000| Untracked 
|  70|0x000000008e800000, 0x000000008e800000, 0x000000008e900000|  0%| F|  |TAMS 0x000000008e800000| PB 0x000000008e800000| Untracked 
|  71|0x000000008e900000, 0x000000008e900000, 0x000000008ea00000|  0%| F|  |TAMS 0x000000008e900000| PB 0x000000008e900000| Untracked 
|  72|0x000000008ea00000, 0x000000008ea00000, 0x000000008eb00000|  0%| F|  |TAMS 0x000000008ea00000| PB 0x000000008ea00000| Untracked 
|  73|0x000000008eb00000, 0x000000008eb00000, 0x000000008ec00000|  0%| F|  |TAMS 0x000000008eb00000| PB 0x000000008eb00000| Untracked 
|  74|0x000000008ec00000, 0x000000008ec00000, 0x000000008ed00000|  0%| F|  |TAMS 0x000000008ec00000| PB 0x000000008ec00000| Untracked 
|  75|0x000000008ed00000, 0x000000008ed00000, 0x000000008ee00000|  0%| F|  |TAMS 0x000000008ed00000| PB 0x000000008ed00000| Untracked 
|  76|0x000000008ee00000, 0x000000008ee00000, 0x000000008ef00000|  0%| F|  |TAMS 0x000000008ee00000| PB 0x000000008ee00000| Untracked 
|  77|0x000000008ef00000, 0x000000008ef00000, 0x000000008f000000|  0%| F|  |TAMS 0x000000008ef00000| PB 0x000000008ef00000| Untracked 
|  78|0x000000008f000000, 0x000000008f000000, 0x000000008f100000|  0%| F|  |TAMS 0x000000008f000000| PB 0x000000008f000000| Untracked 
|  79|0x000000008f100000, 0x000000008f100000, 0x000000008f200000|  0%| F|  |TAMS 0x000000008f100000| PB 0x000000008f100000| Untracked 
|  80|0x000000008f200000, 0x000000008f200000, 0x000000008f300000|  0%| F|  |TAMS 0x000000008f200000| PB 0x000000008f200000| Untracked 
|  81|0x000000008f300000, 0x000000008f300000, 0x000000008f400000|  0%| F|  |TAMS 0x000000008f300000| PB 0x000000008f300000| Untracked 
|  82|0x000000008f400000, 0x000000008f400000, 0x000000008f500000|  0%| F|  |TAMS 0x000000008f400000| PB 0x000000008f400000| Untracked 
|  83|0x000000008f500000, 0x000000008f500000, 0x000000008f600000|  0%| F|  |TAMS 0x000000008f500000| PB 0x000000008f500000| Untracked 
|  84|0x000000008f600000, 0x000000008f600000, 0x000000008f700000|  0%| F|  |TAMS 0x000000008f600000| PB 0x000000008f600000| Untracked 
|  85|0x000000008f700000, 0x000000008f700000, 0x000000008f800000|  0%| F|  |TAMS 0x000000008f700000| PB 0x000000008f700000| Untracked 
|  86|0x000000008f800000, 0x000000008f800000, 0x000000008f900000|  0%| F|  |TAMS 0x000000008f800000| PB 0x000000008f800000| Untracked 
|  87|0x000000008f900000, 0x000000008f900000, 0x000000008fa00000|  0%| F|  |TAMS 0x000000008f900000| PB 0x000000008f900000| Untracked 
|  88|0x000000008fa00000, 0x000000008fa00000, 0x000000008fb00000|  0%| F|  |TAMS 0x000000008fa00000| PB 0x000000008fa00000| Untracked 
|  89|0x000000008fb00000, 0x000000008fb00000, 0x000000008fc00000|  0%| F|  |TAMS 0x000000008fb00000| PB 0x000000008fb00000| Untracked 
|  90|0x000000008fc00000, 0x000000008fc00000, 0x000000008fd00000|  0%| F|  |TAMS 0x000000008fc00000| PB 0x000000008fc00000| Untracked 
|  91|0x000000008fd00000, 0x000000008fd00000, 0x000000008fe00000|  0%| F|  |TAMS 0x000000008fd00000| PB 0x000000008fd00000| Untracked 
|  92|0x000000008fe00000, 0x000000008fe00000, 0x000000008ff00000|  0%| F|  |TAMS 0x000000008fe00000| PB 0x000000008fe00000| Untracked 
|  93|0x000000008ff00000, 0x000000008ff00000, 0x0000000090000000|  0%| F|  |TAMS 0x000000008ff00000| PB 0x000000008ff00000| Untracked 
|  94|0x0000000090000000, 0x0000000090000000, 0x0000000090100000|  0%| F|  |TAMS 0x0000000090000000| PB 0x0000000090000000| Untracked 
|  95|0x0000000090100000, 0x0000000090100000, 0x0000000090200000|  0%| F|  |TAMS 0x0000000090100000| PB 0x0000000090100000| Untracked 
|  96|0x0000000090200000, 0x0000000090200000, 0x0000000090300000|  0%| F|  |TAMS 0x0000000090200000| PB 0x0000000090200000| Untracked 
|  97|0x0000000090300000, 0x000000009030ef18, 0x0000000090400000|  5%| E|  |TAMS 0x0000000090300000| PB 0x0000000090300000| Complete 
|  98|0x0000000090400000, 0x0000000090500000, 0x0000000090500000|100%| E|CS|TAMS 0x0000000090400000| PB 0x0000000090400000| Complete 
|  99|0x0000000090500000, 0x0000000090600000, 0x0000000090600000|100%| E|CS|TAMS 0x0000000090500000| PB 0x0000000090500000| Complete 
| 100|0x0000000090600000, 0x0000000090700000, 0x0000000090700000|100%| E|CS|TAMS 0x0000000090600000| PB 0x0000000090600000| Complete 
| 101|0x0000000090700000, 0x0000000090800000, 0x0000000090800000|100%| E|CS|TAMS 0x0000000090700000| PB 0x0000000090700000| Complete 
| 117|0x0000000091700000, 0x0000000091800000, 0x0000000091800000|100%| E|CS|TAMS 0x0000000091700000| PB 0x0000000091700000| Complete 
|1878|0x00000000ff800000, 0x00000000ff900000, 0x00000000ff900000|100%| E|CS|TAMS 0x00000000ff800000| PB 0x00000000ff800000| Complete 
|1879|0x00000000ff900000, 0x00000000ffa00000, 0x00000000ffa00000|100%| E|CS|TAMS 0x00000000ff900000| PB 0x00000000ff900000| Complete 
|1880|0x00000000ffa00000, 0x00000000ffb00000, 0x00000000ffb00000|100%| E|CS|TAMS 0x00000000ffa00000| PB 0x00000000ffa00000| Complete 
|1881|0x00000000ffb00000, 0x00000000ffc00000, 0x00000000ffc00000|100%| E|CS|TAMS 0x00000000ffb00000| PB 0x00000000ffb00000| Complete 
|1882|0x00000000ffc00000, 0x00000000ffd00000, 0x00000000ffd00000|100%| E|CS|TAMS 0x00000000ffc00000| PB 0x00000000ffc00000| Complete 
|1883|0x00000000ffd00000, 0x00000000ffe00000, 0x00000000ffe00000|100%| E|CS|TAMS 0x00000000ffd00000| PB 0x00000000ffd00000| Complete 
|1884|0x00000000ffe00000, 0x00000000fff00000, 0x00000000fff00000|100%| E|CS|TAMS 0x00000000ffe00000| PB 0x00000000ffe00000| Complete 
|1885|0x00000000fff00000, 0x0000000100000000, 0x0000000100000000|100%| E|CS|TAMS 0x00000000fff00000| PB 0x00000000fff00000| Complete 

Card table byte_map: [0x000001515d110000,0x000001515d4c0000] _byte_map_base: 0x000001515ccbf000

Marking Bits: (CMBitMap*) 0x0000015153f88410
 Bits: [0x000001515d4c0000, 0x000001515f238000)

Polling page: 0x0000015153fe0000

Metaspace:

Usage:
  Non-class:     65.30 MB used.
      Class:      9.59 MB used.
       Both:     74.89 MB used.

Virtual space:
  Non-class space:      128.00 MB reserved,      65.69 MB ( 51%) committed,  2 nodes.
      Class space:        1.00 GB reserved,      10.06 MB ( <1%) committed,  1 nodes.
             Both:        1.12 GB reserved,      75.75 MB (  7%) committed. 

Chunk freelists:
   Non-Class:  13.54 MB
       Class:  6.07 MB
        Both:  19.61 MB

MaxMetaspaceSize: unlimited
CompressedClassSpaceSize: 1.00 GB
Initial GC threshold: 21.00 MB
Current GC threshold: 126.25 MB
CDS: off
 - commit_granule_bytes: 65536.
 - commit_granule_words: 8192.
 - virtual_space_node_default_size: 8388608.
 - enlarge_chunks_in_place: 1.
 - use_allocation_guard: 0.


Internal statistics:

num_allocs_failed_limit: 9.
num_arena_births: 1238.
num_arena_deaths: 486.
num_vsnodes_births: 3.
num_vsnodes_deaths: 0.
num_space_committed: 1212.
num_space_uncommitted: 0.
num_chunks_returned_to_freelist: 562.
num_chunks_taken_from_freelist: 3819.
num_chunk_merges: 144.
num_chunk_splits: 2546.
num_chunks_enlarged: 1907.
num_inconsistent_stats: 0.

CodeCache: size=49152Kb used=14082Kb max_used=14677Kb free=35069Kb
 bounds [0x00000151593c0000, 0x000001515a220000, 0x000001515c3c0000]
 total_blobs=7495 nmethods=6809 adapters=609
 compilation: enabled
              stopped_count=0, restarted_count=0
 full_count=0

Compilation events (20 events):
Event: 124.028 Thread 0x000001516798d940 9587       1       com.mysql.cj.conf.IntegerPropertyDefinition::isRangeBased (17 bytes)
Event: 124.029 Thread 0x000001516798d940 nmethod 9587 0x0000015159ba0890 code [0x0000015159ba0a20, 0x0000015159ba0b00]
Event: 124.073 Thread 0x0000015166099e10 9589       1       sun.nio.ch.SocketOptionRegistry::findOption (23 bytes)
Event: 124.073 Thread 0x000001516798d940 9588       1       sun.net.ext.ExtendedSocketOptions::isOptionSupported (11 bytes)
Event: 124.073 Thread 0x000001516798d940 nmethod 9588 0x0000015159b6a410 code [0x0000015159b6a5c0, 0x0000015159b6a6c8]
Event: 124.073 Thread 0x000001516798d940 9590       1       sun.nio.ch.SocketOptionRegistry$RegistryKey::equals (48 bytes)
Event: 124.073 Thread 0x0000015166099e10 nmethod 9589 0x0000015159786510 code [0x00000151597866c0, 0x0000015159786910]
Event: 124.073 Thread 0x000001516798d940 nmethod 9590 0x0000015159786090 code [0x0000015159786240, 0x0000015159786468]
Event: 130.958 Thread 0x0000015166099e10 9591       1       com.netflix.spectator.api.patterns.PolledMeter::access$200 (4 bytes)
Event: 130.958 Thread 0x0000015166099e10 nmethod 9591 0x0000015159c13110 code [0x0000015159c132a0, 0x0000015159c13350]
Event: 130.958 Thread 0x0000015166099e10 9592       1       com.netflix.spectator.api.patterns.GaugePoller$$Lambda/0x0000000100927328::run (16 bytes)
Event: 130.958 Thread 0x0000015166099e10 nmethod 9592 0x0000015159c38a90 code [0x0000015159c38c40, 0x0000015159c38d38]
Event: 130.958 Thread 0x0000015166099e10 9593   !   1       com.netflix.spectator.api.patterns.GaugePoller::lambda$schedule$1 (36 bytes)
Event: 130.958 Thread 0x0000015166099e10 nmethod 9593 0x0000015159785b90 code [0x0000015159785d60, 0x0000015159785f40]
Event: 130.958 Thread 0x0000015166099e10 9594       1       com.netflix.spectator.api.patterns.PolledMeter$AbstractMeterState$$Lambda/0x0000000100926ab8::accept (12 bytes)
Event: 130.958 Thread 0x0000015166099e10 nmethod 9594 0x0000015159a45590 code [0x0000015159a45740, 0x0000015159a45888]
Event: 130.958 Thread 0x0000015166099e10 9595       1       com.netflix.spectator.api.patterns.PolledMeter$AbstractMeterState::lambda$schedule$0 (6 bytes)
Event: 130.958 Thread 0x0000015166099e10 nmethod 9595 0x0000015159ce6690 code [0x0000015159ce6840, 0x0000015159ce6928]
Event: 130.958 Thread 0x0000015166099e10 9596   !   1       com.netflix.spectator.api.patterns.PolledMeter$AbstractMeterState::doUpdate (42 bytes)
Event: 130.959 Thread 0x0000015166099e10 nmethod 9596 0x0000015159785390 code [0x00000151597855c0, 0x0000015159785918]

GC Heap History (20 events):
Event: 49.746 GC heap before
{Heap before GC invocations=25 (full 1):
 garbage-first heap   total 113664K, used 93670K [0x000000008a200000, 0x0000000100000000)
  region size 1024K, 52 young (53248K), 5 survivors (5120K)
 Metaspace       used 76049K, committed 76864K, reserved 1179648K
  class space    used 9843K, committed 10240K, reserved 1048576K
}
Event: 49.824 GC heap after
{Heap after GC invocations=26 (full 2):
 garbage-first heap   total 113664K, used 40338K [0x000000008a200000, 0x0000000100000000)
  region size 1024K, 0 young (0K), 0 survivors (0K)
 Metaspace       used 76046K, committed 76864K, reserved 1179648K
  class space    used 9842K, committed 10240K, reserved 1048576K
}
Event: 50.716 GC heap before
{Heap before GC invocations=26 (full 2):
 garbage-first heap   total 113664K, used 95634K [0x000000008a200000, 0x0000000100000000)
  region size 1024K, 56 young (57344K), 0 survivors (0K)
 Metaspace       used 76089K, committed 76928K, reserved 1179648K
  class space    used 9850K, committed 10240K, reserved 1048576K
}
Event: 50.720 GC heap after
{Heap after GC invocations=27 (full 2):
 garbage-first heap   total 113664K, used 44819K [0x000000008a200000, 0x0000000100000000)
  region size 1024K, 5 young (5120K), 5 survivors (5120K)
 Metaspace       used 76089K, committed 76928K, reserved 1179648K
  class space    used 9850K, committed 10240K, reserved 1048576K
}
Event: 88.872 GC heap before
{Heap before GC invocations=28 (full 2):
 garbage-first heap   total 113664K, used 94995K [0x000000008a200000, 0x0000000100000000)
  region size 1024K, 53 young (54272K), 5 survivors (5120K)
 Metaspace       used 76304K, committed 77120K, reserved 1179648K
  class space    used 9863K, committed 10240K, reserved 1048576K
}
Event: 88.908 GC heap after
{Heap after GC invocations=29 (full 3):
 garbage-first heap   total 113664K, used 40496K [0x000000008a200000, 0x0000000100000000)
  region size 1024K, 0 young (0K), 0 survivors (0K)
 Metaspace       used 76301K, committed 77120K, reserved 1179648K
  class space    used 9862K, committed 10240K, reserved 1048576K
}
Event: 89.472 GC heap before
{Heap before GC invocations=29 (full 3):
 garbage-first heap   total 113664K, used 95792K [0x000000008a200000, 0x0000000100000000)
  region size 1024K, 56 young (57344K), 0 survivors (0K)
 Metaspace       used 76344K, committed 77248K, reserved 1179648K
  class space    used 9871K, committed 10304K, reserved 1048576K
}
Event: 89.476 GC heap after
{Heap after GC invocations=30 (full 3):
 garbage-first heap   total 113664K, used 45068K [0x000000008a200000, 0x0000000100000000)
  region size 1024K, 5 young (5120K), 5 survivors (5120K)
 Metaspace       used 76344K, committed 77248K, reserved 1179648K
  class space    used 9871K, committed 10304K, reserved 1048576K
}
Event: 99.335 GC heap before
{Heap before GC invocations=31 (full 3):
 garbage-first heap   total 113664K, used 96268K [0x000000008a200000, 0x0000000100000000)
  region size 1024K, 54 young (55296K), 5 survivors (5120K)
 Metaspace       used 76107K, committed 77312K, reserved 1179648K
  class space    used 9766K, committed 10304K, reserved 1048576K
}
Event: 99.380 GC heap after
{Heap after GC invocations=32 (full 4):
 garbage-first heap   total 113664K, used 37458K [0x000000008a200000, 0x0000000100000000)
  region size 1024K, 0 young (0K), 0 survivors (0K)
 Metaspace       used 76104K, committed 77312K, reserved 1179648K
  class space    used 9766K, committed 10304K, reserved 1048576K
}
Event: 99.938 GC heap before
{Heap before GC invocations=32 (full 4):
 garbage-first heap   total 113664K, used 92754K [0x000000008a200000, 0x0000000100000000)
  region size 1024K, 56 young (57344K), 0 survivors (0K)
 Metaspace       used 76148K, committed 77312K, reserved 1179648K
  class space    used 9773K, committed 10304K, reserved 1048576K
}
Event: 99.942 GC heap after
{Heap after GC invocations=33 (full 4):
 garbage-first heap   total 113664K, used 42143K [0x000000008a200000, 0x0000000100000000)
  region size 1024K, 5 young (5120K), 5 survivors (5120K)
 Metaspace       used 76148K, committed 77312K, reserved 1179648K
  class space    used 9773K, committed 10304K, reserved 1048576K
}
Event: 107.719 GC heap before
{Heap before GC invocations=34 (full 4):
 garbage-first heap   total 113664K, used 92319K [0x000000008a200000, 0x0000000100000000)
  region size 1024K, 53 young (54272K), 5 survivors (5120K)
 Metaspace       used 76362K, committed 77440K, reserved 1179648K
  class space    used 9788K, committed 10304K, reserved 1048576K
}
Event: 107.756 GC heap after
{Heap after GC invocations=35 (full 5):
 garbage-first heap   total 113664K, used 37670K [0x000000008a200000, 0x0000000100000000)
  region size 1024K, 0 young (0K), 0 survivors (0K)
 Metaspace       used 76359K, committed 77440K, reserved 1179648K
  class space    used 9788K, committed 10304K, reserved 1048576K
}
Event: 108.253 GC heap before
{Heap before GC invocations=35 (full 5):
 garbage-first heap   total 113664K, used 92966K [0x000000008a200000, 0x0000000100000000)
  region size 1024K, 56 young (57344K), 0 survivors (0K)
 Metaspace       used 76404K, committed 77440K, reserved 1179648K
  class space    used 9795K, committed 10304K, reserved 1048576K
}
Event: 108.256 GC heap after
{Heap after GC invocations=36 (full 5):
 garbage-first heap   total 113664K, used 42123K [0x000000008a200000, 0x0000000100000000)
  region size 1024K, 5 young (5120K), 5 survivors (5120K)
 Metaspace       used 76404K, committed 77440K, reserved 1179648K
  class space    used 9795K, committed 10304K, reserved 1048576K
}
Event: 123.029 GC heap before
{Heap before GC invocations=37 (full 5):
 garbage-first heap   total 113664K, used 92299K [0x000000008a200000, 0x0000000100000000)
  region size 1024K, 53 young (54272K), 5 survivors (5120K)
 Metaspace       used 76619K, committed 77568K, reserved 1179648K
  class space    used 9811K, committed 10304K, reserved 1048576K
}
Event: 123.067 GC heap after
{Heap after GC invocations=38 (full 6):
 garbage-first heap   total 113664K, used 37879K [0x000000008a200000, 0x0000000100000000)
  region size 1024K, 0 young (0K), 0 survivors (0K)
 Metaspace       used 76616K, committed 77568K, reserved 1179648K
  class space    used 9811K, committed 10304K, reserved 1048576K
}
Event: 123.622 GC heap before
{Heap before GC invocations=38 (full 6):
 garbage-first heap   total 113664K, used 93175K [0x000000008a200000, 0x0000000100000000)
  region size 1024K, 56 young (57344K), 0 survivors (0K)
 Metaspace       used 76661K, committed 77568K, reserved 1179648K
  class space    used 9818K, committed 10304K, reserved 1048576K
}
Event: 123.625 GC heap after
{Heap after GC invocations=39 (full 6):
 garbage-first heap   total 113664K, used 42443K [0x000000008a200000, 0x0000000100000000)
  region size 1024K, 5 young (5120K), 5 survivors (5120K)
 Metaspace       used 76661K, committed 77568K, reserved 1179648K
  class space    used 9818K, committed 10304K, reserved 1048576K
}

Dll operation events (12 events):
Event: 0.019 Loaded shared library C:\Users\PRASANTH\Downloads\sts-4.24.0.RELEASE\plugins\org.eclipse.justj.openjdk.hotspot.jre.full.win32.x86_64_21.0.3.v20240426-1530\jre\bin\java.dll
Event: 0.027 Loaded shared library C:\Users\PRASANTH\Downloads\sts-4.24.0.RELEASE\plugins\org.eclipse.justj.openjdk.hotspot.jre.full.win32.x86_64_21.0.3.v20240426-1530\jre\bin\zip.dll
Event: 0.432 Loaded shared library C:\Users\PRASANTH\Downloads\sts-4.24.0.RELEASE\plugins\org.eclipse.justj.openjdk.hotspot.jre.full.win32.x86_64_21.0.3.v20240426-1530\jre\bin\instrument.dll
Event: 0.450 Loaded shared library C:\Users\PRASANTH\Downloads\sts-4.24.0.RELEASE\plugins\org.eclipse.justj.openjdk.hotspot.jre.full.win32.x86_64_21.0.3.v20240426-1530\jre\bin\net.dll
Event: 0.452 Loaded shared library C:\Users\PRASANTH\Downloads\sts-4.24.0.RELEASE\plugins\org.eclipse.justj.openjdk.hotspot.jre.full.win32.x86_64_21.0.3.v20240426-1530\jre\bin\nio.dll
Event: 0.463 Loaded shared library C:\Users\PRASANTH\Downloads\sts-4.24.0.RELEASE\plugins\org.eclipse.justj.openjdk.hotspot.jre.full.win32.x86_64_21.0.3.v20240426-1530\jre\bin\zip.dll
Event: 2.254 Loaded shared library C:\Users\PRASANTH\Downloads\sts-4.24.0.RELEASE\plugins\org.eclipse.justj.openjdk.hotspot.jre.full.win32.x86_64_21.0.3.v20240426-1530\jre\bin\jimage.dll
Event: 2.319 Loaded shared library C:\Users\PRASANTH\Downloads\sts-4.24.0.RELEASE\plugins\org.eclipse.justj.openjdk.hotspot.jre.full.win32.x86_64_21.0.3.v20240426-1530\jre\bin\management.dll
Event: 2.339 Loaded shared library C:\Users\PRASANTH\Downloads\sts-4.24.0.RELEASE\plugins\org.eclipse.justj.openjdk.hotspot.jre.full.win32.x86_64_21.0.3.v20240426-1530\jre\bin\management_ext.dll
Event: 2.679 Loaded shared library C:\Users\PRASANTH\Downloads\sts-4.24.0.RELEASE\plugins\org.eclipse.justj.openjdk.hotspot.jre.full.win32.x86_64_21.0.3.v20240426-1530\jre\bin\extnet.dll
Event: 2.717 Loaded shared library C:\Users\PRASANTH\Downloads\sts-4.24.0.RELEASE\plugins\org.eclipse.justj.openjdk.hotspot.jre.full.win32.x86_64_21.0.3.v20240426-1530\jre\bin\verify.dll
Event: 5.152 Loaded shared library C:\Users\PRASANTH\Downloads\sts-4.24.0.RELEASE\plugins\org.eclipse.justj.openjdk.hotspot.jre.full.win32.x86_64_21.0.3.v20240426-1530\jre\bin\sunmscapi.dll

Deoptimization events (20 events):
Event: 123.755 Thread 0x0000015169a99890 DEOPT PACKING pc=0x0000015159bd064c sp=0x00000039833fc8a0
Event: 123.755 Thread 0x0000015169a99890 DEOPT UNPACKING pc=0x0000015159414e42 sp=0x00000039833fbdd8 mode 1
Event: 123.755 Thread 0x0000015169a99890 DEOPT PACKING pc=0x0000015159bd2ccc sp=0x00000039833fc990
Event: 123.755 Thread 0x0000015169a99890 DEOPT UNPACKING pc=0x0000015159414e42 sp=0x00000039833fbf40 mode 1
Event: 123.755 Thread 0x0000015169a99890 DEOPT PACKING pc=0x0000015159bd3f74 sp=0x00000039833fcb00
Event: 123.755 Thread 0x0000015169a99890 DEOPT UNPACKING pc=0x0000015159414e42 sp=0x00000039833fc0c0 mode 1
Event: 126.229 Thread 0x0000015169a99890 DEOPT PACKING pc=0x000001515981fc1c sp=0x00000039833fd820
Event: 126.229 Thread 0x0000015169a99890 DEOPT UNPACKING pc=0x0000015159414e42 sp=0x00000039833fccd8 mode 0
Event: 140.973 Thread 0x0000015169a9b2d0 DEOPT PACKING pc=0x0000015159f5705c sp=0x00000039868ff040
Event: 140.973 Thread 0x0000015169a9b2d0 DEOPT UNPACKING pc=0x0000015159414e42 sp=0x00000039868fe4d8 mode 1
Event: 140.973 Thread 0x0000015169a9b2d0 DEOPT PACKING pc=0x0000015159fb008c sp=0x00000039868ff170
Event: 140.973 Thread 0x0000015169a9b2d0 DEOPT UNPACKING pc=0x0000015159414e42 sp=0x00000039868fe600 mode 1
Event: 140.973 Thread 0x0000015169a9b2d0 DEOPT PACKING pc=0x0000015159f46504 sp=0x00000039868ff1a0
Event: 140.973 Thread 0x0000015169a9b2d0 DEOPT UNPACKING pc=0x0000015159414e42 sp=0x00000039868fe6a0 mode 1
Event: 141.392 Thread 0x0000015169a9b2d0 DEOPT PACKING pc=0x0000015159f5705c sp=0x00000039868ff040
Event: 141.392 Thread 0x0000015169a9b2d0 DEOPT UNPACKING pc=0x0000015159414e42 sp=0x00000039868fe4d8 mode 1
Event: 141.392 Thread 0x0000015169a9b2d0 DEOPT PACKING pc=0x0000015159fb008c sp=0x00000039868ff170
Event: 141.392 Thread 0x0000015169a9b2d0 DEOPT UNPACKING pc=0x0000015159414e42 sp=0x00000039868fe600 mode 1
Event: 141.392 Thread 0x0000015169a9b2d0 DEOPT PACKING pc=0x0000015159f46504 sp=0x00000039868ff1a0
Event: 141.392 Thread 0x0000015169a9b2d0 DEOPT UNPACKING pc=0x0000015159414e42 sp=0x00000039868fe6a0 mode 1

Classes loaded (20 events):
Event: 40.617 Loading class javax/crypto/NoSuchPaddingException
Event: 40.618 Loading class javax/crypto/NoSuchPaddingException done
Event: 40.618 Loading class javax/crypto/IllegalBlockSizeException
Event: 40.618 Loading class javax/crypto/IllegalBlockSizeException done
Event: 40.618 Loading class javax/crypto/BadPaddingException
Event: 40.619 Loading class javax/crypto/BadPaddingException done
Event: 43.655 Loading class java/util/WeakHashMap$KeyIterator
Event: 43.656 Loading class java/util/WeakHashMap$HashIterator
Event: 43.656 Loading class java/util/WeakHashMap$HashIterator done
Event: 43.656 Loading class java/util/WeakHashMap$KeyIterator done
Event: 43.713 Loading class java/lang/ref/Finalizer$2
Event: 43.713 Loading class java/lang/ref/Finalizer$2 done
Event: 43.715 Loading class java/lang/ref/Finalizer$1
Event: 43.715 Loading class java/lang/ref/Finalizer$1 done
Event: 44.520 Loading class java/util/WeakHashMap$EntrySet
Event: 44.520 Loading class java/util/WeakHashMap$EntrySet done
Event: 44.520 Loading class java/util/WeakHashMap$EntryIterator
Event: 44.520 Loading class java/util/WeakHashMap$EntryIterator done
Event: 100.425 Loading class java/util/concurrent/locks/ReentrantReadWriteLock$Sync$HoldCounter
Event: 100.425 Loading class java/util/concurrent/locks/ReentrantReadWriteLock$Sync$HoldCounter done

Classes unloaded (20 events):
Event: 89.500 Thread 0x00000151616dca10 Unloading class 0x0000000100144800 'java/lang/invoke/LambdaForm$MH+0x0000000100144800'
Event: 89.500 Thread 0x00000151616dca10 Unloading class 0x0000000100143c00 'java/lang/invoke/LambdaForm$MH+0x0000000100143c00'
Event: 89.500 Thread 0x00000151616dca10 Unloading class 0x0000000100142c00 'java/lang/invoke/LambdaForm$MH+0x0000000100142c00'
Event: 89.500 Thread 0x00000151616dca10 Unloading class 0x0000000100142800 'java/lang/invoke/LambdaForm$MH+0x0000000100142800'
Event: 89.500 Thread 0x00000151616dca10 Unloading class 0x0000000100142000 'java/lang/invoke/LambdaForm$MH+0x0000000100142000'
Event: 89.500 Thread 0x00000151616dca10 Unloading class 0x0000000100141800 'java/lang/invoke/LambdaForm$MH+0x0000000100141800'
Event: 89.500 Thread 0x00000151616dca10 Unloading class 0x0000000100141000 'java/lang/invoke/LambdaForm$MH+0x0000000100141000'
Event: 89.500 Thread 0x00000151616dca10 Unloading class 0x0000000100140800 'java/lang/invoke/LambdaForm$MH+0x0000000100140800'
Event: 89.500 Thread 0x00000151616dca10 Unloading class 0x0000000100140000 'java/lang/invoke/LambdaForm$MH+0x0000000100140000'
Event: 89.500 Thread 0x00000151616dca10 Unloading class 0x00000001000c4000 'java/lang/invoke/LambdaForm$MH+0x00000001000c4000'
Event: 89.500 Thread 0x00000151616dca10 Unloading class 0x00000001000c3c00 'java/lang/invoke/LambdaForm$MH+0x00000001000c3c00'
Event: 89.500 Thread 0x00000151616dca10 Unloading class 0x00000001000c3800 'java/lang/invoke/LambdaForm$MH+0x00000001000c3800'
Event: 89.500 Thread 0x00000151616dca10 Unloading class 0x00000001000c3400 'java/lang/invoke/LambdaForm$MH+0x00000001000c3400'
Event: 99.348 Thread 0x00000151616dca10 Unloading class 0x0000000100a0bc00 'org/apache/catalina/loader/JdbcLeakPrevention'
Event: 107.731 Thread 0x00000151616dca10 Unloading class 0x00000001009d1800 'org/apache/catalina/loader/JdbcLeakPrevention'
Event: 123.041 Thread 0x00000151616dca10 Unloading class 0x000000010091c800 'org/apache/catalina/loader/JdbcLeakPrevention'
Event: 123.643 Thread 0x00000151616dca10 Unloading class 0x0000000100a0a800 'jdk/internal/reflect/GeneratedSerializationConstructorAccessor24'
Event: 123.643 Thread 0x00000151616dca10 Unloading class 0x0000000100a04400 'jdk/internal/reflect/GeneratedSerializationConstructorAccessor23'
Event: 123.643 Thread 0x00000151616dca10 Unloading class 0x0000000100a04000 'jdk/internal/reflect/GeneratedSerializationConstructorAccessor22'
Event: 123.643 Thread 0x00000151616dca10 Unloading class 0x0000000100528800 'java/lang/invoke/LambdaForm$MH+0x0000000100528800'

Classes redefined (6 events):
Event: 94.824 Thread 0x00000151616dca10 redefined class name=com.fooddelivery.controller.ReciepeController, count=1
Event: 103.513 Thread 0x00000151616dca10 redefined class name=com.fooddelivery.controller.ReciepeController, count=2
Event: 103.513 Thread 0x00000151616dca10 redefined class name=com.fooddelivery.controller.ReciepeController, count=1
Event: 118.772 Thread 0x00000151616dca10 redefined class name=com.fooddelivery.controller.ReciepeController, count=3
Event: 118.772 Thread 0x00000151616dca10 redefined class name=com.fooddelivery.controller.ReciepeController, count=1
Event: 118.772 Thread 0x00000151616dca10 redefined class name=com.fooddelivery.controller.ReciepeController, count=2

Internal exceptions (20 events):
Event: 107.769 Thread 0x000001516a264f60 Exception <a 'sun/nio/fs/WindowsException'{0x00000000fffa80f0}> (0x00000000fffa80f0) 
thrown [s\src\hotspot\share\prims\jni.cpp, line 520]
Event: 108.158 Thread 0x000001516a264f60 Exception <a 'java/lang/NoClassDefFoundError'{0x000000008eab3ef0}: org/flywaydb/core/Flyway> (0x000000008eab3ef0) 
thrown [s\src\hotspot\share\oops\constantPool.cpp, line 873]
Event: 108.160 Thread 0x000001516a264f60 Exception <a 'java/lang/NoClassDefFoundError'{0x000000008eab4550}: liquibase/integration/spring/SpringLiquibase> (0x000000008eab4550) 
thrown [s\src\hotspot\share\oops\constantPool.cpp, line 873]
Event: 108.166 Thread 0x000001516a264f60 Exception <a 'java/lang/NoClassDefFoundError'{0x000000008e932f88}: org/jooq/DSLContext> (0x000000008e932f88) 
thrown [s\src\hotspot\share\oops\constantPool.cpp, line 873]
Event: 108.168 Thread 0x000001516a264f60 Exception <a 'java/lang/NoClassDefFoundError'{0x000000008e942878}: org/springframework/batch/core/repository/JobRepository> (0x000000008e942878) 
thrown [s\src\hotspot\share\oops\constantPool.cpp, line 873]
Event: 108.170 Thread 0x000001516a264f60 Exception <a 'java/lang/NoClassDefFoundError'{0x000000008e942ed0}: org/quartz/Scheduler> (0x000000008e942ed0) 
thrown [s\src\hotspot\share\oops\constantPool.cpp, line 873]
Event: 108.171 Thread 0x000001516a264f60 Exception <a 'java/lang/NoClassDefFoundError'{0x000000008e943550}: org/springframework/session/jdbc/JdbcIndexedSessionRepository> (0x000000008e943550) 
thrown [s\src\hotspot\share\oops\constantPool.cpp, line 873]
Event: 108.244 Thread 0x000001516a264f60 Exception <a 'java/io/FileNotFoundException'{0x000000008dbc06b0}> (0x000000008dbc06b0) 
thrown [s\src\hotspot\share\prims\jni.cpp, line 520]
Event: 108.291 Thread 0x000001516a264f60 Exception <a 'java/io/FileNotFoundException'{0x00000000ffd41cf0}> (0x00000000ffd41cf0) 
thrown [s\src\hotspot\share\prims\jni.cpp, line 520]
Event: 108.537 Thread 0x000001516a264f60 Exception <a 'java/net/BindException'{0x000000008f320340}: Address already in use: bind> (0x000000008f320340) 
thrown [s\src\hotspot\share\prims\jni.cpp, line 539]
Event: 123.029 Thread 0x000001516a269790 Exception <a 'java/lang/InterruptedException'{0x000000008e1fae20}: sleep interrupted> (0x000000008e1fae20) 
thrown [s\src\hotspot\share\prims\jvm.cpp, line 3074]
Event: 123.080 Thread 0x0000015169a99890 Exception <a 'sun/nio/fs/WindowsException'{0x00000000fffabbb0}> (0x00000000fffabbb0) 
thrown [s\src\hotspot\share\prims\jni.cpp, line 520]
Event: 123.528 Thread 0x0000015169a99890 Exception <a 'java/lang/NoClassDefFoundError'{0x000000008eab7e18}: org/flywaydb/core/Flyway> (0x000000008eab7e18) 
thrown [s\src\hotspot\share\oops\constantPool.cpp, line 873]
Event: 123.529 Thread 0x0000015169a99890 Exception <a 'java/lang/NoClassDefFoundError'{0x000000008eab8478}: liquibase/integration/spring/SpringLiquibase> (0x000000008eab8478) 
thrown [s\src\hotspot\share\oops\constantPool.cpp, line 873]
Event: 123.535 Thread 0x0000015169a99890 Exception <a 'java/lang/NoClassDefFoundError'{0x000000008e936e78}: org/jooq/DSLContext> (0x000000008e936e78) 
thrown [s\src\hotspot\share\oops\constantPool.cpp, line 873]
Event: 123.538 Thread 0x0000015169a99890 Exception <a 'java/lang/NoClassDefFoundError'{0x000000008e946768}: org/springframework/batch/core/repository/JobRepository> (0x000000008e946768) 
thrown [s\src\hotspot\share\oops\constantPool.cpp, line 873]
Event: 123.539 Thread 0x0000015169a99890 Exception <a 'java/lang/NoClassDefFoundError'{0x000000008e946dc0}: org/quartz/Scheduler> (0x000000008e946dc0) 
thrown [s\src\hotspot\share\oops\constantPool.cpp, line 873]
Event: 123.539 Thread 0x0000015169a99890 Exception <a 'java/lang/NoClassDefFoundError'{0x000000008e947440}: org/springframework/session/jdbc/JdbcIndexedSessionRepository> (0x000000008e947440) 
thrown [s\src\hotspot\share\oops\constantPool.cpp, line 873]
Event: 123.612 Thread 0x0000015169a99890 Exception <a 'java/io/FileNotFoundException'{0x000000008dbc4988}> (0x000000008dbc4988) 
thrown [s\src\hotspot\share\prims\jni.cpp, line 520]
Event: 123.677 Thread 0x0000015169a99890 Exception <a 'java/io/FileNotFoundException'{0x00000000ffd4b2e0}> (0x00000000ffd4b2e0) 
thrown [s\src\hotspot\share\prims\jni.cpp, line 520]

ZGC Phase Switch (0 events):
No events

VM Operations (20 events):
Event: 126.335 Executing VM operation: get/set locals
Event: 126.335 Executing VM operation: get/set locals done
Event: 126.335 Executing VM operation: get/set locals
Event: 126.336 Executing VM operation: get/set locals done
Event: 126.336 Executing VM operation: get/set locals
Event: 126.336 Executing VM operation: get/set locals done
Event: 126.337 Executing VM operation: get/set locals
Event: 126.337 Executing VM operation: get/set locals done
Event: 126.338 Executing VM operation: get/set locals
Event: 126.338 Executing VM operation: get/set locals done
Event: 126.339 Executing VM operation: get/set locals
Event: 126.339 Executing VM operation: get/set locals done
Event: 126.340 Executing VM operation: get/set locals
Event: 126.340 Executing VM operation: get/set locals done
Event: 126.341 Executing VM operation: get/set locals
Event: 126.341 Executing VM operation: get/set locals done
Event: 135.437 Executing VM operation: Cleanup
Event: 135.437 Executing VM operation: Cleanup done
Event: 141.483 Executing VM operation: Cleanup
Event: 141.483 Executing VM operation: Cleanup done

Events (20 events):
Event: 123.652 Thread 0x00000151616dca10 flushing nmethod 0x000001515983db10
Event: 123.652 Thread 0x00000151616dca10 flushing nmethod 0x00000151597f8e10
Event: 123.652 Thread 0x00000151616dca10 flushing nmethod 0x0000015159748590
Event: 123.652 Thread 0x00000151616dca10 flushing nmethod 0x0000015159758610
Event: 123.652 Thread 0x00000151616dca10 flushing nmethod 0x0000015159720b10
Event: 123.652 Thread 0x00000151616dca10 flushing nmethod 0x0000015159679d90
Event: 123.652 Thread 0x00000151616dca10 flushing nmethod 0x0000015159605710
Event: 123.652 Thread 0x00000151616dca10 flushing nmethod 0x000001515961c510
Event: 123.652 Thread 0x00000151616dca10 flushing nmethod 0x00000151595db710
Event: 123.652 Thread 0x00000151616dca10 flushing nmethod 0x00000151595f0410
Event: 123.652 Thread 0x00000151616dca10 flushing nmethod 0x0000015159590090
Event: 123.653 Thread 0x00000151616dca10 flushing nmethod 0x0000015159594b10
Event: 123.653 Thread 0x00000151616dca10 flushing nmethod 0x0000015159583010
Event: 123.678 Thread 0x0000015169a9bff0 Thread added: 0x0000015169a9bff0
Event: 123.679 Thread 0x0000015169a9a5b0 Thread added: 0x0000015169a9a5b0
Event: 123.679 Thread 0x0000015169a99200 Thread added: 0x0000015169a99200
Event: 123.732 Thread 0x0000015169a9ede0 Thread added: 0x0000015169a9ede0
Event: 123.841 Thread 0x0000015169a9fb00 Thread added: 0x0000015169a9fb00
Event: 129.074 Thread 0x000001516798d940 Thread exited: 0x000001516798d940
Event: 129.261 Thread 0x0000015169a9fb00 Thread exited: 0x0000015169a9fb00


Dynamic libraries:
0x00007ff7b8d50000 - 0x00007ff7b8d5e000 	C:\Users\PRASANTH\Downloads\sts-4.24.0.RELEASE\plugins\org.eclipse.justj.openjdk.hotspot.jre.full.win32.x86_64_21.0.3.v20240426-1530\jre\bin\javaw.exe
0x00007ff8b4dc0000 - 0x00007ff8b5020000 	C:\WINDOWS\SYSTEM32\ntdll.dll
0x00007ff8b2bc0000 - 0x00007ff8b2c87000 	C:\WINDOWS\System32\KERNEL32.DLL
0x00007ff8b1fa0000 - 0x00007ff8b2369000 	C:\WINDOWS\System32\KERNELBASE.dll
0x00007ff8b2600000 - 0x00007ff8b274c000 	C:\WINDOWS\System32\ucrtbase.dll
0x00007ff88b360000 - 0x00007ff88b378000 	C:\Users\PRASANTH\Downloads\sts-4.24.0.RELEASE\plugins\org.eclipse.justj.openjdk.hotspot.jre.full.win32.x86_64_21.0.3.v20240426-1530\jre\bin\jli.dll
0x00007ff8b33b0000 - 0x00007ff8b3579000 	C:\WINDOWS\System32\USER32.dll
0x00007ff8b28c0000 - 0x00007ff8b28e7000 	C:\WINDOWS\System32\win32u.dll
0x00007ff8b2ec0000 - 0x00007ff8b2eea000 	C:\WINDOWS\System32\GDI32.dll
0x00007ff8b2410000 - 0x00007ff8b2541000 	C:\WINDOWS\System32\gdi32full.dll
0x00007ff8b2550000 - 0x00007ff8b25f3000 	C:\WINDOWS\System32\msvcp_win.dll
0x00007ff876f40000 - 0x00007ff876f5b000 	C:\Users\PRASANTH\Downloads\sts-4.24.0.RELEASE\plugins\org.eclipse.justj.openjdk.hotspot.jre.full.win32.x86_64_21.0.3.v20240426-1530\jre\bin\VCRUNTIME140.dll
0x00007ff897680000 - 0x00007ff897917000 	C:\WINDOWS\WinSxS\amd64_microsoft.windows.common-controls_6595b64144ccf1df_6.0.26100.3380_none_3e0ec6aae32e8fb7\COMCTL32.dll
0x00007ff8b3300000 - 0x00007ff8b33a9000 	C:\WINDOWS\System32\msvcrt.dll
0x00007ff8b2f00000 - 0x00007ff8b2f2f000 	C:\WINDOWS\System32\IMM32.DLL
0x00007ff890c30000 - 0x00007ff890c3c000 	C:\Users\PRASANTH\Downloads\sts-4.24.0.RELEASE\plugins\org.eclipse.justj.openjdk.hotspot.jre.full.win32.x86_64_21.0.3.v20240426-1530\jre\bin\vcruntime140_1.dll
0x00007ff872a90000 - 0x00007ff872b1e000 	C:\Users\PRASANTH\Downloads\sts-4.24.0.RELEASE\plugins\org.eclipse.justj.openjdk.hotspot.jre.full.win32.x86_64_21.0.3.v20240426-1530\jre\bin\msvcp140.dll
0x00007ff81c370000 - 0x00007ff81d0f2000 	C:\Users\PRASANTH\Downloads\sts-4.24.0.RELEASE\plugins\org.eclipse.justj.openjdk.hotspot.jre.full.win32.x86_64_21.0.3.v20240426-1530\jre\bin\server\jvm.dll
0x00007ff8b41f0000 - 0x00007ff8b42a2000 	C:\WINDOWS\System32\ADVAPI32.dll
0x00007ff8b3140000 - 0x00007ff8b31e6000 	C:\WINDOWS\System32\sechost.dll
0x00007ff8b42c0000 - 0x00007ff8b43d6000 	C:\WINDOWS\System32\RPCRT4.dll
0x00007ff8b30c0000 - 0x00007ff8b3134000 	C:\WINDOWS\System32\WS2_32.dll
0x00007ff8b1e20000 - 0x00007ff8b1e7e000 	C:\WINDOWS\SYSTEM32\POWRPROF.dll
0x00007ff8a9420000 - 0x00007ff8a9456000 	C:\WINDOWS\SYSTEM32\WINMM.dll
0x00007ff8a9460000 - 0x00007ff8a946b000 	C:\WINDOWS\SYSTEM32\VERSION.dll
0x00007ff8b1e00000 - 0x00007ff8b1e14000 	C:\WINDOWS\SYSTEM32\UMPDC.dll
0x00007ff8b0db0000 - 0x00007ff8b0dca000 	C:\WINDOWS\SYSTEM32\kernel.appcore.dll
0x00007ff898c20000 - 0x00007ff898c2a000 	C:\Users\PRASANTH\Downloads\sts-4.24.0.RELEASE\plugins\org.eclipse.justj.openjdk.hotspot.jre.full.win32.x86_64_21.0.3.v20240426-1530\jre\bin\jimage.dll
0x00007ff8a5920000 - 0x00007ff8a5b61000 	C:\WINDOWS\SYSTEM32\DBGHELP.DLL
0x00007ff8b37a0000 - 0x00007ff8b3b22000 	C:\WINDOWS\System32\combase.dll
0x00007ff8b4b20000 - 0x00007ff8b4bf6000 	C:\WINDOWS\System32\OLEAUT32.dll
0x00007ff8944f0000 - 0x00007ff894529000 	C:\WINDOWS\SYSTEM32\dbgcore.DLL
0x00007ff8b2370000 - 0x00007ff8b2409000 	C:\WINDOWS\System32\bcryptPrimitives.dll
0x00007ff876d00000 - 0x00007ff876d3c000 	C:\Users\PRASANTH\Downloads\sts-4.24.0.RELEASE\plugins\org.eclipse.justj.openjdk.hotspot.jre.full.win32.x86_64_21.0.3.v20240426-1530\jre\bin\jdwp.dll
0x00007ff898c10000 - 0x00007ff898c1f000 	C:\Users\PRASANTH\Downloads\sts-4.24.0.RELEASE\plugins\org.eclipse.justj.openjdk.hotspot.jre.full.win32.x86_64_21.0.3.v20240426-1530\jre\bin\instrument.dll
0x00007ff894880000 - 0x00007ff89489f000 	C:\Users\PRASANTH\Downloads\sts-4.24.0.RELEASE\plugins\org.eclipse.justj.openjdk.hotspot.jre.full.win32.x86_64_21.0.3.v20240426-1530\jre\bin\java.dll
0x00007ff888810000 - 0x00007ff888828000 	C:\Users\PRASANTH\Downloads\sts-4.24.0.RELEASE\plugins\org.eclipse.justj.openjdk.hotspot.jre.full.win32.x86_64_21.0.3.v20240426-1530\jre\bin\zip.dll
0x00007ff8b43f0000 - 0x00007ff8b4b0e000 	C:\WINDOWS\System32\SHELL32.dll
0x00007ff8b2750000 - 0x00007ff8b28b8000 	C:\WINDOWS\System32\wintypes.dll
0x00007ff8afc60000 - 0x00007ff8b04aa000 	C:\WINDOWS\SYSTEM32\windows.storage.dll
0x00007ff8b4c00000 - 0x00007ff8b4ced000 	C:\WINDOWS\System32\SHCORE.dll
0x00007ff8b31f0000 - 0x00007ff8b3254000 	C:\WINDOWS\System32\shlwapi.dll
0x00007ff8b1eb0000 - 0x00007ff8b1edf000 	C:\WINDOWS\SYSTEM32\profapi.dll
0x00007ff8a90f0000 - 0x00007ff8a90fb000 	C:\Users\PRASANTH\Downloads\sts-4.24.0.RELEASE\plugins\org.eclipse.justj.openjdk.hotspot.jre.full.win32.x86_64_21.0.3.v20240426-1530\jre\bin\dt_socket.dll
0x00007ff8b07a0000 - 0x00007ff8b07d3000 	C:\WINDOWS\SYSTEM32\IPHLPAPI.DLL
0x00007ff8b12d0000 - 0x00007ff8b133a000 	C:\WINDOWS\system32\mswsock.dll
0x00007ff8b0830000 - 0x00007ff8b0955000 	C:\WINDOWS\SYSTEM32\DNSAPI.dll
0x00007ff8b43e0000 - 0x00007ff8b43ea000 	C:\WINDOWS\System32\NSI.dll
0x00007ff8a96d0000 - 0x00007ff8a96db000 	C:\Windows\System32\rasadhlp.dll
0x00007ff8a6f80000 - 0x00007ff8a7005000 	C:\WINDOWS\System32\fwpuclnt.dll
0x00007ff897550000 - 0x00007ff897560000 	C:\Users\PRASANTH\Downloads\sts-4.24.0.RELEASE\plugins\org.eclipse.justj.openjdk.hotspot.jre.full.win32.x86_64_21.0.3.v20240426-1530\jre\bin\net.dll
0x00007ff8a9f70000 - 0x00007ff8aa08d000 	C:\WINDOWS\SYSTEM32\WINHTTP.dll
0x00007ff888490000 - 0x00007ff8884a6000 	C:\Users\PRASANTH\Downloads\sts-4.24.0.RELEASE\plugins\org.eclipse.justj.openjdk.hotspot.jre.full.win32.x86_64_21.0.3.v20240426-1530\jre\bin\nio.dll
0x00007ff888690000 - 0x00007ff88869a000 	C:\Users\PRASANTH\Downloads\sts-4.24.0.RELEASE\plugins\org.eclipse.justj.openjdk.hotspot.jre.full.win32.x86_64_21.0.3.v20240426-1530\jre\bin\management.dll
0x00007ff887510000 - 0x00007ff88751b000 	C:\Users\PRASANTH\Downloads\sts-4.24.0.RELEASE\plugins\org.eclipse.justj.openjdk.hotspot.jre.full.win32.x86_64_21.0.3.v20240426-1530\jre\bin\management_ext.dll
0x00007ff8b32c0000 - 0x00007ff8b32c8000 	C:\WINDOWS\System32\PSAPI.DLL
0x00007ff88ec40000 - 0x00007ff88ec58000 	C:\WINDOWS\system32\napinsp.dll
0x00007ff88ebf0000 - 0x00007ff88ec02000 	C:\WINDOWS\System32\winrnr.dll
0x00007ff88ebb0000 - 0x00007ff88ebe0000 	C:\WINDOWS\system32\nlansp_c.dll
0x00007ff8ab0b0000 - 0x00007ff8ab0c6000 	C:\WINDOWS\system32\wshbth.dll
0x00007ff8b1570000 - 0x00007ff8b158c000 	C:\WINDOWS\SYSTEM32\CRYPTSP.dll
0x00007ff8b0d10000 - 0x00007ff8b0d4a000 	C:\WINDOWS\system32\rsaenh.dll
0x00007ff8b1370000 - 0x00007ff8b139b000 	C:\WINDOWS\SYSTEM32\USERENV.dll
0x00007ff8b17b0000 - 0x00007ff8b17d6000 	C:\WINDOWS\SYSTEM32\bcrypt.dll
0x00007ff8b1590000 - 0x00007ff8b159c000 	C:\WINDOWS\SYSTEM32\CRYPTBASE.dll
0x00007ff88b350000 - 0x00007ff88b359000 	C:\Users\PRASANTH\Downloads\sts-4.24.0.RELEASE\plugins\org.eclipse.justj.openjdk.hotspot.jre.full.win32.x86_64_21.0.3.v20240426-1530\jre\bin\extnet.dll
0x00007ff896620000 - 0x00007ff896630000 	C:\Users\PRASANTH\Downloads\sts-4.24.0.RELEASE\plugins\org.eclipse.justj.openjdk.hotspot.jre.full.win32.x86_64_21.0.3.v20240426-1530\jre\bin\verify.dll
0x00007ff895dc0000 - 0x00007ff895dce000 	C:\Users\PRASANTH\Downloads\sts-4.24.0.RELEASE\plugins\org.eclipse.justj.openjdk.hotspot.jre.full.win32.x86_64_21.0.3.v20240426-1530\jre\bin\sunmscapi.dll
0x00007ff8b29b0000 - 0x00007ff8b2b27000 	C:\WINDOWS\System32\CRYPT32.dll
0x00007ff8b1770000 - 0x00007ff8b17a0000 	C:\WINDOWS\SYSTEM32\ncrypt.dll
0x00007ff8b1720000 - 0x00007ff8b175f000 	C:\WINDOWS\SYSTEM32\NTASN1.dll
0x00007ff898c50000 - 0x00007ff898c58000 	C:\WINDOWS\system32\wshunix.dll

dbghelp: loaded successfully - version: 4.0.5 - missing functions: none
symbol engine: initialized successfully - sym options: 0x614 - pdb path: .;C:\Users\PRASANTH\Downloads\sts-4.24.0.RELEASE\plugins\org.eclipse.justj.openjdk.hotspot.jre.full.win32.x86_64_21.0.3.v20240426-1530\jre\bin;C:\WINDOWS\SYSTEM32;C:\WINDOWS\WinSxS\amd64_microsoft.windows.common-controls_6595b64144ccf1df_6.0.26100.3380_none_3e0ec6aae32e8fb7;C:\Users\PRASANTH\Downloads\sts-4.24.0.RELEASE\plugins\org.eclipse.justj.openjdk.hotspot.jre.full.win32.x86_64_21.0.3.v20240426-1530\jre\bin\server

VM Arguments:
jvm_args: -XX:+ShowCodeDetailsInExceptionMessages -agentlib:jdwp=transport=dt_socket,suspend=y,address=localhost:60481 -Dcom.sun.management.jmxremote -Dcom.sun.management.jmxremote.port=60479 -Dcom.sun.management.jmxremote.authenticate=false -Dcom.sun.management.jmxremote.ssl=false -Djava.rmi.server.hostname=localhost -Dspring.jmx.enabled=true -Dmanagement.endpoints.jmx.exposure.include=* -Dspring.application.admin.enabled=true -XX:TieredStopAtLevel=1 -Dspring.boot.project.name=FoodDeliveryManagement -javaagent:C:\Users\PRASANTH\Downloads\sts-4.24.0.RELEASE\configuration\org.eclipse.osgi\270\0\.cp\lib\javaagent-shaded.jar -Dfile.encoding=UTF-8 -Dstdout.encoding=UTF-8 -Dstderr.encoding=UTF-8 
java_command: com.fooddelivery.FoodDeliveryManagementApplication --spring.output.ansi.enabled=always
java_class_path (initial): D:\DemoProject\FoodDeliveryManagement\target\classes;C:\Users\PRASANTH\.m2\repository\org\springframework\boot\spring-boot-starter-data-jpa\3.4.3\spring-boot-starter-data-jpa-3.4.3.jar;C:\Users\PRASANTH\.m2\repository\org\springframework\boot\spring-boot-starter\3.4.3\spring-boot-starter-3.4.3.jar;C:\Users\PRASANTH\.m2\repository\org\springframework\boot\spring-boot-starter-logging\3.4.3\spring-boot-starter-logging-3.4.3.jar;C:\Users\PRASANTH\.m2\repository\ch\qos\logback\logback-classic\1.5.16\logback-classic-1.5.16.jar;C:\Users\PRASANTH\.m2\repository\ch\qos\logback\logback-core\1.5.16\logback-core-1.5.16.jar;C:\Users\PRASANTH\.m2\repository\org\apache\logging\log4j\log4j-to-slf4j\2.24.3\log4j-to-slf4j-2.24.3.jar;C:\Users\PRASANTH\.m2\repository\org\apache\logging\log4j\log4j-api\2.24.3\log4j-api-2.24.3.jar;C:\Users\PRASANTH\.m2\repository\org\slf4j\jul-to-slf4j\2.0.16\jul-to-slf4j-2.0.16.jar;C:\Users\PRASANTH\.m2\repository\jakarta\annotation\jakarta.annotation-api\2.1.1\jakarta.annotation-api-2.1.1.jar;C:\Users\PRASANTH\.m2\repository\org\yaml\snakeyaml\2.3\snakeyaml-2.3.jar;C:\Users\PRASANTH\.m2\repository\org\springframework\boot\spring-boot-starter-jdbc\3.4.3\spring-boot-starter-jdbc-3.4.3.jar;C:\Users\PRASANTH\.m2\repository\com\zaxxer\HikariCP\5.1.0\HikariCP-5.1.0.jar;C:\Users\PRASANTH\.m2\repository\org\springframework\spring-jdbc\6.2.3\spring-jdbc-6.2.3.jar;C:\Users\PRASANTH\.m2\repository\org\hibernate\orm\hibernate-core\6.6.8.Final\hibernate-core-6.6.8.Final.jar;C:\Users\PRASANTH\.m2\repository\jakarta\persistence\jakarta.persistence-api\3.1.0\jakarta.persistence-api-3.1.0.jar;C:\Users\PRASANTH\.m2\repository\jakarta\transaction\jakarta.transaction-api\2.0.1\jakarta.transaction-api-2.0.1.jar;C:\Users\PRASANTH\.m2\repository\org\jboss\logging\jboss-logging\3.6.1.Final\jboss-logging-3.6.1.Final.jar;C:\Users\PRASANTH\.m2\repository\org\hibernate\common\hibernate-commons-annotations\7.0.3.Final\hibernate-commons-annotations-7.0.3.Final.jar;C:\Users\PRASANTH\.m2\repository\io\smallrye\jandex\3.2.0\jandex-3.2.0.jar;C:\Users\PRASANTH\.m2\repository\com\fasterxml\classmate\1.7.0\classmate-1.7.0.jar;C:\Users\PRASANTH\.m2\repository\net\bytebuddy\byte-buddy\1.15.11\byte-buddy-1.15.11.jar;C:\Users\PRASANTH\.m2\repository\org\glassfish\jaxb\jaxb-runtime\4.0.5\jaxb-runtime-4.0.5.jar;C:\Users\PRASANTH\.m2\repository\org\glassfish\jaxb\jaxb-core\4.0.5\jaxb-core-4.0.5.jar;C:\Users\PRASANTH\.m2\repository\org\eclipse\angus\angus-activation\2.0.2\angus-activation-2.0.2.jar;C:\Users\PRASANTH\.m2\repository\org\glassfish\jaxb\txw2\4.0.5\txw2-4.0.5.jar;C:\Users\PRASANTH\.m2\repository\com\sun\istack\istack-commons-runtime\4.1.2\istack-commons-runtime-4.1.2.jar;C:\Users\PRASANTH\.m2\repository\jakarta\inject\jakarta.inject-api\2.0.1\jakarta.inject-api-2.0.1.jar;C:\Users\PRASANTH\.m2\repository\org\antlr\antlr4-runtime\4.13.0\antlr4-runtime-4.13.0.jar;C:\Users\PRASANTH\.m2\repository\org\springframework\data\spring-data-jpa\3.4.3\spring-data-jpa-3.4.3.jar;C:\Users\PRASANTH\.m2\repository\org\springframework\data\spring-data-commons\3.4.3\spring-data-commons-3.4.3.jar;C:\Users\PRASANTH\.m2\repository\org\springframework\spring-orm\6.2.3\spring-orm-6.2.3.jar;C:\Users\PRASANTH\.m2\repository\org\springframework\spring-context\6.2.3\spring-context-6.2.3.jar;C:\Users\PRASANTH\.m2\repository\org\springframework\spring-aop\6.2.3\spring-aop-6.2.3.jar;C:\Users\PRASANTH\.m2\repository\org\springframework\spring-tx\6.2.3\spring-tx-6.2.3.jar;C:\Users\PRASANTH\.m2\repository\org\springframework\spring-beans\6.2.3\spring-beans-6.2.3.jar;C:\Users\PRASANTH\.m2\repository\org\slf4j\slf4j-api\2.0.16\slf4j-api-2.0.16.jar;C:\Users\PRASANTH\.m2\repository\org\springframework\spring-aspects\6.2.3\spring-aspects-6.2.3.jar;C:\Users\PRASANTH\.m2\repository\org\aspectj\aspectjweaver\1.9.22.1\aspectjweaver-1.9.22.1.jar;C:\Users\PRASANTH\.m2\repository\org\springframework\boot\spring-boot-starter-web\3.4.3\spring-boot-starter-web-3.4.3.jar;C:\Users\PRASANTH\.m2\repository\org\springframework\boot\spring-boot-starter-json\3.4.3\spring-boot-starter-json-3.4.3.jar;C:\Users\PRASANTH\.m2\repository\com\fasterxml\jackson\datatype\jackson-datatype-jdk8\2.18.2\jackson-datatype-jdk8-2.18.2.jar;C:\Users\PRASANTH\.m2\repository\com\fasterxml\jackson\datatype\jackson-datatype-jsr310\2.18.2\jackson-datatype-jsr310-2.18.2.jar;C:\Users\PRASANTH\.m2\repository\com\fasterxml\jackson\module\jackson-module-parameter-names\2.18.2\jackson-module-parameter-names-2.18.2.jar;C:\Users\PRASANTH\.m2\repository\org\springframework\boot\spring-boot-starter-tomcat\3.4.3\spring-boot-starter-tomcat-3.4.3.jar;C:\Users\PRASANTH\.m2\repository\org\apache\tomcat\embed\tomcat-embed-core\10.1.36\tomcat-embed-core-10.1.36.jar;C:\Users\PRASANTH\.m2\repository\org\apache\tomcat\embed\tomcat-embed-el\10.1.36\tomcat-embed-el-10.1.36.jar;C:\Users\PRASANTH\.m2\repository\org\apache\tomcat\embed\tomcat-embed-websocket\10.1.36\tomcat-embed-websocket-10.1.36.jar;C:\Users\PRASANTH\.m2\repository\org\springframework\spring-web\6.2.3\spring-web-6.2.3.jar;C:\Users\PRASANTH\.m2\repository\io\micrometer\micrometer-observation\1.14.4\micrometer-observation-1.14.4.jar;C:\Users\PRASANTH\.m2\repository\io\micrometer\micrometer-commons\1.14.4\micrometer-commons-1.14.4.jar;C:\Users\PRASANTH\.m2\repository\org\springframework\spring-webmvc\6.2.3\spring-webmvc-6.2.3.jar;C:\Users\PRASANTH\.m2\repository\org\springframework\spring-expression\6.2.3\spring-expression-6.2.3.jar;C:\Users\PRASANTH\.m2\repository\org\springframework\cloud\spring-cloud-starter-netflix-eureka-client\4.2.1\spring-cloud-starter-netflix-eureka-client-4.2.1.jar;C:\Users\PRASANTH\.m2\repository\org\springframework\cloud\spring-cloud-starter\4.2.1\spring-cloud-starter-4.2.1.jar;C:\Users\PRASANTH\.m2\repository\org\springframework\cloud\spring-cloud-context\4.2.1\spring-cloud-context-4.2.1.jar;C:\Users\PRASANTH\.m2\repository\org\bouncycastle\bcprov-jdk18on\1.78.1\bcprov-jdk18on-1.78.1.jar;C:\Users\PRASANTH\.m2\repository\org\springframework\cloud\spring-cloud-netflix-eureka-client\4.2.1\spring-cloud-netflix-eureka-client-4.2.1.jar;C:\Users\PRASANTH\.m2\repository\org\apache\httpcomponents\client5\httpclient5\5.4.2\httpclient5-5.4.2.jar;C:\Users\PRASANTH\.m2\repository\org\apache\httpcomponents\core5\httpcore5\5.3.3\httpcore5-5.3.3.jar;C:\Users\PRASANTH\.m2\repository\org\apache\httpcomponents\core5\httpcore5-h2\5.3.3\httpcore5-h2-5.3.3.jar;C:\Users\PRASANTH\.m2\repository\com\netflix\eureka\eureka-client\2.0.4\eureka-client-2.0.4.jar;C:\Users\PRASANTH\.m2\repository\com\thoughtworks\xstream\xstream\1.4.20\xstream-1.4.20.jar;C:\Users\PRASANTH\.m2\repository\io\github\x-stream\mxparser\1.2.2\mxparser-1.2.2.jar;C:\Users\PRASANTH\.m2\repository\xmlpull\xmlpull\1.1.3.1\xmlpull-1.1.3.1.jar;C:\Users\PRASANTH\.m2\repository\jakarta\ws\rs\jakarta.ws.rs-api\3.1.0\jakarta.ws.rs-api-3.1.0.jar;C:\Users\PRASANTH\.m2\repository\com\netflix\spectator\spectator-api\1.7.3\spectator-api-1.7.3.jar;C:\Users\PRASANTH\.m2\repository\org\apache\httpcomponents\httpclient\4.5.3\httpclient-4.5.3.jar;C:\Users\PRASANTH\.m2\repository\org\apache\httpcomponents\httpcore\4.4.16\httpcore-4.4.16.jar;C:\Users\PRASANTH\.m2\repository\commons-codec\commons-codec\1.17.2\commons-codec-1.17.2.jar;C:\Users\PRASANTH\.m2\repository\commons-configuration\commons-configuration\1.10\commons-configuration-1.10.jar;C:\Users\PRASANTH\.m2\repository\commons-lang\commons-lang\2.6\commons-lang-2.6.jar;C:\Users\PRASANTH\.m2\repository\com\netflix\netflix-commons\netflix-eventbus\0.3.0\netflix-eventbus-0.3.0.jar;C:\Users\PRASANTH\.m2\repository\com\netflix\netflix-commons\netflix-infix\0.3.0\netflix-infix-0.3.0.jar;C:\Users\PRASANTH\.m2\repository\commons-jxpath\commons-jxpath\1.3\commons-jxpath-1.3.jar;C:\Users\PRASANTH\.m2\repository\joda-time\joda-time\2.3\joda-time-2.3.jar;C:\Users\PRASANTH\.m2\repository\org\antlr\antlr-runtime\3.4\antlr-runtime-3.4.jar;C:\Users\PRASANTH\.m2\repository\org\antlr\stringtemplate\3.2.1\stringtemplate-3.2.1.jar;C:\Users\PRASANTH\.m2\repository\antlr\antlr\2.7.7\antlr-2.7.7.jar;C:\Users\PRASANTH\.m2\repository\com\google\code\gson\gson\2.11.0\gson-2.11.0.jar;C:\Users\PRASANTH\.m2\repository\com\netflix\servo\servo-core\0.5.3\servo-core-0.5.3.jar;C:\Users\PRASANTH\.m2\repository\org\apache\commons\commons-math\2.2\commons-math-2.2.jar;C:\Users\PRASANTH\.m2\repository\javax\annotation\javax.annotation-api\1.2\javax.annotation-api-1.2.jar;C:\Users\PRASANTH\.m2\repository\org\codehaus\jettison\jettison\1.5.4\jettison-1.5.4.jar;C:\Users\PRASANTH\.m2\repository\org\springframework\cloud\spring-cloud-starter-loadbalancer\4.2.1\spring-cloud-starter-loadbalancer-4.2.1.jar;C:\Users\PRASANTH\.m2\repository\org\springframework\cloud\spring-cloud-loadbalancer\4.2.1\spring-cloud-loadbalancer-4.2.1.jar;C:\Users\PRASANTH\.m2\repository\io\projectreactor\reactor-core\3.7.3\reactor-core-3.7.3.jar;C:\Users\PRASANTH\.m2\repository\org\reactivestreams\reactive-streams\1.0.4\reactive-streams-1.0.4.jar;C:\Users\PRASANTH\.m2\repository\io\projectreactor\addons\reactor-extra\3.5.2\reactor-extra-3.5.2.jar;C:\Users\PRASANTH\.m2\repository\org\springframework\boot\spring-boot-starter-cache\3.4.3\spring-boot-starter-cache-3.4.3.jar;C:\Users\PRASANTH\.m2\repository\org\springframework\spring-context-support\6.2.3\spring-context-support-6.2.3.jar;C:\Users\PRASANTH\.m2\repository\com\stoyanr\evictor\1.0.0\evictor-1.0.0.jar;C:\Users\PRASANTH\.m2\repository\org\springframework\cloud\spring-cloud-starter-openfeign\4.2.1\spring-cloud-starter-openfeign-4.2.1.jar;C:\Users\PRASANTH\.m2\repository\org\springframework\cloud\spring-cloud-openfeign-core\4.2.1\spring-cloud-openfeign-core-4.2.1.jar;C:\Users\PRASANTH\.m2\repository\io\github\openfeign\feign-form-spring\13.5\feign-form-spring-13.5.jar;C:\Users\PRASANTH\.m2\repository\io\github\openfeign\feign-form\13.5\feign-form-13.5.jar;C:\Users\PRASANTH\.m2\repository\commons-fileupload\commons-fileupload\1.5\commons-fileupload-1.5.jar;C:\Users\PRASANTH\.m2\repository\org\springframework\cloud\spring-cloud-commons\4.2.1\spring-cloud-commons-4.2.1.jar;C:\Users\PRASANTH\.m2\repository\org\springframework\security\spring-security-crypto\6.4.3\spring-security-crypto-6.4.3.jar;C:\Users\PRASANTH\.m2\repository\io\github\openfeign\feign-core\13.5\feign-core-13.5.jar;C:\Users\PRASANTH\.m2\repository\io\github\openfeign\feign-slf4j\13.5\feign-slf4j-13.5.jar;C:\Users\PRASANTH\.m2\repository\io\minio\minio\8.5.2\minio-8.5.2.jar;C:\Users\PRASANTH\.m2\repository\com\carrotsearch\thirdparty\simple-xml-safe\2.7.1\simple-xml-safe-2.7.1.jar;C:\Users\PRASANTH\.m2\repository\com\google\guava\guava\30.1.1-jre\guava-30.1.1-jre.jar;C:\Users\PRASANTH\.m2\repository\com\google\guava\failureaccess\1.0.1\failureaccess-1.0.1.jar;C:\Users\PRASANTH\.m2\repository\com\google\guava\listenablefuture\9999.0-empty-to-avoid-conflict-with-guava\listenablefuture-9999.0-empty-to-avoid-conflict-with-guava.jar;C:\Users\PRASANTH\.m2\repository\com\google\code\findbugs\jsr305\3.0.2\jsr305-3.0.2.jar;C:\Users\PRASANTH\.m2\repository\org\checkerframework\checker-qual\3.8.0\checker-qual-3.8.0.jar;C:\Users\PRASANTH\.m2\repository\com\google\errorprone\error_prone_annotations\2.5.1\error_prone_annotations-2.5.1.jar;C:\Users\PRASANTH\.m2\repository\com\google\j2objc\j2objc-annotations\1.3\j2objc-annotations-1.3.jar;C:\Users\PRASANTH\.m2\repository\com\squareup\okhttp3\okhttp\4.12.0\okhttp-4.12.0.jar;C:\Users\PRASANTH\.m2\repository\com\squareup\okio\okio\3.6.0\okio-3.6.0.jar;C:\Users\PRASANTH\.m2\repository\com\squareup\okio\okio-jvm\3.6.0\okio-jvm-3.6.0.jar;C:\Users\PRASANTH\.m2\repository\org\jetbrains\kotlin\kotlin-stdlib-common\1.9.25\kotlin-stdlib-common-1.9.25.jar;C:\Users\PRASANTH\.m2\repository\org\jetbrains\kotlin\kotlin-stdlib-jdk8\1.9.25\kotlin-stdlib-jdk8-1.9.25.jar;C:\Users\PRASANTH\.m2\repository\org\jetbrains\kotlin\kotlin-stdlib\1.9.25\kotlin-stdlib-1.9.25.jar;C:\Users\PRASANTH\.m2\repository\org\jetbrains\annotations\13.0\annotations-13.0.jar;C:\Users\PRASANTH\.m2\repository\org\jetbrains\kotlin\kotlin-stdlib-jdk7\1.9.25\kotlin-stdlib-jdk7-1.9.25.jar;C:\Users\PRASANTH\.m2\repository\com\fasterxml\jackson\core\jackson-annotations\2.18.2\jackson-annotations-2.18.2.jar;C:\Users\PRASANTH\.m2\repository\com\fasterxml\jackson\core\jackson-core\2.18.2\jackson-core-2.18.2.jar;C:\Users\PRASANTH\.m2\repository\com\fasterxml\jackson\core\jackson-databind\2.18.2\jackson-databind-2.18.2.jar;C:\Users\PRASANTH\.m2\repository\org\bouncycastle\bcprov-jdk15on\1.69\bcprov-jdk15on-1.69.jar;C:\Users\PRASANTH\.m2\repository\org\apache\commons\commons-compress\1.21\commons-compress-1.21.jar;C:\Users\PRASANTH\.m2\repository\org\xerial\snappy\snappy-java\1.1.8.4\snappy-java-1.1.8.4.jar;C:\Users\PRASANTH\.m2\repository\org\projectlombok\lombok\1.18.36\lombok-1.18.36.jar;C:\Users\PRASANTH\.m2\repository\org\springframework\boot\spring-boot-devtools\3.4.3\spring-boot-devtools-3.4.3.jar;C:\Users\PRASANTH\.m2\repository\org\springframework\boot\spring-boot\3.4.3\spring-boot-3.4.3.jar;C:\Users\PRASANTH\.m2\repository\org\springframework\boot\spring-boot-autoconfigure\3.4.3\spring-boot-autoconfigure-3.4.3.jar;C:\Users\PRASANTH\.m2\repository\com\mysql\mysql-connector-j\9.1.0\mysql-connector-j-9.1.0.jar;C:\Users\PRASANTH\.m2\repository\jakarta\xml\bind\jakarta.xml.bind-api\4.0.2\jakarta.xml.bind-api-4.0.2.jar;C:\Users\PRASANTH\.m2\repository\jakarta\activation\jakarta.activation-api\2.1.3\jakarta.activation-api-2.1.3.jar;C:\Users\PRASANTH\.m2\repository\org\springframework\spring-core\6.2.3\spring-core-6.2.3.jar;C:\Users\PRASANTH\.m2\repository\org\springframework\spring-jcl\6.2.3\spring-jcl-6.2.3.jar
Launcher Type: SUN_STANDARD

[Global flags]
     intx CICompilerCount                          = 4                                         {product} {ergonomic}
     uint ConcGCThreads                            = 3                                         {product} {ergonomic}
     uint G1ConcRefinementThreads                  = 10                                        {product} {ergonomic}
   size_t G1HeapRegionSize                         = 1048576                                   {product} {ergonomic}
    uintx GCDrainStackTargetSize                   = 64                                        {product} {ergonomic}
   size_t InitialHeapSize                          = 123731968                                 {product} {ergonomic}
     bool ManagementServer                         = true                                      {product} {command line}
   size_t MarkStackSize                            = 4194304                                   {product} {ergonomic}
   size_t MaxHeapSize                              = 1977614336                                {product} {ergonomic}
   size_t MaxNewSize                               = 1185939456                                {product} {ergonomic}
   size_t MinHeapDeltaBytes                        = 1048576                                   {product} {ergonomic}
   size_t MinHeapSize                              = 8388608                                   {product} {ergonomic}
    uintx NonNMethodCodeHeapSize                   = 4096                                   {pd product} {ergonomic}
    uintx NonProfiledCodeHeapSize                  = 0                                      {pd product} {ergonomic}
     bool ProfileInterpreter                       = false                                  {pd product} {command line}
    uintx ProfiledCodeHeapSize                     = 0                                      {pd product} {ergonomic}
     bool ShowCodeDetailsInExceptionMessages       = true                                   {manageable} {command line}
   size_t SoftMaxHeapSize                          = 1977614336                             {manageable} {ergonomic}
     intx TieredStopAtLevel                        = 1                                         {product} {command line}
     bool UseCompressedOops                        = true                           {product lp64_product} {ergonomic}
     bool UseG1GC                                  = true                                      {product} {ergonomic}
     bool UseLargePagesIndividualAllocation        = false                                  {pd product} {ergonomic}

Logging:
Log output configuration:
 #0: stdout all=warning uptime,level,tags foldmultilines=false
 #1: stderr all=off uptime,level,tags foldmultilines=false

Environment Variables:
PATH=C:\Users\PRASANTH\Downloads\sts-4.24.0.RELEASE\plugins\org.eclipse.justj.openjdk.hotspot.jre.full.win32.x86_64_21.0.3.v20240426-1530\jre\bin;C:/Users/PRASANTH/Downloads/sts-4.24.0.RELEASE//plugins/org.eclipse.justj.openjdk.hotspot.jre.full.win32.x86_64_21.0.3.v20240426-1530/jre/bin/server;C:/Users/PRASANTH/Downloads/sts-4.24.0.RELEASE//plugins/org.eclipse.justj.openjdk.hotspot.jre.full.win32.x86_64_21.0.3.v20240426-1530/jre/bin;C:\Program Files\Common Files\Oracle\Java\javapath;C:\Python310\Scripts\;C:\Python310\;C:\Program Files\Python310\Scripts\;C:\Program Files\Python310\;C:\windows\system32;C:\windows;C:\windows\System32\Wbem;C:\windows\System32\WindowsPowerShell\v1.0\;C:\windows\System32\OpenSSH\;C:\Program Files (x86)\NVIDIA Corporation\PhysX\Common;C:\Program Files\NVIDIA Corporation\NVIDIA NvDLISR;C:\WINDOWS\system32;C:\WINDOWS;C:\WINDOWS\System32\Wbem;C:\WINDOWS\System32\WindowsPowerShell\v1.0\;C:\WINDOWS\System32\OpenSSH\;C:\Program Files (x86)\MATLAB\R2009a\bin;C:\Program Files (x86)\MATLAB\R2009a\bin\win32;C:\ProgramData\chocolatey\bin;C:\Program Files\dotnet\;C:\Program Files (x86)\dotnet\;C:\Program Files\HP\HP One Agent;C:\WINDOWS\system32;C:\WINDOWS;C:\WINDOWS\System32\Wbem;C:\WINDOWS\System32\WindowsPowerShell\v1.0\;C:\WINDOWS\System32\OpenSSH\;C:\Program Files\Git\cmd;C:\Program Files (x86)\Git\cmd;%JAVA_HOME%\bin;C:\Program Files\PowerShell\7\;C:\softwares\apache-maven-3.8.8\bin;C:\Program Files\nodejs\;C:\Program Files\Docker\Docker\resources\bin;C:\Program Files\PuTTY\;C:\Users\PRASANTH\AppData\Local\Programs\Python\Python313\Scripts\;C:\Users\PRASANTH\AppData\Local\Programs\Python\Python313\;C:\Program Files\MySQL\MySQL Shell 8.0\bin\;C:\MinGW\bin;C:\Users\PRASANTH\AppData\Local\Programs\Microsoft VS Code\bin;C:\Users\PRASANTH\AppData\Local\Microsoft\WindowsApps;;C:\Program Files\JetBrains\IntelliJ IDEA Community Edition 2024.1\bin;;C:\Program Files\JetBrains\PyCharm 2024.1\bin;;C:\Program Files\JetBrains\PyCharm Community Edition 2024.1\bin;;C:\Users\PRASANTH\AppData\Roaming\npm;C:\Users\PRASANTH\Downloads\sts-4.24.0.RELEASE;
USERNAME=PRASANTH
OS=Windows_NT
PROCESSOR_IDENTIFIER=AMD64 Family 23 Model 96 Stepping 1, AuthenticAMD
TMP=C:\Users\PRASANTH\AppData\Local\Temp
TEMP=C:\Users\PRASANTH\AppData\Local\Temp




Periodic native trim disabled

---------------  S Y S T E M  ---------------

OS:
 Windows 11 , 64 bit Build 26100 (10.0.26100.3360)
OS uptime: 5 days 10:00 hours
Hyper-V role detected

CPU: total 12 (initial active 12) (12 cores per cpu, 2 threads per core) family 23 model 96 stepping 1 microcode 0x860010c, cx8, cmov, fxsr, ht, mmx, 3dnowpref, sse, sse2, sse3, ssse3, sse4a, sse4.1, sse4.2, popcnt, lzcnt, tsc, tscinvbit, avx, avx2, aes, clmul, bmi1, bmi2, adx, sha, fma, vzeroupper, clflush, clflushopt, hv, rdtscp, rdpid, f16c
Processor Information for all 12 processors :
  Max Mhz: 3000, Current Mhz: 3000, Mhz Limit: 3000

Memory: 4k page, system-wide physical 7539M (577M free)
TotalPageFile size 19827M (AvailPageFile size 883M)
current process WorkingSet (physical memory assigned to process): 259M, peak: 295M
current process commit charge ("private bytes"): 329M, peak: 343M

vm_info: OpenJDK 64-Bit Server VM (21.0.3+9-LTS) for windows-amd64 JRE (21.0.3+9-LTS), built on 2024-04-16T00:00:00Z by "admin" with MS VC++ 17.7 (VS2022)

END.
