#
# A fatal error has been detected by the Java Runtime Environment:
#
#  EXCEPTION_ACCESS_VIOLATION (0xc0000005) at pc=0x000002b3a0f2102c, pid=5460, tid=16180
#
# JRE version: OpenJDK Runtime Environment Temurin-21.0.3+9 (21.0.3+9) (build 21.0.3+9-LTS)
# Java VM: OpenJDK 64-Bit Server VM Temurin-21.0.3+9 (21.0.3+9-LTS, mixed mode, emulated-client, tiered, compressed oops, compressed class ptrs, g1 gc, windows-amd64)
# Problematic frame:
# v  ~BufferBlob::MethodHandles adapters 0x000002b3a0f2102c
#
# No core dump will be written. Minidumps are not enabled by default on client versions of Windows
#
# If you would like to submit a bug report, please visit:
#   https://github.com/adoptium/adoptium-support/issues
#

---------------  S U M M A R Y ------------

Command Line: -XX:+ShowCodeDetailsInExceptionMessages -agentlib:jdwp=transport=dt_socket,suspend=y,address=localhost:59074 -Dcom.sun.management.jmxremote -Dcom.sun.management.jmxremote.port=59066 -Dcom.sun.management.jmxremote.authenticate=false -Dcom.sun.management.jmxremote.ssl=false -Djava.rmi.server.hostname=localhost -Dspring.jmx.enabled=true -Dmanagement.endpoints.jmx.exposure.include=* -Dspring.application.admin.enabled=true -XX:TieredStopAtLevel=1 -Dspring.boot.project.name=ServicesManagement -javaagent:C:\Users\PRASANTH\Downloads\sts-4.24.0.RELEASE\configuration\org.eclipse.osgi\270\0\.cp\lib\javaagent-shaded.jar -Dfile.encoding=UTF-8 -Dstdout.encoding=UTF-8 -Dstderr.encoding=UTF-8 com.services.ServicesManagementApplication --spring.output.ansi.enabled=always

Host: AMD Ryzen 5 4600H with Radeon Graphics         , 12 cores, 7G,  Windows 11 , 64 bit Build 26100 (10.0.26100.3360)
Time: Thu Mar  6 21:42:59 2025 India Standard Time elapsed time: 103.246927 seconds (0d 0h 1m 43s)

---------------  T H R E A D  ---------------

Current thread (0x000002b3b1dfae30):  JavaThread "restartedMain"        [_thread_in_Java, id=16180, stack(0x000000f6f7f00000,0x000000f6f8000000) (1024K)]

Stack: [0x000000f6f7f00000,0x000000f6f8000000],  sp=0x000000f6f7ffdb28,  free space=1014k
Native frames: (J=compiled Java code, j=interpreted, Vv=VM code, C=native code)
C  0x000002b3a0f2102c

The last pc belongs to _linkToSpecial (printed below).

siginfo: EXCEPTION_ACCESS_VIOLATION (0xc0000005), reading address 0xffffffffffffffff


Registers:
RAX=0x000002b3a0ef9086, RBX=0x90437af000000000, RCX=0x000000f6f7ffdb30, RDX=0x0000000000000002
RSP=0x000000f6f7ffdb28, RBP=0x000000f6f7ffdb78, RSI=0x000002b3af1de618, RDI=0x000002b3aeba7b30
R8 =0x0000000000000004, R9 =0x0000000000000004, R10=0x00007ffaf9191a30, R11=0x000002b3aa3e7388
R12=0x0000000000000000, R13=0x000000f6f7ffdb28, R14=0x000000f6f7ffdb98, R15=0x000002b3b1dfae30
RIP=0x000002b3a0f2102c, EFLAGS=0x0000000000010202


Register to memory mapping:

RAX=0x000002b3a0ef9086 is at code_begin+3078 in an Interpreter codelet
return entry points  [0x000002b3a0ef8480, 0x000002b3a0efa298]  7704 bytes
RBX=0x90437af000000000 is an unknown value
RCX=0x000000f6f7ffdb30 is pointing into the stack for thread: 0x000002b3b1dfae30
RDX=0x0000000000000002 is an unknown value
RSP=0x000000f6f7ffdb28 is pointing into the stack for thread: 0x000002b3b1dfae30
RBP=0x000000f6f7ffdb78 is pointing into the stack for thread: 0x000002b3b1dfae30
RSI=0x000002b3af1de618 points into unknown readable memory: 0x80000f00babfef71 | 71 ef bf ba 00 0f 00 80
RDI=0x000002b3aeba7b30 points into unknown readable memory: 0x0000001800000070 | 70 00 00 00 18 00 00 00
R8 =0x0000000000000004 is an unknown value
R9 =0x0000000000000004 is an unknown value
R10=0x00007ffaf9191a30 jvm.dll
R11={method} {0x000002b3aa3e7390} 'newInvokeSpecial' '(Ljava/lang/Object;)Ljava/lang/Object;' in 'java/lang/invoke/DirectMethodHandle$Holder'
R12=0x0 is null
R13=0x000000f6f7ffdb28 is pointing into the stack for thread: 0x000002b3b1dfae30
R14=0x000000f6f7ffdb98 is pointing into the stack for thread: 0x000002b3b1dfae30
R15=0x000002b3b1dfae30 is a thread

Top of Stack: (sp=0x000000f6f7ffdb28)
0x000000f6f7ffdb28:   000002b3a0ef9086 000000f6f7ffdb30
0x000000f6f7ffdb38:   000002b3aa3e7377 0000000000000004
0x000000f6f7ffdb48:   000002b3aa3eb150 000000008de82cf8
0x000000f6f7ffdb58:   000000008a383470 000002b3aa3e7388
0x000000f6f7ffdb68:   000000f6f7ffdb28 000000f6f7ffdba0
0x000000f6f7ffdb78:   000000f6f7ffeeb8 000002b3a12a1a5b
0x000000f6f7ffdb88:   00000000904379f8 0000000090437aa0
0x000000f6f7ffdb98:   0000000090437a58 0000000090437808
0x000000f6f7ffdba8:   000002b3b12936d0 000000f6f7ffeeb8
0x000000f6f7ffdbb8:   000002b3a1809b74 000002b3a9df1098
0x000000f6f7ffdbc8:   00007ffaf8a629f2 000000f6f7ffb4e0
0x000000f6f7ffdbd8:   0000000000000052 0000000000000000
0x000000f6f7ffdbe8:   000002b3b1dfae30 000002b3b1dfae30
0x000000f6f7ffdbf8:   00007ffaf8a67a52 000002b3b062d0f8
0x000000f6f7ffdc08:   000000f6f7ffb480 000002b3b617cb00
0x000000f6f7ffdc18:   000000008a99be88 000000008de82cf8
0x000000f6f7ffdc28:   00000000904376d0 00000000904376d0
0x000000f6f7ffdc38:   0000000090437808 0000000090437a88
0x000000f6f7ffdc48:   0000000090437860 000000008de82cf8
0x000000f6f7ffdc58:   0000000000000001 000000f6f7ffeeb8
0x000000f6f7ffdc68:   000002b300000000 0000000000000000
0x000000f6f7ffdc78:   0000000000000000 0000000090437a58
0x000000f6f7ffdc88:   000002b3a129efdc 0000000000000000
0x000000f6f7ffdc98:   0000000000000000 0000000000000000
0x000000f6f7ffdca8:   000002b3b1dfae00 000002b3b1dfae30
0x000000f6f7ffdcb8:   0000000000000000 0000000090437808
0x000000f6f7ffdcc8:   0000000000000000 00000000904376d0
0x000000f6f7ffdcd8:   0000000090437a88 0000000090437808
0x000000f6f7ffdce8:   0000000000000000 0000000000000000
0x000000f6f7ffdcf8:   000002b3a12a0fb4 000000f6f7ffeeb8
0x000000f6f7ffdd08:   000002b3a129dcea 0000000000000000
0x000000f6f7ffdd18:   000002b3a11bc721 0000000000000000 

Instructions: (pc=0x000002b3a0f2102c)
0x000002b3a0f20f2c:   8b 59 14 8b 5b 28 8b 5b 24 48 8b 5b 10 48 85 db
0x000002b3a0f20f3c:   0f 84 10 00 00 00 41 80 bf e0 05 00 00 00 74 03
0x000002b3a0f20f4c:   ff 63 38 ff 63 50 e9 a9 16 00 00 66 0f 1f 84 00
0x000002b3a0f20f5c:   00 00 00 00 48 8b 53 08 0f b7 52 2e 48 8b 0c d4
0x000002b3a0f20f6c:   58 5b 50 44 8b 51 08 49 c1 e2 03 4c 8b 5b 10 4b
0x000002b3a0f20f7c:   8b 9c da c8 01 00 00 48 85 db 0f 84 10 00 00 00
0x000002b3a0f20f8c:   41 80 bf e0 05 00 00 00 74 03 ff 63 38 ff 63 50
0x000002b3a0f20f9c:   e9 5f 16 00 00 66 66 66 0f 1f 84 00 00 00 00 00
0x000002b3a0f20fac:   66 66 0f 1f 84 00 00 00 00 00 66 66 0f 1f 84 00
0x000002b3a0f20fbc:   00 00 00 00 58 5b 50 8b 5b 24 48 8b 5b 10 48 85
0x000002b3a0f20fcc:   db 0f 84 10 00 00 00 41 80 bf e0 05 00 00 00 74
0x000002b3a0f20fdc:   03 ff 63 38 ff 63 50 e9 18 16 00 00 66 66 66 0f
0x000002b3a0f20fec:   1f 84 00 00 00 00 00 0f 1f 80 00 00 00 00 66 0f
0x000002b3a0f20ffc:   1f 44 00 00 48 8b 53 08 0f b7 52 2e 48 8b 0c d4
0x000002b3a0f2100c:   58 5b 50 48 3b 01 8b 5b 24 48 8b 5b 10 48 85 db
0x000002b3a0f2101c:   0f 84 10 00 00 00 41 80 bf e0 05 00 00 00 74 03
0x000002b3a0f2102c:   ff 63 38 ff 63 50 e9 c9 15 00 00 66 0f 1f 84 00
0x000002b3a0f2103c:   00 00 00 00 48 8b 53 08 0f b7 52 2e 48 8b 0c d4
0x000002b3a0f2104c:   58 5b 50 44 8b 51 08 49 c1 e2 03 8b 43 18 48 8b
0x000002b3a0f2105c:   40 10 48 8b 5b 10 45 8b 9a a0 00 00 00 4f 8d 9c
0x000002b3a0f2106c:   da c8 01 00 00 4d 8d 14 da 49 8b 1b 48 3b c3 74
0x000002b3a0f2107c:   15 48 85 db 0f 84 32 00 00 00 49 83 c3 10 49 8b
0x000002b3a0f2108c:   1b 48 3b c3 75 eb 45 8b 5b 08 4b 8b 1c 1a 48 85
0x000002b3a0f2109c:   db 0f 84 10 00 00 00 41 80 bf e0 05 00 00 00 74
0x000002b3a0f210ac:   03 ff 63 38 ff 63 50 e9 48 15 00 00 e9 43 12 00
0x000002b3a0f210bc:   00 f4 00 00 00 00 00 00 00 00 00 00 00 00 00 00
0x000002b3a0f210cc:   00 00 00 00 00 00 00 00 00 00 00 00 00 00 00 00
0x000002b3a0f210dc:   00 00 00 00 00 00 00 00 00 00 00 00 00 00 00 00
0x000002b3a0f210ec:   00 00 00 00 00 00 00 00 00 00 00 00 00 00 00 00
0x000002b3a0f210fc:   00 00 00 00 00 00 00 00 00 00 00 00 00 00 00 00
0x000002b3a0f2110c:   00 00 00 00 00 00 00 00 00 00 00 00 00 00 00 00
0x000002b3a0f2111c:   00 00 00 00 00 00 00 00 00 00 00 00 00 00 00 00 


Stack slot to memory mapping:

stack at sp + 0 slots: 0x000002b3a0ef9086 is at code_begin+3078 in an Interpreter codelet
return entry points  [0x000002b3a0ef8480, 0x000002b3a0efa298]  7704 bytes
stack at sp + 1 slots: 0x000000f6f7ffdb30 is pointing into the stack for thread: 0x000002b3b1dfae30
stack at sp + 2 slots: 0x000002b3aa3e7377 is pointing into metadata
stack at sp + 3 slots: 0x0000000000000004 is an unknown value
stack at sp + 4 slots: 0x000002b3aa3eb150 is pointing into metadata
stack at sp + 5 slots: 0x000000008de82cf8 is an oop: java.lang.Class 
{0x000000008de82cf8} - klass: 'java/lang/Class'
 - ---- fields (total size 14 words):
 - private volatile transient 'classRedefinedCount' 'I' @12  1 (0x00000001)
 - injected 'klass' 'J' @16  4307704320 (0x0000000100c25a00)
 - injected 'array_klass' 'J' @24  0 (0x0000000000000000)
 - injected 'oop_size' 'I' @32  14 (0x0000000e)
 - injected 'static_oop_field_count' 'I' @36  0 (0x00000000)
 - private volatile transient 'cachedConstructor' 'Ljava/lang/reflect/Constructor;' @40  null (0x00000000)
 - private transient 'name' 'Ljava/lang/String;' @44  "com.services.controller.ServicesController"{0x000000008a3f3ab8} (0x8a3f3ab8)
 - private transient 'module' 'Ljava/lang/Module;' @48  a 'java/lang/Module'{0x000000008de82c50} (0x8de82c50)
 - private final 'classLoader' 'Ljava/lang/ClassLoader;' @52  a 'org/springframework/boot/devtools/restart/classloader/RestartClassLoader'{0x000000008de000a0} (0x8de000a0)
 - private transient 'classData' 'Ljava/lang/Object;' @56  null (0x00000000)
 - private transient 'packageName' 'Ljava/lang/String;' @60  "com.services.controller"{0x000000008a3f3b10} (0x8a3f3b10)
 - private final 'componentType' 'Ljava/lang/Class;' @64  null (0x00000000)
 - private volatile transient 'reflectionData' 'Ljava/lang/ref/SoftReference;' @68  a 'java/lang/ref/SoftReference'{0x000000008de849f0} (0x8de849f0)
 - private volatile transient 'genericInfo' 'Lsun/reflect/generics/repository/ClassRepository;' @72  null (0x00000000)
 - private volatile transient 'enumConstants' '[Ljava/lang/Object;' @76  null (0x00000000)
 - private volatile transient 'enumConstantDirectory' 'Ljava/util/Map;' @80  null (0x00000000)
 - private volatile transient 'annotationData' 'Ljava/lang/Class$AnnotationData;' @84  a 'java/lang/Class$AnnotationData'{0x000000008de84a68} (0x8de84a68)
 - private volatile transient 'annotationType' 'Lsun/reflect/annotation/AnnotationType;' @88  null (0x00000000)
 - transient 'classValueMap' 'Ljava/lang/ClassValue$ClassValueMap;' @92  null (0x00000000)
 - injected 'protection_domain' 'Ljava/lang/Object;' @96  a 'java/security/ProtectionDomain'{0x000000008de37610} (0x8de37610)
 - injected 'signers_name' 'Ljava/lang/Object;' @100  null (0x00000000)
 - injected 'source_file' 'Ljava/lang/Object;' @104  null (0x00000000)
 - signature: Lcom/services/controller/ServicesController;
 - ---- static fields (0):
stack at sp + 6 slots: 0x000000008a383470 is an oop: java.lang.Class 
{0x000000008a383470} - klass: 'java/lang/Class'
 - ---- fields (total size 14 words):
 - private volatile transient 'classRedefinedCount' 'I' @12  0 (0x00000000)
 - injected 'klass' 'J' @16  4295174240 (0x0000000100032860)
 - injected 'array_klass' 'J' @24  0 (0x0000000000000000)
 - injected 'oop_size' 'I' @32  14 (0x0000000e)
 - injected 'static_oop_field_count' 'I' @36  0 (0x00000000)
 - private volatile transient 'cachedConstructor' 'Ljava/lang/reflect/Constructor;' @40  null (0x00000000)
 - private transient 'name' 'Ljava/lang/String;' @44  null (0x00000000)
 - private transient 'module' 'Ljava/lang/Module;' @48  a 'java/lang/Module'{0x000000008a37fec0} (0x8a37fec0)
 - private final 'classLoader' 'Ljava/lang/ClassLoader;' @52  null (0x00000000)
 - private transient 'classData' 'Ljava/lang/Object;' @56  null (0x00000000)
 - private transient 'packageName' 'Ljava/lang/String;' @60  null (0x00000000)
 - private final 'componentType' 'Ljava/lang/Class;' @64  null (0x00000000)
 - private volatile transient 'reflectionData' 'Ljava/lang/ref/SoftReference;' @68  null (0x00000000)
 - private volatile transient 'genericInfo' 'Lsun/reflect/generics/repository/ClassRepository;' @72  null (0x00000000)
 - private volatile transient 'enumConstants' '[Ljava/lang/Object;' @76  null (0x00000000)
 - private volatile transient 'enumConstantDirectory' 'Ljava/util/Map;' @80  null (0x00000000)
 - private volatile transient 'annotationData' 'Ljava/lang/Class$AnnotationData;' @84  null (0x00000000)
 - private volatile transient 'annotationType' 'Lsun/reflect/annotation/AnnotationType;' @88  null (0x00000000)
 - transient 'classValueMap' 'Ljava/lang/ClassValue$ClassValueMap;' @92  null (0x00000000)
 - injected 'protection_domain' 'Ljava/lang/Object;' @96  null (0x00000000)
 - injected 'signers_name' 'Ljava/lang/Object;' @100  null (0x00000000)
 - injected 'source_file' 'Ljava/lang/Object;' @104  null (0x00000000)
 - signature: Ljava/lang/invoke/DirectMethodHandle$Holder;
 - ---- static fields (0):
stack at sp + 7 slots: {method} {0x000002b3aa3e7390} 'newInvokeSpecial' '(Ljava/lang/Object;)Ljava/lang/Object;' in 'java/lang/invoke/DirectMethodHandle$Holder'

MethodHandle::interpreter_entry::_linkToSpecial [0x000002b3a0f20fe8, 0x000002b3a0f21037] (79 bytes)
[MachCode]
  0x000002b3a0f20fe8: 6666 660f | 1f84 0000 | 0000 000f | 1f80 0000 | 0000 660f | 1f44 0000 | 488b 5308 | 0fb7 522e 
  0x000002b3a0f21008: 488b 0cd4 | 585b 5048 | 3b01 8b5b | 2448 8b5b | 1048 85db | 0f84 1000 | 0000 4180 | bfe0 0500 
  0x000002b3a0f21028: 0000 7403 | ff63 38ff | 6350 e9c9 | 
[/MachCode]

---------------  P R O C E S S  ---------------

Threads class SMR info:
_java_thread_list=0x000002b3b1c4fe40, length=32, elements={
0x000002b3a9c7be80, 0x000002b3a9c7c4f0, 0x000002b3a9c5c3e0, 0x000002b3a9c5ce40,
0x000002b3a9c59870, 0x000002b3a9c84f60, 0x000002b3a9c855d0, 0x000002b3a92c3970,
0x000002b3a9ef4e40, 0x000002b3a9ef8bc0, 0x000002b3a9ef9240, 0x000002b3aeacb160,
0x000002b3aeccc780, 0x000002b3ae4ad3b0, 0x000002b3aed83210, 0x000002b3af0a6950,
0x000002b3af1712b0, 0x000002b3af1c1af0, 0x000002b3af223ef0, 0x000002b3b1df86d0,
0x000002b3af221100, 0x000002b3aeb53ca0, 0x000002b3aeb53610, 0x000002b3aeb528f0,
0x000002b3b1dfe2b0, 0x000002b3b1dfae30, 0x000002b3a9efde60, 0x000002b3b1df8040,
0x000002b3b1df93f0, 0x000002b3b1dfc1e0, 0x000002b3b1df9a80, 0x000002b3b1dfa110
}

Java Threads: ( => current thread )
  0x000002b3a9c7be80 JavaThread "Reference Handler"          daemon [_thread_blocked, id=16256, stack(0x000000f6f8900000,0x000000f6f8a00000) (1024K)]
  0x000002b3a9c7c4f0 JavaThread "Finalizer"                  daemon [_thread_blocked, id=7532, stack(0x000000f6f8a00000,0x000000f6f8b00000) (1024K)]
  0x000002b3a9c5c3e0 JavaThread "Signal Dispatcher"          daemon [_thread_blocked, id=15064, stack(0x000000f6f8b00000,0x000000f6f8c00000) (1024K)]
  0x000002b3a9c5ce40 JavaThread "Attach Listener"            daemon [_thread_blocked, id=19580, stack(0x000000f6f8c00000,0x000000f6f8d00000) (1024K)]
  0x000002b3a9c59870 JavaThread "Service Thread"             daemon [_thread_blocked, id=14708, stack(0x000000f6f8d00000,0x000000f6f8e00000) (1024K)]
  0x000002b3a9c84f60 JavaThread "Monitor Deflation Thread"   daemon [_thread_blocked, id=7680, stack(0x000000f6f8e00000,0x000000f6f8f00000) (1024K)]
  0x000002b3a9c855d0 JavaThread "C1 CompilerThread0"         daemon [_thread_blocked, id=15888, stack(0x000000f6f8f00000,0x000000f6f9000000) (1024K)]
  0x000002b3a92c3970 JavaThread "Common-Cleaner"             daemon [_thread_blocked, id=16176, stack(0x000000f6f9000000,0x000000f6f9100000) (1024K)]
  0x000002b3a9ef4e40 JavaThread "JDWP Transport Listener: dt_socket" daemon [_thread_blocked, id=18412, stack(0x000000f6f9200000,0x000000f6f9300000) (1024K)]
  0x000002b3a9ef8bc0 JavaThread "JDWP Event Helper Thread"   daemon [_thread_blocked, id=18824, stack(0x000000f6f9300000,0x000000f6f9400000) (1024K)]
  0x000002b3a9ef9240 JavaThread "JDWP Command Reader"        daemon [_thread_in_native, id=18976, stack(0x000000f6f9400000,0x000000f6f9500000) (1024K)]
  0x000002b3aeacb160 JavaThread "Notification Thread"        daemon [_thread_blocked, id=416, stack(0x000000f6f9600000,0x000000f6f9700000) (1024K)]
  0x000002b3aeccc780 JavaThread "RMI TCP Accept-0"           daemon [_thread_in_native, id=16172, stack(0x000000f6f9700000,0x000000f6f9800000) (1024K)]
  0x000002b3ae4ad3b0 JavaThread "RMI TCP Accept-59066"       daemon [_thread_in_native, id=16520, stack(0x000000f6fa000000,0x000000f6fa100000) (1024K)]
  0x000002b3aed83210 JavaThread "RMI TCP Accept-0"           daemon [_thread_in_native, id=17688, stack(0x000000f6fa100000,0x000000f6fa200000) (1024K)]
  0x000002b3af0a6950 JavaThread "RMI Scheduler(0)"           daemon [_thread_blocked, id=3032, stack(0x000000f6fa300000,0x000000f6fa400000) (1024K)]
  0x000002b3af1712b0 JavaThread "RMI TCP Connection(12)-127.0.0.1" daemon [_thread_in_native, id=12708, stack(0x000000f6fa400000,0x000000f6fa500000) (1024K)]
  0x000002b3af1c1af0 JavaThread "JMX server connection timeout 39" daemon [_thread_blocked, id=20632, stack(0x000000f6fa500000,0x000000f6fa600000) (1024K)]
  0x000002b3af223ef0 JavaThread "mysql-cj-abandoned-connection-cleanup" daemon [_thread_blocked, id=4612, stack(0x000000f6faf00000,0x000000f6fb000000) (1024K)]
  0x000002b3b1df86d0 JavaThread "spectator-gauge-polling-0"  daemon [_thread_blocked, id=15244, stack(0x000000f6fb500000,0x000000f6fb600000) (1024K)]
  0x000002b3af221100 JavaThread "DestroyJavaVM"                     [_thread_blocked, id=19620, stack(0x000000f6f8100000,0x000000f6f8200000) (1024K)]
  0x000002b3aeb53ca0 JavaThread "RMI TCP Connection(11)-127.0.0.1" daemon [_thread_in_native, id=16940, stack(0x000000f6fc800000,0x000000f6fc900000) (1024K)]
  0x000002b3aeb53610 JavaThread "RMI TCP Connection(idle)"   daemon [_thread_blocked, id=9524, stack(0x000000f6fca00000,0x000000f6fcb00000) (1024K)]
  0x000002b3aeb528f0 JavaThread "RMI TCP Connection(9)-127.0.0.1" daemon [_thread_in_native, id=16380, stack(0x000000f6fcc00000,0x000000f6fcd00000) (1024K)]
  0x000002b3b1dfe2b0 JavaThread "Thread-7"                          [_thread_blocked, id=6188, stack(0x000000f6f7e00000,0x000000f6f7f00000) (1024K)]
=>0x000002b3b1dfae30 JavaThread "restartedMain"                     [_thread_in_Java, id=16180, stack(0x000000f6f7f00000,0x000000f6f8000000) (1024K)]
  0x000002b3a9efde60 JavaThread "C1 CompilerThread1"         daemon [_thread_blocked, id=7708, stack(0x000000f6f8000000,0x000000f6f8100000) (1024K)]
  0x000002b3b1df8040 JavaThread "Catalina-utility-1"                [_thread_blocked, id=15980, stack(0x000000f6fa200000,0x000000f6fa300000) (1024K)]
  0x000002b3b1df93f0 JavaThread "Catalina-utility-2"                [_thread_blocked, id=14268, stack(0x000000f6fa700000,0x000000f6fa800000) (1024K)]
  0x000002b3b1dfc1e0 JavaThread "container-0"                       [_thread_blocked, id=5044, stack(0x000000f6fa800000,0x000000f6fa900000) (1024K)]
  0x000002b3b1df9a80 JavaThread "HikariPool-3 housekeeper"   daemon [_thread_blocked, id=12716, stack(0x000000f6fab00000,0x000000f6fac00000) (1024K)]
  0x000002b3b1dfa110 JavaThread "HikariPool-3 connection adder" daemon [_thread_blocked, id=3200, stack(0x000000f6fac00000,0x000000f6fad00000) (1024K)]
Total: 32

Other Threads:
  0x000002b39b90ae70 VMThread "VM Thread"                           [id=6604, stack(0x000000f6f8800000,0x000000f6f8900000) (1024K)]
  0x000002b3a92c2f90 WatcherThread "VM Periodic Task Thread"        [id=816, stack(0x000000f6f8700000,0x000000f6f8800000) (1024K)]
  0x000002b39b90b5b0 WorkerThread "GC Thread#0"                     [id=11080, stack(0x000000f6f8200000,0x000000f6f8300000) (1024K)]
  0x000002b39b909ff0 WorkerThread "GC Thread#1"                     [id=1480, stack(0x000000f6f9800000,0x000000f6f9900000) (1024K)]
  0x000002b3ae990a10 WorkerThread "GC Thread#2"                     [id=21240, stack(0x000000f6f9900000,0x000000f6f9a00000) (1024K)]
  0x000002b3ae98ed10 WorkerThread "GC Thread#3"                     [id=17188, stack(0x000000f6f9a00000,0x000000f6f9b00000) (1024K)]
  0x000002b3ae990670 WorkerThread "GC Thread#4"                     [id=18948, stack(0x000000f6f9b00000,0x000000f6f9c00000) (1024K)]
  0x000002b3ae98d3b0 WorkerThread "GC Thread#5"                     [id=19640, stack(0x000000f6f9c00000,0x000000f6f9d00000) (1024K)]
  0x000002b3ae98de90 WorkerThread "GC Thread#6"                     [id=14960, stack(0x000000f6f9d00000,0x000000f6f9e00000) (1024K)]
  0x000002b3ae98e5d0 WorkerThread "GC Thread#7"                     [id=8624, stack(0x000000f6f9e00000,0x000000f6f9f00000) (1024K)]
  0x000002b3ae98f0b0 WorkerThread "GC Thread#8"                     [id=14748, stack(0x000000f6f9f00000,0x000000f6fa000000) (1024K)]
  0x000002b3ae98ff30 WorkerThread "GC Thread#9"                     [id=11244, stack(0x000000f6fa600000,0x000000f6fa700000) (1024K)]
  0x000002b39d387cb0 ConcurrentGCThread "G1 Main Marker"            [id=6284, stack(0x000000f6f8300000,0x000000f6f8400000) (1024K)]
  0x000002b39b90b210 WorkerThread "G1 Conc#0"                       [id=13292, stack(0x000000f6f8400000,0x000000f6f8500000) (1024K)]
  0x000002b3ae98f7f0 WorkerThread "G1 Conc#1"                       [id=20728, stack(0x000000f6fa900000,0x000000f6faa00000) (1024K)]
  0x000002b3ae98fb90 WorkerThread "G1 Conc#2"                       [id=820, stack(0x000000f6faa00000,0x000000f6fab00000) (1024K)]
  0x000002b39d3ceaf0 ConcurrentGCThread "G1 Refine#0"               [id=12608, stack(0x000000f6f8500000,0x000000f6f8600000) (1024K)]
  0x000002b3a919b920 ConcurrentGCThread "G1 Service"                [id=1940, stack(0x000000f6f8600000,0x000000f6f8700000) (1024K)]
Total: 18

Threads with active compile tasks:
Total: 0

VM state: not at safepoint (normal execution)

VM Mutex/Monitor currently owned by a thread: None

Heap address: 0x000000008a200000, size: 1886 MB, Compressed Oops mode: 32-bit

CDS archive(s) not mapped
Compressed class space mapped at: 0x0000000100000000-0x0000000140000000, reserved size: 1073741824
Narrow klass base: 0x0000000000000000, Narrow klass shift: 3, Narrow klass range: 0x140000000

GC Precious Log:
 CardTable entry size: 512
 Card Set container configuration: InlinePtr #cards 5 size 8 Array Of Cards #cards 12 size 40 Howl #buckets 4 coarsen threshold 1843 Howl Bitmap #cards 512 size 80 coarsen threshold 460 Card regions per heap region 1 cards per card region 2048
 CPUs: 12 total, 12 available
 Memory: 7539M
 Large Page Support: Disabled
 NUMA Support: Disabled
 Compressed Oops: Enabled (32-bit)
 Heap Region Size: 1M
 Heap Min Capacity: 8M
 Heap Initial Capacity: 118M
 Heap Max Capacity: 1886M
 Pre-touch: Disabled
 Parallel Workers: 10
 Concurrent Workers: 3
 Concurrent Refinement Workers: 10
 Periodic GC: Disabled

Heap:
 garbage-first heap   total 114688K, used 56037K [0x000000008a200000, 0x0000000100000000)
  region size 1024K, 20 young (20480K), 5 survivors (5120K)
 Metaspace       used 89142K, committed 90176K, reserved 1179648K
  class space    used 11983K, committed 12416K, reserved 1048576K

Heap Regions: E=young(eden), S=young(survivor), O=old, HS=humongous(starts), HC=humongous(continues), CS=collection set, F=free, TAMS=top-at-mark-start, PB=parsable bottom
|   0|0x000000008a200000, 0x000000008a300000, 0x000000008a300000|100%|HS|  |TAMS 0x000000008a200000| PB 0x000000008a200000| Complete 
|   1|0x000000008a300000, 0x000000008a3fffd8, 0x000000008a400000| 99%| O|  |TAMS 0x000000008a300000| PB 0x000000008a300000| Untracked 
|   2|0x000000008a400000, 0x000000008a500000, 0x000000008a500000|100%|HS|  |TAMS 0x000000008a400000| PB 0x000000008a400000| Complete 
|   3|0x000000008a500000, 0x000000008a600000, 0x000000008a600000|100%|HS|  |TAMS 0x000000008a500000| PB 0x000000008a500000| Complete 
|   4|0x000000008a600000, 0x000000008a700000, 0x000000008a700000|100%| O|  |TAMS 0x000000008a600000| PB 0x000000008a600000| Untracked 
|   5|0x000000008a700000, 0x000000008a800000, 0x000000008a800000|100%| O|  |TAMS 0x000000008a700000| PB 0x000000008a700000| Untracked 
|   6|0x000000008a800000, 0x000000008a900000, 0x000000008a900000|100%| O|  |TAMS 0x000000008a800000| PB 0x000000008a800000| Untracked 
|   7|0x000000008a900000, 0x000000008a9ffff0, 0x000000008aa00000| 99%| O|  |TAMS 0x000000008a900000| PB 0x000000008a900000| Untracked 
|   8|0x000000008aa00000, 0x000000008aaffff8, 0x000000008ab00000| 99%| O|  |TAMS 0x000000008aa00000| PB 0x000000008aa00000| Untracked 
|   9|0x000000008ab00000, 0x000000008abfffa0, 0x000000008ac00000| 99%| O|  |TAMS 0x000000008ab00000| PB 0x000000008ab00000| Untracked 
|  10|0x000000008ac00000, 0x000000008acfffd8, 0x000000008ad00000| 99%| O|  |TAMS 0x000000008ac00000| PB 0x000000008ac00000| Untracked 
|  11|0x000000008ad00000, 0x000000008ae00000, 0x000000008ae00000|100%| O|  |TAMS 0x000000008ad00000| PB 0x000000008ad00000| Untracked 
|  12|0x000000008ae00000, 0x000000008af00000, 0x000000008af00000|100%| O|  |TAMS 0x000000008ae00000| PB 0x000000008ae00000| Untracked 
|  13|0x000000008af00000, 0x000000008b000000, 0x000000008b000000|100%| O|  |TAMS 0x000000008af00000| PB 0x000000008af00000| Untracked 
|  14|0x000000008b000000, 0x000000008b0ffff8, 0x000000008b100000| 99%| O|  |TAMS 0x000000008b000000| PB 0x000000008b000000| Untracked 
|  15|0x000000008b100000, 0x000000008b1ffff0, 0x000000008b200000| 99%| O|  |TAMS 0x000000008b100000| PB 0x000000008b100000| Untracked 
|  16|0x000000008b200000, 0x000000008b300000, 0x000000008b300000|100%| O|  |TAMS 0x000000008b200000| PB 0x000000008b200000| Untracked 
|  17|0x000000008b300000, 0x000000008b3ffff8, 0x000000008b400000| 99%| O|  |TAMS 0x000000008b300000| PB 0x000000008b300000| Untracked 
|  18|0x000000008b400000, 0x000000008b4fffd0, 0x000000008b500000| 99%| O|  |TAMS 0x000000008b400000| PB 0x000000008b400000| Untracked 
|  19|0x000000008b500000, 0x000000008b5fffe8, 0x000000008b600000| 99%| O|  |TAMS 0x000000008b500000| PB 0x000000008b500000| Untracked 
|  20|0x000000008b600000, 0x000000008b6fffe0, 0x000000008b700000| 99%| O|  |TAMS 0x000000008b600000| PB 0x000000008b600000| Untracked 
|  21|0x000000008b700000, 0x000000008b7ffff0, 0x000000008b800000| 99%| O|  |TAMS 0x000000008b700000| PB 0x000000008b700000| Untracked 
|  22|0x000000008b800000, 0x000000008b8ffff8, 0x000000008b900000| 99%| O|  |TAMS 0x000000008b800000| PB 0x000000008b800000| Untracked 
|  23|0x000000008b900000, 0x000000008b9fffd8, 0x000000008ba00000| 99%| O|  |TAMS 0x000000008b900000| PB 0x000000008b900000| Untracked 
|  24|0x000000008ba00000, 0x000000008baffff0, 0x000000008bb00000| 99%| O|  |TAMS 0x000000008ba00000| PB 0x000000008ba00000| Untracked 
|  25|0x000000008bb00000, 0x000000008bbffff8, 0x000000008bc00000| 99%| O|  |TAMS 0x000000008bb00000| PB 0x000000008bb00000| Untracked 
|  26|0x000000008bc00000, 0x000000008bcffff0, 0x000000008bd00000| 99%| O|  |TAMS 0x000000008bc00000| PB 0x000000008bc00000| Untracked 
|  27|0x000000008bd00000, 0x000000008bdffff0, 0x000000008be00000| 99%| O|  |TAMS 0x000000008bd00000| PB 0x000000008bd00000| Untracked 
|  28|0x000000008be00000, 0x000000008befffc0, 0x000000008bf00000| 99%| O|  |TAMS 0x000000008be00000| PB 0x000000008be00000| Untracked 
|  29|0x000000008bf00000, 0x000000008bffffe0, 0x000000008c000000| 99%| O|  |TAMS 0x000000008bf00000| PB 0x000000008bf00000| Untracked 
|  30|0x000000008c000000, 0x000000008c0ffff8, 0x000000008c100000| 99%| O|  |TAMS 0x000000008c000000| PB 0x000000008c000000| Untracked 
|  31|0x000000008c100000, 0x000000008c1fe338, 0x000000008c200000| 99%| O|  |TAMS 0x000000008c100000| PB 0x000000008c100000| Untracked 
|  32|0x000000008c200000, 0x000000008c2b2468, 0x000000008c300000| 69%| O|  |TAMS 0x000000008c200000| PB 0x000000008c200000| Untracked 
|  33|0x000000008c300000, 0x000000008c3a7f58, 0x000000008c400000| 65%| O|  |TAMS 0x000000008c300000| PB 0x000000008c300000| Untracked 
|  34|0x000000008c400000, 0x000000008c418988, 0x000000008c500000|  9%| O|Cm|TAMS 0x000000008c400000| PB 0x000000008c400000| Complete 
|  35|0x000000008c500000, 0x000000008c5a47b8, 0x000000008c600000| 64%| O|  |TAMS 0x000000008c500000| PB 0x000000008c500000| Untracked 
|  36|0x000000008c600000, 0x000000008c670a40, 0x000000008c700000| 44%| O|  |TAMS 0x000000008c600000| PB 0x000000008c600000| Untracked 
|  37|0x000000008c700000, 0x000000008c759538, 0x000000008c800000| 34%| O|  |TAMS 0x000000008c700000| PB 0x000000008c700000| Untracked 
|  38|0x000000008c800000, 0x000000008c900000, 0x000000008c900000|100%|HS|  |TAMS 0x000000008c800000| PB 0x000000008c800000| Complete 
|  39|0x000000008c900000, 0x000000008c900000, 0x000000008ca00000|  0%| F|  |TAMS 0x000000008c900000| PB 0x000000008c900000| Untracked 
|  40|0x000000008ca00000, 0x000000008ca00000, 0x000000008cb00000|  0%| F|  |TAMS 0x000000008ca00000| PB 0x000000008ca00000| Untracked 
|  41|0x000000008cb00000, 0x000000008cb00000, 0x000000008cc00000|  0%| F|  |TAMS 0x000000008cb00000| PB 0x000000008cb00000| Untracked 
|  42|0x000000008cc00000, 0x000000008cc00000, 0x000000008cd00000|  0%| F|  |TAMS 0x000000008cc00000| PB 0x000000008cc00000| Untracked 
|  43|0x000000008cd00000, 0x000000008cd00000, 0x000000008ce00000|  0%| F|  |TAMS 0x000000008cd00000| PB 0x000000008cd00000| Untracked 
|  44|0x000000008ce00000, 0x000000008ce00000, 0x000000008cf00000|  0%| F|  |TAMS 0x000000008ce00000| PB 0x000000008ce00000| Untracked 
|  45|0x000000008cf00000, 0x000000008cf00000, 0x000000008d000000|  0%| F|  |TAMS 0x000000008cf00000| PB 0x000000008cf00000| Untracked 
|  46|0x000000008d000000, 0x000000008d000000, 0x000000008d100000|  0%| F|  |TAMS 0x000000008d000000| PB 0x000000008d000000| Untracked 
|  47|0x000000008d100000, 0x000000008d100000, 0x000000008d200000|  0%| F|  |TAMS 0x000000008d100000| PB 0x000000008d100000| Untracked 
|  48|0x000000008d200000, 0x000000008d200000, 0x000000008d300000|  0%| F|  |TAMS 0x000000008d200000| PB 0x000000008d200000| Untracked 
|  49|0x000000008d300000, 0x000000008d300000, 0x000000008d400000|  0%| F|  |TAMS 0x000000008d300000| PB 0x000000008d300000| Untracked 
|  50|0x000000008d400000, 0x000000008d400000, 0x000000008d500000|  0%| F|  |TAMS 0x000000008d400000| PB 0x000000008d400000| Untracked 
|  51|0x000000008d500000, 0x000000008d500000, 0x000000008d600000|  0%| F|  |TAMS 0x000000008d500000| PB 0x000000008d500000| Untracked 
|  52|0x000000008d600000, 0x000000008d600000, 0x000000008d700000|  0%| F|  |TAMS 0x000000008d600000| PB 0x000000008d600000| Untracked 
|  53|0x000000008d700000, 0x000000008d700000, 0x000000008d800000|  0%| F|  |TAMS 0x000000008d700000| PB 0x000000008d700000| Untracked 
|  54|0x000000008d800000, 0x000000008d800000, 0x000000008d900000|  0%| F|  |TAMS 0x000000008d800000| PB 0x000000008d800000| Untracked 
|  55|0x000000008d900000, 0x000000008d900000, 0x000000008da00000|  0%| F|  |TAMS 0x000000008d900000| PB 0x000000008d900000| Untracked 
|  56|0x000000008da00000, 0x000000008dad9f30, 0x000000008db00000| 85%| S|CS|TAMS 0x000000008da00000| PB 0x000000008da00000| Complete 
|  57|0x000000008db00000, 0x000000008dc00000, 0x000000008dc00000|100%| S|CS|TAMS 0x000000008db00000| PB 0x000000008db00000| Complete 
|  58|0x000000008dc00000, 0x000000008dd00000, 0x000000008dd00000|100%| S|CS|TAMS 0x000000008dc00000| PB 0x000000008dc00000| Complete 
|  59|0x000000008dd00000, 0x000000008de00000, 0x000000008de00000|100%| S|CS|TAMS 0x000000008dd00000| PB 0x000000008dd00000| Complete 
|  60|0x000000008de00000, 0x000000008df00000, 0x000000008df00000|100%| S|CS|TAMS 0x000000008de00000| PB 0x000000008de00000| Complete 
|  61|0x000000008df00000, 0x000000008df00000, 0x000000008e000000|  0%| F|  |TAMS 0x000000008df00000| PB 0x000000008df00000| Untracked 
|  62|0x000000008e000000, 0x000000008e000000, 0x000000008e100000|  0%| F|  |TAMS 0x000000008e000000| PB 0x000000008e000000| Untracked 
|  63|0x000000008e100000, 0x000000008e100000, 0x000000008e200000|  0%| F|  |TAMS 0x000000008e100000| PB 0x000000008e100000| Untracked 
|  64|0x000000008e200000, 0x000000008e200000, 0x000000008e300000|  0%| F|  |TAMS 0x000000008e200000| PB 0x000000008e200000| Untracked 
|  65|0x000000008e300000, 0x000000008e300000, 0x000000008e400000|  0%| F|  |TAMS 0x000000008e300000| PB 0x000000008e300000| Untracked 
|  66|0x000000008e400000, 0x000000008e400000, 0x000000008e500000|  0%| F|  |TAMS 0x000000008e400000| PB 0x000000008e400000| Untracked 
|  67|0x000000008e500000, 0x000000008e500000, 0x000000008e600000|  0%| F|  |TAMS 0x000000008e500000| PB 0x000000008e500000| Untracked 
|  68|0x000000008e600000, 0x000000008e600000, 0x000000008e700000|  0%| F|  |TAMS 0x000000008e600000| PB 0x000000008e600000| Untracked 
|  69|0x000000008e700000, 0x000000008e700000, 0x000000008e800000|  0%| F|  |TAMS 0x000000008e700000| PB 0x000000008e700000| Untracked 
|  70|0x000000008e800000, 0x000000008e800000, 0x000000008e900000|  0%| F|  |TAMS 0x000000008e800000| PB 0x000000008e800000| Untracked 
|  71|0x000000008e900000, 0x000000008e900000, 0x000000008ea00000|  0%| F|  |TAMS 0x000000008e900000| PB 0x000000008e900000| Untracked 
|  72|0x000000008ea00000, 0x000000008ea00000, 0x000000008eb00000|  0%| F|  |TAMS 0x000000008ea00000| PB 0x000000008ea00000| Untracked 
|  73|0x000000008eb00000, 0x000000008eb00000, 0x000000008ec00000|  0%| F|  |TAMS 0x000000008eb00000| PB 0x000000008eb00000| Untracked 
|  74|0x000000008ec00000, 0x000000008ec00000, 0x000000008ed00000|  0%| F|  |TAMS 0x000000008ec00000| PB 0x000000008ec00000| Untracked 
|  75|0x000000008ed00000, 0x000000008ed00000, 0x000000008ee00000|  0%| F|  |TAMS 0x000000008ed00000| PB 0x000000008ed00000| Untracked 
|  76|0x000000008ee00000, 0x000000008ee00000, 0x000000008ef00000|  0%| F|  |TAMS 0x000000008ee00000| PB 0x000000008ee00000| Untracked 
|  77|0x000000008ef00000, 0x000000008ef00000, 0x000000008f000000|  0%| F|  |TAMS 0x000000008ef00000| PB 0x000000008ef00000| Untracked 
|  78|0x000000008f000000, 0x000000008f000000, 0x000000008f100000|  0%| F|  |TAMS 0x000000008f000000| PB 0x000000008f000000| Untracked 
|  79|0x000000008f100000, 0x000000008f100000, 0x000000008f200000|  0%| F|  |TAMS 0x000000008f100000| PB 0x000000008f100000| Untracked 
|  80|0x000000008f200000, 0x000000008f200000, 0x000000008f300000|  0%| F|  |TAMS 0x000000008f200000| PB 0x000000008f200000| Untracked 
|  81|0x000000008f300000, 0x000000008f300000, 0x000000008f400000|  0%| F|  |TAMS 0x000000008f300000| PB 0x000000008f300000| Untracked 
|  82|0x000000008f400000, 0x000000008f400000, 0x000000008f500000|  0%| F|  |TAMS 0x000000008f400000| PB 0x000000008f400000| Untracked 
|  83|0x000000008f500000, 0x000000008f500000, 0x000000008f600000|  0%| F|  |TAMS 0x000000008f500000| PB 0x000000008f500000| Untracked 
|  84|0x000000008f600000, 0x000000008f600000, 0x000000008f700000|  0%| F|  |TAMS 0x000000008f600000| PB 0x000000008f600000| Untracked 
|  85|0x000000008f700000, 0x000000008f700000, 0x000000008f800000|  0%| F|  |TAMS 0x000000008f700000| PB 0x000000008f700000| Untracked 
|  86|0x000000008f800000, 0x000000008f800000, 0x000000008f900000|  0%| F|  |TAMS 0x000000008f800000| PB 0x000000008f800000| Untracked 
|  87|0x000000008f900000, 0x000000008f900000, 0x000000008fa00000|  0%| F|  |TAMS 0x000000008f900000| PB 0x000000008f900000| Untracked 
|  88|0x000000008fa00000, 0x000000008fa00000, 0x000000008fb00000|  0%| F|  |TAMS 0x000000008fa00000| PB 0x000000008fa00000| Untracked 
|  89|0x000000008fb00000, 0x000000008fb00000, 0x000000008fc00000|  0%| F|  |TAMS 0x000000008fb00000| PB 0x000000008fb00000| Untracked 
|  90|0x000000008fc00000, 0x000000008fc00000, 0x000000008fd00000|  0%| F|  |TAMS 0x000000008fc00000| PB 0x000000008fc00000| Untracked 
|  91|0x000000008fd00000, 0x000000008fd00000, 0x000000008fe00000|  0%| F|  |TAMS 0x000000008fd00000| PB 0x000000008fd00000| Untracked 
|  92|0x000000008fe00000, 0x000000008fe00000, 0x000000008ff00000|  0%| F|  |TAMS 0x000000008fe00000| PB 0x000000008fe00000| Untracked 
|  93|0x000000008ff00000, 0x000000008ff00000, 0x0000000090000000|  0%| F|  |TAMS 0x000000008ff00000| PB 0x000000008ff00000| Untracked 
|  94|0x0000000090000000, 0x0000000090000000, 0x0000000090100000|  0%| F|  |TAMS 0x0000000090000000| PB 0x0000000090000000| Untracked 
|  95|0x0000000090100000, 0x0000000090100000, 0x0000000090200000|  0%| F|  |TAMS 0x0000000090100000| PB 0x0000000090100000| Untracked 
|  96|0x0000000090200000, 0x0000000090200000, 0x0000000090300000|  0%| F|  |TAMS 0x0000000090200000| PB 0x0000000090200000| Untracked 
|  97|0x0000000090300000, 0x000000009039e9e8, 0x0000000090400000| 61%| E|  |TAMS 0x0000000090300000| PB 0x0000000090300000| Complete 
|  98|0x0000000090400000, 0x0000000090500000, 0x0000000090500000|100%| E|CS|TAMS 0x0000000090400000| PB 0x0000000090400000| Complete 
|  99|0x0000000090500000, 0x0000000090600000, 0x0000000090600000|100%| E|CS|TAMS 0x0000000090500000| PB 0x0000000090500000| Complete 
| 100|0x0000000090600000, 0x0000000090700000, 0x0000000090700000|100%| E|CS|TAMS 0x0000000090600000| PB 0x0000000090600000| Complete 
| 101|0x0000000090700000, 0x0000000090800000, 0x0000000090800000|100%| E|CS|TAMS 0x0000000090700000| PB 0x0000000090700000| Complete 
| 102|0x0000000090800000, 0x0000000090900000, 0x0000000090900000|100%| E|CS|TAMS 0x0000000090800000| PB 0x0000000090800000| Complete 
| 103|0x0000000090900000, 0x0000000090a00000, 0x0000000090a00000|100%| E|CS|TAMS 0x0000000090900000| PB 0x0000000090900000| Complete 
| 104|0x0000000090a00000, 0x0000000090b00000, 0x0000000090b00000|100%| E|CS|TAMS 0x0000000090a00000| PB 0x0000000090a00000| Complete 
| 105|0x0000000090b00000, 0x0000000090c00000, 0x0000000090c00000|100%| E|CS|TAMS 0x0000000090b00000| PB 0x0000000090b00000| Complete 
| 106|0x0000000090c00000, 0x0000000090d00000, 0x0000000090d00000|100%| E|CS|TAMS 0x0000000090c00000| PB 0x0000000090c00000| Complete 
| 107|0x0000000090d00000, 0x0000000090e00000, 0x0000000090e00000|100%| E|CS|TAMS 0x0000000090d00000| PB 0x0000000090d00000| Complete 
| 108|0x0000000090e00000, 0x0000000090f00000, 0x0000000090f00000|100%| E|CS|TAMS 0x0000000090e00000| PB 0x0000000090e00000| Complete 
| 109|0x0000000090f00000, 0x0000000091000000, 0x0000000091000000|100%| E|CS|TAMS 0x0000000090f00000| PB 0x0000000090f00000| Complete 
| 110|0x0000000091000000, 0x0000000091100000, 0x0000000091100000|100%| E|CS|TAMS 0x0000000091000000| PB 0x0000000091000000| Complete 
| 117|0x0000000091700000, 0x0000000091800000, 0x0000000091800000|100%| E|CS|TAMS 0x0000000091700000| PB 0x0000000091700000| Complete 

Card table byte_map: [0x000002b3a4d40000,0x000002b3a50f0000] _byte_map_base: 0x000002b3a48ef000

Marking Bits: (CMBitMap*) 0x000002b39d378660
 Bits: [0x000002b3a50f0000, 0x000002b3a6e68000)

Polling page: 0x000002b39bc90000

Metaspace:

Usage:
  Non-class:     75.35 MB used.
      Class:     11.70 MB used.
       Both:     87.05 MB used.

Virtual space:
  Non-class space:      128.00 MB reserved,      75.94 MB ( 59%) committed,  2 nodes.
      Class space:        1.00 GB reserved,      12.12 MB (  1%) committed,  1 nodes.
             Both:        1.12 GB reserved,      88.06 MB (  8%) committed. 

Chunk freelists:
   Non-Class:  4.05 MB
       Class:  3.94 MB
        Both:  7.99 MB

MaxMetaspaceSize: unlimited
CompressedClassSpaceSize: 1.00 GB
Initial GC threshold: 21.00 MB
Current GC threshold: 146.81 MB
CDS: off
 - commit_granule_bytes: 65536.
 - commit_granule_words: 8192.
 - virtual_space_node_default_size: 8388608.
 - enlarge_chunks_in_place: 1.
 - use_allocation_guard: 0.


Internal statistics:

num_allocs_failed_limit: 9.
num_arena_births: 1612.
num_arena_deaths: 590.
num_vsnodes_births: 3.
num_vsnodes_deaths: 0.
num_space_committed: 1409.
num_space_uncommitted: 0.
num_chunks_returned_to_freelist: 674.
num_chunks_taken_from_freelist: 4681.
num_chunk_merges: 189.
num_chunk_splits: 3162.
num_chunks_enlarged: 2289.
num_inconsistent_stats: 0.

CodeCache: size=49152Kb used=13959Kb max_used=14662Kb free=35192Kb
 bounds [0x000002b3a0ef0000, 0x000002b3a1d50000, 0x000002b3a3ef0000]
 total_blobs=7263 nmethods=6530 adapters=654
 compilation: enabled
              stopped_count=0, restarted_count=0
 full_count=0

Compilation events (20 events):
Event: 100.122 Thread 0x000002b3a9efde60 nmethod 8592 0x000002b3a1630090 code [0x000002b3a1630220, 0x000002b3a16302e8]
Event: 100.122 Thread 0x000002b3a9c855d0 nmethod 8594 0x000002b3a1672b90 code [0x000002b3a1672d20, 0x000002b3a1672de8]
Event: 100.122 Thread 0x000002b3a9efde60 8595       1       com.mysql.cj.protocol.a.result.OkPacket::setInfo (6 bytes)
Event: 100.122 Thread 0x000002b3a9c855d0 8596       1       com.mysql.cj.protocol.a.result.OkPacket::getStatusFlags (5 bytes)
Event: 100.122 Thread 0x000002b3a9c855d0 nmethod 8596 0x000002b3a167a610 code [0x000002b3a167a7a0, 0x000002b3a167a868]
Event: 100.122 Thread 0x000002b3a9efde60 nmethod 8595 0x000002b3a1681c10 code [0x000002b3a1681da0, 0x000002b3a1681eb0]
Event: 100.122 Thread 0x000002b3a9c855d0 8597       1       com.mysql.cj.protocol.a.NativeServerSession::getServerSessionStateController (5 bytes)
Event: 100.122 Thread 0x000002b3a9efde60 8598       1       com.mysql.cj.protocol.a.result.OkPacket::getSessionStateChanges (5 bytes)
Event: 100.122 Thread 0x000002b3a9efde60 nmethod 8598 0x000002b3a169f390 code [0x000002b3a169f520, 0x000002b3a169f5e8]
Event: 100.122 Thread 0x000002b3a9c855d0 nmethod 8597 0x000002b3a16ad010 code [0x000002b3a16ad1a0, 0x000002b3a16ad268]
Event: 100.166 Thread 0x000002b3a9c855d0 8599       1       com.mysql.cj.conf.StringProperty::getStringValue (8 bytes)
Event: 100.166 Thread 0x000002b3a9c855d0 nmethod 8599 0x000002b3a16bb090 code [0x000002b3a16bb220, 0x000002b3a16bb318]
Event: 100.169 Thread 0x000002b3a9c855d0 8600       1       com.mysql.cj.protocol.a.MysqlTextValueDecoder::getLong (324 bytes)
Event: 100.169 Thread 0x000002b3a9efde60 8601       1       com.mysql.cj.protocol.a.NativeServerSession::getServerVariable (14 bytes)
Event: 100.169 Thread 0x000002b3a9efde60 nmethod 8601 0x000002b3a146f490 code [0x000002b3a146f640, 0x000002b3a146f778]
Event: 100.171 Thread 0x000002b3a9c855d0 nmethod 8600 0x000002b3a1957390 code [0x000002b3a1957680, 0x000002b3a19583b0]
Event: 100.219 Thread 0x000002b3a9c855d0 8602       1       ch.qos.logback.classic.Logger::filterAndLog_2 (75 bytes)
Event: 100.219 Thread 0x000002b3a9efde60 8603       1       ch.qos.logback.classic.LoggerContext::getTurboFilterChainDecision_2 (43 bytes)
Event: 100.220 Thread 0x000002b3a9efde60 nmethod 8603 0x000002b3a1a5cf10 code [0x000002b3a1a5d0e0, 0x000002b3a1a5d490]
Event: 100.220 Thread 0x000002b3a9c855d0 nmethod 8602 0x000002b3a1b70b10 code [0x000002b3a1b70d20, 0x000002b3a1b712a8]

GC Heap History (20 events):
Event: 6.858 GC heap before
{Heap before GC invocations=20 (full 0):
 garbage-first heap   total 95232K, used 82852K [0x000000008a200000, 0x0000000100000000)
  region size 1024K, 51 young (52224K), 5 survivors (5120K)
 Metaspace       used 68813K, committed 69504K, reserved 1114112K
  class space    used 9104K, committed 9408K, reserved 1048576K
}
Event: 6.862 GC heap after
{Heap after GC invocations=21 (full 0):
 garbage-first heap   total 95232K, used 35778K [0x000000008a200000, 0x0000000100000000)
  region size 1024K, 4 young (4096K), 4 survivors (4096K)
 Metaspace       used 68813K, committed 69504K, reserved 1114112K
  class space    used 9104K, committed 9408K, reserved 1048576K
}
Event: 7.317 GC heap before
{Heap before GC invocations=21 (full 0):
 garbage-first heap   total 95232K, used 83906K [0x000000008a200000, 0x0000000100000000)
  region size 1024K, 51 young (52224K), 4 survivors (4096K)
 Metaspace       used 73168K, committed 73856K, reserved 1114112K
  class space    used 9671K, committed 9984K, reserved 1048576K
}
Event: 7.321 GC heap after
{Heap after GC invocations=22 (full 0):
 garbage-first heap   total 95232K, used 37286K [0x000000008a200000, 0x0000000100000000)
  region size 1024K, 5 young (5120K), 5 survivors (5120K)
 Metaspace       used 73168K, committed 73856K, reserved 1114112K
  class space    used 9671K, committed 9984K, reserved 1048576K
}
Event: 7.801 GC heap before
{Heap before GC invocations=22 (full 0):
 garbage-first heap   total 95232K, used 83366K [0x000000008a200000, 0x0000000100000000)
  region size 1024K, 50 young (51200K), 5 survivors (5120K)
 Metaspace       used 76272K, committed 76992K, reserved 1179648K
  class space    used 10120K, committed 10432K, reserved 1048576K
}
Event: 7.807 GC heap after
{Heap after GC invocations=23 (full 0):
 garbage-first heap   total 95232K, used 40187K [0x000000008a200000, 0x0000000100000000)
  region size 1024K, 7 young (7168K), 7 survivors (7168K)
 Metaspace       used 76272K, committed 76992K, reserved 1179648K
  class space    used 10120K, committed 10432K, reserved 1048576K
}
Event: 8.257 GC heap before
{Heap before GC invocations=24 (full 0):
 garbage-first heap   total 95232K, used 80123K [0x000000008a200000, 0x0000000100000000)
  region size 1024K, 46 young (47104K), 7 survivors (7168K)
 Metaspace       used 78403K, committed 79104K, reserved 1179648K
  class space    used 10495K, committed 10816K, reserved 1048576K
}
Event: 8.263 GC heap after
{Heap after GC invocations=25 (full 0):
 garbage-first heap   total 114688K, used 41771K [0x000000008a200000, 0x0000000100000000)
  region size 1024K, 5 young (5120K), 5 survivors (5120K)
 Metaspace       used 78403K, committed 79104K, reserved 1179648K
  class space    used 10495K, committed 10816K, reserved 1048576K
}
Event: 8.795 GC heap before
{Heap before GC invocations=25 (full 0):
 garbage-first heap   total 114688K, used 100139K [0x000000008a200000, 0x0000000100000000)
  region size 1024K, 63 young (64512K), 5 survivors (5120K)
 Metaspace       used 84131K, committed 85056K, reserved 1179648K
  class space    used 11289K, committed 11712K, reserved 1048576K
}
Event: 8.801 GC heap after
{Heap after GC invocations=26 (full 0):
 garbage-first heap   total 114688K, used 44724K [0x000000008a200000, 0x0000000100000000)
  region size 1024K, 8 young (8192K), 8 survivors (8192K)
 Metaspace       used 84131K, committed 85056K, reserved 1179648K
  class space    used 11289K, committed 11712K, reserved 1048576K
}
Event: 79.829 GC heap before
{Heap before GC invocations=26 (full 0):
 garbage-first heap   total 114688K, used 96948K [0x000000008a200000, 0x0000000100000000)
  region size 1024K, 60 young (61440K), 8 survivors (8192K)
 Metaspace       used 88901K, committed 89728K, reserved 1179648K
  class space    used 11979K, committed 12352K, reserved 1048576K
}
Event: 79.836 GC heap after
{Heap after GC invocations=27 (full 0):
 garbage-first heap   total 114688K, used 46427K [0x000000008a200000, 0x0000000100000000)
  region size 1024K, 5 young (5120K), 5 survivors (5120K)
 Metaspace       used 88901K, committed 89728K, reserved 1179648K
  class space    used 11979K, committed 12352K, reserved 1048576K
}
Event: 82.974 GC heap before
{Heap before GC invocations=28 (full 0):
 garbage-first heap   total 114688K, used 49499K [0x000000008a200000, 0x0000000100000000)
  region size 1024K, 9 young (9216K), 5 survivors (5120K)
 Metaspace       used 88678K, committed 89728K, reserved 1179648K
  class space    used 11926K, committed 12352K, reserved 1048576K
}
Event: 83.033 GC heap after
{Heap after GC invocations=29 (full 1):
 garbage-first heap   total 114688K, used 32501K [0x000000008a200000, 0x0000000100000000)
  region size 1024K, 0 young (0K), 0 survivors (0K)
 Metaspace       used 88678K, committed 89728K, reserved 1179648K
  class space    used 11926K, committed 12352K, reserved 1048576K
}
Event: 84.361 GC heap before
{Heap before GC invocations=29 (full 1):
 garbage-first heap   total 114688K, used 101109K [0x000000008a200000, 0x0000000100000000)
  region size 1024K, 67 young (68608K), 0 survivors (0K)
 Metaspace       used 88865K, committed 89728K, reserved 1179648K
  class space    used 11972K, committed 12352K, reserved 1048576K
}
Event: 84.367 GC heap after
{Heap after GC invocations=30 (full 1):
 garbage-first heap   total 114688K, used 38543K [0x000000008a200000, 0x0000000100000000)
  region size 1024K, 6 young (6144K), 6 survivors (6144K)
 Metaspace       used 88865K, committed 89728K, reserved 1179648K
  class space    used 11972K, committed 12352K, reserved 1048576K
}
Event: 97.528 GC heap before
{Heap before GC invocations=30 (full 1):
 garbage-first heap   total 114688K, used 81551K [0x000000008a200000, 0x0000000100000000)
  region size 1024K, 49 young (50176K), 6 survivors (6144K)
 Metaspace       used 89310K, committed 90176K, reserved 1179648K
  class space    used 12031K, committed 12416K, reserved 1048576K
}
Event: 97.607 GC heap after
{Heap after GC invocations=31 (full 2):
 garbage-first heap   total 114688K, used 35709K [0x000000008a200000, 0x0000000100000000)
  region size 1024K, 0 young (0K), 0 survivors (0K)
 Metaspace       used 89076K, committed 90176K, reserved 1179648K
  class space    used 11974K, committed 12416K, reserved 1048576K
}
Event: 99.589 GC heap before
{Heap before GC invocations=31 (full 2):
 garbage-first heap   total 114688K, used 85885K [0x000000008a200000, 0x0000000100000000)
  region size 1024K, 51 young (52224K), 0 survivors (0K)
 Metaspace       used 89103K, committed 90176K, reserved 1179648K
  class space    used 11979K, committed 12416K, reserved 1048576K
}
Event: 99.593 GC heap after
{Heap after GC invocations=32 (full 2):
 garbage-first heap   total 114688K, used 40677K [0x000000008a200000, 0x0000000100000000)
  region size 1024K, 5 young (5120K), 5 survivors (5120K)
 Metaspace       used 89103K, committed 90176K, reserved 1179648K
  class space    used 11979K, committed 12416K, reserved 1048576K
}

Dll operation events (12 events):
Event: 0.016 Loaded shared library C:\Users\PRASANTH\Downloads\sts-4.24.0.RELEASE\plugins\org.eclipse.justj.openjdk.hotspot.jre.full.win32.x86_64_21.0.3.v20240426-1530\jre\bin\java.dll
Event: 0.026 Loaded shared library C:\Users\PRASANTH\Downloads\sts-4.24.0.RELEASE\plugins\org.eclipse.justj.openjdk.hotspot.jre.full.win32.x86_64_21.0.3.v20240426-1530\jre\bin\zip.dll
Event: 0.414 Loaded shared library C:\Users\PRASANTH\Downloads\sts-4.24.0.RELEASE\plugins\org.eclipse.justj.openjdk.hotspot.jre.full.win32.x86_64_21.0.3.v20240426-1530\jre\bin\instrument.dll
Event: 0.429 Loaded shared library C:\Users\PRASANTH\Downloads\sts-4.24.0.RELEASE\plugins\org.eclipse.justj.openjdk.hotspot.jre.full.win32.x86_64_21.0.3.v20240426-1530\jre\bin\net.dll
Event: 0.431 Loaded shared library C:\Users\PRASANTH\Downloads\sts-4.24.0.RELEASE\plugins\org.eclipse.justj.openjdk.hotspot.jre.full.win32.x86_64_21.0.3.v20240426-1530\jre\bin\nio.dll
Event: 0.442 Loaded shared library C:\Users\PRASANTH\Downloads\sts-4.24.0.RELEASE\plugins\org.eclipse.justj.openjdk.hotspot.jre.full.win32.x86_64_21.0.3.v20240426-1530\jre\bin\zip.dll
Event: 0.717 Loaded shared library C:\Users\PRASANTH\Downloads\sts-4.24.0.RELEASE\plugins\org.eclipse.justj.openjdk.hotspot.jre.full.win32.x86_64_21.0.3.v20240426-1530\jre\bin\jimage.dll
Event: 0.815 Loaded shared library C:\Users\PRASANTH\Downloads\sts-4.24.0.RELEASE\plugins\org.eclipse.justj.openjdk.hotspot.jre.full.win32.x86_64_21.0.3.v20240426-1530\jre\bin\management.dll
Event: 0.834 Loaded shared library C:\Users\PRASANTH\Downloads\sts-4.24.0.RELEASE\plugins\org.eclipse.justj.openjdk.hotspot.jre.full.win32.x86_64_21.0.3.v20240426-1530\jre\bin\management_ext.dll
Event: 1.195 Loaded shared library C:\Users\PRASANTH\Downloads\sts-4.24.0.RELEASE\plugins\org.eclipse.justj.openjdk.hotspot.jre.full.win32.x86_64_21.0.3.v20240426-1530\jre\bin\extnet.dll
Event: 1.247 Loaded shared library C:\Users\PRASANTH\Downloads\sts-4.24.0.RELEASE\plugins\org.eclipse.justj.openjdk.hotspot.jre.full.win32.x86_64_21.0.3.v20240426-1530\jre\bin\verify.dll
Event: 2.647 Loaded shared library C:\Users\PRASANTH\Downloads\sts-4.24.0.RELEASE\plugins\org.eclipse.justj.openjdk.hotspot.jre.full.win32.x86_64_21.0.3.v20240426-1530\jre\bin\sunmscapi.dll

Deoptimization events (20 events):
Event: 99.805 Thread 0x000002b3b1dfae30 DEOPT PACKING pc=0x000002b3a16f6ecc sp=0x000000f6f7ffcba0
Event: 99.805 Thread 0x000002b3b1dfae30 DEOPT UNPACKING pc=0x000002b3a0f44e42 sp=0x000000f6f7ffc0d8 mode 1
Event: 99.805 Thread 0x000002b3b1dfae30 DEOPT PACKING pc=0x000002b3a16f7e4c sp=0x000000f6f7ffcc90
Event: 99.805 Thread 0x000002b3b1dfae30 DEOPT UNPACKING pc=0x000002b3a0f44e42 sp=0x000000f6f7ffc240 mode 1
Event: 99.805 Thread 0x000002b3b1dfae30 DEOPT PACKING pc=0x000002b3a16f90f4 sp=0x000000f6f7ffce00
Event: 99.805 Thread 0x000002b3b1dfae30 DEOPT UNPACKING pc=0x000002b3a0f44e42 sp=0x000000f6f7ffc3c0 mode 1
Event: 99.805 Thread 0x000002b3b1dfae30 DEOPT PACKING pc=0x000002b3a16f6ecc sp=0x000000f6f7ffcba0
Event: 99.805 Thread 0x000002b3b1dfae30 DEOPT UNPACKING pc=0x000002b3a0f44e42 sp=0x000000f6f7ffc0d8 mode 1
Event: 99.805 Thread 0x000002b3b1dfae30 DEOPT PACKING pc=0x000002b3a16f7e4c sp=0x000000f6f7ffcc90
Event: 99.805 Thread 0x000002b3b1dfae30 DEOPT UNPACKING pc=0x000002b3a0f44e42 sp=0x000000f6f7ffc240 mode 1
Event: 99.805 Thread 0x000002b3b1dfae30 DEOPT PACKING pc=0x000002b3a16f90f4 sp=0x000000f6f7ffce00
Event: 99.805 Thread 0x000002b3b1dfae30 DEOPT UNPACKING pc=0x000002b3a0f44e42 sp=0x000000f6f7ffc3c0 mode 1
Event: 99.805 Thread 0x000002b3b1dfae30 DEOPT PACKING pc=0x000002b3a16f6ecc sp=0x000000f6f7ffcab0
Event: 99.805 Thread 0x000002b3b1dfae30 DEOPT UNPACKING pc=0x000002b3a0f44e42 sp=0x000000f6f7ffbfe8 mode 1
Event: 99.805 Thread 0x000002b3b1dfae30 DEOPT PACKING pc=0x000002b3a16f7e4c sp=0x000000f6f7ffcba0
Event: 99.805 Thread 0x000002b3b1dfae30 DEOPT UNPACKING pc=0x000002b3a0f44e42 sp=0x000000f6f7ffc150 mode 1
Event: 99.805 Thread 0x000002b3b1dfae30 DEOPT PACKING pc=0x000002b3a16f90f4 sp=0x000000f6f7ffcd10
Event: 99.805 Thread 0x000002b3b1dfae30 DEOPT UNPACKING pc=0x000002b3a0f44e42 sp=0x000000f6f7ffc2d0 mode 1
Event: 102.889 Thread 0x000002b3b1dfae30 DEOPT PACKING pc=0x000002b3a12a079c sp=0x000000f6f7ffdb30
Event: 102.889 Thread 0x000002b3b1dfae30 DEOPT UNPACKING pc=0x000002b3a0f44e42 sp=0x000000f6f7ffcfe8 mode 0

Classes loaded (20 events):
Event: 79.924 Loading class javax/crypto/IllegalBlockSizeException
Event: 79.924 Loading class javax/crypto/IllegalBlockSizeException done
Event: 79.924 Loading class javax/crypto/BadPaddingException
Event: 79.924 Loading class javax/crypto/BadPaddingException done
Event: 82.967 Loading class java/util/WeakHashMap$KeyIterator
Event: 82.967 Loading class java/util/WeakHashMap$HashIterator
Event: 82.968 Loading class java/util/WeakHashMap$HashIterator done
Event: 82.968 Loading class java/util/WeakHashMap$KeyIterator done
Event: 83.046 Loading class java/lang/ref/Finalizer$2
Event: 83.046 Loading class java/lang/ref/Finalizer$2 done
Event: 83.046 Loading class java/lang/ref/Finalizer$1
Event: 83.046 Loading class java/lang/ref/Finalizer$1 done
Event: 83.928 Loading class java/util/WeakHashMap$EntrySet
Event: 83.928 Loading class java/util/WeakHashMap$EntrySet done
Event: 83.928 Loading class java/util/WeakHashMap$EntryIterator
Event: 83.928 Loading class java/util/WeakHashMap$EntryIterator done
Event: 84.517 Loading class java/time/DurationEditor
Event: 84.517 Loading class java/time/DurationEditor done
Event: 85.071 Loading class java/util/concurrent/locks/ReentrantReadWriteLock$Sync$HoldCounter
Event: 85.071 Loading class java/util/concurrent/locks/ReentrantReadWriteLock$Sync$HoldCounter done

Classes unloaded (20 events):
Event: 97.555 Thread 0x000002b39b90ae70 Unloading class 0x00000001005a1400 'java/lang/invoke/LambdaForm$MH+0x00000001005a1400'
Event: 97.555 Thread 0x000002b39b90ae70 Unloading class 0x00000001005a1000 'java/lang/invoke/LambdaForm$MH+0x00000001005a1000'
Event: 97.555 Thread 0x000002b39b90ae70 Unloading class 0x0000000100599800 'java/lang/invoke/LambdaForm$MH+0x0000000100599800'
Event: 97.555 Thread 0x000002b39b90ae70 Unloading class 0x0000000100599000 'java/lang/invoke/LambdaForm$MH+0x0000000100599000'
Event: 97.555 Thread 0x000002b39b90ae70 Unloading class 0x0000000100598400 'java/lang/invoke/LambdaForm$MH+0x0000000100598400'
Event: 97.555 Thread 0x000002b39b90ae70 Unloading class 0x0000000100768800 'org/apache/catalina/loader/JdbcLeakPrevention'
Event: 97.555 Thread 0x000002b39b90ae70 Unloading class 0x0000000100575c00 'java/lang/invoke/LambdaForm$MH+0x0000000100575c00'
Event: 97.555 Thread 0x000002b39b90ae70 Unloading class 0x0000000100575000 'java/lang/invoke/LambdaForm$MH+0x0000000100575000'
Event: 97.555 Thread 0x000002b39b90ae70 Unloading class 0x0000000100554c00 'java/lang/invoke/LambdaForm$MH+0x0000000100554c00'
Event: 97.555 Thread 0x000002b39b90ae70 Unloading class 0x000000010053cc00 'java/lang/invoke/LambdaForm$MH+0x000000010053cc00'
Event: 97.555 Thread 0x000002b39b90ae70 Unloading class 0x0000000100535000 'java/lang/invoke/LambdaForm$MH+0x0000000100535000'
Event: 97.555 Thread 0x000002b39b90ae70 Unloading class 0x0000000100534800 'java/lang/invoke/LambdaForm$MH+0x0000000100534800'
Event: 97.555 Thread 0x000002b39b90ae70 Unloading class 0x0000000100521400 'java/lang/invoke/LambdaForm$MH+0x0000000100521400'
Event: 97.555 Thread 0x000002b39b90ae70 Unloading class 0x0000000100520800 'java/lang/invoke/LambdaForm$MH+0x0000000100520800'
Event: 97.555 Thread 0x000002b39b90ae70 Unloading class 0x0000000100506000 'java/lang/invoke/LambdaForm$MH+0x0000000100506000'
Event: 97.555 Thread 0x000002b39b90ae70 Unloading class 0x0000000100505800 'java/lang/invoke/LambdaForm$MH+0x0000000100505800'
Event: 97.555 Thread 0x000002b39b90ae70 Unloading class 0x00000001004fc400 'java/lang/invoke/LambdaForm$MH+0x00000001004fc400'
Event: 97.555 Thread 0x000002b39b90ae70 Unloading class 0x000000010029d000 'java/lang/invoke/LambdaForm$MH+0x000000010029d000'
Event: 97.555 Thread 0x000002b39b90ae70 Unloading class 0x0000000100220800 'java/lang/invoke/LambdaForm$MH+0x0000000100220800'
Event: 97.555 Thread 0x000002b39b90ae70 Unloading class 0x0000000100000400 'java/lang/invoke/LambdaForm$MH+0x0000000100000400'

Classes redefined (8 events):
Event: 78.578 Thread 0x000002b39b90ae70 redefined class name=com.services.controller.ServicesController, count=1
Event: 93.451 Thread 0x000002b39b90ae70 redefined class name=com.services.controller.ServicesController, count=2
Event: 93.451 Thread 0x000002b39b90ae70 redefined class name=com.services.controller.ServicesController, count=1
Event: 96.649 Thread 0x000002b39b90ae70 redefined class name=com.services.controller.ServicesController, count=3
Event: 96.649 Thread 0x000002b39b90ae70 redefined class name=com.services.controller.ServicesController, count=2
Event: 102.926 Thread 0x000002b39b90ae70 redefined class name=com.services.controller.ServicesController, count=4
Event: 102.926 Thread 0x000002b39b90ae70 redefined class name=com.services.controller.ServicesController, count=1
Event: 102.926 Thread 0x000002b39b90ae70 redefined class name=com.services.controller.ServicesController, count=3

Internal exceptions (20 events):
Event: 83.962 Thread 0x000002b3aeb54330 Exception <a 'java/lang/NoClassDefFoundError'{0x000000008e94a078}: org/jooq/DSLContext> (0x000000008e94a078) 
thrown [s\src\hotspot\share\oops\constantPool.cpp, line 873]
Event: 83.966 Thread 0x000002b3aeb54330 Exception <a 'java/lang/NoClassDefFoundError'{0x000000008e95a370}: org/springframework/batch/core/repository/JobRepository> (0x000000008e95a370) 
thrown [s\src\hotspot\share\oops\constantPool.cpp, line 873]
Event: 83.967 Thread 0x000002b3aeb54330 Exception <a 'java/lang/NoClassDefFoundError'{0x000000008e95a9c8}: org/quartz/Scheduler> (0x000000008e95a9c8) 
thrown [s\src\hotspot\share\oops\constantPool.cpp, line 873]
Event: 83.969 Thread 0x000002b3aeb54330 Exception <a 'java/lang/NoClassDefFoundError'{0x000000008e95b048}: org/springframework/session/jdbc/JdbcIndexedSessionRepository> (0x000000008e95b048) 
thrown [s\src\hotspot\share\oops\constantPool.cpp, line 873]
Event: 83.983 Thread 0x000002b3aeb54330 Exception <a 'java/lang/NoSuchMethodError'{0x000000008e802ef8}: 'void java.lang.invoke.DelegatingMethodHandle$Holder.reinvoke_L(java.lang.Object, java.lang.Object, int)'> (0x000000008e802ef8) 
thrown [s\src\hotspot\share\interpreter\linkResolver.cpp, line 773]
Event: 84.132 Thread 0x000002b3aeb54330 Exception <a 'java/lang/NoSuchMethodError'{0x000000008ddbd840}: 'int java.lang.invoke.DelegatingMethodHandle$Holder.reinvoke_L(java.lang.Object, java.lang.Object, java.lang.Object, java.lang.Object)'> (0x000000008ddbd840) 
thrown [s\src\hotspot\share\interpreter\linkResolver.cpp, line 773]
Event: 84.143 Thread 0x000002b3aeb54330 Exception <a 'java/io/FileNotFoundException'{0x000000008dc1d780}> (0x000000008dc1d780) 
thrown [s\src\hotspot\share\prims\jni.cpp, line 520]
Event: 84.203 Thread 0x000002b3aeb54330 Exception <a 'java/io/FileNotFoundException'{0x000000008d93ab50}> (0x000000008d93ab50) 
thrown [s\src\hotspot\share\prims\jni.cpp, line 520]
Event: 84.790 Thread 0x000002b3aeb54330 Exception <a 'java/net/BindException'{0x000000008fa21cc8}: Address already in use: bind> (0x000000008fa21cc8) 
thrown [s\src\hotspot\share\prims\jni.cpp, line 539]
Event: 85.060 Thread 0x000002b3aeb528f0 Exception <a 'java/lang/NoSuchMethodError'{0x000000008eaabb58}: static [B.<clinit>()V> (0x000000008eaabb58) 
thrown [s\src\hotspot\share\prims\jni.cpp, line 1111]
Event: 97.527 Thread 0x000002b3aeb556e0 Exception <a 'java/lang/InterruptedException'{0x000000008e7e3cd8}: sleep interrupted> (0x000000008e7e3cd8) 
thrown [s\src\hotspot\share\prims\jvm.cpp, line 3074]
Event: 97.630 Thread 0x000002b3b1dfae30 Exception <a 'sun/nio/fs/WindowsException'{0x00000000917a21c8}> (0x00000000917a21c8) 
thrown [s\src\hotspot\share\prims\jni.cpp, line 520]
Event: 98.284 Thread 0x000002b3b1dfae30 Exception <a 'java/lang/NoClassDefFoundError'{0x000000008ec91a38}: org/flywaydb/core/Flyway> (0x000000008ec91a38) 
thrown [s\src\hotspot\share\oops\constantPool.cpp, line 873]
Event: 99.440 Thread 0x000002b3b1dfae30 Exception <a 'java/lang/NoClassDefFoundError'{0x000000008ec92098}: liquibase/integration/spring/SpringLiquibase> (0x000000008ec92098) 
thrown [s\src\hotspot\share\oops\constantPool.cpp, line 873]
Event: 99.454 Thread 0x000002b3b1dfae30 Exception <a 'java/lang/NoClassDefFoundError'{0x000000008eb1cf08}: org/jooq/DSLContext> (0x000000008eb1cf08) 
thrown [s\src\hotspot\share\oops\constantPool.cpp, line 873]
Event: 99.456 Thread 0x000002b3b1dfae30 Exception <a 'java/lang/NoClassDefFoundError'{0x000000008eb2d200}: org/springframework/batch/core/repository/JobRepository> (0x000000008eb2d200) 
thrown [s\src\hotspot\share\oops\constantPool.cpp, line 873]
Event: 99.457 Thread 0x000002b3b1dfae30 Exception <a 'java/lang/NoClassDefFoundError'{0x000000008eb2d858}: org/quartz/Scheduler> (0x000000008eb2d858) 
thrown [s\src\hotspot\share\oops\constantPool.cpp, line 873]
Event: 99.459 Thread 0x000002b3b1dfae30 Exception <a 'java/lang/NoClassDefFoundError'{0x000000008eb2ded8}: org/springframework/session/jdbc/JdbcIndexedSessionRepository> (0x000000008eb2ded8) 
thrown [s\src\hotspot\share\oops\constantPool.cpp, line 873]
Event: 99.584 Thread 0x000002b3b1dfae30 Exception <a 'java/io/FileNotFoundException'{0x000000008e0c4000}> (0x000000008e0c4000) 
thrown [s\src\hotspot\share\prims\jni.cpp, line 520]
Event: 99.657 Thread 0x000002b3b1dfae30 Exception <a 'java/io/FileNotFoundException'{0x0000000090f54bb0}> (0x0000000090f54bb0) 
thrown [s\src\hotspot\share\prims\jni.cpp, line 520]

ZGC Phase Switch (0 events):
No events

VM Operations (20 events):
Event: 98.615 Executing VM operation: Cleanup
Event: 98.616 Executing VM operation: Cleanup done
Event: 99.589 Executing VM operation: G1TryInitiateConcMark (G1 Humongous Allocation)
Event: 99.593 Executing VM operation: G1TryInitiateConcMark (G1 Humongous Allocation) done
Event: 99.626 Executing VM operation: G1PauseRemark
Event: 99.631 Executing VM operation: G1PauseRemark done
Event: 99.640 Executing VM operation: G1PauseCleanup
Event: 99.640 Executing VM operation: G1PauseCleanup done
Event: 100.654 Executing VM operation: Cleanup
Event: 100.654 Executing VM operation: Cleanup done
Event: 102.538 Executing VM operation: get/set locals
Event: 102.538 Executing VM operation: get/set locals done
Event: 102.889 Executing VM operation: ChangeSingleStep
Event: 102.889 Executing VM operation: ChangeSingleStep done
Event: 102.889 Executing VM operation: ChangeSingleStep
Event: 102.889 Executing VM operation: ChangeSingleStep done
Event: 102.916 Executing VM operation: RedefineClasses
Event: 102.949 Executing VM operation: RedefineClasses done
Event: 103.242 Executing VM operation: ChangeSingleStep
Event: 103.242 Executing VM operation: ChangeSingleStep done

Events (20 events):
Event: 99.631 Thread 0x000002b39b90ae70 flushing nmethod 0x000002b3a11c4010
Event: 99.631 Thread 0x000002b39b90ae70 flushing nmethod 0x000002b3a11a8d10
Event: 99.631 Thread 0x000002b39b90ae70 flushing nmethod 0x000002b3a11afc90
Event: 99.631 Thread 0x000002b39b90ae70 flushing nmethod 0x000002b3a11aea90
Event: 99.631 Thread 0x000002b39b90ae70 flushing nmethod 0x000002b3a119aa10
Event: 99.631 Thread 0x000002b39b90ae70 flushing nmethod 0x000002b3a1190b90
Event: 99.631 Thread 0x000002b39b90ae70 flushing nmethod 0x000002b3a10f8890
Event: 99.631 Thread 0x000002b39b90ae70 flushing nmethod 0x000002b3a10e4890
Event: 99.631 Thread 0x000002b39b90ae70 flushing nmethod 0x000002b3a10dc910
Event: 99.631 Thread 0x000002b39b90ae70 flushing nmethod 0x000002b3a1041090
Event: 99.631 Thread 0x000002b39b90ae70 flushing nmethod 0x000002b3a10dba10
Event: 99.631 Thread 0x000002b39b90ae70 flushing nmethod 0x000002b3a1045e90
Event: 99.631 Thread 0x000002b39b90ae70 flushing nmethod 0x000002b3a103e190
Event: 99.631 Thread 0x000002b39b90ae70 flushing nmethod 0x000002b3a103f590
Event: 99.631 Thread 0x000002b39b90ae70 flushing nmethod 0x000002b3a100ec90
Event: 99.658 Thread 0x000002b3b1df8040 Thread added: 0x000002b3b1df8040
Event: 99.658 Thread 0x000002b3b1df93f0 Thread added: 0x000002b3b1df93f0
Event: 99.659 Thread 0x000002b3b1dfc1e0 Thread added: 0x000002b3b1dfc1e0
Event: 99.726 Thread 0x000002b3b1df9a80 Thread added: 0x000002b3b1df9a80
Event: 99.838 Thread 0x000002b3b1dfa110 Thread added: 0x000002b3b1dfa110


Dynamic libraries:
0x00007ff782ef0000 - 0x00007ff782efe000 	C:\Users\PRASANTH\Downloads\sts-4.24.0.RELEASE\plugins\org.eclipse.justj.openjdk.hotspot.jre.full.win32.x86_64_21.0.3.v20240426-1530\jre\bin\javaw.exe
0x00007ffb61800000 - 0x00007ffb61a60000 	C:\WINDOWS\SYSTEM32\ntdll.dll
0x00007ffb5fed0000 - 0x00007ffb5ff97000 	C:\WINDOWS\System32\KERNEL32.DLL
0x00007ffb5ea00000 - 0x00007ffb5edc9000 	C:\WINDOWS\System32\KERNELBASE.dll
0x00007ffb5f340000 - 0x00007ffb5f48c000 	C:\WINDOWS\System32\ucrtbase.dll
0x00007ffb568b0000 - 0x00007ffb568c8000 	C:\Users\PRASANTH\Downloads\sts-4.24.0.RELEASE\plugins\org.eclipse.justj.openjdk.hotspot.jre.full.win32.x86_64_21.0.3.v20240426-1530\jre\bin\jli.dll
0x00007ffb44900000 - 0x00007ffb4491b000 	C:\Users\PRASANTH\Downloads\sts-4.24.0.RELEASE\plugins\org.eclipse.justj.openjdk.hotspot.jre.full.win32.x86_64_21.0.3.v20240426-1530\jre\bin\VCRUNTIME140.dll
0x00007ffb603a0000 - 0x00007ffb6056a000 	C:\WINDOWS\System32\USER32.dll
0x00007ffb5f5f0000 - 0x00007ffb5f617000 	C:\WINDOWS\System32\win32u.dll
0x00007ffb3d780000 - 0x00007ffb3da16000 	C:\WINDOWS\WinSxS\amd64_microsoft.windows.common-controls_6595b64144ccf1df_6.0.26100.3360_none_3e0cc616e3305d09\COMCTL32.dll
0x00007ffb5ffa0000 - 0x00007ffb5ffca000 	C:\WINDOWS\System32\GDI32.dll
0x00007ffb5f890000 - 0x00007ffb5f939000 	C:\WINDOWS\System32\msvcrt.dll
0x00007ffb5ee80000 - 0x00007ffb5efb0000 	C:\WINDOWS\System32\gdi32full.dll
0x00007ffb5edd0000 - 0x00007ffb5ee73000 	C:\WINDOWS\System32\msvcp_win.dll
0x00007ffb60580000 - 0x00007ffb605af000 	C:\WINDOWS\System32\IMM32.DLL
0x00007ffb46560000 - 0x00007ffb4656c000 	C:\Users\PRASANTH\Downloads\sts-4.24.0.RELEASE\plugins\org.eclipse.justj.openjdk.hotspot.jre.full.win32.x86_64_21.0.3.v20240426-1530\jre\bin\vcruntime140_1.dll
0x00007ffb32c80000 - 0x00007ffb32d0e000 	C:\Users\PRASANTH\Downloads\sts-4.24.0.RELEASE\plugins\org.eclipse.justj.openjdk.hotspot.jre.full.win32.x86_64_21.0.3.v20240426-1530\jre\bin\msvcp140.dll
0x00007ffaf84e0000 - 0x00007ffaf9262000 	C:\Users\PRASANTH\Downloads\sts-4.24.0.RELEASE\plugins\org.eclipse.justj.openjdk.hotspot.jre.full.win32.x86_64_21.0.3.v20240426-1530\jre\bin\server\jvm.dll
0x00007ffb5ffd0000 - 0x00007ffb60082000 	C:\WINDOWS\System32\ADVAPI32.dll
0x00007ffb60b60000 - 0x00007ffb60c06000 	C:\WINDOWS\System32\sechost.dll
0x00007ffb5f620000 - 0x00007ffb5f736000 	C:\WINDOWS\System32\RPCRT4.dll
0x00007ffb5fe50000 - 0x00007ffb5fec4000 	C:\WINDOWS\System32\WS2_32.dll
0x00007ffb5e890000 - 0x00007ffb5e8de000 	C:\WINDOWS\SYSTEM32\POWRPROF.dll
0x00007ffb56270000 - 0x00007ffb562a6000 	C:\WINDOWS\SYSTEM32\WINMM.dll
0x00007ffb573b0000 - 0x00007ffb573bb000 	C:\WINDOWS\SYSTEM32\VERSION.dll
0x00007ffb5e870000 - 0x00007ffb5e884000 	C:\WINDOWS\SYSTEM32\UMPDC.dll
0x00007ffb5d820000 - 0x00007ffb5d83a000 	C:\WINDOWS\SYSTEM32\kernel.appcore.dll
0x00007ffb587c0000 - 0x00007ffb587ca000 	C:\Users\PRASANTH\Downloads\sts-4.24.0.RELEASE\plugins\org.eclipse.justj.openjdk.hotspot.jre.full.win32.x86_64_21.0.3.v20240426-1530\jre\bin\jimage.dll
0x00007ffb52720000 - 0x00007ffb52961000 	C:\WINDOWS\SYSTEM32\DBGHELP.DLL
0x00007ffb607d0000 - 0x00007ffb60b52000 	C:\WINDOWS\System32\combase.dll
0x00007ffb60090000 - 0x00007ffb60166000 	C:\WINDOWS\System32\OLEAUT32.dll
0x00007ffb41aa0000 - 0x00007ffb41ad9000 	C:\WINDOWS\SYSTEM32\dbgcore.DLL
0x00007ffb5f490000 - 0x00007ffb5f529000 	C:\WINDOWS\System32\bcryptPrimitives.dll
0x00007ffb325d0000 - 0x00007ffb3260c000 	C:\Users\PRASANTH\Downloads\sts-4.24.0.RELEASE\plugins\org.eclipse.justj.openjdk.hotspot.jre.full.win32.x86_64_21.0.3.v20240426-1530\jre\bin\jdwp.dll
0x00007ffb58640000 - 0x00007ffb5864f000 	C:\Users\PRASANTH\Downloads\sts-4.24.0.RELEASE\plugins\org.eclipse.justj.openjdk.hotspot.jre.full.win32.x86_64_21.0.3.v20240426-1530\jre\bin\instrument.dll
0x00007ffb46de0000 - 0x00007ffb46dff000 	C:\Users\PRASANTH\Downloads\sts-4.24.0.RELEASE\plugins\org.eclipse.justj.openjdk.hotspot.jre.full.win32.x86_64_21.0.3.v20240426-1530\jre\bin\java.dll
0x00007ffb46dc0000 - 0x00007ffb46dd8000 	C:\Users\PRASANTH\Downloads\sts-4.24.0.RELEASE\plugins\org.eclipse.justj.openjdk.hotspot.jre.full.win32.x86_64_21.0.3.v20240426-1530\jre\bin\zip.dll
0x00007ffb60fb0000 - 0x00007ffb616cc000 	C:\WINDOWS\System32\SHELL32.dll
0x00007ffb5f1d0000 - 0x00007ffb5f338000 	C:\WINDOWS\System32\wintypes.dll
0x00007ffb5c6d0000 - 0x00007ffb5cf16000 	C:\WINDOWS\SYSTEM32\windows.storage.dll
0x00007ffb616d0000 - 0x00007ffb617bd000 	C:\WINDOWS\System32\SHCORE.dll
0x00007ffb605c0000 - 0x00007ffb6061d000 	C:\WINDOWS\System32\shlwapi.dll
0x00007ffb5e910000 - 0x00007ffb5e93f000 	C:\WINDOWS\SYSTEM32\profapi.dll
0x00007ffb46d80000 - 0x00007ffb46d8b000 	C:\Users\PRASANTH\Downloads\sts-4.24.0.RELEASE\plugins\org.eclipse.justj.openjdk.hotspot.jre.full.win32.x86_64_21.0.3.v20240426-1530\jre\bin\dt_socket.dll
0x00007ffb5d210000 - 0x00007ffb5d243000 	C:\WINDOWS\SYSTEM32\IPHLPAPI.DLL
0x00007ffb5dd40000 - 0x00007ffb5ddaa000 	C:\WINDOWS\system32\mswsock.dll
0x00007ffb5d2a0000 - 0x00007ffb5d3c5000 	C:\WINDOWS\SYSTEM32\DNSAPI.dll
0x00007ffb60570000 - 0x00007ffb6057a000 	C:\WINDOWS\System32\NSI.dll
0x00007ffb58200000 - 0x00007ffb5820b000 	C:\Windows\System32\rasadhlp.dll
0x00007ffb53e80000 - 0x00007ffb53f05000 	C:\WINDOWS\System32\fwpuclnt.dll
0x00007ffb46cf0000 - 0x00007ffb46d00000 	C:\Users\PRASANTH\Downloads\sts-4.24.0.RELEASE\plugins\org.eclipse.justj.openjdk.hotspot.jre.full.win32.x86_64_21.0.3.v20240426-1530\jre\bin\net.dll
0x00007ffb56e00000 - 0x00007ffb56f1d000 	C:\WINDOWS\SYSTEM32\WINHTTP.dll
0x00007ffb468a0000 - 0x00007ffb468b6000 	C:\Users\PRASANTH\Downloads\sts-4.24.0.RELEASE\plugins\org.eclipse.justj.openjdk.hotspot.jre.full.win32.x86_64_21.0.3.v20240426-1530\jre\bin\nio.dll
0x00007ffb448f0000 - 0x00007ffb448fa000 	C:\Users\PRASANTH\Downloads\sts-4.24.0.RELEASE\plugins\org.eclipse.justj.openjdk.hotspot.jre.full.win32.x86_64_21.0.3.v20240426-1530\jre\bin\management.dll
0x00007ffb3b740000 - 0x00007ffb3b74b000 	C:\Users\PRASANTH\Downloads\sts-4.24.0.RELEASE\plugins\org.eclipse.justj.openjdk.hotspot.jre.full.win32.x86_64_21.0.3.v20240426-1530\jre\bin\management_ext.dll
0x00007ffb5f790000 - 0x00007ffb5f798000 	C:\WINDOWS\System32\PSAPI.DLL
0x00007ffb3cdd0000 - 0x00007ffb3cde8000 	C:\WINDOWS\system32\napinsp.dll
0x00007ffb3b700000 - 0x00007ffb3b712000 	C:\WINDOWS\System32\winrnr.dll
0x00007ffb3aa30000 - 0x00007ffb3aa52000 	C:\WINDOWS\system32\nlansp_c.dll
0x00007ffb57fa0000 - 0x00007ffb57fb6000 	C:\WINDOWS\system32\wshbth.dll
0x00007ffb5dfe0000 - 0x00007ffb5dffc000 	C:\WINDOWS\SYSTEM32\CRYPTSP.dll
0x00007ffb5d780000 - 0x00007ffb5d7ba000 	C:\WINDOWS\system32\rsaenh.dll
0x00007ffb5dde0000 - 0x00007ffb5de0b000 	C:\WINDOWS\SYSTEM32\USERENV.dll
0x00007ffb5e220000 - 0x00007ffb5e246000 	C:\WINDOWS\SYSTEM32\bcrypt.dll
0x00007ffb5e000000 - 0x00007ffb5e00c000 	C:\WINDOWS\SYSTEM32\CRYPTBASE.dll
0x00007ffb45860000 - 0x00007ffb45869000 	C:\Users\PRASANTH\Downloads\sts-4.24.0.RELEASE\plugins\org.eclipse.justj.openjdk.hotspot.jre.full.win32.x86_64_21.0.3.v20240426-1530\jre\bin\extnet.dll
0x00007ffb46ce0000 - 0x00007ffb46cf0000 	C:\Users\PRASANTH\Downloads\sts-4.24.0.RELEASE\plugins\org.eclipse.justj.openjdk.hotspot.jre.full.win32.x86_64_21.0.3.v20240426-1530\jre\bin\verify.dll
0x00007ffb46c80000 - 0x00007ffb46c8e000 	C:\Users\PRASANTH\Downloads\sts-4.24.0.RELEASE\plugins\org.eclipse.justj.openjdk.hotspot.jre.full.win32.x86_64_21.0.3.v20240426-1530\jre\bin\sunmscapi.dll
0x00007ffb5efc0000 - 0x00007ffb5f137000 	C:\WINDOWS\System32\CRYPT32.dll
0x00007ffb5e1e0000 - 0x00007ffb5e210000 	C:\WINDOWS\SYSTEM32\ncrypt.dll
0x00007ffb5e190000 - 0x00007ffb5e1cf000 	C:\WINDOWS\SYSTEM32\NTASN1.dll
0x00007ffb3fb20000 - 0x00007ffb3fb28000 	C:\WINDOWS\system32\wshunix.dll

dbghelp: loaded successfully - version: 4.0.5 - missing functions: none
symbol engine: initialized successfully - sym options: 0x614 - pdb path: .;C:\Users\PRASANTH\Downloads\sts-4.24.0.RELEASE\plugins\org.eclipse.justj.openjdk.hotspot.jre.full.win32.x86_64_21.0.3.v20240426-1530\jre\bin;C:\WINDOWS\SYSTEM32;C:\WINDOWS\WinSxS\amd64_microsoft.windows.common-controls_6595b64144ccf1df_6.0.26100.3360_none_3e0cc616e3305d09;C:\Users\PRASANTH\Downloads\sts-4.24.0.RELEASE\plugins\org.eclipse.justj.openjdk.hotspot.jre.full.win32.x86_64_21.0.3.v20240426-1530\jre\bin\server

VM Arguments:
jvm_args: -XX:+ShowCodeDetailsInExceptionMessages -agentlib:jdwp=transport=dt_socket,suspend=y,address=localhost:59074 -Dcom.sun.management.jmxremote -Dcom.sun.management.jmxremote.port=59066 -Dcom.sun.management.jmxremote.authenticate=false -Dcom.sun.management.jmxremote.ssl=false -Djava.rmi.server.hostname=localhost -Dspring.jmx.enabled=true -Dmanagement.endpoints.jmx.exposure.include=* -Dspring.application.admin.enabled=true -XX:TieredStopAtLevel=1 -Dspring.boot.project.name=ServicesManagement -javaagent:C:\Users\PRASANTH\Downloads\sts-4.24.0.RELEASE\configuration\org.eclipse.osgi\270\0\.cp\lib\javaagent-shaded.jar -Dfile.encoding=UTF-8 -Dstdout.encoding=UTF-8 -Dstderr.encoding=UTF-8 
java_command: com.services.ServicesManagementApplication --spring.output.ansi.enabled=always
java_class_path (initial): D:\DemoProject\ServicesManagement\target\classes;C:\Users\PRASANTH\.m2\repository\org\springframework\cloud\spring-cloud-starter-openfeign\4.2.0\spring-cloud-starter-openfeign-4.2.0.jar;C:\Users\PRASANTH\.m2\repository\org\springframework\cloud\spring-cloud-starter\4.2.0\spring-cloud-starter-4.2.0.jar;C:\Users\PRASANTH\.m2\repository\org\springframework\cloud\spring-cloud-context\4.2.0\spring-cloud-context-4.2.0.jar;C:\Users\PRASANTH\.m2\repository\org\bouncycastle\bcprov-jdk18on\1.78.1\bcprov-jdk18on-1.78.1.jar;C:\Users\PRASANTH\.m2\repository\org\springframework\cloud\spring-cloud-openfeign-core\4.2.0\spring-cloud-openfeign-core-4.2.0.jar;C:\Users\PRASANTH\.m2\repository\io\github\openfeign\feign-form-spring\13.5\feign-form-spring-13.5.jar;C:\Users\PRASANTH\.m2\repository\io\github\openfeign\feign-form\13.5\feign-form-13.5.jar;C:\Users\PRASANTH\.m2\repository\commons-fileupload\commons-fileupload\1.5\commons-fileupload-1.5.jar;C:\Users\PRASANTH\.m2\repository\commons-io\commons-io\2.11.0\commons-io-2.11.0.jar;C:\Users\PRASANTH\.m2\repository\org\springframework\spring-web\6.2.3\spring-web-6.2.3.jar;C:\Users\PRASANTH\.m2\repository\org\springframework\spring-beans\6.2.3\spring-beans-6.2.3.jar;C:\Users\PRASANTH\.m2\repository\io\micrometer\micrometer-observation\1.14.4\micrometer-observation-1.14.4.jar;C:\Users\PRASANTH\.m2\repository\io\micrometer\micrometer-commons\1.14.4\micrometer-commons-1.14.4.jar;C:\Users\PRASANTH\.m2\repository\org\springframework\cloud\spring-cloud-commons\4.2.0\spring-cloud-commons-4.2.0.jar;C:\Users\PRASANTH\.m2\repository\org\springframework\security\spring-security-crypto\6.4.3\spring-security-crypto-6.4.3.jar;C:\Users\PRASANTH\.m2\repository\io\github\openfeign\feign-core\13.5\feign-core-13.5.jar;C:\Users\PRASANTH\.m2\repository\io\github\openfeign\feign-slf4j\13.5\feign-slf4j-13.5.jar;C:\Users\PRASANTH\.m2\repository\org\slf4j\slf4j-api\2.0.16\slf4j-api-2.0.16.jar;C:\Users\PRASANTH\.m2\repository\org\springframework\boot\spring-boot-starter-web\3.4.3\spring-boot-starter-web-3.4.3.jar;C:\Users\PRASANTH\.m2\repository\org\springframework\boot\spring-boot-starter\3.4.3\spring-boot-starter-3.4.3.jar;C:\Users\PRASANTH\.m2\repository\org\springframework\boot\spring-boot-starter-logging\3.4.3\spring-boot-starter-logging-3.4.3.jar;C:\Users\PRASANTH\.m2\repository\ch\qos\logback\logback-classic\1.5.16\logback-classic-1.5.16.jar;C:\Users\PRASANTH\.m2\repository\ch\qos\logback\logback-core\1.5.16\logback-core-1.5.16.jar;C:\Users\PRASANTH\.m2\repository\org\apache\logging\log4j\log4j-to-slf4j\2.24.3\log4j-to-slf4j-2.24.3.jar;C:\Users\PRASANTH\.m2\repository\org\apache\logging\log4j\log4j-api\2.24.3\log4j-api-2.24.3.jar;C:\Users\PRASANTH\.m2\repository\org\slf4j\jul-to-slf4j\2.0.16\jul-to-slf4j-2.0.16.jar;C:\Users\PRASANTH\.m2\repository\jakarta\annotation\jakarta.annotation-api\2.1.1\jakarta.annotation-api-2.1.1.jar;C:\Users\PRASANTH\.m2\repository\org\yaml\snakeyaml\2.3\snakeyaml-2.3.jar;C:\Users\PRASANTH\.m2\repository\org\springframework\boot\spring-boot-starter-json\3.4.3\spring-boot-starter-json-3.4.3.jar;C:\Users\PRASANTH\.m2\repository\com\fasterxml\jackson\core\jackson-databind\2.18.2\jackson-databind-2.18.2.jar;C:\Users\PRASANTH\.m2\repository\com\fasterxml\jackson\datatype\jackson-datatype-jdk8\2.18.2\jackson-datatype-jdk8-2.18.2.jar;C:\Users\PRASANTH\.m2\repository\com\fasterxml\jackson\datatype\jackson-datatype-jsr310\2.18.2\jackson-datatype-jsr310-2.18.2.jar;C:\Users\PRASANTH\.m2\repository\com\fasterxml\jackson\module\jackson-module-parameter-names\2.18.2\jackson-module-parameter-names-2.18.2.jar;C:\Users\PRASANTH\.m2\repository\org\springframework\boot\spring-boot-starter-tomcat\3.4.3\spring-boot-starter-tomcat-3.4.3.jar;C:\Users\PRASANTH\.m2\repository\org\apache\tomcat\embed\tomcat-embed-core\10.1.36\tomcat-embed-core-10.1.36.jar;C:\Users\PRASANTH\.m2\repository\org\apache\tomcat\embed\tomcat-embed-el\10.1.36\tomcat-embed-el-10.1.36.jar;C:\Users\PRASANTH\.m2\repository\org\apache\tomcat\embed\tomcat-embed-websocket\10.1.36\tomcat-embed-websocket-10.1.36.jar;C:\Users\PRASANTH\.m2\repository\org\springframework\spring-webmvc\6.2.3\spring-webmvc-6.2.3.jar;C:\Users\PRASANTH\.m2\repository\org\springframework\spring-aop\6.2.3\spring-aop-6.2.3.jar;C:\Users\PRASANTH\.m2\repository\org\springframework\spring-context\6.2.3\spring-context-6.2.3.jar;C:\Users\PRASANTH\.m2\repository\org\springframework\spring-expression\6.2.3\spring-expression-6.2.3.jar;C:\Users\PRASANTH\.m2\repository\org\springframework\cloud\spring-cloud-starter-netflix-eureka-client\4.2.0\spring-cloud-starter-netflix-eureka-client-4.2.0.jar;C:\Users\PRASANTH\.m2\repository\org\springframework\cloud\spring-cloud-netflix-eureka-client\4.2.0\spring-cloud-netflix-eureka-client-4.2.0.jar;C:\Users\PRASANTH\.m2\repository\org\apache\httpcomponents\client5\httpclient5\5.4.2\httpclient5-5.4.2.jar;C:\Users\PRASANTH\.m2\repository\org\apache\httpcomponents\core5\httpcore5\5.3.3\httpcore5-5.3.3.jar;C:\Users\PRASANTH\.m2\repository\org\apache\httpcomponents\core5\httpcore5-h2\5.3.3\httpcore5-h2-5.3.3.jar;C:\Users\PRASANTH\.m2\repository\com\netflix\eureka\eureka-client\2.0.4\eureka-client-2.0.4.jar;C:\Users\PRASANTH\.m2\repository\com\thoughtworks\xstream\xstream\1.4.20\xstream-1.4.20.jar;C:\Users\PRASANTH\.m2\repository\io\github\x-stream\mxparser\1.2.2\mxparser-1.2.2.jar;C:\Users\PRASANTH\.m2\repository\xmlpull\xmlpull\1.1.3.1\xmlpull-1.1.3.1.jar;C:\Users\PRASANTH\.m2\repository\jakarta\ws\rs\jakarta.ws.rs-api\3.1.0\jakarta.ws.rs-api-3.1.0.jar;C:\Users\PRASANTH\.m2\repository\jakarta\inject\jakarta.inject-api\2.0.1\jakarta.inject-api-2.0.1.jar;C:\Users\PRASANTH\.m2\repository\com\netflix\spectator\spectator-api\1.7.3\spectator-api-1.7.3.jar;C:\Users\PRASANTH\.m2\repository\org\apache\httpcomponents\httpclient\4.5.3\httpclient-4.5.3.jar;C:\Users\PRASANTH\.m2\repository\org\apache\httpcomponents\httpcore\4.4.16\httpcore-4.4.16.jar;C:\Users\PRASANTH\.m2\repository\commons-codec\commons-codec\1.17.2\commons-codec-1.17.2.jar;C:\Users\PRASANTH\.m2\repository\commons-configuration\commons-configuration\1.10\commons-configuration-1.10.jar;C:\Users\PRASANTH\.m2\repository\commons-lang\commons-lang\2.6\commons-lang-2.6.jar;C:\Users\PRASANTH\.m2\repository\com\fasterxml\jackson\core\jackson-annotations\2.18.2\jackson-annotations-2.18.2.jar;C:\Users\PRASANTH\.m2\repository\com\fasterxml\jackson\core\jackson-core\2.18.2\jackson-core-2.18.2.jar;C:\Users\PRASANTH\.m2\repository\com\netflix\netflix-commons\netflix-eventbus\0.3.0\netflix-eventbus-0.3.0.jar;C:\Users\PRASANTH\.m2\repository\com\netflix\netflix-commons\netflix-infix\0.3.0\netflix-infix-0.3.0.jar;C:\Users\PRASANTH\.m2\repository\commons-jxpath\commons-jxpath\1.3\commons-jxpath-1.3.jar;C:\Users\PRASANTH\.m2\repository\joda-time\joda-time\2.3\joda-time-2.3.jar;C:\Users\PRASANTH\.m2\repository\org\antlr\antlr-runtime\3.4\antlr-runtime-3.4.jar;C:\Users\PRASANTH\.m2\repository\org\antlr\stringtemplate\3.2.1\stringtemplate-3.2.1.jar;C:\Users\PRASANTH\.m2\repository\antlr\antlr\2.7.7\antlr-2.7.7.jar;C:\Users\PRASANTH\.m2\repository\com\google\guava\guava\14.0.1\guava-14.0.1.jar;C:\Users\PRASANTH\.m2\repository\com\google\code\gson\gson\2.11.0\gson-2.11.0.jar;C:\Users\PRASANTH\.m2\repository\com\google\errorprone\error_prone_annotations\2.27.0\error_prone_annotations-2.27.0.jar;C:\Users\PRASANTH\.m2\repository\com\netflix\servo\servo-core\0.5.3\servo-core-0.5.3.jar;C:\Users\PRASANTH\.m2\repository\org\apache\commons\commons-math\2.2\commons-math-2.2.jar;C:\Users\PRASANTH\.m2\repository\javax\annotation\javax.annotation-api\1.2\javax.annotation-api-1.2.jar;C:\Users\PRASANTH\.m2\repository\org\codehaus\jettison\jettison\1.5.4\jettison-1.5.4.jar;C:\Users\PRASANTH\.m2\repository\org\springframework\cloud\spring-cloud-starter-loadbalancer\4.2.0\spring-cloud-starter-loadbalancer-4.2.0.jar;C:\Users\PRASANTH\.m2\repository\org\springframework\cloud\spring-cloud-loadbalancer\4.2.0\spring-cloud-loadbalancer-4.2.0.jar;C:\Users\PRASANTH\.m2\repository\io\projectreactor\reactor-core\3.7.3\reactor-core-3.7.3.jar;C:\Users\PRASANTH\.m2\repository\org\reactivestreams\reactive-streams\1.0.4\reactive-streams-1.0.4.jar;C:\Users\PRASANTH\.m2\repository\io\projectreactor\addons\reactor-extra\3.5.2\reactor-extra-3.5.2.jar;C:\Users\PRASANTH\.m2\repository\org\springframework\boot\spring-boot-starter-cache\3.4.3\spring-boot-starter-cache-3.4.3.jar;C:\Users\PRASANTH\.m2\repository\org\springframework\spring-context-support\6.2.3\spring-context-support-6.2.3.jar;C:\Users\PRASANTH\.m2\repository\com\stoyanr\evictor\1.0.0\evictor-1.0.0.jar;C:\Users\PRASANTH\.m2\repository\org\springframework\boot\spring-boot-starter-data-jpa\3.4.3\spring-boot-starter-data-jpa-3.4.3.jar;C:\Users\PRASANTH\.m2\repository\org\springframework\boot\spring-boot-starter-jdbc\3.4.3\spring-boot-starter-jdbc-3.4.3.jar;C:\Users\PRASANTH\.m2\repository\com\zaxxer\HikariCP\5.1.0\HikariCP-5.1.0.jar;C:\Users\PRASANTH\.m2\repository\org\springframework\spring-jdbc\6.2.3\spring-jdbc-6.2.3.jar;C:\Users\PRASANTH\.m2\repository\org\hibernate\orm\hibernate-core\6.6.8.Final\hibernate-core-6.6.8.Final.jar;C:\Users\PRASANTH\.m2\repository\jakarta\persistence\jakarta.persistence-api\3.1.0\jakarta.persistence-api-3.1.0.jar;C:\Users\PRASANTH\.m2\repository\jakarta\transaction\jakarta.transaction-api\2.0.1\jakarta.transaction-api-2.0.1.jar;C:\Users\PRASANTH\.m2\repository\org\jboss\logging\jboss-logging\3.6.1.Final\jboss-logging-3.6.1.Final.jar;C:\Users\PRASANTH\.m2\repository\org\hibernate\common\hibernate-commons-annotations\7.0.3.Final\hibernate-commons-annotations-7.0.3.Final.jar;C:\Users\PRASANTH\.m2\repository\io\smallrye\jandex\3.2.0\jandex-3.2.0.jar;C:\Users\PRASANTH\.m2\repository\com\fasterxml\classmate\1.7.0\classmate-1.7.0.jar;C:\Users\PRASANTH\.m2\repository\net\bytebuddy\byte-buddy\1.15.11\byte-buddy-1.15.11.jar;C:\Users\PRASANTH\.m2\repository\org\glassfish\jaxb\jaxb-runtime\4.0.5\jaxb-runtime-4.0.5.jar;C:\Users\PRASANTH\.m2\repository\org\glassfish\jaxb\jaxb-core\4.0.5\jaxb-core-4.0.5.jar;C:\Users\PRASANTH\.m2\repository\org\eclipse\angus\angus-activation\2.0.2\angus-activation-2.0.2.jar;C:\Users\PRASANTH\.m2\repository\org\glassfish\jaxb\txw2\4.0.5\txw2-4.0.5.jar;C:\Users\PRASANTH\.m2\repository\com\sun\istack\istack-commons-runtime\4.1.2\istack-commons-runtime-4.1.2.jar;C:\Users\PRASANTH\.m2\repository\org\antlr\antlr4-runtime\4.13.0\antlr4-runtime-4.13.0.jar;C:\Users\PRASANTH\.m2\repository\org\springframework\data\spring-data-jpa\3.4.3\spring-data-jpa-3.4.3.jar;C:\Users\PRASANTH\.m2\repository\org\springframework\data\spring-data-commons\3.4.3\spring-data-commons-3.4.3.jar;C:\Users\PRASANTH\.m2\repository\org\springframework\spring-orm\6.2.3\spring-orm-6.2.3.jar;C:\Users\PRASANTH\.m2\repository\org\springframework\spring-tx\6.2.3\spring-tx-6.2.3.jar;C:\Users\PRASANTH\.m2\repository\org\springframework\spring-aspects\6.2.3\spring-aspects-6.2.3.jar;C:\Users\PRASANTH\.m2\repository\org\aspectj\aspectjweaver\1.9.22.1\aspectjweaver-1.9.22.1.jar;C:\Users\PRASANTH\.m2\repository\com\mysql\mysql-connector-j\9.1.0\mysql-connector-j-9.1.0.jar;C:\Users\PRASANTH\.m2\repository\org\springframework\boot\spring-boot-devtools\3.4.3\spring-boot-devtools-3.4.3.jar;C:\Users\PRASANTH\.m2\repository\org\springframework\boot\spring-boot\3.4.3\spring-boot-3.4.3.jar;C:\Users\PRASANTH\.m2\repository\org\springframework\boot\spring-boot-autoconfigure\3.4.3\spring-boot-autoconfigure-3.4.3.jar;C:\Users\PRASANTH\.m2\repository\org\projectlombok\lombok\1.18.36\lombok-1.18.36.jar;C:\Users\PRASANTH\.m2\repository\jakarta\xml\bind\jakarta.xml.bind-api\4.0.2\jakarta.xml.bind-api-4.0.2.jar;C:\Users\PRASANTH\.m2\repository\jakarta\activation\jakarta.activation-api\2.1.3\jakarta.activation-api-2.1.3.jar;C:\Users\PRASANTH\.m2\repository\org\springframework\spring-core\6.2.3\spring-core-6.2.3.jar;C:\Users\PRASANTH\.m2\repository\org\springframework\spring-jcl\6.2.3\spring-jcl-6.2.3.jar
Launcher Type: SUN_STANDARD

[Global flags]
     intx CICompilerCount                          = 4                                         {product} {ergonomic}
     uint ConcGCThreads                            = 3                                         {product} {ergonomic}
     uint G1ConcRefinementThreads                  = 10                                        {product} {ergonomic}
   size_t G1HeapRegionSize                         = 1048576                                   {product} {ergonomic}
    uintx GCDrainStackTargetSize                   = 64                                        {product} {ergonomic}
   size_t InitialHeapSize                          = 123731968                                 {product} {ergonomic}
     bool ManagementServer                         = true                                      {product} {command line}
   size_t MarkStackSize                            = 4194304                                   {product} {ergonomic}
   size_t MaxHeapSize                              = 1977614336                                {product} {ergonomic}
   size_t MaxNewSize                               = 1185939456                                {product} {ergonomic}
   size_t MinHeapDeltaBytes                        = 1048576                                   {product} {ergonomic}
   size_t MinHeapSize                              = 8388608                                   {product} {ergonomic}
    uintx NonNMethodCodeHeapSize                   = 4096                                   {pd product} {ergonomic}
    uintx NonProfiledCodeHeapSize                  = 0                                      {pd product} {ergonomic}
     bool ProfileInterpreter                       = false                                  {pd product} {command line}
    uintx ProfiledCodeHeapSize                     = 0                                      {pd product} {ergonomic}
     bool ShowCodeDetailsInExceptionMessages       = true                                   {manageable} {command line}
   size_t SoftMaxHeapSize                          = 1977614336                             {manageable} {ergonomic}
     intx TieredStopAtLevel                        = 1                                         {product} {command line}
     bool UseCompressedOops                        = true                           {product lp64_product} {ergonomic}
     bool UseG1GC                                  = true                                      {product} {ergonomic}
     bool UseLargePagesIndividualAllocation        = false                                  {pd product} {ergonomic}

Logging:
Log output configuration:
 #0: stdout all=warning uptime,level,tags foldmultilines=false
 #1: stderr all=off uptime,level,tags foldmultilines=false

Environment Variables:
PATH=C:\Users\PRASANTH\Downloads\sts-4.24.0.RELEASE\plugins\org.eclipse.justj.openjdk.hotspot.jre.full.win32.x86_64_21.0.3.v20240426-1530\jre\bin;C:/Users/PRASANTH/Downloads/sts-4.24.0.RELEASE//plugins/org.eclipse.justj.openjdk.hotspot.jre.full.win32.x86_64_21.0.3.v20240426-1530/jre/bin/server;C:/Users/PRASANTH/Downloads/sts-4.24.0.RELEASE//plugins/org.eclipse.justj.openjdk.hotspot.jre.full.win32.x86_64_21.0.3.v20240426-1530/jre/bin;C:\Program Files\Common Files\Oracle\Java\javapath;C:\Python310\Scripts\;C:\Python310\;C:\Program Files\Python310\Scripts\;C:\Program Files\Python310\;C:\windows\system32;C:\windows;C:\windows\System32\Wbem;C:\windows\System32\WindowsPowerShell\v1.0\;C:\windows\System32\OpenSSH\;C:\Program Files (x86)\NVIDIA Corporation\PhysX\Common;C:\Program Files\NVIDIA Corporation\NVIDIA NvDLISR;C:\WINDOWS\system32;C:\WINDOWS;C:\WINDOWS\System32\Wbem;C:\WINDOWS\System32\WindowsPowerShell\v1.0\;C:\WINDOWS\System32\OpenSSH\;C:\Program Files (x86)\MATLAB\R2009a\bin;C:\Program Files (x86)\MATLAB\R2009a\bin\win32;C:\ProgramData\chocolatey\bin;C:\Program Files\dotnet\;C:\Program Files (x86)\dotnet\;C:\Program Files\HP\HP One Agent;C:\WINDOWS\system32;C:\WINDOWS;C:\WINDOWS\System32\Wbem;C:\WINDOWS\System32\WindowsPowerShell\v1.0\;C:\WINDOWS\System32\OpenSSH\;C:\Program Files\Git\cmd;C:\Program Files (x86)\Git\cmd;%JAVA_HOME%\bin;C:\Program Files\PowerShell\7\;C:\softwares\apache-maven-3.8.8\bin;C:\Program Files\nodejs\;C:\Program Files\Docker\Docker\resources\bin;C:\Program Files\PuTTY\;C:\Users\PRASANTH\AppData\Local\Programs\Python\Python313\Scripts\;C:\Users\PRASANTH\AppData\Local\Programs\Python\Python313\;C:\Program Files\MySQL\MySQL Shell 8.0\bin\;C:\MinGW\bin;C:\Users\PRASANTH\AppData\Local\Programs\Microsoft VS Code\bin;C:\Users\PRASANTH\AppData\Local\Microsoft\WindowsApps;;C:\Program Files\JetBrains\IntelliJ IDEA Community Edition 2024.1\bin;;C:\Program Files\JetBrains\PyCharm 2024.1\bin;;C:\Program Files\JetBrains\PyCharm Community Edition 2024.1\bin;;C:\Users\PRASANTH\AppData\Roaming\npm;C:\Users\PRASANTH\Downloads\sts-4.24.0.RELEASE;
USERNAME=PRASANTH
OS=Windows_NT
PROCESSOR_IDENTIFIER=AMD64 Family 23 Model 96 Stepping 1, AuthenticAMD
TMP=C:\Users\PRASANTH\AppData\Local\Temp
TEMP=C:\Users\PRASANTH\AppData\Local\Temp




Periodic native trim disabled

---------------  S Y S T E M  ---------------

OS:
 Windows 11 , 64 bit Build 26100 (10.0.26100.3360)
OS uptime: 0 days 22:59 hours
Hyper-V role detected

CPU: total 12 (initial active 12) (12 cores per cpu, 2 threads per core) family 23 model 96 stepping 1 microcode 0x860010c, cx8, cmov, fxsr, ht, mmx, 3dnowpref, sse, sse2, sse3, ssse3, sse4a, sse4.1, sse4.2, popcnt, lzcnt, tsc, tscinvbit, avx, avx2, aes, clmul, bmi1, bmi2, adx, sha, fma, vzeroupper, clflush, clflushopt, hv, rdtscp, rdpid, f16c
Processor Information for all 12 processors :
  Max Mhz: 3000, Current Mhz: 3000, Mhz Limit: 3000

Memory: 4k page, system-wide physical 7539M (714M free)
TotalPageFile size 20339M (AvailPageFile size 5269M)
current process WorkingSet (physical memory assigned to process): 317M, peak: 318M
current process commit charge ("private bytes"): 351M, peak: 368M

vm_info: OpenJDK 64-Bit Server VM (21.0.3+9-LTS) for windows-amd64 JRE (21.0.3+9-LTS), built on 2024-04-16T00:00:00Z by "admin" with MS VC++ 17.7 (VS2022)

END.
