#
# A fatal error has been detected by the Java Runtime Environment:
#
#  EXCEPTION_ACCESS_VIOLATION (0xc0000005) at pc=0x00000229770d102c, pid=13504, tid=12480
#
# JRE version: OpenJDK Runtime Environment Temurin-21.0.3+9 (21.0.3+9) (build 21.0.3+9-LTS)
# Java VM: OpenJDK 64-Bit Server VM Temurin-21.0.3+9 (21.0.3+9-LTS, mixed mode, emulated-client, tiered, compressed oops, compressed class ptrs, g1 gc, windows-amd64)
# Problematic frame:
# v  ~BufferBlob::MethodHandles adapters 0x00000229770d102c
#
# No core dump will be written. Minidumps are not enabled by default on client versions of Windows
#
# If you would like to submit a bug report, please visit:
#   https://github.com/adoptium/adoptium-support/issues
#

---------------  S U M M A R Y ------------

Command Line: -XX:+ShowCodeDetailsInExceptionMessages -agentlib:jdwp=transport=dt_socket,suspend=y,address=localhost:56140 -Dcom.sun.management.jmxremote -Dcom.sun.management.jmxremote.port=56138 -Dcom.sun.management.jmxremote.authenticate=false -Dcom.sun.management.jmxremote.ssl=false -Djava.rmi.server.hostname=localhost -Dspring.jmx.enabled=true -Dmanagement.endpoints.jmx.exposure.include=* -Dspring.application.admin.enabled=true -XX:TieredStopAtLevel=1 -Dspring.boot.project.name=ServicesManagement -javaagent:C:\Users\PRASANTH\Downloads\sts-4.24.0.RELEASE\configuration\org.eclipse.osgi\270\0\.cp\lib\javaagent-shaded.jar -Dfile.encoding=UTF-8 -Dstdout.encoding=UTF-8 -Dstderr.encoding=UTF-8 com.services.ServicesManagementApplication --spring.output.ansi.enabled=always

Host: AMD Ryzen 5 4600H with Radeon Graphics         , 12 cores, 7G,  Windows 11 , 64 bit Build 26100 (10.0.26100.3360)
Time: Tue Mar 11 23:59:42 2025 India Standard Time elapsed time: 1231.699667 seconds (0d 0h 20m 31s)

---------------  T H R E A D  ---------------

Current thread (0x00000229056dee90):  JavaThread "restartedMain"        [_thread_in_Java, id=12480, stack(0x000000eb64800000,0x000000eb64900000) (1024K)]

Stack: [0x000000eb64800000,0x000000eb64900000],  sp=0x000000eb648fd728,  free space=1013k
Native frames: (J=compiled Java code, j=interpreted, Vv=VM code, C=native code)
C  0x00000229770d102c

The last pc belongs to _linkToSpecial (printed below).

siginfo: EXCEPTION_ACCESS_VIOLATION (0xc0000005), reading address 0xffffffffffffffff


Registers:
RAX=0x00000229770a9086, RBX=0x9079dfb800000000, RCX=0x000000eb648fd730, RDX=0x0000000000000002
RSP=0x000000eb648fd728, RBP=0x000000eb648fd778, RSI=0x0000022904c8f6a8, RDI=0x00000229064c17f0
R8 =0x0000000000000004, R9 =0x0000000000000004, R10=0x00007ffa61fe1a30, R11=0x00000229003e7388
R12=0x0000000000000000, R13=0x000000eb648fd728, R14=0x000000eb648fd798, R15=0x00000229056dee90
RIP=0x00000229770d102c, EFLAGS=0x0000000000010202


Register to memory mapping:

RAX=0x00000229770a9086 is at code_begin+3078 in an Interpreter codelet
return entry points  [0x00000229770a8480, 0x00000229770aa298]  7704 bytes
RBX=0x9079dfb800000000 is an unknown value
RCX=0x000000eb648fd730 is pointing into the stack for thread: 0x00000229056dee90
RDX=0x0000000000000002 is an unknown value
RSP=0x000000eb648fd728 is pointing into the stack for thread: 0x00000229056dee90
RBP=0x000000eb648fd778 is pointing into the stack for thread: 0x00000229056dee90
RSI=0x0000022904c8f6a8 points into unknown readable memory: 0x88001500ed0569cc | cc 69 05 ed 00 15 00 88
RDI=0x00000229064c17f0 points into unknown readable memory: 0x0000001800000070 | 70 00 00 00 18 00 00 00
R8 =0x0000000000000004 is an unknown value
R9 =0x0000000000000004 is an unknown value
R10=0x00007ffa61fe1a30 jvm.dll
R11={method} {0x00000229003e7390} 'newInvokeSpecial' '(Ljava/lang/Object;)Ljava/lang/Object;' in 'java/lang/invoke/DirectMethodHandle$Holder'
R12=0x0 is null
R13=0x000000eb648fd728 is pointing into the stack for thread: 0x00000229056dee90
R14=0x000000eb648fd798 is pointing into the stack for thread: 0x00000229056dee90
R15=0x00000229056dee90 is a thread

Top of Stack: (sp=0x000000eb648fd728)
0x000000eb648fd728:   00000229770a9086 000000eb648fd730
0x000000eb648fd738:   00000229003e7377 0000000000000004
0x000000eb648fd748:   00000229003eb150 000000008e2c15a0
0x000000eb648fd758:   000000008a42e628 00000229003e7388
0x000000eb648fd768:   000000eb648fd728 000000eb648fd7a0
0x000000eb648fd778:   000000eb648feab8 00000229774625db
0x000000eb648fd788:   000000009079dec0 000000009079df68
0x000000eb648fd798:   000000009079df20 000000009079dcd0
0x000000eb648fd7a8:   00000229043255f0 000000eb648feab8
0x000000eb648fd7b8:   00000229779b98f4 00000229050a6868
0x000000eb648fd7c8:   00007ffa97ed45f2 00007ffa97ee2bb0
0x000000eb648fd7d8:   00000229043255f0 000002290856e710
0x000000eb648fd7e8:   000000eb648fb000 0000022908aef7e0
0x000000eb648fd7f8:   000000eb648fb000 00000229056dee00
0x000000eb648fd808:   00007ffa614d368f 00007ffa97ee03a0
0x000000eb648fd818:   000000008ab9ace8 000000008e2c15a0
0x000000eb648fd828:   000000009079db98 000000009079db98
0x000000eb648fd838:   000000009079dcd0 000000009079df50
0x000000eb648fd848:   000000009079dd28 000000008e2c15a0
0x000000eb648fd858:   0000000000000001 000000eb648feab8
0x000000eb648fd868:   0000022900000000 0000000000000000
0x000000eb648fd878:   0000000000000000 000000009079df20
0x000000eb648fd888:   00000229774612dc 0000000000000000
0x000000eb648fd898:   0000000000000000 0000000000000000
0x000000eb648fd8a8:   0000000000000000 00000229056dee90
0x000000eb648fd8b8:   0000000000000000 000000009079dcd0
0x000000eb648fd8c8:   0000000000000000 000000009079db98
0x000000eb648fd8d8:   000000009079df50 000000009079dcd0
0x000000eb648fd8e8:   0000000000000000 0000000000000000
0x000000eb648fd8f8:   0000022977461b34 000000eb648feab8
0x000000eb648fd908:   000002297745ecea 0000000000000000
0x000000eb648fd918:   00000229773724a1 0000000000000000 

Instructions: (pc=0x00000229770d102c)
0x00000229770d0f2c:   8b 59 14 8b 5b 28 8b 5b 24 48 8b 5b 10 48 85 db
0x00000229770d0f3c:   0f 84 10 00 00 00 41 80 bf e0 05 00 00 00 74 03
0x00000229770d0f4c:   ff 63 38 ff 63 50 e9 a9 16 00 00 66 0f 1f 84 00
0x00000229770d0f5c:   00 00 00 00 48 8b 53 08 0f b7 52 2e 48 8b 0c d4
0x00000229770d0f6c:   58 5b 50 44 8b 51 08 49 c1 e2 03 4c 8b 5b 10 4b
0x00000229770d0f7c:   8b 9c da c8 01 00 00 48 85 db 0f 84 10 00 00 00
0x00000229770d0f8c:   41 80 bf e0 05 00 00 00 74 03 ff 63 38 ff 63 50
0x00000229770d0f9c:   e9 5f 16 00 00 66 66 66 0f 1f 84 00 00 00 00 00
0x00000229770d0fac:   66 66 0f 1f 84 00 00 00 00 00 66 66 0f 1f 84 00
0x00000229770d0fbc:   00 00 00 00 58 5b 50 8b 5b 24 48 8b 5b 10 48 85
0x00000229770d0fcc:   db 0f 84 10 00 00 00 41 80 bf e0 05 00 00 00 74
0x00000229770d0fdc:   03 ff 63 38 ff 63 50 e9 18 16 00 00 66 66 66 0f
0x00000229770d0fec:   1f 84 00 00 00 00 00 0f 1f 80 00 00 00 00 66 0f
0x00000229770d0ffc:   1f 44 00 00 48 8b 53 08 0f b7 52 2e 48 8b 0c d4
0x00000229770d100c:   58 5b 50 48 3b 01 8b 5b 24 48 8b 5b 10 48 85 db
0x00000229770d101c:   0f 84 10 00 00 00 41 80 bf e0 05 00 00 00 74 03
0x00000229770d102c:   ff 63 38 ff 63 50 e9 c9 15 00 00 66 0f 1f 84 00
0x00000229770d103c:   00 00 00 00 48 8b 53 08 0f b7 52 2e 48 8b 0c d4
0x00000229770d104c:   58 5b 50 44 8b 51 08 49 c1 e2 03 8b 43 18 48 8b
0x00000229770d105c:   40 10 48 8b 5b 10 45 8b 9a a0 00 00 00 4f 8d 9c
0x00000229770d106c:   da c8 01 00 00 4d 8d 14 da 49 8b 1b 48 3b c3 74
0x00000229770d107c:   15 48 85 db 0f 84 32 00 00 00 49 83 c3 10 49 8b
0x00000229770d108c:   1b 48 3b c3 75 eb 45 8b 5b 08 4b 8b 1c 1a 48 85
0x00000229770d109c:   db 0f 84 10 00 00 00 41 80 bf e0 05 00 00 00 74
0x00000229770d10ac:   03 ff 63 38 ff 63 50 e9 48 15 00 00 e9 43 12 00
0x00000229770d10bc:   00 f4 00 00 00 00 00 00 00 00 00 00 00 00 00 00
0x00000229770d10cc:   00 00 00 00 00 00 00 00 00 00 00 00 00 00 00 00
0x00000229770d10dc:   00 00 00 00 00 00 00 00 00 00 00 00 00 00 00 00
0x00000229770d10ec:   00 00 00 00 00 00 00 00 00 00 00 00 00 00 00 00
0x00000229770d10fc:   00 00 00 00 00 00 00 00 00 00 00 00 00 00 00 00
0x00000229770d110c:   00 00 00 00 00 00 00 00 00 00 00 00 00 00 00 00
0x00000229770d111c:   00 00 00 00 00 00 00 00 00 00 00 00 00 00 00 00 


Stack slot to memory mapping:

stack at sp + 0 slots: 0x00000229770a9086 is at code_begin+3078 in an Interpreter codelet
return entry points  [0x00000229770a8480, 0x00000229770aa298]  7704 bytes
stack at sp + 1 slots: 0x000000eb648fd730 is pointing into the stack for thread: 0x00000229056dee90
stack at sp + 2 slots: 0x00000229003e7377 is pointing into metadata
stack at sp + 3 slots: 0x0000000000000004 is an unknown value
stack at sp + 4 slots: 0x00000229003eb150 is pointing into metadata
stack at sp + 5 slots: 0x000000008e2c15a0 is an oop: java.lang.Class 
{0x000000008e2c15a0} - klass: 'java/lang/Class'
 - ---- fields (total size 14 words):
 - private volatile transient 'classRedefinedCount' 'I' @12  1 (0x00000001)
 - injected 'klass' 'J' @16  4306942488 (0x0000000100b6ba18)
 - injected 'array_klass' 'J' @24  0 (0x0000000000000000)
 - injected 'oop_size' 'I' @32  14 (0x0000000e)
 - injected 'static_oop_field_count' 'I' @36  0 (0x00000000)
 - private volatile transient 'cachedConstructor' 'Ljava/lang/reflect/Constructor;' @40  null (0x00000000)
 - private transient 'name' 'Ljava/lang/String;' @44  "com.services.controller.MinioController"{0x000000008b2713e8} (0x8b2713e8)
 - private transient 'module' 'Ljava/lang/Module;' @48  a 'java/lang/Module'{0x000000008e2304a0} (0x8e2304a0)
 - private final 'classLoader' 'Ljava/lang/ClassLoader;' @52  a 'org/springframework/boot/devtools/restart/classloader/RestartClassLoader'{0x000000008e25fde0} (0x8e25fde0)
 - private transient 'classData' 'Ljava/lang/Object;' @56  null (0x00000000)
 - private transient 'packageName' 'Ljava/lang/String;' @60  "com.services.controller"{0x000000008b2713a8} (0x8b2713a8)
 - private final 'componentType' 'Ljava/lang/Class;' @64  null (0x00000000)
 - private volatile transient 'reflectionData' 'Ljava/lang/ref/SoftReference;' @68  a 'java/lang/ref/SoftReference'{0x000000008e2c1e50} (0x8e2c1e50)
 - private volatile transient 'genericInfo' 'Lsun/reflect/generics/repository/ClassRepository;' @72  null (0x00000000)
 - private volatile transient 'enumConstants' '[Ljava/lang/Object;' @76  null (0x00000000)
 - private volatile transient 'enumConstantDirectory' 'Ljava/util/Map;' @80  null (0x00000000)
 - private volatile transient 'annotationData' 'Ljava/lang/Class$AnnotationData;' @84  a 'java/lang/Class$AnnotationData'{0x000000008e2c1ec8} (0x8e2c1ec8)
 - private volatile transient 'annotationType' 'Lsun/reflect/annotation/AnnotationType;' @88  null (0x00000000)
 - transient 'classValueMap' 'Ljava/lang/ClassValue$ClassValueMap;' @92  null (0x00000000)
 - injected 'protection_domain' 'Ljava/lang/Object;' @96  a 'java/security/ProtectionDomain'{0x000000008e2323e0} (0x8e2323e0)
 - injected 'signers_name' 'Ljava/lang/Object;' @100  null (0x00000000)
 - injected 'source_file' 'Ljava/lang/Object;' @104  null (0x00000000)
 - signature: Lcom/services/controller/MinioController;
 - ---- static fields (0):
stack at sp + 6 slots: 0x000000008a42e628 is an oop: java.lang.Class 
{0x000000008a42e628} - klass: 'java/lang/Class'
 - ---- fields (total size 14 words):
 - private volatile transient 'classRedefinedCount' 'I' @12  0 (0x00000000)
 - injected 'klass' 'J' @16  4295174240 (0x0000000100032860)
 - injected 'array_klass' 'J' @24  0 (0x0000000000000000)
 - injected 'oop_size' 'I' @32  14 (0x0000000e)
 - injected 'static_oop_field_count' 'I' @36  0 (0x00000000)
 - private volatile transient 'cachedConstructor' 'Ljava/lang/reflect/Constructor;' @40  null (0x00000000)
 - private transient 'name' 'Ljava/lang/String;' @44  null (0x00000000)
 - private transient 'module' 'Ljava/lang/Module;' @48  a 'java/lang/Module'{0x000000008ab9ae40} (0x8ab9ae40)
 - private final 'classLoader' 'Ljava/lang/ClassLoader;' @52  null (0x00000000)
 - private transient 'classData' 'Ljava/lang/Object;' @56  null (0x00000000)
 - private transient 'packageName' 'Ljava/lang/String;' @60  null (0x00000000)
 - private final 'componentType' 'Ljava/lang/Class;' @64  null (0x00000000)
 - private volatile transient 'reflectionData' 'Ljava/lang/ref/SoftReference;' @68  null (0x00000000)
 - private volatile transient 'genericInfo' 'Lsun/reflect/generics/repository/ClassRepository;' @72  null (0x00000000)
 - private volatile transient 'enumConstants' '[Ljava/lang/Object;' @76  null (0x00000000)
 - private volatile transient 'enumConstantDirectory' 'Ljava/util/Map;' @80  null (0x00000000)
 - private volatile transient 'annotationData' 'Ljava/lang/Class$AnnotationData;' @84  null (0x00000000)
 - private volatile transient 'annotationType' 'Lsun/reflect/annotation/AnnotationType;' @88  null (0x00000000)
 - transient 'classValueMap' 'Ljava/lang/ClassValue$ClassValueMap;' @92  null (0x00000000)
 - injected 'protection_domain' 'Ljava/lang/Object;' @96  null (0x00000000)
 - injected 'signers_name' 'Ljava/lang/Object;' @100  null (0x00000000)
 - injected 'source_file' 'Ljava/lang/Object;' @104  null (0x00000000)
 - signature: Ljava/lang/invoke/DirectMethodHandle$Holder;
 - ---- static fields (0):
stack at sp + 7 slots: {method} {0x00000229003e7390} 'newInvokeSpecial' '(Ljava/lang/Object;)Ljava/lang/Object;' in 'java/lang/invoke/DirectMethodHandle$Holder'

MethodHandle::interpreter_entry::_linkToSpecial [0x00000229770d0fe8, 0x00000229770d1037] (79 bytes)
[MachCode]
  0x00000229770d0fe8: 6666 660f | 1f84 0000 | 0000 000f | 1f80 0000 | 0000 660f | 1f44 0000 | 488b 5308 | 0fb7 522e 
  0x00000229770d1008: 488b 0cd4 | 585b 5048 | 3b01 8b5b | 2448 8b5b | 1048 85db | 0f84 1000 | 0000 4180 | bfe0 0500 
  0x00000229770d1028: 0000 7403 | ff63 38ff | 6350 e9c9 | 
[/MachCode]

---------------  P R O C E S S  ---------------

Threads class SMR info:
_java_thread_list=0x00000229084ac380, length=31, elements={
0x00000229040a9280, 0x00000229040a9ce0, 0x000002290408c020, 0x000002290408ca80,
0x000002290408d4e0, 0x000002290408df40, 0x00000229040aab40, 0x000002297fd5b4c0,
0x000002290432f3e0, 0x0000022904331ed0, 0x00000229043344d0, 0x0000022904db0550,
0x0000022905051ab0, 0x0000022905056100, 0x000002290509c040, 0x0000022905548d60,
0x0000022905558f30, 0x00000229056e2310, 0x000002290802a080, 0x000002290874bf00,
0x00000229080316a0, 0x000002290802ef40, 0x0000022908c97970, 0x00000229056dee90,
0x00000229056e0240, 0x00000229056e1c80, 0x00000229056dfbb0, 0x000002290874fa10,
0x0000022908c9e560, 0x000002290874dfd0, 0x0000022908c9bc80
}

Java Threads: ( => current thread )
  0x00000229040a9280 JavaThread "Reference Handler"          daemon [_thread_blocked, id=20016, stack(0x000000eb65300000,0x000000eb65400000) (1024K)]
  0x00000229040a9ce0 JavaThread "Finalizer"                  daemon [_thread_blocked, id=19552, stack(0x000000eb65400000,0x000000eb65500000) (1024K)]
  0x000002290408c020 JavaThread "Signal Dispatcher"          daemon [_thread_blocked, id=19632, stack(0x000000eb65500000,0x000000eb65600000) (1024K)]
  0x000002290408ca80 JavaThread "Attach Listener"            daemon [_thread_blocked, id=16660, stack(0x000000eb65600000,0x000000eb65700000) (1024K)]
  0x000002290408d4e0 JavaThread "Service Thread"             daemon [_thread_blocked, id=10168, stack(0x000000eb65700000,0x000000eb65800000) (1024K)]
  0x000002290408df40 JavaThread "Monitor Deflation Thread"   daemon [_thread_blocked, id=19568, stack(0x000000eb65800000,0x000000eb65900000) (1024K)]
  0x00000229040aab40 JavaThread "C1 CompilerThread0"         daemon [_thread_blocked, id=19380, stack(0x000000eb65900000,0x000000eb65a00000) (1024K)]
  0x000002297fd5b4c0 JavaThread "Common-Cleaner"             daemon [_thread_blocked, id=1468, stack(0x000000eb65a00000,0x000000eb65b00000) (1024K)]
  0x000002290432f3e0 JavaThread "JDWP Transport Listener: dt_socket" daemon [_thread_blocked, id=8144, stack(0x000000eb65c00000,0x000000eb65d00000) (1024K)]
  0x0000022904331ed0 JavaThread "JDWP Event Helper Thread"   daemon [_thread_blocked, id=3564, stack(0x000000eb65d00000,0x000000eb65e00000) (1024K)]
  0x00000229043344d0 JavaThread "JDWP Command Reader"        daemon [_thread_in_native, id=11940, stack(0x000000eb65e00000,0x000000eb65f00000) (1024K)]
  0x0000022904db0550 JavaThread "Notification Thread"        daemon [_thread_blocked, id=12024, stack(0x000000eb66000000,0x000000eb66100000) (1024K)]
  0x0000022905051ab0 JavaThread "RMI TCP Accept-0"           daemon [_thread_in_native, id=1396, stack(0x000000eb66900000,0x000000eb66a00000) (1024K)]
  0x0000022905056100 JavaThread "RMI TCP Accept-56138"       daemon [_thread_in_native, id=20368, stack(0x000000eb66a00000,0x000000eb66b00000) (1024K)]
  0x000002290509c040 JavaThread "RMI TCP Accept-0"           daemon [_thread_in_native, id=17760, stack(0x000000eb66b00000,0x000000eb66c00000) (1024K)]
  0x0000022905548d60 JavaThread "RMI Scheduler(0)"           daemon [_thread_blocked, id=14472, stack(0x000000eb66d00000,0x000000eb66e00000) (1024K)]
  0x0000022905558f30 JavaThread "JMX server connection timeout 39" daemon [_thread_blocked, id=15496, stack(0x000000eb66f00000,0x000000eb67000000) (1024K)]
  0x00000229056e2310 JavaThread "mysql-cj-abandoned-connection-cleanup" daemon [_thread_blocked, id=4820, stack(0x000000eb67900000,0x000000eb67a00000) (1024K)]
  0x000002290802a080 JavaThread "spectator-gauge-polling-0"  daemon [_thread_blocked, id=18192, stack(0x000000eb67f00000,0x000000eb68000000) (1024K)]
  0x000002290874bf00 JavaThread "DestroyJavaVM"                     [_thread_blocked, id=8548, stack(0x000000eb64b00000,0x000000eb64c00000) (1024K)]
  0x00000229080316a0 JavaThread "RMI TCP Connection(idle)"   daemon [_thread_blocked, id=12548, stack(0x000000eb68b00000,0x000000eb68c00000) (1024K)]
  0x000002290802ef40 JavaThread "Thread-31"                         [_thread_blocked, id=13536, stack(0x000000eb67200000,0x000000eb67300000) (1024K)]
  0x0000022908c97970 JavaThread "C1 CompilerThread1"         daemon [_thread_blocked, id=17736, stack(0x000000eb67600000,0x000000eb67700000) (1024K)]
=>0x00000229056dee90 JavaThread "restartedMain"                     [_thread_in_Java, id=12480, stack(0x000000eb64800000,0x000000eb64900000) (1024K)]
  0x00000229056e0240 JavaThread "Catalina-utility-1"                [_thread_blocked, id=10696, stack(0x000000eb64900000,0x000000eb64a00000) (1024K)]
  0x00000229056e1c80 JavaThread "Catalina-utility-2"                [_thread_blocked, id=5636, stack(0x000000eb64a00000,0x000000eb64b00000) (1024K)]
  0x00000229056dfbb0 JavaThread "container-0"                       [_thread_blocked, id=5676, stack(0x000000eb65b00000,0x000000eb65c00000) (1024K)]
  0x000002290874fa10 JavaThread "HikariPool-7 housekeeper"   daemon [_thread_blocked, id=8308, stack(0x000000eb65f00000,0x000000eb66000000) (1024K)]
  0x0000022908c9e560 JavaThread "C1 CompilerThread2"         daemon [_thread_blocked, id=19488, stack(0x000000eb66c00000,0x000000eb66d00000) (1024K)]
  0x000002290874dfd0 JavaThread "HikariPool-7 connection adder" daemon [_thread_blocked, id=19076, stack(0x000000eb66e00000,0x000000eb66f00000) (1024K)]
  0x0000022908c9bc80 JavaThread "C1 CompilerThread3"         daemon [_thread_blocked, id=13848, stack(0x000000eb67500000,0x000000eb67600000) (1024K)]
Total: 31

Other Threads:
  0x000002290402bf60 VMThread "VM Thread"                           [id=6368, stack(0x000000eb65200000,0x000000eb65300000) (1024K)]
  0x000002297fd588a0 WatcherThread "VM Periodic Task Thread"        [id=7776, stack(0x000000eb65100000,0x000000eb65200000) (1024K)]
  0x0000022971e3a130 WorkerThread "GC Thread#0"                     [id=17228, stack(0x000000eb64c00000,0x000000eb64d00000) (1024K)]
  0x0000022904fdd740 WorkerThread "GC Thread#1"                     [id=6072, stack(0x000000eb66100000,0x000000eb66200000) (1024K)]
  0x0000022905010270 WorkerThread "GC Thread#2"                     [id=19168, stack(0x000000eb66200000,0x000000eb66300000) (1024K)]
  0x0000022905010610 WorkerThread "GC Thread#3"                     [id=4440, stack(0x000000eb66300000,0x000000eb66400000) (1024K)]
  0x00000229050109b0 WorkerThread "GC Thread#4"                     [id=20372, stack(0x000000eb66400000,0x000000eb66500000) (1024K)]
  0x0000022905019370 WorkerThread "GC Thread#5"                     [id=19928, stack(0x000000eb66500000,0x000000eb66600000) (1024K)]
  0x0000022905019710 WorkerThread "GC Thread#6"                     [id=19768, stack(0x000000eb66600000,0x000000eb66700000) (1024K)]
  0x000002290501a0c0 WorkerThread "GC Thread#7"                     [id=8652, stack(0x000000eb66700000,0x000000eb66800000) (1024K)]
  0x000002290501a460 WorkerThread "GC Thread#8"                     [id=8772, stack(0x000000eb66800000,0x000000eb66900000) (1024K)]
  0x00000229055db0a0 WorkerThread "GC Thread#9"                     [id=11668, stack(0x000000eb67000000,0x000000eb67100000) (1024K)]
  0x0000022971e49be0 ConcurrentGCThread "G1 Main Marker"            [id=16968, stack(0x000000eb64d00000,0x000000eb64e00000) (1024K)]
  0x0000022971e4bc10 WorkerThread "G1 Conc#0"                       [id=18564, stack(0x000000eb64e00000,0x000000eb64f00000) (1024K)]
  0x00000229055db7e0 WorkerThread "G1 Conc#1"                       [id=19712, stack(0x000000eb67300000,0x000000eb67400000) (1024K)]
  0x00000229055dbb80 WorkerThread "G1 Conc#2"                       [id=4900, stack(0x000000eb67400000,0x000000eb67500000) (1024K)]
  0x0000022971e8eaa0 ConcurrentGCThread "G1 Refine#0"               [id=8792, stack(0x000000eb64f00000,0x000000eb65000000) (1024K)]
  0x000002297fc2a980 ConcurrentGCThread "G1 Service"                [id=3872, stack(0x000000eb65000000,0x000000eb65100000) (1024K)]
Total: 18

Threads with active compile tasks:
Total: 0

VM state: not at safepoint (normal execution)

VM Mutex/Monitor currently owned by a thread: None

Heap address: 0x000000008a200000, size: 1886 MB, Compressed Oops mode: 32-bit

CDS archive(s) not mapped
Compressed class space mapped at: 0x0000000100000000-0x0000000140000000, reserved size: 1073741824
Narrow klass base: 0x0000000000000000, Narrow klass shift: 3, Narrow klass range: 0x140000000

GC Precious Log:
 CardTable entry size: 512
 Card Set container configuration: InlinePtr #cards 5 size 8 Array Of Cards #cards 12 size 40 Howl #buckets 4 coarsen threshold 1843 Howl Bitmap #cards 512 size 80 coarsen threshold 460 Card regions per heap region 1 cards per card region 2048
 CPUs: 12 total, 12 available
 Memory: 7539M
 Large Page Support: Disabled
 NUMA Support: Disabled
 Compressed Oops: Enabled (32-bit)
 Heap Region Size: 1M
 Heap Min Capacity: 8M
 Heap Initial Capacity: 118M
 Heap Max Capacity: 1886M
 Pre-touch: Disabled
 Parallel Workers: 10
 Concurrent Workers: 3
 Concurrent Refinement Workers: 10
 Periodic GC: Disabled

Heap:
 garbage-first heap   total 130048K, used 70516K [0x000000008a200000, 0x0000000100000000)
  region size 1024K, 33 young (33792K), 7 survivors (7168K)
 Metaspace       used 92935K, committed 93696K, reserved 1179648K
  class space    used 12158K, committed 12480K, reserved 1048576K

Heap Regions: E=young(eden), S=young(survivor), O=old, HS=humongous(starts), HC=humongous(continues), CS=collection set, F=free, TAMS=top-at-mark-start, PB=parsable bottom
|   0|0x000000008a200000, 0x000000008a300000, 0x000000008a300000|100%|HS|  |TAMS 0x000000008a200000| PB 0x000000008a200000| Complete 
|   1|0x000000008a300000, 0x000000008a3fffe0, 0x000000008a400000| 99%| O|  |TAMS 0x000000008a300000| PB 0x000000008a300000| Untracked 
|   2|0x000000008a400000, 0x000000008a4fffe8, 0x000000008a500000| 99%| O|  |TAMS 0x000000008a400000| PB 0x000000008a400000| Untracked 
|   3|0x000000008a500000, 0x000000008a600000, 0x000000008a600000|100%|HS|  |TAMS 0x000000008a500000| PB 0x000000008a500000| Complete 
|   4|0x000000008a600000, 0x000000008a700000, 0x000000008a700000|100%|HS|  |TAMS 0x000000008a600000| PB 0x000000008a600000| Complete 
|   5|0x000000008a700000, 0x000000008a800000, 0x000000008a800000|100%| O|  |TAMS 0x000000008a700000| PB 0x000000008a700000| Untracked 
|   6|0x000000008a800000, 0x000000008a900000, 0x000000008a900000|100%| O|  |TAMS 0x000000008a800000| PB 0x000000008a800000| Untracked 
|   7|0x000000008a900000, 0x000000008aa00000, 0x000000008aa00000|100%| O|  |TAMS 0x000000008a900000| PB 0x000000008a900000| Untracked 
|   8|0x000000008aa00000, 0x000000008ab00000, 0x000000008ab00000|100%| O|  |TAMS 0x000000008aa00000| PB 0x000000008aa00000| Untracked 
|   9|0x000000008ab00000, 0x000000008abffff0, 0x000000008ac00000| 99%| O|  |TAMS 0x000000008ab00000| PB 0x000000008ab00000| Untracked 
|  10|0x000000008ac00000, 0x000000008acffdf8, 0x000000008ad00000| 99%| O|  |TAMS 0x000000008ac00000| PB 0x000000008ac00000| Untracked 
|  11|0x000000008ad00000, 0x000000008adfffe0, 0x000000008ae00000| 99%| O|  |TAMS 0x000000008ad00000| PB 0x000000008ad00000| Untracked 
|  12|0x000000008ae00000, 0x000000008aefffe8, 0x000000008af00000| 99%| O|  |TAMS 0x000000008ae00000| PB 0x000000008ae00000| Untracked 
|  13|0x000000008af00000, 0x000000008afffff8, 0x000000008b000000| 99%| O|  |TAMS 0x000000008af00000| PB 0x000000008af00000| Untracked 
|  14|0x000000008b000000, 0x000000008b0fffc0, 0x000000008b100000| 99%| O|  |TAMS 0x000000008b000000| PB 0x000000008b000000| Untracked 
|  15|0x000000008b100000, 0x000000008b1fffa8, 0x000000008b200000| 99%| O|  |TAMS 0x000000008b100000| PB 0x000000008b100000| Untracked 
|  16|0x000000008b200000, 0x000000008b300000, 0x000000008b300000|100%| O|  |TAMS 0x000000008b200000| PB 0x000000008b200000| Untracked 
|  17|0x000000008b300000, 0x000000008b3fffd8, 0x000000008b400000| 99%| O|  |TAMS 0x000000008b300000| PB 0x000000008b300000| Untracked 
|  18|0x000000008b400000, 0x000000008b4fffe8, 0x000000008b500000| 99%| O|  |TAMS 0x000000008b400000| PB 0x000000008b400000| Untracked 
|  19|0x000000008b500000, 0x000000008b5fffc8, 0x000000008b600000| 99%| O|  |TAMS 0x000000008b500000| PB 0x000000008b500000| Untracked 
|  20|0x000000008b600000, 0x000000008b6fffe8, 0x000000008b700000| 99%| O|  |TAMS 0x000000008b600000| PB 0x000000008b600000| Untracked 
|  21|0x000000008b700000, 0x000000008b7ffff8, 0x000000008b800000| 99%| O|  |TAMS 0x000000008b700000| PB 0x000000008b700000| Untracked 
|  22|0x000000008b800000, 0x000000008b8fffd0, 0x000000008b900000| 99%| O|  |TAMS 0x000000008b800000| PB 0x000000008b800000| Untracked 
|  23|0x000000008b900000, 0x000000008b9fffb8, 0x000000008ba00000| 99%| O|  |TAMS 0x000000008b900000| PB 0x000000008b900000| Untracked 
|  24|0x000000008ba00000, 0x000000008bafffe8, 0x000000008bb00000| 99%| O|  |TAMS 0x000000008ba00000| PB 0x000000008ba00000| Untracked 
|  25|0x000000008bb00000, 0x000000008bbffff8, 0x000000008bc00000| 99%| O|  |TAMS 0x000000008bb00000| PB 0x000000008bb00000| Untracked 
|  26|0x000000008bc00000, 0x000000008bcfffe8, 0x000000008bd00000| 99%| O|  |TAMS 0x000000008bc00000| PB 0x000000008bc00000| Untracked 
|  27|0x000000008bd00000, 0x000000008bdfff40, 0x000000008be00000| 99%| O|  |TAMS 0x000000008bd00000| PB 0x000000008bd00000| Untracked 
|  28|0x000000008be00000, 0x000000008bf00000, 0x000000008bf00000|100%| O|  |TAMS 0x000000008be00000| PB 0x000000008be00000| Untracked 
|  29|0x000000008bf00000, 0x000000008c000000, 0x000000008c000000|100%| O|  |TAMS 0x000000008bf00000| PB 0x000000008bf00000| Untracked 
|  30|0x000000008c000000, 0x000000008c0c04c8, 0x000000008c100000| 75%| O|  |TAMS 0x000000008c000000| PB 0x000000008c000000| Untracked 
|  31|0x000000008c100000, 0x000000008c1fffa0, 0x000000008c200000| 99%| O|  |TAMS 0x000000008c100000| PB 0x000000008c100000| Untracked 
|  32|0x000000008c200000, 0x000000008c2f6050, 0x000000008c300000| 96%| O|  |TAMS 0x000000008c200000| PB 0x000000008c200000| Untracked 
|  33|0x000000008c300000, 0x000000008c3d8e40, 0x000000008c400000| 84%| O|  |TAMS 0x000000008c300000| PB 0x000000008c300000| Untracked 
|  34|0x000000008c400000, 0x000000008c4fffb8, 0x000000008c500000| 99%| O|  |TAMS 0x000000008c400000| PB 0x000000008c400000| Untracked 
|  35|0x000000008c500000, 0x000000008c600000, 0x000000008c600000|100%|HS|  |TAMS 0x000000008c500000| PB 0x000000008c500000| Complete 
|  36|0x000000008c600000, 0x000000008c6d8dc0, 0x000000008c700000| 84%| O|  |TAMS 0x000000008c600000| PB 0x000000008c600000| Untracked 
|  37|0x000000008c700000, 0x000000008c800000, 0x000000008c800000|100%|HS|  |TAMS 0x000000008c700000| PB 0x000000008c700000| Complete 
|  38|0x000000008c800000, 0x000000008c800000, 0x000000008c900000|  0%| F|  |TAMS 0x000000008c800000| PB 0x000000008c800000| Untracked 
|  39|0x000000008c900000, 0x000000008c945898, 0x000000008ca00000| 27%| O|Cm|TAMS 0x000000008c900000| PB 0x000000008c900000| Complete 
|  40|0x000000008ca00000, 0x000000008ca00000, 0x000000008cb00000|  0%| F|  |TAMS 0x000000008ca00000| PB 0x000000008ca00000| Untracked 
|  41|0x000000008cb00000, 0x000000008cb00000, 0x000000008cc00000|  0%| F|  |TAMS 0x000000008cb00000| PB 0x000000008cb00000| Untracked 
|  42|0x000000008cc00000, 0x000000008cc00000, 0x000000008cd00000|  0%| F|  |TAMS 0x000000008cc00000| PB 0x000000008cc00000| Untracked 
|  43|0x000000008cd00000, 0x000000008cd00000, 0x000000008ce00000|  0%| F|  |TAMS 0x000000008cd00000| PB 0x000000008cd00000| Untracked 
|  44|0x000000008ce00000, 0x000000008ce00000, 0x000000008cf00000|  0%| F|  |TAMS 0x000000008ce00000| PB 0x000000008ce00000| Untracked 
|  45|0x000000008cf00000, 0x000000008cf00000, 0x000000008d000000|  0%| F|  |TAMS 0x000000008cf00000| PB 0x000000008cf00000| Untracked 
|  46|0x000000008d000000, 0x000000008d000000, 0x000000008d100000|  0%| F|  |TAMS 0x000000008d000000| PB 0x000000008d000000| Untracked 
|  47|0x000000008d100000, 0x000000008d100000, 0x000000008d200000|  0%| F|  |TAMS 0x000000008d100000| PB 0x000000008d100000| Untracked 
|  48|0x000000008d200000, 0x000000008d200000, 0x000000008d300000|  0%| F|  |TAMS 0x000000008d200000| PB 0x000000008d200000| Untracked 
|  49|0x000000008d300000, 0x000000008d300000, 0x000000008d400000|  0%| F|  |TAMS 0x000000008d300000| PB 0x000000008d300000| Untracked 
|  50|0x000000008d400000, 0x000000008d400000, 0x000000008d500000|  0%| F|  |TAMS 0x000000008d400000| PB 0x000000008d400000| Untracked 
|  51|0x000000008d500000, 0x000000008d500000, 0x000000008d600000|  0%| F|  |TAMS 0x000000008d500000| PB 0x000000008d500000| Untracked 
|  52|0x000000008d600000, 0x000000008d600000, 0x000000008d700000|  0%| F|  |TAMS 0x000000008d600000| PB 0x000000008d600000| Untracked 
|  53|0x000000008d700000, 0x000000008d700000, 0x000000008d800000|  0%| F|  |TAMS 0x000000008d700000| PB 0x000000008d700000| Untracked 
|  54|0x000000008d800000, 0x000000008d800000, 0x000000008d900000|  0%| F|  |TAMS 0x000000008d800000| PB 0x000000008d800000| Untracked 
|  55|0x000000008d900000, 0x000000008d900000, 0x000000008da00000|  0%| F|  |TAMS 0x000000008d900000| PB 0x000000008d900000| Untracked 
|  56|0x000000008da00000, 0x000000008da00000, 0x000000008db00000|  0%| F|  |TAMS 0x000000008da00000| PB 0x000000008da00000| Untracked 
|  57|0x000000008db00000, 0x000000008db00000, 0x000000008dc00000|  0%| F|  |TAMS 0x000000008db00000| PB 0x000000008db00000| Untracked 
|  58|0x000000008dc00000, 0x000000008dc2feb0, 0x000000008dd00000| 18%| S|CS|TAMS 0x000000008dc00000| PB 0x000000008dc00000| Complete 
|  59|0x000000008dd00000, 0x000000008de00000, 0x000000008de00000|100%| S|CS|TAMS 0x000000008dd00000| PB 0x000000008dd00000| Complete 
|  60|0x000000008de00000, 0x000000008df00000, 0x000000008df00000|100%| S|CS|TAMS 0x000000008de00000| PB 0x000000008de00000| Complete 
|  61|0x000000008df00000, 0x000000008e000000, 0x000000008e000000|100%| S|CS|TAMS 0x000000008df00000| PB 0x000000008df00000| Complete 
|  62|0x000000008e000000, 0x000000008e100000, 0x000000008e100000|100%| S|CS|TAMS 0x000000008e000000| PB 0x000000008e000000| Complete 
|  63|0x000000008e100000, 0x000000008e200000, 0x000000008e200000|100%| S|CS|TAMS 0x000000008e100000| PB 0x000000008e100000| Complete 
|  64|0x000000008e200000, 0x000000008e300000, 0x000000008e300000|100%| S|CS|TAMS 0x000000008e200000| PB 0x000000008e200000| Complete 
|  65|0x000000008e300000, 0x000000008e300000, 0x000000008e400000|  0%| F|  |TAMS 0x000000008e300000| PB 0x000000008e300000| Untracked 
|  66|0x000000008e400000, 0x000000008e400000, 0x000000008e500000|  0%| F|  |TAMS 0x000000008e400000| PB 0x000000008e400000| Untracked 
|  67|0x000000008e500000, 0x000000008e500000, 0x000000008e600000|  0%| F|  |TAMS 0x000000008e500000| PB 0x000000008e500000| Untracked 
|  68|0x000000008e600000, 0x000000008e600000, 0x000000008e700000|  0%| F|  |TAMS 0x000000008e600000| PB 0x000000008e600000| Untracked 
|  69|0x000000008e700000, 0x000000008e700000, 0x000000008e800000|  0%| F|  |TAMS 0x000000008e700000| PB 0x000000008e700000| Untracked 
|  70|0x000000008e800000, 0x000000008e800000, 0x000000008e900000|  0%| F|  |TAMS 0x000000008e800000| PB 0x000000008e800000| Untracked 
|  71|0x000000008e900000, 0x000000008e900000, 0x000000008ea00000|  0%| F|  |TAMS 0x000000008e900000| PB 0x000000008e900000| Untracked 
|  72|0x000000008ea00000, 0x000000008ea00000, 0x000000008eb00000|  0%| F|  |TAMS 0x000000008ea00000| PB 0x000000008ea00000| Untracked 
|  73|0x000000008eb00000, 0x000000008eb00000, 0x000000008ec00000|  0%| F|  |TAMS 0x000000008eb00000| PB 0x000000008eb00000| Untracked 
|  74|0x000000008ec00000, 0x000000008ec00000, 0x000000008ed00000|  0%| F|  |TAMS 0x000000008ec00000| PB 0x000000008ec00000| Untracked 
|  75|0x000000008ed00000, 0x000000008ed00000, 0x000000008ee00000|  0%| F|  |TAMS 0x000000008ed00000| PB 0x000000008ed00000| Untracked 
|  76|0x000000008ee00000, 0x000000008ee00000, 0x000000008ef00000|  0%| F|  |TAMS 0x000000008ee00000| PB 0x000000008ee00000| Untracked 
|  77|0x000000008ef00000, 0x000000008ef00000, 0x000000008f000000|  0%| F|  |TAMS 0x000000008ef00000| PB 0x000000008ef00000| Untracked 
|  78|0x000000008f000000, 0x000000008f000000, 0x000000008f100000|  0%| F|  |TAMS 0x000000008f000000| PB 0x000000008f000000| Untracked 
|  79|0x000000008f100000, 0x000000008f100000, 0x000000008f200000|  0%| F|  |TAMS 0x000000008f100000| PB 0x000000008f100000| Untracked 
|  80|0x000000008f200000, 0x000000008f200000, 0x000000008f300000|  0%| F|  |TAMS 0x000000008f200000| PB 0x000000008f200000| Untracked 
|  81|0x000000008f300000, 0x000000008f300000, 0x000000008f400000|  0%| F|  |TAMS 0x000000008f300000| PB 0x000000008f300000| Untracked 
|  82|0x000000008f400000, 0x000000008f400000, 0x000000008f500000|  0%| F|  |TAMS 0x000000008f400000| PB 0x000000008f400000| Untracked 
|  83|0x000000008f500000, 0x000000008f500000, 0x000000008f600000|  0%| F|  |TAMS 0x000000008f500000| PB 0x000000008f500000| Untracked 
|  84|0x000000008f600000, 0x000000008f600000, 0x000000008f700000|  0%| F|  |TAMS 0x000000008f600000| PB 0x000000008f600000| Untracked 
|  85|0x000000008f700000, 0x000000008f700000, 0x000000008f800000|  0%| F|  |TAMS 0x000000008f700000| PB 0x000000008f700000| Untracked 
|  86|0x000000008f800000, 0x000000008f800000, 0x000000008f900000|  0%| F|  |TAMS 0x000000008f800000| PB 0x000000008f800000| Untracked 
|  87|0x000000008f900000, 0x000000008f900000, 0x000000008fa00000|  0%| F|  |TAMS 0x000000008f900000| PB 0x000000008f900000| Untracked 
|  88|0x000000008fa00000, 0x000000008fa00000, 0x000000008fb00000|  0%| F|  |TAMS 0x000000008fa00000| PB 0x000000008fa00000| Untracked 
|  89|0x000000008fb00000, 0x000000008fb00000, 0x000000008fc00000|  0%| F|  |TAMS 0x000000008fb00000| PB 0x000000008fb00000| Untracked 
|  90|0x000000008fc00000, 0x000000008fc00000, 0x000000008fd00000|  0%| F|  |TAMS 0x000000008fc00000| PB 0x000000008fc00000| Untracked 
|  91|0x000000008fd00000, 0x000000008fd00000, 0x000000008fe00000|  0%| F|  |TAMS 0x000000008fd00000| PB 0x000000008fd00000| Untracked 
|  92|0x000000008fe00000, 0x000000008fe00000, 0x000000008ff00000|  0%| F|  |TAMS 0x000000008fe00000| PB 0x000000008fe00000| Untracked 
|  93|0x000000008ff00000, 0x000000008ff00000, 0x0000000090000000|  0%| F|  |TAMS 0x000000008ff00000| PB 0x000000008ff00000| Untracked 
|  94|0x0000000090000000, 0x0000000090000000, 0x0000000090100000|  0%| F|  |TAMS 0x0000000090000000| PB 0x0000000090000000| Untracked 
|  95|0x0000000090100000, 0x0000000090100000, 0x0000000090200000|  0%| F|  |TAMS 0x0000000090100000| PB 0x0000000090100000| Untracked 
|  96|0x0000000090200000, 0x0000000090200000, 0x0000000090300000|  0%| F|  |TAMS 0x0000000090200000| PB 0x0000000090200000| Untracked 
|  97|0x0000000090300000, 0x0000000090300000, 0x0000000090400000|  0%| F|  |TAMS 0x0000000090300000| PB 0x0000000090300000| Untracked 
|  98|0x0000000090400000, 0x0000000090400000, 0x0000000090500000|  0%| F|  |TAMS 0x0000000090400000| PB 0x0000000090400000| Untracked 
|  99|0x0000000090500000, 0x0000000090500000, 0x0000000090600000|  0%| F|  |TAMS 0x0000000090500000| PB 0x0000000090500000| Untracked 
| 100|0x0000000090600000, 0x00000000906ba8d0, 0x0000000090700000| 72%| E|  |TAMS 0x0000000090600000| PB 0x0000000090600000| Complete 
| 101|0x0000000090700000, 0x0000000090800000, 0x0000000090800000|100%| E|CS|TAMS 0x0000000090700000| PB 0x0000000090700000| Complete 
| 102|0x0000000090800000, 0x0000000090900000, 0x0000000090900000|100%| E|CS|TAMS 0x0000000090800000| PB 0x0000000090800000| Complete 
| 103|0x0000000090900000, 0x0000000090a00000, 0x0000000090a00000|100%| E|CS|TAMS 0x0000000090900000| PB 0x0000000090900000| Complete 
| 104|0x0000000090a00000, 0x0000000090b00000, 0x0000000090b00000|100%| E|CS|TAMS 0x0000000090a00000| PB 0x0000000090a00000| Complete 
| 105|0x0000000090b00000, 0x0000000090c00000, 0x0000000090c00000|100%| E|CS|TAMS 0x0000000090b00000| PB 0x0000000090b00000| Complete 
| 106|0x0000000090c00000, 0x0000000090d00000, 0x0000000090d00000|100%| E|CS|TAMS 0x0000000090c00000| PB 0x0000000090c00000| Complete 
| 107|0x0000000090d00000, 0x0000000090e00000, 0x0000000090e00000|100%| E|CS|TAMS 0x0000000090d00000| PB 0x0000000090d00000| Complete 
| 108|0x0000000090e00000, 0x0000000090f00000, 0x0000000090f00000|100%| E|CS|TAMS 0x0000000090e00000| PB 0x0000000090e00000| Complete 
| 109|0x0000000090f00000, 0x0000000091000000, 0x0000000091000000|100%| E|CS|TAMS 0x0000000090f00000| PB 0x0000000090f00000| Complete 
| 110|0x0000000091000000, 0x0000000091100000, 0x0000000091100000|100%| E|CS|TAMS 0x0000000091000000| PB 0x0000000091000000| Complete 
| 111|0x0000000091100000, 0x0000000091200000, 0x0000000091200000|100%| E|CS|TAMS 0x0000000091100000| PB 0x0000000091100000| Complete 
| 112|0x0000000091200000, 0x0000000091300000, 0x0000000091300000|100%| E|CS|TAMS 0x0000000091200000| PB 0x0000000091200000| Complete 
| 113|0x0000000091300000, 0x0000000091400000, 0x0000000091400000|100%| E|  |TAMS 0x0000000091300000| PB 0x0000000091300000| Complete 
| 114|0x0000000091400000, 0x0000000091500000, 0x0000000091500000|100%| E|CS|TAMS 0x0000000091400000| PB 0x0000000091400000| Complete 
| 115|0x0000000091500000, 0x0000000091600000, 0x0000000091600000|100%| E|CS|TAMS 0x0000000091500000| PB 0x0000000091500000| Complete 
| 116|0x0000000091600000, 0x0000000091700000, 0x0000000091700000|100%| E|CS|TAMS 0x0000000091600000| PB 0x0000000091600000| Complete 
| 117|0x0000000091700000, 0x0000000091800000, 0x0000000091800000|100%| E|CS|TAMS 0x0000000091700000| PB 0x0000000091700000| Complete 
| 118|0x0000000091800000, 0x0000000091900000, 0x0000000091900000|100%| E|CS|TAMS 0x0000000091800000| PB 0x0000000091800000| Complete 
| 119|0x0000000091900000, 0x0000000091a00000, 0x0000000091a00000|100%| E|CS|TAMS 0x0000000091900000| PB 0x0000000091900000| Complete 
| 120|0x0000000091a00000, 0x0000000091b00000, 0x0000000091b00000|100%| E|CS|TAMS 0x0000000091a00000| PB 0x0000000091a00000| Complete 
| 121|0x0000000091b00000, 0x0000000091c00000, 0x0000000091c00000|100%| E|CS|TAMS 0x0000000091b00000| PB 0x0000000091b00000| Complete 
| 122|0x0000000091c00000, 0x0000000091d00000, 0x0000000091d00000|100%| E|CS|TAMS 0x0000000091c00000| PB 0x0000000091c00000| Complete 
| 123|0x0000000091d00000, 0x0000000091e00000, 0x0000000091e00000|100%| E|CS|TAMS 0x0000000091d00000| PB 0x0000000091d00000| Complete 
| 124|0x0000000091e00000, 0x0000000091f00000, 0x0000000091f00000|100%| E|CS|TAMS 0x0000000091e00000| PB 0x0000000091e00000| Complete 
| 125|0x0000000091f00000, 0x0000000092000000, 0x0000000092000000|100%| E|CS|TAMS 0x0000000091f00000| PB 0x0000000091f00000| Complete 
|1880|0x00000000ffa00000, 0x00000000ffb00000, 0x00000000ffb00000|100%| O|  |TAMS 0x00000000ffa00000| PB 0x00000000ffa00000| Untracked 

Card table byte_map: [0x000002297af60000,0x000002297b310000] _byte_map_base: 0x000002297ab0f000

Marking Bits: (CMBitMap*) 0x0000022971e3a740
 Bits: [0x000002297b310000, 0x000002297d088000)

Polling page: 0x0000022977080000

Metaspace:

Usage:
  Non-class:     78.88 MB used.
      Class:     11.87 MB used.
       Both:     90.76 MB used.

Virtual space:
  Non-class space:      128.00 MB reserved,      79.31 MB ( 62%) committed,  2 nodes.
      Class space:        1.00 GB reserved,      12.19 MB (  1%) committed,  1 nodes.
             Both:        1.12 GB reserved,      91.50 MB (  8%) committed. 

Chunk freelists:
   Non-Class:  496.00 KB
       Class:  3.64 MB
        Both:  4.12 MB

MaxMetaspaceSize: unlimited
CompressedClassSpaceSize: 1.00 GB
Initial GC threshold: 21.00 MB
Current GC threshold: 152.12 MB
CDS: off
 - commit_granule_bytes: 65536.
 - commit_granule_words: 8192.
 - virtual_space_node_default_size: 8388608.
 - enlarge_chunks_in_place: 1.
 - use_allocation_guard: 0.


Internal statistics:

num_allocs_failed_limit: 9.
num_arena_births: 1720.
num_arena_deaths: 760.
num_vsnodes_births: 3.
num_vsnodes_deaths: 0.
num_space_committed: 1464.
num_space_uncommitted: 0.
num_chunks_returned_to_freelist: 901.
num_chunks_taken_from_freelist: 5106.
num_chunk_merges: 186.
num_chunk_splits: 3236.
num_chunks_enlarged: 2462.
num_inconsistent_stats: 0.

CodeCache: size=49152Kb used=19304Kb max_used=19304Kb free=29847Kb
 bounds [0x00000229770a0000, 0x00000229783b0000, 0x000002297a0a0000]
 total_blobs=9833 nmethods=9065 adapters=687
 compilation: enabled
              stopped_count=0, restarted_count=0
 full_count=0

Compilation events (20 events):
Event: 1228.452 Thread 0x0000022908c97970 12102       1       java.lang.invoke.LambdaFormEditor::filterReturnForm (383 bytes)
Event: 1228.454 Thread 0x0000022908c97970 nmethod 12102 0x0000022978126a10 code [0x0000022978126de0, 0x0000022978128098]
Event: 1228.461 Thread 0x0000022908c9bc80 12103       1       org.springframework.data.jpa.util.JpaMetamodel$$Lambda/0x00000001009ae198::test (12 bytes)
Event: 1228.461 Thread 0x0000022908c97970 12104       1       org.springframework.data.jpa.util.JpaMetamodel::lambda$8 (11 bytes)
Event: 1228.461 Thread 0x0000022908c9bc80 nmethod 12103 0x0000022977759790 code [0x0000022977759940, 0x0000022977759b08]
Event: 1228.461 Thread 0x0000022908c97970 nmethod 12104 0x0000022977d02010 code [0x0000022977d021c0, 0x0000022977d022f8]
Event: 1228.462 Thread 0x0000022908c9bc80 12105       1       org.springframework.util.ReflectionUtils::findField (120 bytes)
Event: 1228.463 Thread 0x0000022908c9bc80 nmethod 12105 0x0000022978126090 code [0x00000229781262a0, 0x00000229781266a0]
Event: 1228.468 Thread 0x0000022908c9bc80 12106       1       org.springframework.aop.support.AbstractGenericPointcutAdvisor::setAdvice (6 bytes)
Event: 1228.468 Thread 0x0000022908c9bc80 nmethod 12106 0x0000022978047c90 code [0x0000022978047e20, 0x0000022978047f30]
Event: 1228.667 Thread 0x0000022908c9bc80 12107       1       com.mysql.cj.protocol.a.NativePacketPayload::getCapacity (6 bytes)
Event: 1228.667 Thread 0x0000022908c9bc80 nmethod 12107 0x000002297804e090 code [0x000002297804e220, 0x000002297804e2f0]
Event: 1228.715 Thread 0x0000022908c97970 12108       1       com.mysql.cj.result.DefaultColumnDefinition::<init> (41 bytes)
Event: 1228.715 Thread 0x0000022908c97970 nmethod 12108 0x0000022977d34590 code [0x0000022977d34740, 0x0000022977d349b8]
Event: 1228.755 Thread 0x0000022908c97970 12109       1       com.zaxxer.hikari.HikariConfig::getMinimumIdle (5 bytes)
Event: 1228.755 Thread 0x0000022908c97970 nmethod 12109 0x000002297805d390 code [0x000002297805d520, 0x000002297805d5e8]
Event: 1228.961 Thread 0x0000022908c97970 12110       1       ch.qos.logback.classic.Logger::filterAndLog_1 (68 bytes)
Event: 1228.961 Thread 0x0000022908c9e560 12111       1       ch.qos.logback.classic.LoggerContext::getTurboFilterChainDecision_1 (38 bytes)
Event: 1228.961 Thread 0x0000022908c9e560 nmethod 12111 0x0000022978125a10 code [0x0000022978125be0, 0x0000022978125ed0]
Event: 1228.961 Thread 0x0000022908c97970 nmethod 12110 0x0000022978125110 code [0x0000022978125300, 0x00000229781257b8]

GC Heap History (20 events):
Event: 173.533 GC heap before
{Heap before GC invocations=28 (full 2):
 garbage-first heap   total 140288K, used 97065K [0x000000008a200000, 0x0000000100000000)
  region size 1024K, 58 young (59392K), 0 survivors (0K)
 Metaspace       used 90786K, committed 91712K, reserved 1179648K
  class space    used 11960K, committed 12416K, reserved 1048576K
}
Event: 173.539 GC heap after
{Heap after GC invocations=29 (full 2):
 garbage-first heap   total 140288K, used 44446K [0x000000008a200000, 0x0000000100000000)
  region size 1024K, 5 young (5120K), 5 survivors (5120K)
 Metaspace       used 90786K, committed 91712K, reserved 1179648K
  class space    used 11960K, committed 12416K, reserved 1048576K
}
Event: 193.168 GC heap before
{Heap before GC invocations=30 (full 2):
 garbage-first heap   total 140288K, used 107934K [0x000000008a200000, 0x0000000100000000)
  region size 1024K, 66 young (67584K), 5 survivors (5120K)
 Metaspace       used 91179K, committed 91968K, reserved 1179648K
  class space    used 11991K, committed 12416K, reserved 1048576K
}
Event: 193.258 GC heap after
{Heap after GC invocations=31 (full 3):
 garbage-first heap   total 140288K, used 40128K [0x000000008a200000, 0x0000000100000000)
  region size 1024K, 0 young (0K), 0 survivors (0K)
 Metaspace       used 91176K, committed 91968K, reserved 1179648K
  class space    used 11991K, committed 12416K, reserved 1048576K
}
Event: 194.331 GC heap before
{Heap before GC invocations=31 (full 3):
 garbage-first heap   total 140288K, used 121024K [0x000000008a200000, 0x0000000100000000)
  region size 1024K, 78 young (79872K), 0 survivors (0K)
 Metaspace       used 91371K, committed 92160K, reserved 1179648K
  class space    used 12019K, committed 12416K, reserved 1048576K
}
Event: 194.337 GC heap after
{Heap after GC invocations=32 (full 3):
 garbage-first heap   total 140288K, used 45248K [0x000000008a200000, 0x0000000100000000)
  region size 1024K, 5 young (5120K), 5 survivors (5120K)
 Metaspace       used 91371K, committed 92160K, reserved 1179648K
  class space    used 12019K, committed 12416K, reserved 1048576K
}
Event: 196.288 GC heap before
{Heap before GC invocations=32 (full 3):
 garbage-first heap   total 140288K, used 85184K [0x000000008a200000, 0x0000000100000000)
  region size 1024K, 45 young (46080K), 5 survivors (5120K)
 Metaspace       used 91668K, committed 92416K, reserved 1179648K
  class space    used 12039K, committed 12416K, reserved 1048576K
}
Event: 196.344 GC heap after
{Heap after GC invocations=33 (full 4):
 garbage-first heap   total 140288K, used 40480K [0x000000008a200000, 0x0000000100000000)
  region size 1024K, 0 young (0K), 0 survivors (0K)
 Metaspace       used 91665K, committed 92416K, reserved 1179648K
  class space    used 12039K, committed 12416K, reserved 1048576K
}
Event: 197.408 GC heap before
{Heap before GC invocations=33 (full 4):
 garbage-first heap   total 140288K, used 121376K [0x000000008a200000, 0x0000000100000000)
  region size 1024K, 78 young (79872K), 0 survivors (0K)
 Metaspace       used 91886K, committed 92608K, reserved 1179648K
  class space    used 12070K, committed 12416K, reserved 1048576K
}
Event: 197.415 GC heap after
{Heap after GC invocations=34 (full 4):
 garbage-first heap   total 140288K, used 45692K [0x000000008a200000, 0x0000000100000000)
  region size 1024K, 6 young (6144K), 6 survivors (6144K)
 Metaspace       used 91886K, committed 92608K, reserved 1179648K
  class space    used 12070K, committed 12416K, reserved 1048576K
}
Event: 208.447 GC heap before
{Heap before GC invocations=34 (full 4):
 garbage-first heap   total 140288K, used 86652K [0x000000008a200000, 0x0000000100000000)
  region size 1024K, 47 young (48128K), 6 survivors (6144K)
 Metaspace       used 92195K, committed 92928K, reserved 1179648K
  class space    used 12090K, committed 12416K, reserved 1048576K
}
Event: 208.547 GC heap after
{Heap after GC invocations=35 (full 5):
 garbage-first heap   total 140288K, used 40842K [0x000000008a200000, 0x0000000100000000)
  region size 1024K, 0 young (0K), 0 survivors (0K)
 Metaspace       used 92193K, committed 92928K, reserved 1179648K
  class space    used 12090K, committed 12416K, reserved 1048576K
}
Event: 209.511 GC heap before
{Heap before GC invocations=35 (full 5):
 garbage-first heap   total 140288K, used 101258K [0x000000008a200000, 0x0000000100000000)
  region size 1024K, 60 young (61440K), 0 survivors (0K)
 Metaspace       used 92301K, committed 92992K, reserved 1179648K
  class space    used 12105K, committed 12416K, reserved 1048576K
}
Event: 209.517 GC heap after
{Heap after GC invocations=36 (full 5):
 garbage-first heap   total 140288K, used 45724K [0x000000008a200000, 0x0000000100000000)
  region size 1024K, 5 young (5120K), 5 survivors (5120K)
 Metaspace       used 92301K, committed 92992K, reserved 1179648K
  class space    used 12105K, committed 12416K, reserved 1048576K
}
Event: 574.246 GC heap before
{Heap before GC invocations=36 (full 5):
 garbage-first heap   total 140288K, used 122524K [0x000000008a200000, 0x0000000100000000)
  region size 1024K, 79 young (80896K), 5 survivors (5120K)
 Metaspace       used 92683K, committed 93440K, reserved 1179648K
  class space    used 12133K, committed 12480K, reserved 1048576K
}
Event: 574.295 GC heap after
{Heap after GC invocations=37 (full 5):
 garbage-first heap   total 140288K, used 47797K [0x000000008a200000, 0x0000000100000000)
  region size 1024K, 7 young (7168K), 7 survivors (7168K)
 Metaspace       used 92683K, committed 93440K, reserved 1179648K
  class space    used 12133K, committed 12480K, reserved 1048576K
}
Event: 1225.969 GC heap before
{Heap before GC invocations=37 (full 5):
 garbage-first heap   total 140288K, used 79541K [0x000000008a200000, 0x0000000100000000)
  region size 1024K, 39 young (39936K), 7 survivors (7168K)
 Metaspace       used 92695K, committed 93440K, reserved 1179648K
  class space    used 12134K, committed 12480K, reserved 1048576K
}
Event: 1226.136 GC heap after
{Heap after GC invocations=38 (full 6):
 garbage-first heap   total 130048K, used 37556K [0x000000008a200000, 0x0000000100000000)
  region size 1024K, 0 young (0K), 0 survivors (0K)
 Metaspace       used 92480K, committed 93440K, reserved 1179648K
  class space    used 12086K, committed 12480K, reserved 1048576K
}
Event: 1228.022 GC heap before
{Heap before GC invocations=38 (full 6):
 garbage-first heap   total 130048K, used 97972K [0x000000008a200000, 0x0000000100000000)
  region size 1024K, 61 young (62464K), 0 survivors (0K)
 Metaspace       used 92688K, committed 93440K, reserved 1179648K
  class space    used 12129K, committed 12480K, reserved 1048576K
}
Event: 1228.036 GC heap after
{Heap after GC invocations=39 (full 6):
 garbage-first heap   total 130048K, used 43892K [0x000000008a200000, 0x0000000100000000)
  region size 1024K, 7 young (7168K), 7 survivors (7168K)
 Metaspace       used 92688K, committed 93440K, reserved 1179648K
  class space    used 12129K, committed 12480K, reserved 1048576K
}

Dll operation events (12 events):
Event: 0.009 Loaded shared library C:\Users\PRASANTH\Downloads\sts-4.24.0.RELEASE\plugins\org.eclipse.justj.openjdk.hotspot.jre.full.win32.x86_64_21.0.3.v20240426-1530\jre\bin\java.dll
Event: 0.014 Loaded shared library C:\Users\PRASANTH\Downloads\sts-4.24.0.RELEASE\plugins\org.eclipse.justj.openjdk.hotspot.jre.full.win32.x86_64_21.0.3.v20240426-1530\jre\bin\zip.dll
Event: 0.305 Loaded shared library C:\Users\PRASANTH\Downloads\sts-4.24.0.RELEASE\plugins\org.eclipse.justj.openjdk.hotspot.jre.full.win32.x86_64_21.0.3.v20240426-1530\jre\bin\instrument.dll
Event: 0.318 Loaded shared library C:\Users\PRASANTH\Downloads\sts-4.24.0.RELEASE\plugins\org.eclipse.justj.openjdk.hotspot.jre.full.win32.x86_64_21.0.3.v20240426-1530\jre\bin\net.dll
Event: 0.320 Loaded shared library C:\Users\PRASANTH\Downloads\sts-4.24.0.RELEASE\plugins\org.eclipse.justj.openjdk.hotspot.jre.full.win32.x86_64_21.0.3.v20240426-1530\jre\bin\nio.dll
Event: 0.330 Loaded shared library C:\Users\PRASANTH\Downloads\sts-4.24.0.RELEASE\plugins\org.eclipse.justj.openjdk.hotspot.jre.full.win32.x86_64_21.0.3.v20240426-1530\jre\bin\zip.dll
Event: 0.531 Loaded shared library C:\Users\PRASANTH\Downloads\sts-4.24.0.RELEASE\plugins\org.eclipse.justj.openjdk.hotspot.jre.full.win32.x86_64_21.0.3.v20240426-1530\jre\bin\jimage.dll
Event: 0.581 Loaded shared library C:\Users\PRASANTH\Downloads\sts-4.24.0.RELEASE\plugins\org.eclipse.justj.openjdk.hotspot.jre.full.win32.x86_64_21.0.3.v20240426-1530\jre\bin\management.dll
Event: 0.593 Loaded shared library C:\Users\PRASANTH\Downloads\sts-4.24.0.RELEASE\plugins\org.eclipse.justj.openjdk.hotspot.jre.full.win32.x86_64_21.0.3.v20240426-1530\jre\bin\management_ext.dll
Event: 0.825 Loaded shared library C:\Users\PRASANTH\Downloads\sts-4.24.0.RELEASE\plugins\org.eclipse.justj.openjdk.hotspot.jre.full.win32.x86_64_21.0.3.v20240426-1530\jre\bin\extnet.dll
Event: 0.856 Loaded shared library C:\Users\PRASANTH\Downloads\sts-4.24.0.RELEASE\plugins\org.eclipse.justj.openjdk.hotspot.jre.full.win32.x86_64_21.0.3.v20240426-1530\jre\bin\verify.dll
Event: 2.064 Loaded shared library C:\Users\PRASANTH\Downloads\sts-4.24.0.RELEASE\plugins\org.eclipse.justj.openjdk.hotspot.jre.full.win32.x86_64_21.0.3.v20240426-1530\jre\bin\sunmscapi.dll

Deoptimization events (20 events):
Event: 1228.469 Thread 0x00000229056dee90 DEOPT PACKING pc=0x00000229778cf2cc sp=0x000000eb648f9e80
Event: 1228.469 Thread 0x00000229056dee90 DEOPT UNPACKING pc=0x00000229770f4e42 sp=0x000000eb648f93b8 mode 1
Event: 1228.469 Thread 0x00000229056dee90 DEOPT PACKING pc=0x00000229778cc3cc sp=0x000000eb648f9f70
Event: 1228.469 Thread 0x00000229056dee90 DEOPT UNPACKING pc=0x00000229770f4e42 sp=0x000000eb648f9520 mode 1
Event: 1228.469 Thread 0x00000229056dee90 DEOPT PACKING pc=0x00000229778cd674 sp=0x000000eb648fa0e0
Event: 1228.469 Thread 0x00000229056dee90 DEOPT UNPACKING pc=0x00000229770f4e42 sp=0x000000eb648f96a0 mode 1
Event: 1228.469 Thread 0x00000229056dee90 DEOPT PACKING pc=0x00000229778cf2cc sp=0x000000eb648f9e80
Event: 1228.469 Thread 0x00000229056dee90 DEOPT UNPACKING pc=0x00000229770f4e42 sp=0x000000eb648f93b8 mode 1
Event: 1228.469 Thread 0x00000229056dee90 DEOPT PACKING pc=0x00000229778cc3cc sp=0x000000eb648f9f70
Event: 1228.469 Thread 0x00000229056dee90 DEOPT UNPACKING pc=0x00000229770f4e42 sp=0x000000eb648f9520 mode 1
Event: 1228.469 Thread 0x00000229056dee90 DEOPT PACKING pc=0x00000229778cd674 sp=0x000000eb648fa0e0
Event: 1228.469 Thread 0x00000229056dee90 DEOPT UNPACKING pc=0x00000229770f4e42 sp=0x000000eb648f96a0 mode 1
Event: 1228.476 Thread 0x00000229056dee90 DEOPT PACKING pc=0x00000229778cf2cc sp=0x000000eb648fc7a0
Event: 1228.476 Thread 0x00000229056dee90 DEOPT UNPACKING pc=0x00000229770f4e42 sp=0x000000eb648fbcd8 mode 1
Event: 1228.476 Thread 0x00000229056dee90 DEOPT PACKING pc=0x00000229778cc3cc sp=0x000000eb648fc890
Event: 1228.476 Thread 0x00000229056dee90 DEOPT UNPACKING pc=0x00000229770f4e42 sp=0x000000eb648fbe40 mode 1
Event: 1228.476 Thread 0x00000229056dee90 DEOPT PACKING pc=0x00000229778cd674 sp=0x000000eb648fca00
Event: 1228.476 Thread 0x00000229056dee90 DEOPT UNPACKING pc=0x00000229770f4e42 sp=0x000000eb648fbfc0 mode 1
Event: 1231.071 Thread 0x00000229056dee90 DEOPT PACKING pc=0x0000022977463c9c sp=0x000000eb648fd730
Event: 1231.071 Thread 0x00000229056dee90 DEOPT UNPACKING pc=0x00000229770f4e42 sp=0x000000eb648fcbe8 mode 0

Classes loaded (20 events):
Event: 150.599 Loading class javax/crypto/NoSuchPaddingException
Event: 150.599 Loading class javax/crypto/NoSuchPaddingException done
Event: 150.600 Loading class javax/crypto/IllegalBlockSizeException
Event: 150.600 Loading class javax/crypto/IllegalBlockSizeException done
Event: 150.600 Loading class javax/crypto/BadPaddingException
Event: 150.600 Loading class javax/crypto/BadPaddingException done
Event: 153.663 Loading class java/util/WeakHashMap$KeyIterator
Event: 153.663 Loading class java/util/WeakHashMap$HashIterator
Event: 153.663 Loading class java/util/WeakHashMap$HashIterator done
Event: 153.663 Loading class java/util/WeakHashMap$KeyIterator done
Event: 153.751 Loading class java/lang/ref/Finalizer$2
Event: 153.751 Loading class java/lang/ref/Finalizer$2 done
Event: 153.753 Loading class java/lang/ref/Finalizer$1
Event: 153.753 Loading class java/lang/ref/Finalizer$1 done
Event: 154.684 Loading class java/util/WeakHashMap$EntrySet
Event: 154.685 Loading class java/util/WeakHashMap$EntrySet done
Event: 154.685 Loading class java/util/WeakHashMap$EntryIterator
Event: 154.685 Loading class java/util/WeakHashMap$EntryIterator done
Event: 155.416 Loading class java/time/DurationEditor
Event: 155.416 Loading class java/time/DurationEditor done

Classes unloaded (20 events):
Event: 1226.030 Thread 0x000002290402bf60 Unloading class 0x0000000100b6a800 'java/lang/invoke/LambdaForm$MH+0x0000000100b6a800'
Event: 1226.030 Thread 0x000002290402bf60 Unloading class 0x0000000100b6b800 'java/lang/invoke/LambdaForm$MH+0x0000000100b6b800'
Event: 1226.030 Thread 0x000002290402bf60 Unloading class 0x0000000100b8cc00 'java/lang/invoke/LambdaForm$MH+0x0000000100b8cc00'
Event: 1226.030 Thread 0x000002290402bf60 Unloading class 0x0000000100b8d400 'java/lang/invoke/LambdaForm$MH+0x0000000100b8d400'
Event: 1226.030 Thread 0x000002290402bf60 Unloading class 0x0000000100b90000 'java/lang/invoke/LambdaForm$MH+0x0000000100b90000'
Event: 1226.031 Thread 0x000002290402bf60 Unloading class 0x0000000100581000 'java/lang/invoke/LambdaForm$MH+0x0000000100581000'
Event: 1226.031 Thread 0x000002290402bf60 Unloading class 0x0000000100580000 'java/lang/invoke/LambdaForm$DMH+0x0000000100580000'
Event: 1226.031 Thread 0x000002290402bf60 Unloading class 0x0000000100570800 'java/lang/invoke/LambdaForm$MH+0x0000000100570800'
Event: 1226.031 Thread 0x000002290402bf60 Unloading class 0x000000010050e000 'java/lang/invoke/LambdaForm$MH+0x000000010050e000'
Event: 1226.031 Thread 0x000002290402bf60 Unloading class 0x00000001004c8000 'java/lang/invoke/LambdaForm$DMH+0x00000001004c8000'
Event: 1226.031 Thread 0x000002290402bf60 Unloading class 0x0000000100444000 'java/lang/invoke/LambdaForm$DMH+0x0000000100444000'
Event: 1226.031 Thread 0x000002290402bf60 Unloading class 0x0000000100428000 'java/lang/invoke/LambdaForm$DMH+0x0000000100428000'
Event: 1226.031 Thread 0x000002290402bf60 Unloading class 0x0000000100221000 'java/lang/invoke/LambdaForm$MH+0x0000000100221000'
Event: 1226.031 Thread 0x000002290402bf60 Unloading class 0x0000000100220c00 'java/lang/invoke/LambdaForm$MH+0x0000000100220c00'
Event: 1226.031 Thread 0x000002290402bf60 Unloading class 0x0000000100220800 'java/lang/invoke/LambdaForm$MH+0x0000000100220800'
Event: 1228.071 Thread 0x000002290402bf60 Unloading class 0x0000000100148400 'jdk/internal/reflect/GeneratedSerializationConstructorAccessor39'
Event: 1228.071 Thread 0x000002290402bf60 Unloading class 0x0000000100148c00 'jdk/internal/reflect/GeneratedSerializationConstructorAccessor37'
Event: 1228.071 Thread 0x000002290402bf60 Unloading class 0x000000010014ac00 'jdk/internal/reflect/GeneratedSerializationConstructorAccessor36'
Event: 1228.071 Thread 0x000002290402bf60 Unloading class 0x0000000100186800 'jdk/internal/reflect/GeneratedSerializationConstructorAccessor33'
Event: 1228.071 Thread 0x000002290402bf60 Unloading class 0x0000000100ba1400 'java/lang/invoke/LambdaForm$MH+0x0000000100ba1400'

Classes redefined (20 events):
Event: 191.116 Thread 0x000002290402bf60 redefined class name=com.services.service.impl.BusinessPatnerServiceImpl, count=3
Event: 191.116 Thread 0x000002290402bf60 redefined class name=com.services.service.impl.BusinessPatnerServiceImpl, count=3
Event: 204.580 Thread 0x000002290402bf60 redefined class name=com.services.service.impl.BusinessPatnerServiceImpl, count=1
Event: 204.580 Thread 0x000002290402bf60 redefined class name=com.services.service.impl.BusinessPatnerServiceImpl, count=4
Event: 204.580 Thread 0x000002290402bf60 redefined class name=com.services.service.impl.BusinessPatnerServiceImpl, count=3
Event: 204.580 Thread 0x000002290402bf60 redefined class name=com.services.service.impl.BusinessPatnerServiceImpl, count=4
Event: 204.580 Thread 0x000002290402bf60 redefined class name=com.services.service.impl.BusinessPatnerServiceImpl, count=1
Event: 1222.121 Thread 0x000002290402bf60 redefined class name=com.services.controller.MinioController, count=1
Event: 1222.121 Thread 0x000002290402bf60 redefined class name=com.services.controller.MinioController, count=1
Event: 1222.122 Thread 0x000002290402bf60 redefined class name=com.services.controller.MinioController, count=1
Event: 1222.122 Thread 0x000002290402bf60 redefined class name=com.services.controller.MinioController, count=1
Event: 1222.122 Thread 0x000002290402bf60 redefined class name=com.services.controller.MinioController, count=1
Event: 1222.122 Thread 0x000002290402bf60 redefined class name=com.services.controller.MinioController, count=1
Event: 1231.311 Thread 0x000002290402bf60 redefined class name=com.services.controller.MinioController, count=2
Event: 1231.311 Thread 0x000002290402bf60 redefined class name=com.services.controller.MinioController, count=2
Event: 1231.311 Thread 0x000002290402bf60 redefined class name=com.services.controller.MinioController, count=2
Event: 1231.311 Thread 0x000002290402bf60 redefined class name=com.services.controller.MinioController, count=2
Event: 1231.311 Thread 0x000002290402bf60 redefined class name=com.services.controller.MinioController, count=2
Event: 1231.311 Thread 0x000002290402bf60 redefined class name=com.services.controller.MinioController, count=2
Event: 1231.311 Thread 0x000002290402bf60 redefined class name=com.services.controller.MinioController, count=1

Internal exceptions (20 events):
Event: 209.365 Thread 0x000002290874ecf0 Exception <a 'java/lang/NoClassDefFoundError'{0x000000008ff48490}: org/jooq/DSLContext> (0x000000008ff48490) 
thrown [s\src\hotspot\share\oops\constantPool.cpp, line 873]
Event: 209.368 Thread 0x000002290874ecf0 Exception <a 'java/lang/NoClassDefFoundError'{0x000000008ff5a0c8}: org/springframework/batch/core/repository/JobRepository> (0x000000008ff5a0c8) 
thrown [s\src\hotspot\share\oops\constantPool.cpp, line 873]
Event: 209.369 Thread 0x000002290874ecf0 Exception <a 'java/lang/NoClassDefFoundError'{0x000000008ff5a720}: org/quartz/Scheduler> (0x000000008ff5a720) 
thrown [s\src\hotspot\share\oops\constantPool.cpp, line 873]
Event: 209.370 Thread 0x000002290874ecf0 Exception <a 'java/lang/NoClassDefFoundError'{0x000000008ff5ada0}: org/springframework/session/jdbc/JdbcIndexedSessionRepository> (0x000000008ff5ada0) 
thrown [s\src\hotspot\share\oops\constantPool.cpp, line 873]
Event: 209.487 Thread 0x000002290874ecf0 Exception <a 'java/io/FileNotFoundException'{0x000000008f009e88}> (0x000000008f009e88) 
thrown [s\src\hotspot\share\prims\jni.cpp, line 520]
Event: 209.550 Thread 0x000002290874ecf0 Exception <a 'java/io/FileNotFoundException'{0x0000000092884380}> (0x0000000092884380) 
thrown [s\src\hotspot\share\prims\jni.cpp, line 520]
Event: 210.077 Thread 0x000002290874ecf0 Exception <a 'java/net/BindException'{0x00000000902ae650}: Address already in use: bind> (0x00000000902ae650) 
thrown [s\src\hotspot\share\prims\jni.cpp, line 539]
Event: 1225.967 Thread 0x0000022908750730 Exception <a 'java/lang/InterruptedException'{0x0000000090a96ec8}: sleep interrupted> (0x0000000090a96ec8) 
thrown [s\src\hotspot\share\prims\jvm.cpp, line 3074]
Event: 1226.277 Thread 0x00000229056dee90 Exception <a 'sun/nio/fs/WindowsException'{0x0000000091ff3848}> (0x0000000091ff3848) 
thrown [s\src\hotspot\share\prims\jni.cpp, line 520]
Event: 1227.414 Thread 0x00000229056dee90 Exception <a 'java/lang/NoClassDefFoundError'{0x000000008f47f5c0}: org/flywaydb/core/Flyway> (0x000000008f47f5c0) 
thrown [s\src\hotspot\share\oops\constantPool.cpp, line 873]
Event: 1227.761 Thread 0x00000229056dee90 Exception <a 'java/lang/NoClassDefFoundError'{0x000000008f47fc20}: liquibase/integration/spring/SpringLiquibase> (0x000000008f47fc20) 
thrown [s\src\hotspot\share\oops\constantPool.cpp, line 873]
Event: 1227.774 Thread 0x00000229056dee90 Exception <a 'java/lang/NoClassDefFoundError'{0x000000008f31faf8}: org/jooq/DSLContext> (0x000000008f31faf8) 
thrown [s\src\hotspot\share\oops\constantPool.cpp, line 873]
Event: 1227.777 Thread 0x00000229056dee90 Exception <a 'java/lang/NoClassDefFoundError'{0x000000008f331700}: org/springframework/batch/core/repository/JobRepository> (0x000000008f331700) 
thrown [s\src\hotspot\share\oops\constantPool.cpp, line 873]
Event: 1227.779 Thread 0x00000229056dee90 Exception <a 'java/lang/NoClassDefFoundError'{0x000000008f331d58}: org/quartz/Scheduler> (0x000000008f331d58) 
thrown [s\src\hotspot\share\oops\constantPool.cpp, line 873]
Event: 1227.781 Thread 0x00000229056dee90 Exception <a 'java/lang/NoClassDefFoundError'{0x000000008f3323d8}: org/springframework/session/jdbc/JdbcIndexedSessionRepository> (0x000000008f3323d8) 
thrown [s\src\hotspot\share\oops\constantPool.cpp, line 873]
Event: 1227.798 Thread 0x00000229056dee90 Exception <a 'java/lang/NoSuchMethodError'{0x000000008f3e0b88}: 'void java.lang.invoke.DelegatingMethodHandle$Holder.reinvoke_L(java.lang.Object, java.lang.Object, int)'> (0x000000008f3e0b88) 
thrown [s\src\hotspot\share\interpreter\linkResolver.cpp, line 773]
Event: 1227.996 Thread 0x00000229056dee90 Exception <a 'java/lang/NoSuchMethodError'{0x000000008e4b5050}: 'int java.lang.invoke.DirectMethodHandle$Holder.invokeVirtual(java.lang.Object, java.lang.Object, java.lang.Object, java.lang.Object)'> (0x000000008e4b5050) 
thrown [s\src\hotspot\share\interpreter\linkResolver.cpp, line 773]
Event: 1227.997 Thread 0x00000229056dee90 Exception <a 'java/lang/NoSuchMethodError'{0x000000008e4b8618}: 'int java.lang.invoke.DelegatingMethodHandle$Holder.reinvoke_L(java.lang.Object, java.lang.Object, java.lang.Object, java.lang.Object)'> (0x000000008e4b8618) 
thrown [s\src\hotspot\share\interpreter\linkResolver.cpp, line 773]
Event: 1228.014 Thread 0x00000229056dee90 Exception <a 'java/io/FileNotFoundException'{0x000000008e316210}> (0x000000008e316210) 
thrown [s\src\hotspot\share\prims\jni.cpp, line 520]
Event: 1228.159 Thread 0x00000229056dee90 Exception <a 'java/io/FileNotFoundException'{0x0000000091c2eaf0}> (0x0000000091c2eaf0) 
thrown [s\src\hotspot\share\prims\jni.cpp, line 520]

ZGC Phase Switch (0 events):
No events

VM Operations (20 events):
Event: 1229.760 Executing VM operation: get/set locals
Event: 1229.760 Executing VM operation: get/set locals done
Event: 1229.762 Executing VM operation: get/set locals
Event: 1229.762 Executing VM operation: get/set locals done
Event: 1229.763 Executing VM operation: get/set locals
Event: 1229.763 Executing VM operation: get/set locals done
Event: 1229.764 Executing VM operation: get/set locals
Event: 1229.764 Executing VM operation: get/set locals done
Event: 1229.765 Executing VM operation: get/set locals
Event: 1229.765 Executing VM operation: get/set locals done
Event: 1229.766 Executing VM operation: get/set locals
Event: 1229.766 Executing VM operation: get/set locals done
Event: 1231.069 Executing VM operation: ChangeSingleStep
Event: 1231.070 Executing VM operation: ChangeSingleStep done
Event: 1231.071 Executing VM operation: ChangeSingleStep
Event: 1231.071 Executing VM operation: ChangeSingleStep done
Event: 1231.297 Executing VM operation: RedefineClasses
Event: 1231.342 Executing VM operation: RedefineClasses done
Event: 1231.344 Executing VM operation: ChangeSingleStep
Event: 1231.344 Executing VM operation: ChangeSingleStep done

Events (20 events):
Event: 1228.084 Thread 0x000002290402bf60 flushing nmethod 0x0000022977293610
Event: 1228.084 Thread 0x000002290402bf60 flushing nmethod 0x000002297728b110
Event: 1228.084 Thread 0x000002290402bf60 flushing nmethod 0x0000022977276b10
Event: 1228.084 Thread 0x000002290402bf60 flushing nmethod 0x0000022977276810
Event: 1228.084 Thread 0x000002290402bf60 flushing nmethod 0x0000022977244d90
Event: 1228.084 Thread 0x000002290402bf60 flushing nmethod 0x0000022977231510
Event: 1228.084 Thread 0x000002290402bf60 flushing nmethod 0x0000022977225d10
Event: 1228.084 Thread 0x000002290402bf60 flushing nmethod 0x0000022977225a10
Event: 1228.084 Thread 0x000002290402bf60 flushing nmethod 0x0000022977225710
Event: 1228.084 Thread 0x000002290402bf60 flushing nmethod 0x000002297720bc10
Event: 1228.084 Thread 0x000002290402bf60 flushing nmethod 0x00000229771d1c10
Event: 1228.084 Thread 0x000002290402bf60 flushing nmethod 0x00000229771bf410
Event: 1228.084 Thread 0x000002290402bf60 flushing nmethod 0x00000229771b5c10
Event: 1228.160 Thread 0x00000229056e0240 Thread added: 0x00000229056e0240
Event: 1228.160 Thread 0x00000229056e1c80 Thread added: 0x00000229056e1c80
Event: 1228.161 Thread 0x00000229056dfbb0 Thread added: 0x00000229056dfbb0
Event: 1228.248 Thread 0x000002290874fa10 Thread added: 0x000002290874fa10
Event: 1228.323 Thread 0x0000022908c9e560 Thread added: 0x0000022908c9e560
Event: 1228.352 Thread 0x000002290874dfd0 Thread added: 0x000002290874dfd0
Event: 1228.388 Thread 0x0000022908c9bc80 Thread added: 0x0000022908c9bc80


Dynamic libraries:
0x00007ff68b460000 - 0x00007ff68b46e000 	C:\Users\PRASANTH\Downloads\sts-4.24.0.RELEASE\plugins\org.eclipse.justj.openjdk.hotspot.jre.full.win32.x86_64_21.0.3.v20240426-1530\jre\bin\javaw.exe
0x00007ffabcb80000 - 0x00007ffabcde0000 	C:\WINDOWS\SYSTEM32\ntdll.dll
0x00007ffabc540000 - 0x00007ffabc607000 	C:\WINDOWS\System32\KERNEL32.DLL
0x00007ffaba2b0000 - 0x00007ffaba679000 	C:\WINDOWS\System32\KERNELBASE.dll
0x00007ffaba070000 - 0x00007ffaba1bc000 	C:\WINDOWS\System32\ucrtbase.dll
0x00007ffa8b3f0000 - 0x00007ffa8b40b000 	C:\Users\PRASANTH\Downloads\sts-4.24.0.RELEASE\plugins\org.eclipse.justj.openjdk.hotspot.jre.full.win32.x86_64_21.0.3.v20240426-1530\jre\bin\VCRUNTIME140.dll
0x00007ffa9ed70000 - 0x00007ffa9ed88000 	C:\Users\PRASANTH\Downloads\sts-4.24.0.RELEASE\plugins\org.eclipse.justj.openjdk.hotspot.jre.full.win32.x86_64_21.0.3.v20240426-1530\jre\bin\jli.dll
0x00007ffabc960000 - 0x00007ffabcb2a000 	C:\WINDOWS\System32\USER32.dll
0x00007ffa9f060000 - 0x00007ffa9f2f6000 	C:\WINDOWS\WinSxS\amd64_microsoft.windows.common-controls_6595b64144ccf1df_6.0.26100.3360_none_3e0cc616e3305d09\COMCTL32.dll
0x00007ffaba280000 - 0x00007ffaba2a7000 	C:\WINDOWS\System32\win32u.dll
0x00007ffabb960000 - 0x00007ffabba09000 	C:\WINDOWS\System32\msvcrt.dll
0x00007ffabc020000 - 0x00007ffabc04a000 	C:\WINDOWS\System32\GDI32.dll
0x00007ffaba680000 - 0x00007ffaba7b0000 	C:\WINDOWS\System32\gdi32full.dll
0x00007ffaba850000 - 0x00007ffaba8f3000 	C:\WINDOWS\System32\msvcp_win.dll
0x00007ffabc7a0000 - 0x00007ffabc7cf000 	C:\WINDOWS\System32\IMM32.DLL
0x00007ffa9be10000 - 0x00007ffa9be1c000 	C:\Users\PRASANTH\Downloads\sts-4.24.0.RELEASE\plugins\org.eclipse.justj.openjdk.hotspot.jre.full.win32.x86_64_21.0.3.v20240426-1530\jre\bin\vcruntime140_1.dll
0x00007ffa7f670000 - 0x00007ffa7f6fe000 	C:\Users\PRASANTH\Downloads\sts-4.24.0.RELEASE\plugins\org.eclipse.justj.openjdk.hotspot.jre.full.win32.x86_64_21.0.3.v20240426-1530\jre\bin\msvcp140.dll
0x00007ffa61330000 - 0x00007ffa620b2000 	C:\Users\PRASANTH\Downloads\sts-4.24.0.RELEASE\plugins\org.eclipse.justj.openjdk.hotspot.jre.full.win32.x86_64_21.0.3.v20240426-1530\jre\bin\server\jvm.dll
0x00007ffabbb10000 - 0x00007ffabbbc2000 	C:\WINDOWS\System32\ADVAPI32.dll
0x00007ffabc050000 - 0x00007ffabc0f6000 	C:\WINDOWS\System32\sechost.dll
0x00007ffabbcb0000 - 0x00007ffabbdc6000 	C:\WINDOWS\System32\RPCRT4.dll
0x00007ffabc670000 - 0x00007ffabc6e4000 	C:\WINDOWS\System32\WS2_32.dll
0x00007ffab9c10000 - 0x00007ffab9c5e000 	C:\WINDOWS\SYSTEM32\POWRPROF.dll
0x00007ffab0e50000 - 0x00007ffab0e86000 	C:\WINDOWS\SYSTEM32\WINMM.dll
0x00007ffab0e90000 - 0x00007ffab0e9b000 	C:\WINDOWS\SYSTEM32\VERSION.dll
0x00007ffab9bf0000 - 0x00007ffab9c04000 	C:\WINDOWS\SYSTEM32\UMPDC.dll
0x00007ffab8ba0000 - 0x00007ffab8bba000 	C:\WINDOWS\SYSTEM32\kernel.appcore.dll
0x00007ffab3980000 - 0x00007ffab398a000 	C:\Users\PRASANTH\Downloads\sts-4.24.0.RELEASE\plugins\org.eclipse.justj.openjdk.hotspot.jre.full.win32.x86_64_21.0.3.v20240426-1530\jre\bin\jimage.dll
0x00007ffaad470000 - 0x00007ffaad6b1000 	C:\WINDOWS\SYSTEM32\DBGHELP.DLL
0x00007ffabc190000 - 0x00007ffabc512000 	C:\WINDOWS\System32\combase.dll
0x00007ffabbbd0000 - 0x00007ffabbca6000 	C:\WINDOWS\System32\OLEAUT32.dll
0x00007ffa9c550000 - 0x00007ffa9c589000 	C:\WINDOWS\SYSTEM32\dbgcore.DLL
0x00007ffaba900000 - 0x00007ffaba999000 	C:\WINDOWS\System32\bcryptPrimitives.dll
0x00007ffa97eb0000 - 0x00007ffa97eec000 	C:\Users\PRASANTH\Downloads\sts-4.24.0.RELEASE\plugins\org.eclipse.justj.openjdk.hotspot.jre.full.win32.x86_64_21.0.3.v20240426-1530\jre\bin\jdwp.dll
0x00007ffab2c60000 - 0x00007ffab2c6f000 	C:\Users\PRASANTH\Downloads\sts-4.24.0.RELEASE\plugins\org.eclipse.justj.openjdk.hotspot.jre.full.win32.x86_64_21.0.3.v20240426-1530\jre\bin\instrument.dll
0x00007ffa97e90000 - 0x00007ffa97eaf000 	C:\Users\PRASANTH\Downloads\sts-4.24.0.RELEASE\plugins\org.eclipse.justj.openjdk.hotspot.jre.full.win32.x86_64_21.0.3.v20240426-1530\jre\bin\java.dll
0x00007ffa96910000 - 0x00007ffa96928000 	C:\Users\PRASANTH\Downloads\sts-4.24.0.RELEASE\plugins\org.eclipse.justj.openjdk.hotspot.jre.full.win32.x86_64_21.0.3.v20240426-1530\jre\bin\zip.dll
0x00007ffabb240000 - 0x00007ffabb95c000 	C:\WINDOWS\System32\SHELL32.dll
0x00007ffab9d80000 - 0x00007ffab9ee8000 	C:\WINDOWS\System32\wintypes.dll
0x00007ffab7a50000 - 0x00007ffab8296000 	C:\WINDOWS\SYSTEM32\windows.storage.dll
0x00007ffabb0c0000 - 0x00007ffabb1ad000 	C:\WINDOWS\System32\SHCORE.dll
0x00007ffabc6f0000 - 0x00007ffabc74d000 	C:\WINDOWS\System32\shlwapi.dll
0x00007ffab9c90000 - 0x00007ffab9cbf000 	C:\WINDOWS\SYSTEM32\profapi.dll
0x00007ffab65f0000 - 0x00007ffab65fb000 	C:\Users\PRASANTH\Downloads\sts-4.24.0.RELEASE\plugins\org.eclipse.justj.openjdk.hotspot.jre.full.win32.x86_64_21.0.3.v20240426-1530\jre\bin\dt_socket.dll
0x00007ffab85a0000 - 0x00007ffab85d3000 	C:\WINDOWS\SYSTEM32\IPHLPAPI.DLL
0x00007ffab90c0000 - 0x00007ffab912a000 	C:\WINDOWS\system32\mswsock.dll
0x00007ffab8630000 - 0x00007ffab8755000 	C:\WINDOWS\SYSTEM32\DNSAPI.dll
0x00007ffabcb30000 - 0x00007ffabcb3a000 	C:\WINDOWS\System32\NSI.dll
0x00007ffab1e00000 - 0x00007ffab1e0b000 	C:\Windows\System32\rasadhlp.dll
0x00007ffaaec10000 - 0x00007ffaaec95000 	C:\WINDOWS\System32\fwpuclnt.dll
0x00007ffaae9b0000 - 0x00007ffaae9c0000 	C:\Users\PRASANTH\Downloads\sts-4.24.0.RELEASE\plugins\org.eclipse.justj.openjdk.hotspot.jre.full.win32.x86_64_21.0.3.v20240426-1530\jre\bin\net.dll
0x00007ffab1ca0000 - 0x00007ffab1dbd000 	C:\WINDOWS\SYSTEM32\WINHTTP.dll
0x00007ffa92420000 - 0x00007ffa92436000 	C:\Users\PRASANTH\Downloads\sts-4.24.0.RELEASE\plugins\org.eclipse.justj.openjdk.hotspot.jre.full.win32.x86_64_21.0.3.v20240426-1530\jre\bin\nio.dll
0x00007ffa8fec0000 - 0x00007ffa8feca000 	C:\Users\PRASANTH\Downloads\sts-4.24.0.RELEASE\plugins\org.eclipse.justj.openjdk.hotspot.jre.full.win32.x86_64_21.0.3.v20240426-1530\jre\bin\management.dll
0x00007ffa8faf0000 - 0x00007ffa8fafb000 	C:\Users\PRASANTH\Downloads\sts-4.24.0.RELEASE\plugins\org.eclipse.justj.openjdk.hotspot.jre.full.win32.x86_64_21.0.3.v20240426-1530\jre\bin\management_ext.dll
0x00007ffabc940000 - 0x00007ffabc948000 	C:\WINDOWS\System32\PSAPI.DLL
0x00007ffa9d1d0000 - 0x00007ffa9d1e8000 	C:\WINDOWS\system32\napinsp.dll
0x00007ffa968d0000 - 0x00007ffa968e2000 	C:\WINDOWS\System32\winrnr.dll
0x00007ffa96870000 - 0x00007ffa96892000 	C:\WINDOWS\system32\nlansp_c.dll
0x00007ffab1dc0000 - 0x00007ffab1dd6000 	C:\WINDOWS\system32\wshbth.dll
0x00007ffab9360000 - 0x00007ffab937c000 	C:\WINDOWS\SYSTEM32\CRYPTSP.dll
0x00007ffab8b00000 - 0x00007ffab8b3a000 	C:\WINDOWS\system32\rsaenh.dll
0x00007ffab9160000 - 0x00007ffab918b000 	C:\WINDOWS\SYSTEM32\USERENV.dll
0x00007ffab95a0000 - 0x00007ffab95c6000 	C:\WINDOWS\SYSTEM32\bcrypt.dll
0x00007ffab9380000 - 0x00007ffab938c000 	C:\WINDOWS\SYSTEM32\CRYPTBASE.dll
0x00007ffa99960000 - 0x00007ffa99969000 	C:\Users\PRASANTH\Downloads\sts-4.24.0.RELEASE\plugins\org.eclipse.justj.openjdk.hotspot.jre.full.win32.x86_64_21.0.3.v20240426-1530\jre\bin\extnet.dll
0x00007ffa9ed50000 - 0x00007ffa9ed60000 	C:\Users\PRASANTH\Downloads\sts-4.24.0.RELEASE\plugins\org.eclipse.justj.openjdk.hotspot.jre.full.win32.x86_64_21.0.3.v20240426-1530\jre\bin\verify.dll
0x00007ffa9d7b0000 - 0x00007ffa9d7be000 	C:\Users\PRASANTH\Downloads\sts-4.24.0.RELEASE\plugins\org.eclipse.justj.openjdk.hotspot.jre.full.win32.x86_64_21.0.3.v20240426-1530\jre\bin\sunmscapi.dll
0x00007ffab9ef0000 - 0x00007ffaba067000 	C:\WINDOWS\System32\CRYPT32.dll
0x00007ffab9560000 - 0x00007ffab9590000 	C:\WINDOWS\SYSTEM32\ncrypt.dll
0x00007ffab9510000 - 0x00007ffab954f000 	C:\WINDOWS\SYSTEM32\NTASN1.dll
0x00007ffa8b680000 - 0x00007ffa8b688000 	C:\WINDOWS\system32\wshunix.dll

dbghelp: loaded successfully - version: 4.0.5 - missing functions: none
symbol engine: initialized successfully - sym options: 0x614 - pdb path: .;C:\Users\PRASANTH\Downloads\sts-4.24.0.RELEASE\plugins\org.eclipse.justj.openjdk.hotspot.jre.full.win32.x86_64_21.0.3.v20240426-1530\jre\bin;C:\WINDOWS\SYSTEM32;C:\WINDOWS\WinSxS\amd64_microsoft.windows.common-controls_6595b64144ccf1df_6.0.26100.3360_none_3e0cc616e3305d09;C:\Users\PRASANTH\Downloads\sts-4.24.0.RELEASE\plugins\org.eclipse.justj.openjdk.hotspot.jre.full.win32.x86_64_21.0.3.v20240426-1530\jre\bin\server

VM Arguments:
jvm_args: -XX:+ShowCodeDetailsInExceptionMessages -agentlib:jdwp=transport=dt_socket,suspend=y,address=localhost:56140 -Dcom.sun.management.jmxremote -Dcom.sun.management.jmxremote.port=56138 -Dcom.sun.management.jmxremote.authenticate=false -Dcom.sun.management.jmxremote.ssl=false -Djava.rmi.server.hostname=localhost -Dspring.jmx.enabled=true -Dmanagement.endpoints.jmx.exposure.include=* -Dspring.application.admin.enabled=true -XX:TieredStopAtLevel=1 -Dspring.boot.project.name=ServicesManagement -javaagent:C:\Users\PRASANTH\Downloads\sts-4.24.0.RELEASE\configuration\org.eclipse.osgi\270\0\.cp\lib\javaagent-shaded.jar -Dfile.encoding=UTF-8 -Dstdout.encoding=UTF-8 -Dstderr.encoding=UTF-8 
java_command: com.services.ServicesManagementApplication --spring.output.ansi.enabled=always
java_class_path (initial): D:\DemoProject\ServicesManagement\target\classes;C:\Users\PRASANTH\.m2\repository\org\springframework\cloud\spring-cloud-starter-openfeign\4.2.0\spring-cloud-starter-openfeign-4.2.0.jar;C:\Users\PRASANTH\.m2\repository\org\springframework\cloud\spring-cloud-starter\4.2.0\spring-cloud-starter-4.2.0.jar;C:\Users\PRASANTH\.m2\repository\org\springframework\cloud\spring-cloud-context\4.2.0\spring-cloud-context-4.2.0.jar;C:\Users\PRASANTH\.m2\repository\org\bouncycastle\bcprov-jdk18on\1.78.1\bcprov-jdk18on-1.78.1.jar;C:\Users\PRASANTH\.m2\repository\org\springframework\cloud\spring-cloud-openfeign-core\4.2.0\spring-cloud-openfeign-core-4.2.0.jar;C:\Users\PRASANTH\.m2\repository\io\github\openfeign\feign-form-spring\13.5\feign-form-spring-13.5.jar;C:\Users\PRASANTH\.m2\repository\io\github\openfeign\feign-form\13.5\feign-form-13.5.jar;C:\Users\PRASANTH\.m2\repository\commons-fileupload\commons-fileupload\1.5\commons-fileupload-1.5.jar;C:\Users\PRASANTH\.m2\repository\commons-io\commons-io\2.11.0\commons-io-2.11.0.jar;C:\Users\PRASANTH\.m2\repository\org\springframework\spring-web\6.2.3\spring-web-6.2.3.jar;C:\Users\PRASANTH\.m2\repository\org\springframework\spring-beans\6.2.3\spring-beans-6.2.3.jar;C:\Users\PRASANTH\.m2\repository\io\micrometer\micrometer-observation\1.14.4\micrometer-observation-1.14.4.jar;C:\Users\PRASANTH\.m2\repository\io\micrometer\micrometer-commons\1.14.4\micrometer-commons-1.14.4.jar;C:\Users\PRASANTH\.m2\repository\org\springframework\cloud\spring-cloud-commons\4.2.0\spring-cloud-commons-4.2.0.jar;C:\Users\PRASANTH\.m2\repository\org\springframework\security\spring-security-crypto\6.4.3\spring-security-crypto-6.4.3.jar;C:\Users\PRASANTH\.m2\repository\io\github\openfeign\feign-core\13.5\feign-core-13.5.jar;C:\Users\PRASANTH\.m2\repository\io\github\openfeign\feign-slf4j\13.5\feign-slf4j-13.5.jar;C:\Users\PRASANTH\.m2\repository\org\slf4j\slf4j-api\2.0.16\slf4j-api-2.0.16.jar;C:\Users\PRASANTH\.m2\repository\org\springframework\boot\spring-boot-starter-web\3.4.3\spring-boot-starter-web-3.4.3.jar;C:\Users\PRASANTH\.m2\repository\org\springframework\boot\spring-boot-starter\3.4.3\spring-boot-starter-3.4.3.jar;C:\Users\PRASANTH\.m2\repository\org\springframework\boot\spring-boot-starter-logging\3.4.3\spring-boot-starter-logging-3.4.3.jar;C:\Users\PRASANTH\.m2\repository\ch\qos\logback\logback-classic\1.5.16\logback-classic-1.5.16.jar;C:\Users\PRASANTH\.m2\repository\ch\qos\logback\logback-core\1.5.16\logback-core-1.5.16.jar;C:\Users\PRASANTH\.m2\repository\org\apache\logging\log4j\log4j-to-slf4j\2.24.3\log4j-to-slf4j-2.24.3.jar;C:\Users\PRASANTH\.m2\repository\org\apache\logging\log4j\log4j-api\2.24.3\log4j-api-2.24.3.jar;C:\Users\PRASANTH\.m2\repository\org\slf4j\jul-to-slf4j\2.0.16\jul-to-slf4j-2.0.16.jar;C:\Users\PRASANTH\.m2\repository\jakarta\annotation\jakarta.annotation-api\2.1.1\jakarta.annotation-api-2.1.1.jar;C:\Users\PRASANTH\.m2\repository\org\yaml\snakeyaml\2.3\snakeyaml-2.3.jar;C:\Users\PRASANTH\.m2\repository\org\springframework\boot\spring-boot-starter-json\3.4.3\spring-boot-starter-json-3.4.3.jar;C:\Users\PRASANTH\.m2\repository\com\fasterxml\jackson\datatype\jackson-datatype-jdk8\2.18.2\jackson-datatype-jdk8-2.18.2.jar;C:\Users\PRASANTH\.m2\repository\com\fasterxml\jackson\datatype\jackson-datatype-jsr310\2.18.2\jackson-datatype-jsr310-2.18.2.jar;C:\Users\PRASANTH\.m2\repository\com\fasterxml\jackson\module\jackson-module-parameter-names\2.18.2\jackson-module-parameter-names-2.18.2.jar;C:\Users\PRASANTH\.m2\repository\org\springframework\boot\spring-boot-starter-tomcat\3.4.3\spring-boot-starter-tomcat-3.4.3.jar;C:\Users\PRASANTH\.m2\repository\org\apache\tomcat\embed\tomcat-embed-core\10.1.36\tomcat-embed-core-10.1.36.jar;C:\Users\PRASANTH\.m2\repository\org\apache\tomcat\embed\tomcat-embed-el\10.1.36\tomcat-embed-el-10.1.36.jar;C:\Users\PRASANTH\.m2\repository\org\apache\tomcat\embed\tomcat-embed-websocket\10.1.36\tomcat-embed-websocket-10.1.36.jar;C:\Users\PRASANTH\.m2\repository\org\springframework\spring-webmvc\6.2.3\spring-webmvc-6.2.3.jar;C:\Users\PRASANTH\.m2\repository\org\springframework\spring-aop\6.2.3\spring-aop-6.2.3.jar;C:\Users\PRASANTH\.m2\repository\org\springframework\spring-context\6.2.3\spring-context-6.2.3.jar;C:\Users\PRASANTH\.m2\repository\org\springframework\spring-expression\6.2.3\spring-expression-6.2.3.jar;C:\Users\PRASANTH\.m2\repository\org\springframework\cloud\spring-cloud-starter-netflix-eureka-client\4.2.0\spring-cloud-starter-netflix-eureka-client-4.2.0.jar;C:\Users\PRASANTH\.m2\repository\org\springframework\cloud\spring-cloud-netflix-eureka-client\4.2.0\spring-cloud-netflix-eureka-client-4.2.0.jar;C:\Users\PRASANTH\.m2\repository\org\apache\httpcomponents\client5\httpclient5\5.4.2\httpclient5-5.4.2.jar;C:\Users\PRASANTH\.m2\repository\org\apache\httpcomponents\core5\httpcore5\5.3.3\httpcore5-5.3.3.jar;C:\Users\PRASANTH\.m2\repository\org\apache\httpcomponents\core5\httpcore5-h2\5.3.3\httpcore5-h2-5.3.3.jar;C:\Users\PRASANTH\.m2\repository\com\netflix\eureka\eureka-client\2.0.4\eureka-client-2.0.4.jar;C:\Users\PRASANTH\.m2\repository\com\thoughtworks\xstream\xstream\1.4.20\xstream-1.4.20.jar;C:\Users\PRASANTH\.m2\repository\io\github\x-stream\mxparser\1.2.2\mxparser-1.2.2.jar;C:\Users\PRASANTH\.m2\repository\xmlpull\xmlpull\1.1.3.1\xmlpull-1.1.3.1.jar;C:\Users\PRASANTH\.m2\repository\jakarta\ws\rs\jakarta.ws.rs-api\3.1.0\jakarta.ws.rs-api-3.1.0.jar;C:\Users\PRASANTH\.m2\repository\com\netflix\spectator\spectator-api\1.7.3\spectator-api-1.7.3.jar;C:\Users\PRASANTH\.m2\repository\org\apache\httpcomponents\httpclient\4.5.3\httpclient-4.5.3.jar;C:\Users\PRASANTH\.m2\repository\org\apache\httpcomponents\httpcore\4.4.16\httpcore-4.4.16.jar;C:\Users\PRASANTH\.m2\repository\commons-codec\commons-codec\1.17.2\commons-codec-1.17.2.jar;C:\Users\PRASANTH\.m2\repository\commons-configuration\commons-configuration\1.10\commons-configuration-1.10.jar;C:\Users\PRASANTH\.m2\repository\commons-lang\commons-lang\2.6\commons-lang-2.6.jar;C:\Users\PRASANTH\.m2\repository\com\netflix\netflix-commons\netflix-eventbus\0.3.0\netflix-eventbus-0.3.0.jar;C:\Users\PRASANTH\.m2\repository\com\netflix\netflix-commons\netflix-infix\0.3.0\netflix-infix-0.3.0.jar;C:\Users\PRASANTH\.m2\repository\commons-jxpath\commons-jxpath\1.3\commons-jxpath-1.3.jar;C:\Users\PRASANTH\.m2\repository\joda-time\joda-time\2.3\joda-time-2.3.jar;C:\Users\PRASANTH\.m2\repository\org\antlr\antlr-runtime\3.4\antlr-runtime-3.4.jar;C:\Users\PRASANTH\.m2\repository\org\antlr\stringtemplate\3.2.1\stringtemplate-3.2.1.jar;C:\Users\PRASANTH\.m2\repository\antlr\antlr\2.7.7\antlr-2.7.7.jar;C:\Users\PRASANTH\.m2\repository\com\google\code\gson\gson\2.11.0\gson-2.11.0.jar;C:\Users\PRASANTH\.m2\repository\com\netflix\servo\servo-core\0.5.3\servo-core-0.5.3.jar;C:\Users\PRASANTH\.m2\repository\org\apache\commons\commons-math\2.2\commons-math-2.2.jar;C:\Users\PRASANTH\.m2\repository\javax\annotation\javax.annotation-api\1.2\javax.annotation-api-1.2.jar;C:\Users\PRASANTH\.m2\repository\org\codehaus\jettison\jettison\1.5.4\jettison-1.5.4.jar;C:\Users\PRASANTH\.m2\repository\org\springframework\cloud\spring-cloud-starter-loadbalancer\4.2.0\spring-cloud-starter-loadbalancer-4.2.0.jar;C:\Users\PRASANTH\.m2\repository\org\springframework\cloud\spring-cloud-loadbalancer\4.2.0\spring-cloud-loadbalancer-4.2.0.jar;C:\Users\PRASANTH\.m2\repository\io\projectreactor\reactor-core\3.7.3\reactor-core-3.7.3.jar;C:\Users\PRASANTH\.m2\repository\org\reactivestreams\reactive-streams\1.0.4\reactive-streams-1.0.4.jar;C:\Users\PRASANTH\.m2\repository\io\projectreactor\addons\reactor-extra\3.5.2\reactor-extra-3.5.2.jar;C:\Users\PRASANTH\.m2\repository\org\springframework\boot\spring-boot-starter-cache\3.4.3\spring-boot-starter-cache-3.4.3.jar;C:\Users\PRASANTH\.m2\repository\org\springframework\spring-context-support\6.2.3\spring-context-support-6.2.3.jar;C:\Users\PRASANTH\.m2\repository\com\stoyanr\evictor\1.0.0\evictor-1.0.0.jar;C:\Users\PRASANTH\.m2\repository\io\minio\minio\8.5.2\minio-8.5.2.jar;C:\Users\PRASANTH\.m2\repository\com\carrotsearch\thirdparty\simple-xml-safe\2.7.1\simple-xml-safe-2.7.1.jar;C:\Users\PRASANTH\.m2\repository\com\google\guava\guava\30.1.1-jre\guava-30.1.1-jre.jar;C:\Users\PRASANTH\.m2\repository\com\google\guava\failureaccess\1.0.1\failureaccess-1.0.1.jar;C:\Users\PRASANTH\.m2\repository\com\google\guava\listenablefuture\9999.0-empty-to-avoid-conflict-with-guava\listenablefuture-9999.0-empty-to-avoid-conflict-with-guava.jar;C:\Users\PRASANTH\.m2\repository\com\google\code\findbugs\jsr305\3.0.2\jsr305-3.0.2.jar;C:\Users\PRASANTH\.m2\repository\org\checkerframework\checker-qual\3.8.0\checker-qual-3.8.0.jar;C:\Users\PRASANTH\.m2\repository\com\google\errorprone\error_prone_annotations\2.5.1\error_prone_annotations-2.5.1.jar;C:\Users\PRASANTH\.m2\repository\com\google\j2objc\j2objc-annotations\1.3\j2objc-annotations-1.3.jar;C:\Users\PRASANTH\.m2\repository\com\squareup\okhttp3\okhttp\4.10.0\okhttp-4.10.0.jar;C:\Users\PRASANTH\.m2\repository\com\squareup\okio\okio-jvm\3.0.0\okio-jvm-3.0.0.jar;C:\Users\PRASANTH\.m2\repository\org\jetbrains\kotlin\kotlin-stdlib-jdk8\1.9.25\kotlin-stdlib-jdk8-1.9.25.jar;C:\Users\PRASANTH\.m2\repository\org\jetbrains\kotlin\kotlin-stdlib-jdk7\1.9.25\kotlin-stdlib-jdk7-1.9.25.jar;C:\Users\PRASANTH\.m2\repository\org\jetbrains\kotlin\kotlin-stdlib-common\1.9.25\kotlin-stdlib-common-1.9.25.jar;C:\Users\PRASANTH\.m2\repository\org\jetbrains\kotlin\kotlin-stdlib\1.9.25\kotlin-stdlib-1.9.25.jar;C:\Users\PRASANTH\.m2\repository\org\jetbrains\annotations\13.0\annotations-13.0.jar;C:\Users\PRASANTH\.m2\repository\com\fasterxml\jackson\core\jackson-annotations\2.18.2\jackson-annotations-2.18.2.jar;C:\Users\PRASANTH\.m2\repository\com\fasterxml\jackson\core\jackson-core\2.18.2\jackson-core-2.18.2.jar;C:\Users\PRASANTH\.m2\repository\com\fasterxml\jackson\core\jackson-databind\2.18.2\jackson-databind-2.18.2.jar;C:\Users\PRASANTH\.m2\repository\org\bouncycastle\bcprov-jdk15on\1.69\bcprov-jdk15on-1.69.jar;C:\Users\PRASANTH\.m2\repository\org\apache\commons\commons-compress\1.21\commons-compress-1.21.jar;C:\Users\PRASANTH\.m2\repository\org\xerial\snappy\snappy-java\1.1.8.4\snappy-java-1.1.8.4.jar;C:\Users\PRASANTH\.m2\repository\org\springframework\boot\spring-boot-starter-data-jpa\3.4.3\spring-boot-starter-data-jpa-3.4.3.jar;C:\Users\PRASANTH\.m2\repository\org\springframework\boot\spring-boot-starter-jdbc\3.4.3\spring-boot-starter-jdbc-3.4.3.jar;C:\Users\PRASANTH\.m2\repository\com\zaxxer\HikariCP\5.1.0\HikariCP-5.1.0.jar;C:\Users\PRASANTH\.m2\repository\org\springframework\spring-jdbc\6.2.3\spring-jdbc-6.2.3.jar;C:\Users\PRASANTH\.m2\repository\org\springframework\data\spring-data-jpa\3.4.3\spring-data-jpa-3.4.3.jar;C:\Users\PRASANTH\.m2\repository\org\springframework\data\spring-data-commons\3.4.3\spring-data-commons-3.4.3.jar;C:\Users\PRASANTH\.m2\repository\org\springframework\spring-orm\6.2.3\spring-orm-6.2.3.jar;C:\Users\PRASANTH\.m2\repository\org\springframework\spring-tx\6.2.3\spring-tx-6.2.3.jar;C:\Users\PRASANTH\.m2\repository\org\springframework\spring-aspects\6.2.3\spring-aspects-6.2.3.jar;C:\Users\PRASANTH\.m2\repository\org\aspectj\aspectjweaver\1.9.22.1\aspectjweaver-1.9.22.1.jar;C:\Users\PRASANTH\.m2\repository\com\mysql\mysql-connector-j\9.1.0\mysql-connector-j-9.1.0.jar;C:\Users\PRASANTH\.m2\repository\org\hibernate\orm\hibernate-core\6.6.8.Final\hibernate-core-6.6.8.Final.jar;C:\Users\PRASANTH\.m2\repository\jakarta\persistence\jakarta.persistence-api\3.1.0\jakarta.persistence-api-3.1.0.jar;C:\Users\PRASANTH\.m2\repository\jakarta\transaction\jakarta.transaction-api\2.0.1\jakarta.transaction-api-2.0.1.jar;C:\Users\PRASANTH\.m2\repository\org\jboss\logging\jboss-logging\3.6.1.Final\jboss-logging-3.6.1.Final.jar;C:\Users\PRASANTH\.m2\repository\org\hibernate\common\hibernate-commons-annotations\7.0.3.Final\hibernate-commons-annotations-7.0.3.Final.jar;C:\Users\PRASANTH\.m2\repository\io\smallrye\jandex\3.2.0\jandex-3.2.0.jar;C:\Users\PRASANTH\.m2\repository\com\fasterxml\classmate\1.7.0\classmate-1.7.0.jar;C:\Users\PRASANTH\.m2\repository\net\bytebuddy\byte-buddy\1.15.11\byte-buddy-1.15.11.jar;C:\Users\PRASANTH\.m2\repository\jakarta\xml\bind\jakarta.xml.bind-api\4.0.2\jakarta.xml.bind-api-4.0.2.jar;C:\Users\PRASANTH\.m2\repository\jakarta\activation\jakarta.activation-api\2.1.3\jakarta.activation-api-2.1.3.jar;C:\Users\PRASANTH\.m2\repository\org\glassfish\jaxb\jaxb-runtime\4.0.5\jaxb-runtime-4.0.5.jar;C:\Users\PRASANTH\.m2\repository\org\glassfish\jaxb\jaxb-core\4.0.5\jaxb-core-4.0.5.jar;C:\Users\PRASANTH\.m2\repository\org\eclipse\angus\angus-activation\2.0.2\angus-activation-2.0.2.jar;C:\Users\PRASANTH\.m2\repository\org\glassfish\jaxb\txw2\4.0.5\txw2-4.0.5.jar;C:\Users\PRASANTH\.m2\repository\com\sun\istack\istack-commons-runtime\4.1.2\istack-commons-runtime-4.1.2.jar;C:\Users\PRASANTH\.m2\repository\jakarta\inject\jakarta.inject-api\2.0.1\jakarta.inject-api-2.0.1.jar;C:\Users\PRASANTH\.m2\repository\org\antlr\antlr4-runtime\4.13.0\antlr4-runtime-4.13.0.jar;C:\Users\PRASANTH\.m2\repository\org\springframework\boot\spring-boot-configuration-processor\3.4.3\spring-boot-configuration-processor-3.4.3.jar;C:\Users\PRASANTH\.m2\repository\org\springframework\boot\spring-boot-devtools\3.4.3\spring-boot-devtools-3.4.3.jar;C:\Users\PRASANTH\.m2\repository\org\springframework\boot\spring-boot\3.4.3\spring-boot-3.4.3.jar;C:\Users\PRASANTH\.m2\repository\org\springframework\boot\spring-boot-autoconfigure\3.4.3\spring-boot-autoconfigure-3.4.3.jar;C:\Users\PRASANTH\.m2\repository\org\projectlombok\lombok\1.18.36\lombok-1.18.36.jar;C:\Users\PRASANTH\.m2\repository\org\springframework\spring-core\6.2.3\spring-core-6.2.3.jar;C:\Users\PRASANTH\.m2\repository\org\springframework\spring-jcl\6.2.3\spring-jcl-6.2.3.jar
Launcher Type: SUN_STANDARD

[Global flags]
     intx CICompilerCount                          = 4                                         {product} {ergonomic}
     uint ConcGCThreads                            = 3                                         {product} {ergonomic}
     uint G1ConcRefinementThreads                  = 10                                        {product} {ergonomic}
   size_t G1HeapRegionSize                         = 1048576                                   {product} {ergonomic}
    uintx GCDrainStackTargetSize                   = 64                                        {product} {ergonomic}
   size_t InitialHeapSize                          = 123731968                                 {product} {ergonomic}
     bool ManagementServer                         = true                                      {product} {command line}
   size_t MarkStackSize                            = 4194304                                   {product} {ergonomic}
   size_t MaxHeapSize                              = 1977614336                                {product} {ergonomic}
   size_t MaxNewSize                               = 1185939456                                {product} {ergonomic}
   size_t MinHeapDeltaBytes                        = 1048576                                   {product} {ergonomic}
   size_t MinHeapSize                              = 8388608                                   {product} {ergonomic}
    uintx NonNMethodCodeHeapSize                   = 4096                                   {pd product} {ergonomic}
    uintx NonProfiledCodeHeapSize                  = 0                                      {pd product} {ergonomic}
     bool ProfileInterpreter                       = false                                  {pd product} {command line}
    uintx ProfiledCodeHeapSize                     = 0                                      {pd product} {ergonomic}
     bool ShowCodeDetailsInExceptionMessages       = true                                   {manageable} {command line}
   size_t SoftMaxHeapSize                          = 1977614336                             {manageable} {ergonomic}
     intx TieredStopAtLevel                        = 1                                         {product} {command line}
     bool UseCompressedOops                        = true                           {product lp64_product} {ergonomic}
     bool UseG1GC                                  = true                                      {product} {ergonomic}
     bool UseLargePagesIndividualAllocation        = false                                  {pd product} {ergonomic}

Logging:
Log output configuration:
 #0: stdout all=warning uptime,level,tags foldmultilines=false
 #1: stderr all=off uptime,level,tags foldmultilines=false

Environment Variables:
PATH=C:\Users\PRASANTH\Downloads\sts-4.24.0.RELEASE\plugins\org.eclipse.justj.openjdk.hotspot.jre.full.win32.x86_64_21.0.3.v20240426-1530\jre\bin;C:/Users/PRASANTH/Downloads/sts-4.24.0.RELEASE//plugins/org.eclipse.justj.openjdk.hotspot.jre.full.win32.x86_64_21.0.3.v20240426-1530/jre/bin/server;C:/Users/PRASANTH/Downloads/sts-4.24.0.RELEASE//plugins/org.eclipse.justj.openjdk.hotspot.jre.full.win32.x86_64_21.0.3.v20240426-1530/jre/bin;C:\Program Files\Common Files\Oracle\Java\javapath;C:\Python310\Scripts\;C:\Python310\;C:\Program Files\Python310\Scripts\;C:\Program Files\Python310\;C:\windows\system32;C:\windows;C:\windows\System32\Wbem;C:\windows\System32\WindowsPowerShell\v1.0\;C:\windows\System32\OpenSSH\;C:\Program Files (x86)\NVIDIA Corporation\PhysX\Common;C:\Program Files\NVIDIA Corporation\NVIDIA NvDLISR;C:\WINDOWS\system32;C:\WINDOWS;C:\WINDOWS\System32\Wbem;C:\WINDOWS\System32\WindowsPowerShell\v1.0\;C:\WINDOWS\System32\OpenSSH\;C:\Program Files (x86)\MATLAB\R2009a\bin;C:\Program Files (x86)\MATLAB\R2009a\bin\win32;C:\ProgramData\chocolatey\bin;C:\Program Files\dotnet\;C:\Program Files (x86)\dotnet\;C:\Program Files\HP\HP One Agent;C:\WINDOWS\system32;C:\WINDOWS;C:\WINDOWS\System32\Wbem;C:\WINDOWS\System32\WindowsPowerShell\v1.0\;C:\WINDOWS\System32\OpenSSH\;C:\Program Files\Git\cmd;C:\Program Files (x86)\Git\cmd;%JAVA_HOME%\bin;C:\Program Files\PowerShell\7\;C:\softwares\apache-maven-3.8.8\bin;C:\Program Files\nodejs\;C:\Program Files\Docker\Docker\resources\bin;C:\Program Files\PuTTY\;C:\Users\PRASANTH\AppData\Local\Programs\Python\Python313\Scripts\;C:\Users\PRASANTH\AppData\Local\Programs\Python\Python313\;C:\Program Files\MySQL\MySQL Shell 8.0\bin\;C:\MinGW\bin;C:\Users\PRASANTH\AppData\Local\Programs\Microsoft VS Code\bin;C:\Users\PRASANTH\AppData\Local\Microsoft\WindowsApps;;C:\Program Files\JetBrains\IntelliJ IDEA Community Edition 2024.1\bin;;C:\Program Files\JetBrains\PyCharm 2024.1\bin;;C:\Program Files\JetBrains\PyCharm Community Edition 2024.1\bin;;C:\Users\PRASANTH\AppData\Roaming\npm;C:\Users\PRASANTH\Downloads\sts-4.24.0.RELEASE;
USERNAME=PRASANTH
OS=Windows_NT
PROCESSOR_IDENTIFIER=AMD64 Family 23 Model 96 Stepping 1, AuthenticAMD
TMP=C:\Users\PRASANTH\AppData\Local\Temp
TEMP=C:\Users\PRASANTH\AppData\Local\Temp




Periodic native trim disabled

---------------  S Y S T E M  ---------------

OS:
 Windows 11 , 64 bit Build 26100 (10.0.26100.3360)
OS uptime: 1 days 2:11 hours
Hyper-V role detected

CPU: total 12 (initial active 12) (12 cores per cpu, 2 threads per core) family 23 model 96 stepping 1 microcode 0x860010c, cx8, cmov, fxsr, ht, mmx, 3dnowpref, sse, sse2, sse3, ssse3, sse4a, sse4.1, sse4.2, popcnt, lzcnt, tsc, tscinvbit, avx, avx2, aes, clmul, bmi1, bmi2, adx, sha, fma, vzeroupper, clflush, clflushopt, hv, rdtscp, rdpid, f16c
Processor Information for processor 0
  Max Mhz: 3000, Current Mhz: 3000, Mhz Limit: 3000
Processor Information for processor 1
  Max Mhz: 3000, Current Mhz: 3000, Mhz Limit: 3000
Processor Information for processor 2
  Max Mhz: 3000, Current Mhz: 3000, Mhz Limit: 3000
Processor Information for processor 3
  Max Mhz: 3000, Current Mhz: 3000, Mhz Limit: 3000
Processor Information for processor 4
  Max Mhz: 3000, Current Mhz: 3000, Mhz Limit: 3000
Processor Information for processor 5
  Max Mhz: 3000, Current Mhz: 3000, Mhz Limit: 3000
Processor Information for processor 6
  Max Mhz: 3000, Current Mhz: 3000, Mhz Limit: 3000
Processor Information for processor 7
  Max Mhz: 3000, Current Mhz: 3000, Mhz Limit: 3000
Processor Information for processor 8
  Max Mhz: 3000, Current Mhz: 1400, Mhz Limit: 3000
Processor Information for processor 9
  Max Mhz: 3000, Current Mhz: 1400, Mhz Limit: 3000
Processor Information for processor 10
  Max Mhz: 3000, Current Mhz: 1400, Mhz Limit: 3000
Processor Information for processor 11
  Max Mhz: 3000, Current Mhz: 1400, Mhz Limit: 3000

Memory: 4k page, system-wide physical 7539M (557M free)
TotalPageFile size 20851M (AvailPageFile size 3580M)
current process WorkingSet (physical memory assigned to process): 282M, peak: 357M
current process commit charge ("private bytes"): 376M, peak: 404M

vm_info: OpenJDK 64-Bit Server VM (21.0.3+9-LTS) for windows-amd64 JRE (21.0.3+9-LTS), built on 2024-04-16T00:00:00Z by "admin" with MS VC++ 17.7 (VS2022)

END.
