#
# A fatal error has been detected by the Java Runtime Environment:
#
#  EXCEPTION_ACCESS_VIOLATION (0xc0000005) at pc=0x000001e623a90f7b, pid=9744, tid=3328
#
# JRE version: OpenJDK Runtime Environment Temurin-21.0.3+9 (21.0.3+9) (build 21.0.3+9-LTS)
# Java VM: OpenJDK 64-Bit Server VM Temurin-21.0.3+9 (21.0.3+9-LTS, mixed mode, emulated-client, tiered, compressed oops, compressed class ptrs, g1 gc, windows-amd64)
# Problematic frame:
# v  ~BufferBlob::MethodHandles adapters 0x000001e623a90f7b
#
# No core dump will be written. Minidumps are not enabled by default on client versions of Windows
#
# If you would like to submit a bug report, please visit:
#   https://github.com/adoptium/adoptium-support/issues
#

---------------  S U M M A R Y ------------

Command Line: -XX:+ShowCodeDetailsInExceptionMessages -agentlib:jdwp=transport=dt_socket,suspend=y,address=localhost:58706 -Dcom.sun.management.jmxremote -Dcom.sun.management.jmxremote.port=58700 -Dcom.sun.management.jmxremote.authenticate=false -Dcom.sun.management.jmxremote.ssl=false -Djava.rmi.server.hostname=localhost -Dspring.jmx.enabled=true -Dmanagement.endpoints.jmx.exposure.include=* -Dspring.application.admin.enabled=true -XX:TieredStopAtLevel=1 -Dspring.boot.project.name=ServicesManagement -javaagent:C:\Users\PRASANTH\Downloads\sts-4.24.0.RELEASE\configuration\org.eclipse.osgi\270\0\.cp\lib\javaagent-shaded.jar -Dfile.encoding=UTF-8 -Dstdout.encoding=UTF-8 -Dstderr.encoding=UTF-8 com.services.ServicesManagementApplication --spring.output.ansi.enabled=always

Host: AMD Ryzen 5 4600H with Radeon Graphics         , 12 cores, 7G,  Windows 11 , 64 bit Build 26100 (10.0.26100.3360)
Time: Thu Mar  6 21:40:37 2025 India Standard Time elapsed time: 766.165914 seconds (0d 0h 12m 46s)

---------------  T H R E A D  ---------------

Current thread (0x000001e633eea8a0):  JavaThread "http-nio-9092-exec-5" daemon [_thread_in_Java, id=3328, stack(0x000000acad800000,0x000000acad900000) (1024K)]

Stack: [0x000000acad800000,0x000000acad900000],  sp=0x000000acad8fd288,  free space=1012k
Native frames: (J=compiled Java code, j=interpreted, Vv=VM code, C=native code)
C  0x000001e623a90f7b

The last pc belongs to _linkToVirtual (printed below).

siginfo: EXCEPTION_ACCESS_VIOLATION (0xc0000005), reading address 0xffffffffffffffff


Registers:
RAX=0x000001e623a6958b, RBX=0x000000008d9721f0, RCX=0x000000acad8fd2a0, RDX=0x0000000000000004
RSP=0x000000acad8fd288, RBP=0x000000acad8fd2e8, RSI=0x000001e633ddfc18, RDI=0x000001e6394e85e0
R8 =0x0000000000000004, R9 =0x0000000000000004, R10=0x000000016df013b0, R11=0x8d7f342000000000
R12=0x0000000000000000, R13=0x000000acad8fd288, R14=0x000000acad8fd318, R15=0x000001e633eea8a0
RIP=0x000001e623a90f7b, EFLAGS=0x0000000000010212


Register to memory mapping:

RAX=0x000001e623a6958b is at code_begin+4363 in an Interpreter codelet
return entry points  [0x000001e623a68480, 0x000001e623a6a298]  7704 bytes
RBX=0x000000008d9721f0 is an oop: java.lang.String 
{0x000000008d9721f0} - klass: 'java/lang/String'
 - string: "{\x0A  "serviceName": "Sample Service",\x0A  "serviceDescription": "This is a sample service description"\x0A}\x0A"
 - ---- fields (total size 3 words):
 - private 'hash' 'I' @12  0 (0x00000000)
 - private final 'coder' 'B' @16  0 (0x00)
 - private 'hashIsZero' 'Z' @17  false (0x00)
 - injected 'flags' 'B' @18  0 (0x00)
 - private final 'value' '[B' @20  [B{0x000000008d7f3420} (0x8d7f3420)
RCX=0x000000acad8fd2a0 is pointing into the stack for thread: 0x000001e633eea8a0
RDX=0x0000000000000004 is an unknown value
RSP=0x000000acad8fd288 is pointing into the stack for thread: 0x000001e633eea8a0
RBP=0x000000acad8fd2e8 is pointing into the stack for thread: 0x000001e633eea8a0
RSI=0x000001e633ddfc18 points into unknown readable memory: 0x8800ba7348545efa | fa 5e 54 48 73 ba 00 88
RDI=0x000001e6394e85e0 points into unknown readable memory: 0x0000002800000080 | 80 00 00 00 28 00 00 00
R8 =0x0000000000000004 is an unknown value
R9 =0x0000000000000004 is an unknown value
R10=0x000000016df013b0 is an unknown value
R11=0x8d7f342000000000 is an unknown value
R12=0x0 is null
R13=0x000000acad8fd288 is pointing into the stack for thread: 0x000001e633eea8a0
R14=0x000000acad8fd318 is pointing into the stack for thread: 0x000001e633eea8a0
R15=0x000001e633eea8a0 is a thread

Top of Stack: (sp=0x000000acad8fd288)
0x000000acad8fd288:   000001e623a6958b 000000008d9721d8
0x000000acad8fd298:   000000008d9721c8 000000acad8fd2a0
0x000000acad8fd2a8:   000001e62dbe0276 0000000000000006
0x000000acad8fd2b8:   000001e62dbe03c8 000000acad8fd388
0x000000acad8fd2c8:   000000008ac56a68 000001e62dbe0288
0x000000acad8fd2d8:   000000acad8fd288 000000acad8fd320
0x000000acad8fd2e8:   000000acad8fd388 000001e623a6958b
0x000000acad8fd2f8:   000000008d972278 000000008d9721f0
0x000000acad8fd308:   000000008d9721d8 000000008d9721c8
0x000000acad8fd318:   000000008d972250 000000008ef60770
0x000000acad8fd328:   000000008ef61238 000000009103feb8
0x000000acad8fd338:   000000008ebf3f88 000000acad8fd340
0x000000acad8fd348:   000001e635e96b01 000000000000000c
0x000000acad8fd358:   000001e635e96c50 0000000000000000
0x000000acad8fd368:   000000008d9722a8 000001e635e96b10
0x000000acad8fd378:   000000acad8fd320 000000acad8fd3f0
0x000000acad8fd388:   000000acad8fd6a0 000001e62451fc8a
0x000000acad8fd398:   000000008d972250 000000008d9721c8
0x000000acad8fd3a8:   000000008d9723a0 000000008d9721d8
0x000000acad8fd3b8:   000000008d972378 000000008d9721f0
0x000000acad8fd3c8:   000000008d972350 000000008d9721f0
0x000000acad8fd3d8:   000000008d9721d8 000000008d9721c8
0x000000acad8fd3e8:   000000008d972320 000000acad8fc060
0x000000acad8fd3f8:   000000acad8fc028 000000008ebf3cb0
0x000000acad8fd408:   000000008bd1b720 000000acad8fc101
0x000000acad8fd418:   000001e633eea8a0 0000000000000000
0x000000acad8fd428:   0000000000000000 0000000000000000
0x000000acad8fd438:   0000000000000000 000000acad8fd6a0
0x000000acad8fd448:   000001e623ea5534 0000000000000000
0x000000acad8fd458:   0000000000000000 0000000000000000
0x000000acad8fd468:   0000000000000c00 0000000000000000
0x000000acad8fd478:   0000000000000000 0000000000000000 

Instructions: (pc=0x000001e623a90f7b)
0x000001e623a90e7b:   00 00 00 00 00 22 00 00 00 00 00 00 00 01 00 00
0x000001e623a90e8b:   00 00 00 00 00 38 e6 ed f8 fa 7f 00 00 00 0f a9
0x000001e623a90e9b:   23 e6 01 00 00 80 1f a9 23 e6 01 00 00 00 0f a9
0x000001e623a90eab:   23 e6 01 00 00 80 1f a9 23 e6 01 00 00 f0 0e a9
0x000001e623a90ebb:   23 e6 01 00 00 f0 0e a9 23 e6 01 00 00 00 00 00
0x000001e623a90ecb:   00 00 00 00 00 d8 e6 ed f8 fa 7f 00 00 f0 10 00
0x000001e623a90edb:   00 60 00 00 00 ff ff ff ff f0 10 00 00 00 00 00
0x000001e623a90eeb:   00 00 00 00 00 00 00 00 00 00 00 00 00 00 00 00
0x000001e623a90efb:   00 00 00 00 00 f4 66 66 66 0f 1f 84 00 00 00 00
0x000001e623a90f0b:   00 66 66 0f 1f 84 00 00 00 00 00 66 66 0f 1f 84
0x000001e623a90f1b:   00 00 00 00 00 48 8b 53 08 0f b7 52 2e 48 8b 0c
0x000001e623a90f2b:   d4 8b 59 14 8b 5b 28 8b 5b 24 48 8b 5b 10 48 85
0x000001e623a90f3b:   db 0f 84 10 00 00 00 41 80 bf e0 05 00 00 00 74
0x000001e623a90f4b:   03 ff 63 38 ff 63 50 e9 a9 16 00 00 66 0f 1f 84
0x000001e623a90f5b:   00 00 00 00 00 48 8b 53 08 0f b7 52 2e 48 8b 0c
0x000001e623a90f6b:   d4 58 5b 50 44 8b 51 08 49 c1 e2 03 4c 8b 5b 10
0x000001e623a90f7b:   4b 8b 9c da c8 01 00 00 48 85 db 0f 84 10 00 00
0x000001e623a90f8b:   00 41 80 bf e0 05 00 00 00 74 03 ff 63 38 ff 63
0x000001e623a90f9b:   50 e9 5f 16 00 00 66 66 66 0f 1f 84 00 00 00 00
0x000001e623a90fab:   00 66 66 0f 1f 84 00 00 00 00 00 66 66 0f 1f 84
0x000001e623a90fbb:   00 00 00 00 00 58 5b 50 8b 5b 24 48 8b 5b 10 48
0x000001e623a90fcb:   85 db 0f 84 10 00 00 00 41 80 bf e0 05 00 00 00
0x000001e623a90fdb:   74 03 ff 63 38 ff 63 50 e9 18 16 00 00 66 66 66
0x000001e623a90feb:   0f 1f 84 00 00 00 00 00 0f 1f 80 00 00 00 00 66
0x000001e623a90ffb:   0f 1f 44 00 00 48 8b 53 08 0f b7 52 2e 48 8b 0c
0x000001e623a9100b:   d4 58 5b 50 48 3b 01 8b 5b 24 48 8b 5b 10 48 85
0x000001e623a9101b:   db 0f 84 10 00 00 00 41 80 bf e0 05 00 00 00 74
0x000001e623a9102b:   03 ff 63 38 ff 63 50 e9 c9 15 00 00 66 0f 1f 84
0x000001e623a9103b:   00 00 00 00 00 48 8b 53 08 0f b7 52 2e 48 8b 0c
0x000001e623a9104b:   d4 58 5b 50 44 8b 51 08 49 c1 e2 03 8b 43 18 48
0x000001e623a9105b:   8b 40 10 48 8b 5b 10 45 8b 9a a0 00 00 00 4f 8d
0x000001e623a9106b:   9c da c8 01 00 00 4d 8d 14 da 49 8b 1b 48 3b c3 


Stack slot to memory mapping:

stack at sp + 0 slots: 0x000001e623a6958b is at code_begin+4363 in an Interpreter codelet
return entry points  [0x000001e623a68480, 0x000001e623a6a298]  7704 bytes
stack at sp + 1 slots: 0x000000008d9721d8 is an oop: org.springframework.web.multipart.support.StandardMultipartHttpServletRequest$StandardMultipartFile 
{0x000000008d9721d8} - klass: 'org/springframework/web/multipart/support/StandardMultipartHttpServletRequest$StandardMultipartFile'
 - ---- fields (total size 3 words):
 - private final 'part' 'Ljakarta/servlet/http/Part;' @12  a 'org/apache/catalina/core/ApplicationPart'{0x000000008d7bbfc8} (0x8d7bbfc8)
 - private final 'filename' 'Ljava/lang/String;' @16  "Passport size photo .JPG"{0x000000008d7f3498} (0x8d7f3498)
stack at sp + 2 slots: 0x000000008d9721c8 is an oop: com.services.controller.ServicesController 
{0x000000008d9721c8} - klass: 'com/services/controller/ServicesController'
 - ---- fields (total size 2 words):
 - private 'service' 'Lcom/services/service/Services;' @12  a 'com/services/service/impl/ServicesImpl'{0x000000008d9721a0} (0x8d9721a0)
stack at sp + 3 slots: 0x000000acad8fd2a0 is pointing into the stack for thread: 0x000001e633eea8a0
stack at sp + 4 slots: 0x000001e62dbe0276 is pointing into metadata
stack at sp + 5 slots: 0x0000000000000006 is an unknown value
stack at sp + 6 slots: 0x000001e62dbe03c8 is pointing into metadata
stack at sp + 7 slots: 0x000000acad8fd388 is pointing into the stack for thread: 0x000001e633eea8a0

MethodHandle::interpreter_entry::_linkToVirtual [0x000001e623a90f57, 0x000001e623a90fa1] (74 bytes)
[MachCode]
  0x000001e623a90f57: 660f 1f84 | 0000 0000 | 0048 8b53 | 080f b752 | 2e48 8b0c | d458 5b50 | 448b 5108 | 49c1 e203 
  0x000001e623a90f77: 4c8b 5b10 | 4b8b 9cda | c801 0000 | 4885 db0f | 8410 0000 | 0041 80bf | e005 0000 | 0074 03ff 
  0x000001e623a90f97: 6338 ff63 | 50e9 5f16 | 
[/MachCode]

---------------  P R O C E S S  ---------------

Threads class SMR info:
_java_thread_list=0x000001e633d5a780, length=33, elements={
0x000001e63009fab0, 0x000001e6300a0c90, 0x000001e63007e830, 0x000001e63007eea0,
0x000001e630080470, 0x000001e6300aaed0, 0x000001e630075d10, 0x000001e6300c0c30,
0x000001e6302ef820, 0x000001e6302f00b0, 0x000001e6302f7470, 0x000001e630da0aa0,
0x000001e6310aeb10, 0x000001e630d89cc0, 0x000001e63111c010, 0x000001e63165d890,
0x000001e6316aee40, 0x000001e6316b0880, 0x000001e633c218e0, 0x000001e633ee8140,
0x000001e633c21250, 0x000001e633ee6700, 0x000001e633ee94f0, 0x000001e633ee6d90,
0x000001e633ee7ab0, 0x000001e633eec970, 0x000001e633eec2e0, 0x000001e633eea210,
0x000001e633ee9b80, 0x000001e633eea8a0, 0x000001e633c25a80, 0x000001e633c267a0,
0x000001e633c26110
}

Java Threads: ( => current thread )
  0x000001e63009fab0 JavaThread "Reference Handler"          daemon [_thread_blocked, id=13336, stack(0x000000acaa900000,0x000000acaaa00000) (1024K)]
  0x000001e6300a0c90 JavaThread "Finalizer"                  daemon [_thread_blocked, id=19164, stack(0x000000acaaa00000,0x000000acaab00000) (1024K)]
  0x000001e63007e830 JavaThread "Signal Dispatcher"          daemon [_thread_blocked, id=20984, stack(0x000000acaab00000,0x000000acaac00000) (1024K)]
  0x000001e63007eea0 JavaThread "Attach Listener"            daemon [_thread_blocked, id=5196, stack(0x000000acaac00000,0x000000acaad00000) (1024K)]
  0x000001e630080470 JavaThread "Service Thread"             daemon [_thread_blocked, id=16408, stack(0x000000acaad00000,0x000000acaae00000) (1024K)]
  0x000001e6300aaed0 JavaThread "Monitor Deflation Thread"   daemon [_thread_blocked, id=3552, stack(0x000000acaae00000,0x000000acaaf00000) (1024K)]
  0x000001e630075d10 JavaThread "C1 CompilerThread0"         daemon [_thread_blocked, id=7708, stack(0x000000acaaf00000,0x000000acab000000) (1024K)]
  0x000001e6300c0c30 JavaThread "Common-Cleaner"             daemon [_thread_blocked, id=15980, stack(0x000000acab000000,0x000000acab100000) (1024K)]
  0x000001e6302ef820 JavaThread "JDWP Transport Listener: dt_socket" daemon [_thread_blocked, id=8636, stack(0x000000acab200000,0x000000acab300000) (1024K)]
  0x000001e6302f00b0 JavaThread "JDWP Event Helper Thread"   daemon [_thread_blocked, id=8408, stack(0x000000acab300000,0x000000acab400000) (1024K)]
  0x000001e6302f7470 JavaThread "JDWP Command Reader"        daemon [_thread_in_native, id=6456, stack(0x000000acab400000,0x000000acab500000) (1024K)]
  0x000001e630da0aa0 JavaThread "Notification Thread"        daemon [_thread_blocked, id=15244, stack(0x000000acab600000,0x000000acab700000) (1024K)]
  0x000001e6310aeb10 JavaThread "RMI TCP Accept-0"           daemon [_thread_in_native, id=7084, stack(0x000000acab800000,0x000000acab900000) (1024K)]
  0x000001e630d89cc0 JavaThread "RMI TCP Accept-58700"       daemon [_thread_in_native, id=2972, stack(0x000000acac100000,0x000000acac200000) (1024K)]
  0x000001e63111c010 JavaThread "RMI TCP Accept-0"           daemon [_thread_in_native, id=13556, stack(0x000000acac200000,0x000000acac300000) (1024K)]
  0x000001e63165d890 JavaThread "RMI Scheduler(0)"           daemon [_thread_blocked, id=6308, stack(0x000000acac500000,0x000000acac600000) (1024K)]
  0x000001e6316aee40 JavaThread "JMX server connection timeout 40" daemon [_thread_blocked, id=21188, stack(0x000000acac700000,0x000000acac800000) (1024K)]
  0x000001e6316b0880 JavaThread "mysql-cj-abandoned-connection-cleanup" daemon [_thread_blocked, id=4916, stack(0x000000acacf00000,0x000000acad000000) (1024K)]
  0x000001e633c218e0 JavaThread "spectator-gauge-polling-0"  daemon [_thread_blocked, id=3232, stack(0x000000acad500000,0x000000acad600000) (1024K)]
  0x000001e633ee8140 JavaThread "DestroyJavaVM"                     [_thread_blocked, id=11140, stack(0x000000acaa100000,0x000000acaa200000) (1024K)]
  0x000001e633c21250 JavaThread "RMI TCP Connection(30)-127.0.0.1" daemon [_thread_in_native, id=9524, stack(0x000000acae100000,0x000000acae200000) (1024K)]
  0x000001e633ee6700 JavaThread "Catalina-utility-1"                [_thread_blocked, id=7140, stack(0x000000aca9f00000,0x000000acaa000000) (1024K)]
  0x000001e633ee94f0 JavaThread "Catalina-utility-2"                [_thread_blocked, id=12168, stack(0x000000acab100000,0x000000acab200000) (1024K)]
  0x000001e633ee6d90 JavaThread "container-0"                       [_thread_blocked, id=16232, stack(0x000000acab500000,0x000000acab600000) (1024K)]
  0x000001e633ee7ab0 JavaThread "HikariPool-12 housekeeper"  daemon [_thread_blocked, id=16380, stack(0x000000acab700000,0x000000acab800000) (1024K)]
  0x000001e633eec970 JavaThread "AsyncResolver-bootstrap-%d" daemon [_thread_blocked, id=13048, stack(0x000000acac900000,0x000000acaca00000) (1024K)]
  0x000001e633eec2e0 JavaThread "DiscoveryClient-%d"         daemon [_thread_blocked, id=1888, stack(0x000000acace00000,0x000000acacf00000) (1024K)]
  0x000001e633eea210 JavaThread "DiscoveryClient-%d"         daemon [_thread_blocked, id=4404, stack(0x000000acad100000,0x000000acad200000) (1024K)]
  0x000001e633ee9b80 JavaThread "DiscoveryClient-InstanceInfoReplicator-%d" daemon [_thread_blocked, id=4196, stack(0x000000acad200000,0x000000acad300000) (1024K)]
=>0x000001e633eea8a0 JavaThread "http-nio-9092-exec-5"       daemon [_thread_in_Java, id=3328, stack(0x000000acad800000,0x000000acad900000) (1024K)]
  0x000001e633c25a80 JavaThread "DiscoveryClient-CacheRefreshExecutor-%d" daemon [_thread_blocked, id=19936, stack(0x000000aca9e00000,0x000000aca9f00000) (1024K)]
  0x000001e633c267a0 JavaThread "DiscoveryClient-HeartbeatExecutor-%d" daemon [_thread_blocked, id=17592, stack(0x000000acaa000000,0x000000acaa100000) (1024K)]
  0x000001e633c26110 JavaThread "Thread-67"                         [_thread_blocked, id=20432, stack(0x000000acac400000,0x000000acac500000) (1024K)]
Total: 33

Other Threads:
  0x000001e630023040 VMThread "VM Thread"                           [id=13108, stack(0x000000acaa800000,0x000000acaa900000) (1024K)]
  0x000001e62bea4ef0 WatcherThread "VM Periodic Task Thread"        [id=18440, stack(0x000000acaa700000,0x000000acaa800000) (1024K)]
  0x000001e61ffca4e0 WorkerThread "GC Thread#0"                     [id=9312, stack(0x000000acaa200000,0x000000acaa300000) (1024K)]
  0x000001e6310b8bf0 WorkerThread "GC Thread#1"                     [id=15584, stack(0x000000acab900000,0x000000acaba00000) (1024K)]
  0x000001e6310dd970 WorkerThread "GC Thread#2"                     [id=20080, stack(0x000000acaba00000,0x000000acabb00000) (1024K)]
  0x000001e6310ddd10 WorkerThread "GC Thread#3"                     [id=948, stack(0x000000acabb00000,0x000000acabc00000) (1024K)]
  0x000001e6310de0b0 WorkerThread "GC Thread#4"                     [id=9064, stack(0x000000acabc00000,0x000000acabd00000) (1024K)]
  0x000001e6310de450 WorkerThread "GC Thread#5"                     [id=10948, stack(0x000000acabd00000,0x000000acabe00000) (1024K)]
  0x000001e6310ee800 WorkerThread "GC Thread#6"                     [id=18476, stack(0x000000acabe00000,0x000000acabf00000) (1024K)]
  0x000001e6310febb0 WorkerThread "GC Thread#7"                     [id=2776, stack(0x000000acabf00000,0x000000acac000000) (1024K)]
  0x000001e6310ff570 WorkerThread "GC Thread#8"                     [id=14384, stack(0x000000acac000000,0x000000acac100000) (1024K)]
  0x000001e631575cb0 WorkerThread "GC Thread#9"                     [id=14468, stack(0x000000acac300000,0x000000acac400000) (1024K)]
  0x000001e61ffd9960 ConcurrentGCThread "G1 Main Marker"            [id=16180, stack(0x000000acaa300000,0x000000acaa400000) (1024K)]
  0x000001e61dcfcb20 WorkerThread "G1 Conc#0"                       [id=16700, stack(0x000000acaa400000,0x000000acaa500000) (1024K)]
  0x000001e631576b30 WorkerThread "G1 Conc#1"                       [id=13008, stack(0x000000acaca00000,0x000000acacb00000) (1024K)]
  0x000001e6315763f0 WorkerThread "G1 Conc#2"                       [id=18068, stack(0x000000acacb00000,0x000000acacc00000) (1024K)]
  0x000001e62bd77970 ConcurrentGCThread "G1 Refine#0"               [id=14520, stack(0x000000acaa500000,0x000000acaa600000) (1024K)]
  0x000001e62bd78190 ConcurrentGCThread "G1 Service"                [id=19252, stack(0x000000acaa600000,0x000000acaa700000) (1024K)]
Total: 18

Threads with active compile tasks:
Total: 0

VM state: not at safepoint (normal execution)

VM Mutex/Monitor currently owned by a thread: None

Heap address: 0x000000008a200000, size: 1886 MB, Compressed Oops mode: 32-bit

CDS archive(s) not mapped
Compressed class space mapped at: 0x0000000100000000-0x0000000140000000, reserved size: 1073741824
Narrow klass base: 0x0000000000000000, Narrow klass shift: 3, Narrow klass range: 0x140000000

GC Precious Log:
 CardTable entry size: 512
 Card Set container configuration: InlinePtr #cards 5 size 8 Array Of Cards #cards 12 size 40 Howl #buckets 4 coarsen threshold 1843 Howl Bitmap #cards 512 size 80 coarsen threshold 460 Card regions per heap region 1 cards per card region 2048
 CPUs: 12 total, 12 available
 Memory: 7539M
 Large Page Support: Disabled
 NUMA Support: Disabled
 Compressed Oops: Enabled (32-bit)
 Heap Region Size: 1M
 Heap Min Capacity: 8M
 Heap Initial Capacity: 118M
 Heap Max Capacity: 1886M
 Pre-touch: Disabled
 Parallel Workers: 10
 Concurrent Workers: 3
 Concurrent Refinement Workers: 10
 Periodic GC: Disabled

Heap:
 garbage-first heap   total 126976K, used 47705K [0x000000008a200000, 0x0000000100000000)
  region size 1024K, 12 young (12288K), 7 survivors (7168K)
 Metaspace       used 92089K, committed 93056K, reserved 1179648K
  class space    used 12215K, committed 12608K, reserved 1048576K

Heap Regions: E=young(eden), S=young(survivor), O=old, HS=humongous(starts), HC=humongous(continues), CS=collection set, F=free, TAMS=top-at-mark-start, PB=parsable bottom
|   0|0x000000008a200000, 0x000000008a300000, 0x000000008a300000|100%|HS|  |TAMS 0x000000008a200000| PB 0x000000008a200000| Complete 
|   1|0x000000008a300000, 0x000000008a3ffff0, 0x000000008a400000| 99%| O|  |TAMS 0x000000008a300000| PB 0x000000008a300000| Untracked 
|   2|0x000000008a400000, 0x000000008a500000, 0x000000008a500000|100%|HS|  |TAMS 0x000000008a400000| PB 0x000000008a400000| Complete 
|   3|0x000000008a500000, 0x000000008a600000, 0x000000008a600000|100%|HS|  |TAMS 0x000000008a500000| PB 0x000000008a500000| Complete 
|   4|0x000000008a600000, 0x000000008a6ff9e0, 0x000000008a700000| 99%| O|  |TAMS 0x000000008a600000| PB 0x000000008a600000| Untracked 
|   5|0x000000008a700000, 0x000000008a800000, 0x000000008a800000|100%| O|  |TAMS 0x000000008a700000| PB 0x000000008a700000| Untracked 
|   6|0x000000008a800000, 0x000000008a8fe5d0, 0x000000008a900000| 99%| O|  |TAMS 0x000000008a800000| PB 0x000000008a800000| Untracked 
|   7|0x000000008a900000, 0x000000008aa00000, 0x000000008aa00000|100%| O|  |TAMS 0x000000008a900000| PB 0x000000008a900000| Untracked 
|   8|0x000000008aa00000, 0x000000008aafc8c0, 0x000000008ab00000| 98%| O|  |TAMS 0x000000008aa00000| PB 0x000000008aa00000| Untracked 
|   9|0x000000008ab00000, 0x000000008abffff8, 0x000000008ac00000| 99%| O|  |TAMS 0x000000008ab00000| PB 0x000000008ab00000| Untracked 
|  10|0x000000008ac00000, 0x000000008acfffe8, 0x000000008ad00000| 99%| O|  |TAMS 0x000000008ac00000| PB 0x000000008ac00000| Untracked 
|  11|0x000000008ad00000, 0x000000008adfffc8, 0x000000008ae00000| 99%| O|  |TAMS 0x000000008ad00000| PB 0x000000008ad00000| Untracked 
|  12|0x000000008ae00000, 0x000000008af00000, 0x000000008af00000|100%| O|  |TAMS 0x000000008ae00000| PB 0x000000008ae00000| Untracked 
|  13|0x000000008af00000, 0x000000008afffff8, 0x000000008b000000| 99%| O|  |TAMS 0x000000008af00000| PB 0x000000008af00000| Untracked 
|  14|0x000000008b000000, 0x000000008b0fffd8, 0x000000008b100000| 99%| O|  |TAMS 0x000000008b000000| PB 0x000000008b000000| Untracked 
|  15|0x000000008b100000, 0x000000008b1fffe0, 0x000000008b200000| 99%| O|  |TAMS 0x000000008b100000| PB 0x000000008b100000| Untracked 
|  16|0x000000008b200000, 0x000000008b300000, 0x000000008b300000|100%| O|  |TAMS 0x000000008b200000| PB 0x000000008b200000| Untracked 
|  17|0x000000008b300000, 0x000000008b3ffff8, 0x000000008b400000| 99%| O|  |TAMS 0x000000008b300000| PB 0x000000008b300000| Untracked 
|  18|0x000000008b400000, 0x000000008b4fffc8, 0x000000008b500000| 99%| O|  |TAMS 0x000000008b400000| PB 0x000000008b400000| Untracked 
|  19|0x000000008b500000, 0x000000008b5fffc0, 0x000000008b600000| 99%| O|  |TAMS 0x000000008b500000| PB 0x000000008b500000| Untracked 
|  20|0x000000008b600000, 0x000000008b6fffd8, 0x000000008b700000| 99%| O|  |TAMS 0x000000008b600000| PB 0x000000008b600000| Untracked 
|  21|0x000000008b700000, 0x000000008b800000, 0x000000008b800000|100%| O|  |TAMS 0x000000008b700000| PB 0x000000008b700000| Untracked 
|  22|0x000000008b800000, 0x000000008b8fffd0, 0x000000008b900000| 99%| O|  |TAMS 0x000000008b800000| PB 0x000000008b800000| Untracked 
|  23|0x000000008b900000, 0x000000008b9ffff0, 0x000000008ba00000| 99%| O|  |TAMS 0x000000008b900000| PB 0x000000008b900000| Untracked 
|  24|0x000000008ba00000, 0x000000008bafffc0, 0x000000008bb00000| 99%| O|  |TAMS 0x000000008ba00000| PB 0x000000008ba00000| Untracked 
|  25|0x000000008bb00000, 0x000000008bbffff8, 0x000000008bc00000| 99%| O|  |TAMS 0x000000008bb00000| PB 0x000000008bb00000| Untracked 
|  26|0x000000008bc00000, 0x000000008bd00000, 0x000000008bd00000|100%| O|  |TAMS 0x000000008bc00000| PB 0x000000008bc00000| Untracked 
|  27|0x000000008bd00000, 0x000000008bdfff60, 0x000000008be00000| 99%| O|  |TAMS 0x000000008bd00000| PB 0x000000008bd00000| Untracked 
|  28|0x000000008be00000, 0x000000008beffff0, 0x000000008bf00000| 99%| O|  |TAMS 0x000000008be00000| PB 0x000000008be00000| Untracked 
|  29|0x000000008bf00000, 0x000000008bfffff8, 0x000000008c000000| 99%| O|  |TAMS 0x000000008bf00000| PB 0x000000008bf00000| Untracked 
|  30|0x000000008c000000, 0x000000008c0fffc0, 0x000000008c100000| 99%| O|  |TAMS 0x000000008c000000| PB 0x000000008c000000| Untracked 
|  31|0x000000008c100000, 0x000000008c1ffff8, 0x000000008c200000| 99%| O|  |TAMS 0x000000008c100000| PB 0x000000008c100000| Untracked 
|  32|0x000000008c200000, 0x000000008c2ffff0, 0x000000008c300000| 99%| O|  |TAMS 0x000000008c200000| PB 0x000000008c200000| Untracked 
|  33|0x000000008c300000, 0x000000008c3fffe0, 0x000000008c400000| 99%| O|  |TAMS 0x000000008c300000| PB 0x000000008c300000| Untracked 
|  34|0x000000008c400000, 0x000000008c4fffd8, 0x000000008c500000| 99%| O|  |TAMS 0x000000008c400000| PB 0x000000008c400000| Untracked 
|  35|0x000000008c500000, 0x000000008c53e938, 0x000000008c600000| 24%| O|  |TAMS 0x000000008c500000| PB 0x000000008c500000| Untracked 
|  36|0x000000008c600000, 0x000000008c674580, 0x000000008c700000| 45%| O|  |TAMS 0x000000008c600000| PB 0x000000008c600000| Untracked 
|  37|0x000000008c700000, 0x000000008c702378, 0x000000008c800000|  0%| O|Cm|TAMS 0x000000008c700000| PB 0x000000008c700000| Complete 
|  38|0x000000008c800000, 0x000000008c819f90, 0x000000008c900000| 10%| O|  |TAMS 0x000000008c800000| PB 0x000000008c800000| Untracked 
|  39|0x000000008c900000, 0x000000008ca00000, 0x000000008ca00000|100%|HS|  |TAMS 0x000000008c900000| PB 0x000000008c900000| Complete 
|  40|0x000000008ca00000, 0x000000008ca00000, 0x000000008cb00000|  0%| F|  |TAMS 0x000000008ca00000| PB 0x000000008ca00000| Untracked 
|  41|0x000000008cb00000, 0x000000008cb00000, 0x000000008cc00000|  0%| F|  |TAMS 0x000000008cb00000| PB 0x000000008cb00000| Untracked 
|  42|0x000000008cc00000, 0x000000008cc00000, 0x000000008cd00000|  0%| F|  |TAMS 0x000000008cc00000| PB 0x000000008cc00000| Untracked 
|  43|0x000000008cd00000, 0x000000008cd00000, 0x000000008ce00000|  0%| F|  |TAMS 0x000000008cd00000| PB 0x000000008cd00000| Untracked 
|  44|0x000000008ce00000, 0x000000008ce00000, 0x000000008cf00000|  0%| F|  |TAMS 0x000000008ce00000| PB 0x000000008ce00000| Untracked 
|  45|0x000000008cf00000, 0x000000008cf00000, 0x000000008d000000|  0%| F|  |TAMS 0x000000008cf00000| PB 0x000000008cf00000| Untracked 
|  46|0x000000008d000000, 0x000000008d000000, 0x000000008d100000|  0%| F|  |TAMS 0x000000008d000000| PB 0x000000008d000000| Untracked 
|  47|0x000000008d100000, 0x000000008d100000, 0x000000008d200000|  0%| F|  |TAMS 0x000000008d100000| PB 0x000000008d100000| Untracked 
|  48|0x000000008d200000, 0x000000008d200000, 0x000000008d300000|  0%| F|  |TAMS 0x000000008d200000| PB 0x000000008d200000| Untracked 
|  49|0x000000008d300000, 0x000000008d3ccff0, 0x000000008d400000| 80%| S|CS|TAMS 0x000000008d300000| PB 0x000000008d300000| Complete 
|  50|0x000000008d400000, 0x000000008d500000, 0x000000008d500000|100%| S|CS|TAMS 0x000000008d400000| PB 0x000000008d400000| Complete 
|  51|0x000000008d500000, 0x000000008d600000, 0x000000008d600000|100%| S|CS|TAMS 0x000000008d500000| PB 0x000000008d500000| Complete 
|  52|0x000000008d600000, 0x000000008d700000, 0x000000008d700000|100%| S|CS|TAMS 0x000000008d600000| PB 0x000000008d600000| Complete 
|  53|0x000000008d700000, 0x000000008d800000, 0x000000008d800000|100%| S|CS|TAMS 0x000000008d700000| PB 0x000000008d700000| Complete 
|  54|0x000000008d800000, 0x000000008d900000, 0x000000008d900000|100%| S|CS|TAMS 0x000000008d800000| PB 0x000000008d800000| Complete 
|  55|0x000000008d900000, 0x000000008da00000, 0x000000008da00000|100%| S|CS|TAMS 0x000000008d900000| PB 0x000000008d900000| Complete 
|  56|0x000000008da00000, 0x000000008da00000, 0x000000008db00000|  0%| F|  |TAMS 0x000000008da00000| PB 0x000000008da00000| Untracked 
|  57|0x000000008db00000, 0x000000008db00000, 0x000000008dc00000|  0%| F|  |TAMS 0x000000008db00000| PB 0x000000008db00000| Untracked 
|  58|0x000000008dc00000, 0x000000008dc00000, 0x000000008dd00000|  0%| F|  |TAMS 0x000000008dc00000| PB 0x000000008dc00000| Untracked 
|  59|0x000000008dd00000, 0x000000008dd00000, 0x000000008de00000|  0%| F|  |TAMS 0x000000008dd00000| PB 0x000000008dd00000| Untracked 
|  60|0x000000008de00000, 0x000000008de00000, 0x000000008df00000|  0%| F|  |TAMS 0x000000008de00000| PB 0x000000008de00000| Untracked 
|  61|0x000000008df00000, 0x000000008df00000, 0x000000008e000000|  0%| F|  |TAMS 0x000000008df00000| PB 0x000000008df00000| Untracked 
|  62|0x000000008e000000, 0x000000008e000000, 0x000000008e100000|  0%| F|  |TAMS 0x000000008e000000| PB 0x000000008e000000| Untracked 
|  63|0x000000008e100000, 0x000000008e100000, 0x000000008e200000|  0%| F|  |TAMS 0x000000008e100000| PB 0x000000008e100000| Untracked 
|  64|0x000000008e200000, 0x000000008e200000, 0x000000008e300000|  0%| F|  |TAMS 0x000000008e200000| PB 0x000000008e200000| Untracked 
|  65|0x000000008e300000, 0x000000008e300000, 0x000000008e400000|  0%| F|  |TAMS 0x000000008e300000| PB 0x000000008e300000| Untracked 
|  66|0x000000008e400000, 0x000000008e400000, 0x000000008e500000|  0%| F|  |TAMS 0x000000008e400000| PB 0x000000008e400000| Untracked 
|  67|0x000000008e500000, 0x000000008e500000, 0x000000008e600000|  0%| F|  |TAMS 0x000000008e500000| PB 0x000000008e500000| Untracked 
|  68|0x000000008e600000, 0x000000008e600000, 0x000000008e700000|  0%| F|  |TAMS 0x000000008e600000| PB 0x000000008e600000| Untracked 
|  69|0x000000008e700000, 0x000000008e700000, 0x000000008e800000|  0%| F|  |TAMS 0x000000008e700000| PB 0x000000008e700000| Untracked 
|  70|0x000000008e800000, 0x000000008e800000, 0x000000008e900000|  0%| F|  |TAMS 0x000000008e800000| PB 0x000000008e800000| Untracked 
|  71|0x000000008e900000, 0x000000008e900000, 0x000000008ea00000|  0%| F|  |TAMS 0x000000008e900000| PB 0x000000008e900000| Untracked 
|  72|0x000000008ea00000, 0x000000008ea00000, 0x000000008eb00000|  0%| F|  |TAMS 0x000000008ea00000| PB 0x000000008ea00000| Untracked 
|  73|0x000000008eb00000, 0x000000008eb00000, 0x000000008ec00000|  0%| F|  |TAMS 0x000000008eb00000| PB 0x000000008eb00000| Untracked 
|  74|0x000000008ec00000, 0x000000008ec00000, 0x000000008ed00000|  0%| F|  |TAMS 0x000000008ec00000| PB 0x000000008ec00000| Untracked 
|  75|0x000000008ed00000, 0x000000008ed00000, 0x000000008ee00000|  0%| F|  |TAMS 0x000000008ed00000| PB 0x000000008ed00000| Untracked 
|  76|0x000000008ee00000, 0x000000008ee00000, 0x000000008ef00000|  0%| F|  |TAMS 0x000000008ee00000| PB 0x000000008ee00000| Untracked 
|  77|0x000000008ef00000, 0x000000008ef00000, 0x000000008f000000|  0%| F|  |TAMS 0x000000008ef00000| PB 0x000000008ef00000| Untracked 
|  78|0x000000008f000000, 0x000000008f000000, 0x000000008f100000|  0%| F|  |TAMS 0x000000008f000000| PB 0x000000008f000000| Untracked 
|  79|0x000000008f100000, 0x000000008f100000, 0x000000008f200000|  0%| F|  |TAMS 0x000000008f100000| PB 0x000000008f100000| Untracked 
|  80|0x000000008f200000, 0x000000008f200000, 0x000000008f300000|  0%| F|  |TAMS 0x000000008f200000| PB 0x000000008f200000| Untracked 
|  81|0x000000008f300000, 0x000000008f300000, 0x000000008f400000|  0%| F|  |TAMS 0x000000008f300000| PB 0x000000008f300000| Untracked 
|  82|0x000000008f400000, 0x000000008f400000, 0x000000008f500000|  0%| F|  |TAMS 0x000000008f400000| PB 0x000000008f400000| Untracked 
|  83|0x000000008f500000, 0x000000008f500000, 0x000000008f600000|  0%| F|  |TAMS 0x000000008f500000| PB 0x000000008f500000| Untracked 
|  84|0x000000008f600000, 0x000000008f600000, 0x000000008f700000|  0%| F|  |TAMS 0x000000008f600000| PB 0x000000008f600000| Untracked 
|  85|0x000000008f700000, 0x000000008f700000, 0x000000008f800000|  0%| F|  |TAMS 0x000000008f700000| PB 0x000000008f700000| Untracked 
|  86|0x000000008f800000, 0x000000008f800000, 0x000000008f900000|  0%| F|  |TAMS 0x000000008f800000| PB 0x000000008f800000| Untracked 
|  87|0x000000008f900000, 0x000000008f900000, 0x000000008fa00000|  0%| F|  |TAMS 0x000000008f900000| PB 0x000000008f900000| Untracked 
|  88|0x000000008fa00000, 0x000000008fa00000, 0x000000008fb00000|  0%| F|  |TAMS 0x000000008fa00000| PB 0x000000008fa00000| Untracked 
|  89|0x000000008fb00000, 0x000000008fb00000, 0x000000008fc00000|  0%| F|  |TAMS 0x000000008fb00000| PB 0x000000008fb00000| Untracked 
|  90|0x000000008fc00000, 0x000000008fc00000, 0x000000008fd00000|  0%| F|  |TAMS 0x000000008fc00000| PB 0x000000008fc00000| Untracked 
|  91|0x000000008fd00000, 0x000000008fd00000, 0x000000008fe00000|  0%| F|  |TAMS 0x000000008fd00000| PB 0x000000008fd00000| Untracked 
|  92|0x000000008fe00000, 0x000000008fe00000, 0x000000008ff00000|  0%| F|  |TAMS 0x000000008fe00000| PB 0x000000008fe00000| Untracked 
|  93|0x000000008ff00000, 0x000000008ff00000, 0x0000000090000000|  0%| F|  |TAMS 0x000000008ff00000| PB 0x000000008ff00000| Untracked 
|  94|0x0000000090000000, 0x0000000090000000, 0x0000000090100000|  0%| F|  |TAMS 0x0000000090000000| PB 0x0000000090000000| Untracked 
|  95|0x0000000090100000, 0x0000000090100000, 0x0000000090200000|  0%| F|  |TAMS 0x0000000090100000| PB 0x0000000090100000| Untracked 
|  96|0x0000000090200000, 0x0000000090200000, 0x0000000090300000|  0%| F|  |TAMS 0x0000000090200000| PB 0x0000000090200000| Untracked 
|  97|0x0000000090300000, 0x0000000090300000, 0x0000000090400000|  0%| F|  |TAMS 0x0000000090300000| PB 0x0000000090300000| Untracked 
|  98|0x0000000090400000, 0x0000000090400000, 0x0000000090500000|  0%| F|  |TAMS 0x0000000090400000| PB 0x0000000090400000| Untracked 
|  99|0x0000000090500000, 0x0000000090500000, 0x0000000090600000|  0%| F|  |TAMS 0x0000000090500000| PB 0x0000000090500000| Untracked 
| 100|0x0000000090600000, 0x0000000090600000, 0x0000000090700000|  0%| F|  |TAMS 0x0000000090600000| PB 0x0000000090600000| Untracked 
| 101|0x0000000090700000, 0x0000000090700000, 0x0000000090800000|  0%| F|  |TAMS 0x0000000090700000| PB 0x0000000090700000| Untracked 
| 102|0x0000000090800000, 0x0000000090800000, 0x0000000090900000|  0%| F|  |TAMS 0x0000000090800000| PB 0x0000000090800000| Untracked 
| 103|0x0000000090900000, 0x0000000090900000, 0x0000000090a00000|  0%| F|  |TAMS 0x0000000090900000| PB 0x0000000090900000| Untracked 
| 104|0x0000000090a00000, 0x0000000090a00000, 0x0000000090b00000|  0%| F|  |TAMS 0x0000000090a00000| PB 0x0000000090a00000| Untracked 
| 105|0x0000000090b00000, 0x0000000090b00000, 0x0000000090c00000|  0%| F|  |TAMS 0x0000000090b00000| PB 0x0000000090b00000| Untracked 
| 106|0x0000000090c00000, 0x0000000090c00000, 0x0000000090d00000|  0%| F|  |TAMS 0x0000000090c00000| PB 0x0000000090c00000| Untracked 
| 107|0x0000000090d00000, 0x0000000090d00000, 0x0000000090e00000|  0%| F|  |TAMS 0x0000000090d00000| PB 0x0000000090d00000| Untracked 
| 108|0x0000000090e00000, 0x0000000090e00000, 0x0000000090f00000|  0%| F|  |TAMS 0x0000000090e00000| PB 0x0000000090e00000| Untracked 
| 109|0x0000000090f00000, 0x0000000090f00000, 0x0000000091000000|  0%| F|  |TAMS 0x0000000090f00000| PB 0x0000000090f00000| Untracked 
| 110|0x0000000091000000, 0x0000000091000000, 0x0000000091100000|  0%| F|  |TAMS 0x0000000091000000| PB 0x0000000091000000| Untracked 
| 111|0x0000000091100000, 0x0000000091100000, 0x0000000091200000|  0%| F|  |TAMS 0x0000000091100000| PB 0x0000000091100000| Untracked 
| 112|0x0000000091200000, 0x0000000091200000, 0x0000000091300000|  0%| F|  |TAMS 0x0000000091200000| PB 0x0000000091200000| Untracked 
| 113|0x0000000091300000, 0x0000000091300000, 0x0000000091400000|  0%| F|  |TAMS 0x0000000091300000| PB 0x0000000091300000| Untracked 
| 114|0x0000000091400000, 0x0000000091400000, 0x0000000091500000|  0%| F|  |TAMS 0x0000000091400000| PB 0x0000000091400000| Untracked 
| 115|0x0000000091500000, 0x0000000091500000, 0x0000000091600000|  0%| F|  |TAMS 0x0000000091500000| PB 0x0000000091500000| Untracked 
| 116|0x0000000091600000, 0x0000000091600000, 0x0000000091700000|  0%| F|  |TAMS 0x0000000091600000| PB 0x0000000091600000| Untracked 
| 117|0x0000000091700000, 0x0000000091700000, 0x0000000091800000|  0%| F|  |TAMS 0x0000000091700000| PB 0x0000000091700000| Untracked 
| 118|0x0000000091800000, 0x0000000091800000, 0x0000000091900000|  0%| F|  |TAMS 0x0000000091800000| PB 0x0000000091800000| Untracked 
| 119|0x0000000091900000, 0x000000009193b150, 0x0000000091a00000| 23%| E|  |TAMS 0x0000000091900000| PB 0x0000000091900000| Complete 
| 120|0x0000000091a00000, 0x0000000091b00000, 0x0000000091b00000|100%| E|CS|TAMS 0x0000000091a00000| PB 0x0000000091a00000| Complete 
| 121|0x0000000091b00000, 0x0000000091c00000, 0x0000000091c00000|100%| E|CS|TAMS 0x0000000091b00000| PB 0x0000000091b00000| Complete 
| 122|0x0000000091c00000, 0x0000000091d00000, 0x0000000091d00000|100%| E|CS|TAMS 0x0000000091c00000| PB 0x0000000091c00000| Complete 
| 123|0x0000000091d00000, 0x0000000091e00000, 0x0000000091e00000|100%| E|  |TAMS 0x0000000091d00000| PB 0x0000000091d00000| Complete 

Card table byte_map: [0x000001e627140000,0x000001e6274f0000] _byte_map_base: 0x000001e626cef000

Marking Bits: (CMBitMap*) 0x000001e61dcfbd10
 Bits: [0x000001e6274f0000, 0x000001e629268000)

Polling page: 0x000001e61de80000

Metaspace:

Usage:
  Non-class:     78.00 MB used.
      Class:     11.93 MB used.
       Both:     89.93 MB used.

Virtual space:
  Non-class space:      128.00 MB reserved,      78.56 MB ( 61%) committed,  2 nodes.
      Class space:        1.00 GB reserved,      12.31 MB (  1%) committed,  1 nodes.
             Both:        1.12 GB reserved,      90.88 MB (  8%) committed. 

Chunk freelists:
   Non-Class:  1.31 MB
       Class:  3.53 MB
        Both:  4.84 MB

MaxMetaspaceSize: unlimited
CompressedClassSpaceSize: 1.00 GB
Initial GC threshold: 21.00 MB
Current GC threshold: 150.75 MB
CDS: off
 - commit_granule_bytes: 65536.
 - commit_granule_words: 8192.
 - virtual_space_node_default_size: 8388608.
 - enlarge_chunks_in_place: 1.
 - use_allocation_guard: 0.


Internal statistics:

num_allocs_failed_limit: 9.
num_arena_births: 2088.
num_arena_deaths: 974.
num_vsnodes_births: 3.
num_vsnodes_deaths: 0.
num_space_committed: 1455.
num_space_uncommitted: 1.
num_chunks_returned_to_freelist: 1131.
num_chunks_taken_from_freelist: 5472.
num_chunk_merges: 227.
num_chunk_splits: 3434.
num_chunks_enlarged: 2575.
num_inconsistent_stats: 0.

CodeCache: size=49152Kb used=17842Kb max_used=19253Kb free=31309Kb
 bounds [0x000001e623a60000, 0x000001e624d70000, 0x000001e626a60000]
 total_blobs=9618 nmethods=8875 adapters=665
 compilation: enabled
              stopped_count=0, restarted_count=0
 full_count=0

Compilation events (20 events):
Event: 765.533 Thread 0x000001e630075d10 12265       1       java.lang.invoke.BoundMethodHandle::editor (8 bytes)
Event: 765.533 Thread 0x000001e630075d10 nmethod 12265 0x000001e624c4a590 code [0x000001e624c4a740, 0x000001e624c4a8f0]
Event: 765.533 Thread 0x000001e630075d10 12266       1       java.lang.invoke.LambdaFormBuffer::insertParameter (30 bytes)
Event: 765.533 Thread 0x000001e630075d10 nmethod 12266 0x000001e624c49a90 code [0x000001e624c49c40, 0x000001e624c49d50]
Event: 765.536 Thread 0x000001e630075d10 12271       1       org.apache.commons.logging.LogAdapter$Slf4jLocationAwareLog::info (47 bytes)
Event: 765.536 Thread 0x000001e630075d10 nmethod 12271 0x000001e624c47210 code [0x000001e624c47400, 0x000001e624c47770]
Event: 765.537 Thread 0x000001e630075d10 12272       1       sun.nio.ch.SocketDispatcher::close (5 bytes)
Event: 765.537 Thread 0x000001e630075d10 nmethod 12272 0x000001e624c46b10 code [0x000001e624c46cc0, 0x000001e624c46db0]
Event: 765.537 Thread 0x000001e630075d10 12273       1       sun.nio.ch.SocketDispatcher::invalidateAndClose (46 bytes)
Event: 765.537 Thread 0x000001e630075d10 nmethod 12273 0x000001e624c46510 code [0x000001e624c466e0, 0x000001e624c46930]
Event: 765.537 Thread 0x000001e630075d10 12274       1       java.io.FileDescriptor$1::set (6 bytes)
Event: 765.538 Thread 0x000001e630075d10 nmethod 12274 0x000001e624c45f90 code [0x000001e624c46140, 0x000001e624c463b8]
Event: 765.538 Thread 0x000001e630075d10 12275  s    1       java.io.FileDescriptor::set (30 bytes)
Event: 765.538 Thread 0x000001e630075d10 nmethod 12275 0x000001e624c45b10 code [0x000001e624c45cc0, 0x000001e624c45ec8]
Event: 765.538 Thread 0x000001e630075d10 12277       1       jdk.internal.misc.Unsafe::freeMemory (18 bytes)
Event: 765.538 Thread 0x000001e630075d10 nmethod 12277 0x000001e624c45310 code [0x000001e624c454c0, 0x000001e624c45640]
Event: 765.538 Thread 0x000001e630075d10 12278       1       jdk.internal.misc.Unsafe::freeMemoryChecks (7 bytes)
Event: 765.539 Thread 0x000001e630075d10 nmethod 12278 0x000001e624c45010 code [0x000001e624c451a0, 0x000001e624c45270]
Event: 765.539 Thread 0x000001e630075d10 12280       1       org.apache.tomcat.util.threads.ThreadPoolExecutor::runStateLessThan (11 bytes)
Event: 765.539 Thread 0x000001e630075d10 nmethod 12280 0x000001e624c44d10 code [0x000001e624c44ea0, 0x000001e624c44f58]

GC Heap History (20 events):
Event: 261.876 GC heap before
{Heap before GC invocations=45 (full 7):
 garbage-first heap   total 126976K, used 87309K [0x000000008a200000, 0x0000000100000000)
  region size 1024K, 51 young (52224K), 0 survivors (0K)
 Metaspace       used 90530K, committed 91328K, reserved 1179648K
  class space    used 12091K, committed 12480K, reserved 1048576K
}
Event: 261.881 GC heap after
{Heap after GC invocations=46 (full 7):
 garbage-first heap   total 126976K, used 42063K [0x000000008a200000, 0x0000000100000000)
  region size 1024K, 5 young (5120K), 5 survivors (5120K)
 Metaspace       used 90530K, committed 91328K, reserved 1179648K
  class space    used 12091K, committed 12480K, reserved 1048576K
}
Event: 266.833 GC heap before
{Heap before GC invocations=47 (full 7):
 garbage-first heap   total 126976K, used 95311K [0x000000008a200000, 0x0000000100000000)
  region size 1024K, 57 young (58368K), 5 survivors (5120K)
 Metaspace       used 90818K, committed 91648K, reserved 1179648K
  class space    used 12111K, committed 12480K, reserved 1048576K
}
Event: 266.900 GC heap after
{Heap after GC invocations=48 (full 8):
 garbage-first heap   total 126976K, used 37349K [0x000000008a200000, 0x0000000100000000)
  region size 1024K, 0 young (0K), 0 survivors (0K)
 Metaspace       used 90778K, committed 91648K, reserved 1179648K
  class space    used 12100K, committed 12480K, reserved 1048576K
}
Event: 267.671 GC heap before
{Heap before GC invocations=48 (full 8):
 garbage-first heap   total 126976K, used 88549K [0x000000008a200000, 0x0000000100000000)
  region size 1024K, 51 young (52224K), 0 survivors (0K)
 Metaspace       used 90807K, committed 91648K, reserved 1179648K
  class space    used 12106K, committed 12480K, reserved 1048576K
}
Event: 267.675 GC heap after
{Heap after GC invocations=49 (full 8):
 garbage-first heap   total 126976K, used 41926K [0x000000008a200000, 0x0000000100000000)
  region size 1024K, 5 young (5120K), 5 survivors (5120K)
 Metaspace       used 90807K, committed 91648K, reserved 1179648K
  class space    used 12106K, committed 12480K, reserved 1048576K
}
Event: 430.458 GC heap before
{Heap before GC invocations=50 (full 8):
 garbage-first heap   total 126976K, used 103366K [0x000000008a200000, 0x0000000100000000)
  region size 1024K, 65 young (66560K), 5 survivors (5120K)
 Metaspace       used 91232K, committed 92160K, reserved 1179648K
  class space    used 12155K, committed 12544K, reserved 1048576K
}
Event: 430.528 GC heap after
{Heap after GC invocations=51 (full 9):
 garbage-first heap   total 126976K, used 38361K [0x000000008a200000, 0x0000000100000000)
  region size 1024K, 0 young (0K), 0 survivors (0K)
 Metaspace       used 91222K, committed 92160K, reserved 1179648K
  class space    used 12153K, committed 12544K, reserved 1048576K
}
Event: 431.444 GC heap before
{Heap before GC invocations=51 (full 9):
 garbage-first heap   total 126976K, used 88537K [0x000000008a200000, 0x0000000100000000)
  region size 1024K, 51 young (52224K), 0 survivors (0K)
 Metaspace       used 91251K, committed 92160K, reserved 1179648K
  class space    used 12158K, committed 12544K, reserved 1048576K
}
Event: 431.449 GC heap after
{Heap after GC invocations=52 (full 9):
 garbage-first heap   total 126976K, used 42932K [0x000000008a200000, 0x0000000100000000)
  region size 1024K, 5 young (5120K), 5 survivors (5120K)
 Metaspace       used 91251K, committed 92160K, reserved 1179648K
  class space    used 12158K, committed 12544K, reserved 1048576K
}
Event: 447.766 GC heap before
{Heap before GC invocations=53 (full 9):
 garbage-first heap   total 126976K, used 99252K [0x000000008a200000, 0x0000000100000000)
  region size 1024K, 60 young (61440K), 5 survivors (5120K)
 Metaspace       used 91404K, committed 92288K, reserved 1179648K
  class space    used 12147K, committed 12544K, reserved 1048576K
}
Event: 447.858 GC heap after
{Heap after GC invocations=54 (full 10):
 garbage-first heap   total 126976K, used 36406K [0x000000008a200000, 0x0000000100000000)
  region size 1024K, 0 young (0K), 0 survivors (0K)
 Metaspace       used 91368K, committed 92288K, reserved 1179648K
  class space    used 12140K, committed 12544K, reserved 1048576K
}
Event: 448.691 GC heap before
{Heap before GC invocations=54 (full 10):
 garbage-first heap   total 126976K, used 86582K [0x000000008a200000, 0x0000000100000000)
  region size 1024K, 51 young (52224K), 0 survivors (0K)
 Metaspace       used 91397K, committed 92288K, reserved 1179648K
  class space    used 12145K, committed 12544K, reserved 1048576K
}
Event: 448.695 GC heap after
{Heap after GC invocations=55 (full 10):
 garbage-first heap   total 126976K, used 41099K [0x000000008a200000, 0x0000000100000000)
  region size 1024K, 5 young (5120K), 5 survivors (5120K)
 Metaspace       used 91397K, committed 92288K, reserved 1179648K
  class space    used 12145K, committed 12544K, reserved 1048576K
}
Event: 465.903 GC heap before
{Heap before GC invocations=56 (full 10):
 garbage-first heap   total 126976K, used 93323K [0x000000008a200000, 0x0000000100000000)
  region size 1024K, 56 young (57344K), 5 survivors (5120K)
 Metaspace       used 91695K, committed 92608K, reserved 1179648K
  class space    used 12168K, committed 12544K, reserved 1048576K
}
Event: 465.980 GC heap after
{Heap after GC invocations=57 (full 11):
 garbage-first heap   total 126976K, used 36645K [0x000000008a200000, 0x0000000100000000)
  region size 1024K, 0 young (0K), 0 survivors (0K)
 Metaspace       used 91692K, committed 92608K, reserved 1179648K
  class space    used 12168K, committed 12544K, reserved 1048576K
}
Event: 466.870 GC heap before
{Heap before GC invocations=57 (full 11):
 garbage-first heap   total 126976K, used 86821K [0x000000008a200000, 0x0000000100000000)
  region size 1024K, 51 young (52224K), 0 survivors (0K)
 Metaspace       used 91719K, committed 92608K, reserved 1179648K
  class space    used 12173K, committed 12544K, reserved 1048576K
}
Event: 466.875 GC heap after
{Heap after GC invocations=58 (full 11):
 garbage-first heap   total 126976K, used 41348K [0x000000008a200000, 0x0000000100000000)
  region size 1024K, 5 young (5120K), 5 survivors (5120K)
 Metaspace       used 91719K, committed 92608K, reserved 1179648K
  class space    used 12173K, committed 12544K, reserved 1048576K
}
Event: 719.506 GC heap before
{Heap before GC invocations=59 (full 11):
 garbage-first heap   total 126976K, used 110980K [0x000000008a200000, 0x0000000100000000)
  region size 1024K, 68 young (69632K), 5 survivors (5120K)
 Metaspace       used 92039K, committed 92992K, reserved 1179648K
  class space    used 12204K, committed 12608K, reserved 1048576K
}
Event: 719.514 GC heap after
{Heap after GC invocations=60 (full 11):
 garbage-first heap   total 126976K, used 43609K [0x000000008a200000, 0x0000000100000000)
  region size 1024K, 7 young (7168K), 7 survivors (7168K)
 Metaspace       used 92039K, committed 92992K, reserved 1179648K
  class space    used 12204K, committed 12608K, reserved 1048576K
}

Dll operation events (12 events):
Event: 0.014 Loaded shared library C:\Users\PRASANTH\Downloads\sts-4.24.0.RELEASE\plugins\org.eclipse.justj.openjdk.hotspot.jre.full.win32.x86_64_21.0.3.v20240426-1530\jre\bin\java.dll
Event: 0.021 Loaded shared library C:\Users\PRASANTH\Downloads\sts-4.24.0.RELEASE\plugins\org.eclipse.justj.openjdk.hotspot.jre.full.win32.x86_64_21.0.3.v20240426-1530\jre\bin\zip.dll
Event: 0.411 Loaded shared library C:\Users\PRASANTH\Downloads\sts-4.24.0.RELEASE\plugins\org.eclipse.justj.openjdk.hotspot.jre.full.win32.x86_64_21.0.3.v20240426-1530\jre\bin\instrument.dll
Event: 0.425 Loaded shared library C:\Users\PRASANTH\Downloads\sts-4.24.0.RELEASE\plugins\org.eclipse.justj.openjdk.hotspot.jre.full.win32.x86_64_21.0.3.v20240426-1530\jre\bin\net.dll
Event: 0.427 Loaded shared library C:\Users\PRASANTH\Downloads\sts-4.24.0.RELEASE\plugins\org.eclipse.justj.openjdk.hotspot.jre.full.win32.x86_64_21.0.3.v20240426-1530\jre\bin\nio.dll
Event: 0.438 Loaded shared library C:\Users\PRASANTH\Downloads\sts-4.24.0.RELEASE\plugins\org.eclipse.justj.openjdk.hotspot.jre.full.win32.x86_64_21.0.3.v20240426-1530\jre\bin\zip.dll
Event: 0.692 Loaded shared library C:\Users\PRASANTH\Downloads\sts-4.24.0.RELEASE\plugins\org.eclipse.justj.openjdk.hotspot.jre.full.win32.x86_64_21.0.3.v20240426-1530\jre\bin\jimage.dll
Event: 0.763 Loaded shared library C:\Users\PRASANTH\Downloads\sts-4.24.0.RELEASE\plugins\org.eclipse.justj.openjdk.hotspot.jre.full.win32.x86_64_21.0.3.v20240426-1530\jre\bin\management.dll
Event: 0.778 Loaded shared library C:\Users\PRASANTH\Downloads\sts-4.24.0.RELEASE\plugins\org.eclipse.justj.openjdk.hotspot.jre.full.win32.x86_64_21.0.3.v20240426-1530\jre\bin\management_ext.dll
Event: 1.086 Loaded shared library C:\Users\PRASANTH\Downloads\sts-4.24.0.RELEASE\plugins\org.eclipse.justj.openjdk.hotspot.jre.full.win32.x86_64_21.0.3.v20240426-1530\jre\bin\extnet.dll
Event: 1.132 Loaded shared library C:\Users\PRASANTH\Downloads\sts-4.24.0.RELEASE\plugins\org.eclipse.justj.openjdk.hotspot.jre.full.win32.x86_64_21.0.3.v20240426-1530\jre\bin\verify.dll
Event: 2.845 Loaded shared library C:\Users\PRASANTH\Downloads\sts-4.24.0.RELEASE\plugins\org.eclipse.justj.openjdk.hotspot.jre.full.win32.x86_64_21.0.3.v20240426-1530\jre\bin\sunmscapi.dll

Deoptimization events (20 events):
Event: 765.538 Thread 0x000001e633eed690 DEOPT PACKING pc=0x000001e62494fd24 sp=0x000000acad7ff0c0
Event: 765.538 Thread 0x000001e633eed690 DEOPT UNPACKING pc=0x000001e623ab4e42 sp=0x000000acad7fe668 mode 1
Event: 765.538 Thread 0x000001e633c22c90 DEOPT PACKING pc=0x000001e62494fd24 sp=0x000000acaddff1e0
Event: 765.538 Thread 0x000001e633c22c90 DEOPT UNPACKING pc=0x000001e623ab4e42 sp=0x000000acaddfe788 mode 1
Event: 765.538 Thread 0x000001e633eed690 DEOPT PACKING pc=0x000001e624848bd4 sp=0x000000acad7ff570
Event: 765.538 Thread 0x000001e633eed690 DEOPT UNPACKING pc=0x000001e623ab4e42 sp=0x000000acad7fe9c0 mode 0
Event: 765.538 Thread 0x000001e633eebc50 DEOPT PACKING pc=0x000001e62494fd24 sp=0x000000acad3fee90
Event: 765.538 Thread 0x000001e633eebc50 DEOPT UNPACKING pc=0x000001e623ab4e42 sp=0x000000acad3fe438 mode 1
Event: 765.539 Thread 0x000001e633c20bc0 DEOPT PACKING pc=0x000001e62494fd24 sp=0x000000acadcfef60
Event: 765.539 Thread 0x000001e633c20bc0 DEOPT UNPACKING pc=0x000001e623ab4e42 sp=0x000000acadcfe508 mode 1
Event: 765.539 Thread 0x000001e633eeaf30 DEOPT PACKING pc=0x000001e62494fd24 sp=0x000000acad6ff220
Event: 765.539 Thread 0x000001e633eeaf30 DEOPT UNPACKING pc=0x000001e623ab4e42 sp=0x000000acad6fe7c8 mode 1
Event: 765.539 Thread 0x000001e633c22600 DEOPT PACKING pc=0x000001e62494fd24 sp=0x000000acadbff000
Event: 765.539 Thread 0x000001e633c22600 DEOPT UNPACKING pc=0x000001e623ab4e42 sp=0x000000acadbfe5a8 mode 1
Event: 765.539 Thread 0x000001e633eed000 DEOPT PACKING pc=0x000001e62494fd24 sp=0x000000acad4ff0e0
Event: 765.539 Thread 0x000001e633eed000 DEOPT UNPACKING pc=0x000001e623ab4e42 sp=0x000000acad4fe688 mode 1
Event: 765.540 Thread 0x000001e633c21f70 DEOPT PACKING pc=0x000001e62494fd24 sp=0x000000acad9fed40
Event: 765.540 Thread 0x000001e633c21f70 DEOPT UNPACKING pc=0x000001e623ab4e42 sp=0x000000acad9fe2e8 mode 1
Event: 765.541 Thread 0x000001e633c23320 DEOPT PACKING pc=0x000001e62494fd24 sp=0x000000acadafed90
Event: 765.541 Thread 0x000001e633c23320 DEOPT UNPACKING pc=0x000001e623ab4e42 sp=0x000000acadafe338 mode 1

Classes loaded (20 events):
Event: 183.683 Loading class javax/crypto/IllegalBlockSizeException
Event: 183.683 Loading class javax/crypto/IllegalBlockSizeException done
Event: 183.683 Loading class javax/crypto/BadPaddingException
Event: 183.683 Loading class javax/crypto/BadPaddingException done
Event: 186.750 Loading class java/util/WeakHashMap$KeyIterator
Event: 186.750 Loading class java/util/WeakHashMap$HashIterator
Event: 186.750 Loading class java/util/WeakHashMap$HashIterator done
Event: 186.750 Loading class java/util/WeakHashMap$KeyIterator done
Event: 186.831 Loading class java/lang/ref/Finalizer$2
Event: 186.831 Loading class java/lang/ref/Finalizer$2 done
Event: 186.832 Loading class java/lang/ref/Finalizer$1
Event: 186.833 Loading class java/lang/ref/Finalizer$1 done
Event: 187.597 Loading class java/util/WeakHashMap$EntrySet
Event: 187.598 Loading class java/util/WeakHashMap$EntrySet done
Event: 187.598 Loading class java/util/WeakHashMap$EntryIterator
Event: 187.598 Loading class java/util/WeakHashMap$EntryIterator done
Event: 191.210 Loading class java/time/DurationEditor
Event: 191.210 Loading class java/time/DurationEditor done
Event: 433.862 Loading class java/time/DurationEditor
Event: 433.862 Loading class java/time/DurationEditor done

Classes unloaded (20 events):
Event: 431.478 Thread 0x000001e630023040 Unloading class 0x0000000100b92400 'java/lang/invoke/LambdaForm$MH+0x0000000100b92400'
Event: 431.478 Thread 0x000001e630023040 Unloading class 0x0000000100b94c00 'java/lang/invoke/LambdaForm$MH+0x0000000100b94c00'
Event: 431.478 Thread 0x000001e630023040 Unloading class 0x0000000100ba4800 'java/lang/invoke/LambdaForm$MH+0x0000000100ba4800'
Event: 431.478 Thread 0x000001e630023040 Unloading class 0x0000000100990000 'java/lang/invoke/LambdaForm$MH+0x0000000100990000'
Event: 431.478 Thread 0x000001e630023040 Unloading class 0x000000010014ac00 'java/lang/invoke/LambdaForm$MH+0x000000010014ac00'
Event: 431.478 Thread 0x000001e630023040 Unloading class 0x0000000100142000 'java/lang/invoke/LambdaForm$MH+0x0000000100142000'
Event: 447.794 Thread 0x000001e630023040 Unloading class 0x0000000100a7cc00 'jdk/internal/reflect/GeneratedSerializationConstructorAccessor81'
Event: 447.794 Thread 0x000001e630023040 Unloading class 0x0000000100a1c800 'jdk/internal/reflect/GeneratedSerializationConstructorAccessor79'
Event: 447.794 Thread 0x000001e630023040 Unloading class 0x0000000100a11400 'jdk/internal/reflect/GeneratedSerializationConstructorAccessor77'
Event: 447.794 Thread 0x000001e630023040 Unloading class 0x00000001009e0400 'jdk/internal/reflect/GeneratedSerializationConstructorAccessor74'
Event: 447.794 Thread 0x000001e630023040 Unloading class 0x00000001004e0000 'jdk/internal/reflect/GeneratedSerializationConstructorAccessor68'
Event: 447.794 Thread 0x000001e630023040 Unloading class 0x00000001004c4000 'jdk/internal/reflect/GeneratedSerializationConstructorAccessor67'
Event: 447.794 Thread 0x000001e630023040 Unloading class 0x0000000100c6a800 'org/apache/catalina/loader/JdbcLeakPrevention'
Event: 447.794 Thread 0x000001e630023040 Unloading class 0x0000000100500400 'java/lang/invoke/LambdaForm$MH+0x0000000100500400'
Event: 447.794 Thread 0x000001e630023040 Unloading class 0x0000000100520800 'java/lang/invoke/LambdaForm$MH+0x0000000100520800'
Event: 447.794 Thread 0x000001e630023040 Unloading class 0x00000001009e1000 'java/lang/invoke/LambdaForm$MH+0x00000001009e1000'
Event: 447.794 Thread 0x000001e630023040 Unloading class 0x00000001009f4c00 'java/lang/invoke/LambdaForm$MH+0x00000001009f4c00'
Event: 447.794 Thread 0x000001e630023040 Unloading class 0x0000000100a88c00 'java/lang/invoke/LambdaForm$MH+0x0000000100a88c00'
Event: 447.794 Thread 0x000001e630023040 Unloading class 0x00000001009ec000 'java/lang/invoke/LambdaForm$MH+0x00000001009ec000'
Event: 465.928 Thread 0x000001e630023040 Unloading class 0x0000000100c58000 'org/apache/catalina/loader/JdbcLeakPrevention'

Classes redefined (20 events):
Event: 444.076 Thread 0x000001e630023040 redefined class name=com.services.controller.ServicesController, count=2
Event: 444.076 Thread 0x000001e630023040 redefined class name=com.services.controller.ServicesController, count=1
Event: 444.076 Thread 0x000001e630023040 redefined class name=com.services.controller.ServicesController, count=2
Event: 444.076 Thread 0x000001e630023040 redefined class name=com.services.controller.ServicesController, count=2
Event: 444.076 Thread 0x000001e630023040 redefined class name=com.services.controller.ServicesController, count=2
Event: 444.076 Thread 0x000001e630023040 redefined class name=com.services.controller.ServicesController, count=2
Event: 444.076 Thread 0x000001e630023040 redefined class name=com.services.controller.ServicesController, count=2
Event: 444.076 Thread 0x000001e630023040 redefined class name=com.services.controller.ServicesController, count=2
Event: 444.076 Thread 0x000001e630023040 redefined class name=com.services.controller.ServicesController, count=2
Event: 461.409 Thread 0x000001e630023040 redefined class name=com.services.service.impl.ServicesImpl, count=5
Event: 461.409 Thread 0x000001e630023040 redefined class name=com.services.service.impl.ServicesImpl, count=3
Event: 461.409 Thread 0x000001e630023040 redefined class name=com.services.service.impl.ServicesImpl, count=6
Event: 461.410 Thread 0x000001e630023040 redefined class name=com.services.service.impl.ServicesImpl, count=6
Event: 461.410 Thread 0x000001e630023040 redefined class name=com.services.service.impl.ServicesImpl, count=6
Event: 461.410 Thread 0x000001e630023040 redefined class name=com.services.service.impl.ServicesImpl, count=6
Event: 461.410 Thread 0x000001e630023040 redefined class name=com.services.service.impl.ServicesImpl, count=1
Event: 461.410 Thread 0x000001e630023040 redefined class name=com.services.service.impl.ServicesImpl, count=1
Event: 461.410 Thread 0x000001e630023040 redefined class name=com.services.service.impl.ServicesImpl, count=4
Event: 461.410 Thread 0x000001e630023040 redefined class name=com.services.service.impl.ServicesImpl, count=1
Event: 461.410 Thread 0x000001e630023040 redefined class name=com.services.service.impl.ServicesImpl, count=1

Internal exceptions (20 events):
Event: 448.562 Thread 0x000001e633c21f70 Exception <a 'java/lang/NoClassDefFoundError'{0x000000008f89aa30}: org/flywaydb/core/Flyway> (0x000000008f89aa30) 
thrown [s\src\hotspot\share\oops\constantPool.cpp, line 873]
Event: 448.564 Thread 0x000001e633c21f70 Exception <a 'java/lang/NoClassDefFoundError'{0x000000008f89b090}: liquibase/integration/spring/SpringLiquibase> (0x000000008f89b090) 
thrown [s\src\hotspot\share\oops\constantPool.cpp, line 873]
Event: 448.575 Thread 0x000001e633c21f70 Exception <a 'java/lang/NoClassDefFoundError'{0x000000008f71b400}: org/jooq/DSLContext> (0x000000008f71b400) 
thrown [s\src\hotspot\share\oops\constantPool.cpp, line 873]
Event: 448.578 Thread 0x000001e633c21f70 Exception <a 'java/lang/NoClassDefFoundError'{0x000000008f72b710}: org/springframework/batch/core/repository/JobRepository> (0x000000008f72b710) 
thrown [s\src\hotspot\share\oops\constantPool.cpp, line 873]
Event: 448.580 Thread 0x000001e633c21f70 Exception <a 'java/lang/NoClassDefFoundError'{0x000000008f72bd68}: org/quartz/Scheduler> (0x000000008f72bd68) 
thrown [s\src\hotspot\share\oops\constantPool.cpp, line 873]
Event: 448.582 Thread 0x000001e633c21f70 Exception <a 'java/lang/NoClassDefFoundError'{0x000000008f72c3e8}: org/springframework/session/jdbc/JdbcIndexedSessionRepository> (0x000000008f72c3e8) 
thrown [s\src\hotspot\share\oops\constantPool.cpp, line 873]
Event: 448.686 Thread 0x000001e633c21f70 Exception <a 'java/io/FileNotFoundException'{0x000000008ecc32a0}> (0x000000008ecc32a0) 
thrown [s\src\hotspot\share\prims\jni.cpp, line 520]
Event: 448.755 Thread 0x000001e633c21f70 Exception <a 'java/io/FileNotFoundException'{0x0000000091b547f8}> (0x0000000091b547f8) 
thrown [s\src\hotspot\share\prims\jni.cpp, line 520]
Event: 449.153 Thread 0x000001e633c21f70 Exception <a 'java/net/BindException'{0x000000008fdc4660}: Address already in use: bind> (0x000000008fdc4660) 
thrown [s\src\hotspot\share\prims\jni.cpp, line 539]
Event: 465.897 Thread 0x000001e633c20530 Exception <a 'java/lang/InterruptedException'{0x000000008ebf68f0}: sleep interrupted> (0x000000008ebf68f0) 
thrown [s\src\hotspot\share\prims\jvm.cpp, line 3074]
Event: 466.002 Thread 0x000001e633ee8e60 Exception <a 'sun/nio/fs/WindowsException'{0x0000000091da4898}> (0x0000000091da4898) 
thrown [s\src\hotspot\share\prims\jni.cpp, line 520]
Event: 466.756 Thread 0x000001e633ee8e60 Exception <a 'java/lang/NoClassDefFoundError'{0x000000008f89c470}: org/flywaydb/core/Flyway> (0x000000008f89c470) 
thrown [s\src\hotspot\share\oops\constantPool.cpp, line 873]
Event: 466.759 Thread 0x000001e633ee8e60 Exception <a 'java/lang/NoClassDefFoundError'{0x000000008f89cad0}: liquibase/integration/spring/SpringLiquibase> (0x000000008f89cad0) 
thrown [s\src\hotspot\share\oops\constantPool.cpp, line 873]
Event: 466.768 Thread 0x000001e633ee8e60 Exception <a 'java/lang/NoClassDefFoundError'{0x000000008f71cb68}: org/jooq/DSLContext> (0x000000008f71cb68) 
thrown [s\src\hotspot\share\oops\constantPool.cpp, line 873]
Event: 466.771 Thread 0x000001e633ee8e60 Exception <a 'java/lang/NoClassDefFoundError'{0x000000008f72ce80}: org/springframework/batch/core/repository/JobRepository> (0x000000008f72ce80) 
thrown [s\src\hotspot\share\oops\constantPool.cpp, line 873]
Event: 466.773 Thread 0x000001e633ee8e60 Exception <a 'java/lang/NoClassDefFoundError'{0x000000008f72d4d8}: org/quartz/Scheduler> (0x000000008f72d4d8) 
thrown [s\src\hotspot\share\oops\constantPool.cpp, line 873]
Event: 466.774 Thread 0x000001e633ee8e60 Exception <a 'java/lang/NoClassDefFoundError'{0x000000008f72db58}: org/springframework/session/jdbc/JdbcIndexedSessionRepository> (0x000000008f72db58) 
thrown [s\src\hotspot\share\oops\constantPool.cpp, line 873]
Event: 466.866 Thread 0x000001e633ee8e60 Exception <a 'java/io/FileNotFoundException'{0x000000008ecc5a18}> (0x000000008ecc5a18) 
thrown [s\src\hotspot\share\prims\jni.cpp, line 520]
Event: 466.933 Thread 0x000001e633ee8e60 Exception <a 'java/io/FileNotFoundException'{0x0000000091b54680}> (0x0000000091b54680) 
thrown [s\src\hotspot\share\prims\jni.cpp, line 520]
Event: 467.351 Thread 0x000001e633ee8e60 Exception <a 'java/net/BindException'{0x000000008fdb5788}: Address already in use: bind> (0x000000008fdb5788) 
thrown [s\src\hotspot\share\prims\jni.cpp, line 539]

ZGC Phase Switch (0 events):
No events

VM Operations (20 events):
Event: 747.541 Executing VM operation: get/set locals
Event: 747.542 Executing VM operation: get/set locals done
Event: 747.543 Executing VM operation: get/set locals
Event: 747.544 Executing VM operation: get/set locals done
Event: 747.545 Executing VM operation: get/set locals
Event: 747.546 Executing VM operation: get/set locals done
Event: 747.547 Executing VM operation: get/set locals
Event: 747.548 Executing VM operation: get/set locals done
Event: 747.549 Executing VM operation: get/set locals
Event: 747.549 Executing VM operation: get/set locals done
Event: 747.550 Executing VM operation: get/set locals
Event: 747.550 Executing VM operation: get/set locals done
Event: 747.552 Executing VM operation: get/set locals
Event: 747.552 Executing VM operation: get/set locals done
Event: 747.554 Executing VM operation: get/set locals
Event: 747.554 Executing VM operation: get/set locals done
Event: 747.555 Executing VM operation: get/set locals
Event: 747.555 Executing VM operation: get/set locals done
Event: 747.556 Executing VM operation: get/set locals
Event: 747.556 Executing VM operation: get/set locals done

Events (20 events):
Event: 497.531 Thread 0x000001e633c267a0 Thread added: 0x000001e633c267a0
Event: 527.571 Thread 0x000001e633ee6070 Thread exited: 0x000001e633ee6070
Event: 554.304 Thread 0x000001e633c24040 Thread exited: 0x000001e633c24040
Event: 554.304 Thread 0x000001e633c246d0 Thread exited: 0x000001e633c246d0
Event: 557.567 Thread 0x000001e633c26e30 Thread exited: 0x000001e633c26e30
Event: 735.493 Thread 0x000001e633c26110 Thread added: 0x000001e633c26110
Event: 735.493 Thread 0x000001e633ee87d0 Thread exited: 0x000001e633ee87d0
Event: 735.497 Thread 0x000001e633c26e30 Thread added: 0x000001e633c26e30
Event: 735.518 Thread 0x000001e633c253f0 Thread exited: 0x000001e633c253f0
Event: 765.537 Thread 0x000001e633c20530 Thread exited: 0x000001e633c20530
Event: 765.538 Thread 0x000001e633c22c90 Thread exited: 0x000001e633c22c90
Event: 765.538 Thread 0x000001e633eed690 Thread exited: 0x000001e633eed690
Event: 765.539 Thread 0x000001e633eebc50 Thread exited: 0x000001e633eebc50
Event: 765.539 Thread 0x000001e633eeaf30 Thread exited: 0x000001e633eeaf30
Event: 765.539 Thread 0x000001e633c20bc0 Thread exited: 0x000001e633c20bc0
Event: 765.539 Thread 0x000001e633c22600 Thread exited: 0x000001e633c22600
Event: 765.539 Thread 0x000001e633eed000 Thread exited: 0x000001e633eed000
Event: 765.540 Thread 0x000001e633c21f70 Thread exited: 0x000001e633c21f70
Event: 765.541 Thread 0x000001e633c23320 Thread exited: 0x000001e633c23320
Event: 765.575 Thread 0x000001e633c26e30 Thread exited: 0x000001e633c26e30


Dynamic libraries:
0x00007ff782ef0000 - 0x00007ff782efe000 	C:\Users\PRASANTH\Downloads\sts-4.24.0.RELEASE\plugins\org.eclipse.justj.openjdk.hotspot.jre.full.win32.x86_64_21.0.3.v20240426-1530\jre\bin\javaw.exe
0x00007ffb61800000 - 0x00007ffb61a60000 	C:\WINDOWS\SYSTEM32\ntdll.dll
0x00007ffb5fed0000 - 0x00007ffb5ff97000 	C:\WINDOWS\System32\KERNEL32.DLL
0x00007ffb5ea00000 - 0x00007ffb5edc9000 	C:\WINDOWS\System32\KERNELBASE.dll
0x00007ffb5f340000 - 0x00007ffb5f48c000 	C:\WINDOWS\System32\ucrtbase.dll
0x00007ffb568b0000 - 0x00007ffb568c8000 	C:\Users\PRASANTH\Downloads\sts-4.24.0.RELEASE\plugins\org.eclipse.justj.openjdk.hotspot.jre.full.win32.x86_64_21.0.3.v20240426-1530\jre\bin\jli.dll
0x00007ffb603a0000 - 0x00007ffb6056a000 	C:\WINDOWS\System32\USER32.dll
0x00007ffb5f5f0000 - 0x00007ffb5f617000 	C:\WINDOWS\System32\win32u.dll
0x00007ffb3d780000 - 0x00007ffb3da16000 	C:\WINDOWS\WinSxS\amd64_microsoft.windows.common-controls_6595b64144ccf1df_6.0.26100.3360_none_3e0cc616e3305d09\COMCTL32.dll
0x00007ffb44900000 - 0x00007ffb4491b000 	C:\Users\PRASANTH\Downloads\sts-4.24.0.RELEASE\plugins\org.eclipse.justj.openjdk.hotspot.jre.full.win32.x86_64_21.0.3.v20240426-1530\jre\bin\VCRUNTIME140.dll
0x00007ffb5ffa0000 - 0x00007ffb5ffca000 	C:\WINDOWS\System32\GDI32.dll
0x00007ffb5f890000 - 0x00007ffb5f939000 	C:\WINDOWS\System32\msvcrt.dll
0x00007ffb5ee80000 - 0x00007ffb5efb0000 	C:\WINDOWS\System32\gdi32full.dll
0x00007ffb5edd0000 - 0x00007ffb5ee73000 	C:\WINDOWS\System32\msvcp_win.dll
0x00007ffb60580000 - 0x00007ffb605af000 	C:\WINDOWS\System32\IMM32.DLL
0x00007ffb46560000 - 0x00007ffb4656c000 	C:\Users\PRASANTH\Downloads\sts-4.24.0.RELEASE\plugins\org.eclipse.justj.openjdk.hotspot.jre.full.win32.x86_64_21.0.3.v20240426-1530\jre\bin\vcruntime140_1.dll
0x00007ffb32c80000 - 0x00007ffb32d0e000 	C:\Users\PRASANTH\Downloads\sts-4.24.0.RELEASE\plugins\org.eclipse.justj.openjdk.hotspot.jre.full.win32.x86_64_21.0.3.v20240426-1530\jre\bin\msvcp140.dll
0x00007ffaf84e0000 - 0x00007ffaf9262000 	C:\Users\PRASANTH\Downloads\sts-4.24.0.RELEASE\plugins\org.eclipse.justj.openjdk.hotspot.jre.full.win32.x86_64_21.0.3.v20240426-1530\jre\bin\server\jvm.dll
0x00007ffb5ffd0000 - 0x00007ffb60082000 	C:\WINDOWS\System32\ADVAPI32.dll
0x00007ffb60b60000 - 0x00007ffb60c06000 	C:\WINDOWS\System32\sechost.dll
0x00007ffb5f620000 - 0x00007ffb5f736000 	C:\WINDOWS\System32\RPCRT4.dll
0x00007ffb5fe50000 - 0x00007ffb5fec4000 	C:\WINDOWS\System32\WS2_32.dll
0x00007ffb5e890000 - 0x00007ffb5e8de000 	C:\WINDOWS\SYSTEM32\POWRPROF.dll
0x00007ffb573b0000 - 0x00007ffb573bb000 	C:\WINDOWS\SYSTEM32\VERSION.dll
0x00007ffb56270000 - 0x00007ffb562a6000 	C:\WINDOWS\SYSTEM32\WINMM.dll
0x00007ffb5e870000 - 0x00007ffb5e884000 	C:\WINDOWS\SYSTEM32\UMPDC.dll
0x00007ffb5d820000 - 0x00007ffb5d83a000 	C:\WINDOWS\SYSTEM32\kernel.appcore.dll
0x00007ffb587c0000 - 0x00007ffb587ca000 	C:\Users\PRASANTH\Downloads\sts-4.24.0.RELEASE\plugins\org.eclipse.justj.openjdk.hotspot.jre.full.win32.x86_64_21.0.3.v20240426-1530\jre\bin\jimage.dll
0x00007ffb52720000 - 0x00007ffb52961000 	C:\WINDOWS\SYSTEM32\DBGHELP.DLL
0x00007ffb607d0000 - 0x00007ffb60b52000 	C:\WINDOWS\System32\combase.dll
0x00007ffb60090000 - 0x00007ffb60166000 	C:\WINDOWS\System32\OLEAUT32.dll
0x00007ffb41aa0000 - 0x00007ffb41ad9000 	C:\WINDOWS\SYSTEM32\dbgcore.DLL
0x00007ffb5f490000 - 0x00007ffb5f529000 	C:\WINDOWS\System32\bcryptPrimitives.dll
0x00007ffb325d0000 - 0x00007ffb3260c000 	C:\Users\PRASANTH\Downloads\sts-4.24.0.RELEASE\plugins\org.eclipse.justj.openjdk.hotspot.jre.full.win32.x86_64_21.0.3.v20240426-1530\jre\bin\jdwp.dll
0x00007ffb58640000 - 0x00007ffb5864f000 	C:\Users\PRASANTH\Downloads\sts-4.24.0.RELEASE\plugins\org.eclipse.justj.openjdk.hotspot.jre.full.win32.x86_64_21.0.3.v20240426-1530\jre\bin\instrument.dll
0x00007ffb46de0000 - 0x00007ffb46dff000 	C:\Users\PRASANTH\Downloads\sts-4.24.0.RELEASE\plugins\org.eclipse.justj.openjdk.hotspot.jre.full.win32.x86_64_21.0.3.v20240426-1530\jre\bin\java.dll
0x00007ffb46dc0000 - 0x00007ffb46dd8000 	C:\Users\PRASANTH\Downloads\sts-4.24.0.RELEASE\plugins\org.eclipse.justj.openjdk.hotspot.jre.full.win32.x86_64_21.0.3.v20240426-1530\jre\bin\zip.dll
0x00007ffb60fb0000 - 0x00007ffb616cc000 	C:\WINDOWS\System32\SHELL32.dll
0x00007ffb5f1d0000 - 0x00007ffb5f338000 	C:\WINDOWS\System32\wintypes.dll
0x00007ffb5c6d0000 - 0x00007ffb5cf16000 	C:\WINDOWS\SYSTEM32\windows.storage.dll
0x00007ffb616d0000 - 0x00007ffb617bd000 	C:\WINDOWS\System32\SHCORE.dll
0x00007ffb605c0000 - 0x00007ffb6061d000 	C:\WINDOWS\System32\shlwapi.dll
0x00007ffb5e910000 - 0x00007ffb5e93f000 	C:\WINDOWS\SYSTEM32\profapi.dll
0x00007ffb46d90000 - 0x00007ffb46d9b000 	C:\Users\PRASANTH\Downloads\sts-4.24.0.RELEASE\plugins\org.eclipse.justj.openjdk.hotspot.jre.full.win32.x86_64_21.0.3.v20240426-1530\jre\bin\dt_socket.dll
0x00007ffb5d210000 - 0x00007ffb5d243000 	C:\WINDOWS\SYSTEM32\IPHLPAPI.DLL
0x00007ffb5dd40000 - 0x00007ffb5ddaa000 	C:\WINDOWS\system32\mswsock.dll
0x00007ffb5d2a0000 - 0x00007ffb5d3c5000 	C:\WINDOWS\SYSTEM32\DNSAPI.dll
0x00007ffb60570000 - 0x00007ffb6057a000 	C:\WINDOWS\System32\NSI.dll
0x00007ffb58200000 - 0x00007ffb5820b000 	C:\Windows\System32\rasadhlp.dll
0x00007ffb53e80000 - 0x00007ffb53f05000 	C:\WINDOWS\System32\fwpuclnt.dll
0x00007ffb46cf0000 - 0x00007ffb46d00000 	C:\Users\PRASANTH\Downloads\sts-4.24.0.RELEASE\plugins\org.eclipse.justj.openjdk.hotspot.jre.full.win32.x86_64_21.0.3.v20240426-1530\jre\bin\net.dll
0x00007ffb56e00000 - 0x00007ffb56f1d000 	C:\WINDOWS\SYSTEM32\WINHTTP.dll
0x00007ffb468a0000 - 0x00007ffb468b6000 	C:\Users\PRASANTH\Downloads\sts-4.24.0.RELEASE\plugins\org.eclipse.justj.openjdk.hotspot.jre.full.win32.x86_64_21.0.3.v20240426-1530\jre\bin\nio.dll
0x00007ffb448f0000 - 0x00007ffb448fa000 	C:\Users\PRASANTH\Downloads\sts-4.24.0.RELEASE\plugins\org.eclipse.justj.openjdk.hotspot.jre.full.win32.x86_64_21.0.3.v20240426-1530\jre\bin\management.dll
0x00007ffb3b740000 - 0x00007ffb3b74b000 	C:\Users\PRASANTH\Downloads\sts-4.24.0.RELEASE\plugins\org.eclipse.justj.openjdk.hotspot.jre.full.win32.x86_64_21.0.3.v20240426-1530\jre\bin\management_ext.dll
0x00007ffb5f790000 - 0x00007ffb5f798000 	C:\WINDOWS\System32\PSAPI.DLL
0x00007ffb3cdd0000 - 0x00007ffb3cde8000 	C:\WINDOWS\system32\napinsp.dll
0x00007ffb3b700000 - 0x00007ffb3b712000 	C:\WINDOWS\System32\winrnr.dll
0x00007ffb3aa30000 - 0x00007ffb3aa52000 	C:\WINDOWS\system32\nlansp_c.dll
0x00007ffb57fa0000 - 0x00007ffb57fb6000 	C:\WINDOWS\system32\wshbth.dll
0x00007ffb5dfe0000 - 0x00007ffb5dffc000 	C:\WINDOWS\SYSTEM32\CRYPTSP.dll
0x00007ffb5d780000 - 0x00007ffb5d7ba000 	C:\WINDOWS\system32\rsaenh.dll
0x00007ffb5dde0000 - 0x00007ffb5de0b000 	C:\WINDOWS\SYSTEM32\USERENV.dll
0x00007ffb5e220000 - 0x00007ffb5e246000 	C:\WINDOWS\SYSTEM32\bcrypt.dll
0x00007ffb5e000000 - 0x00007ffb5e00c000 	C:\WINDOWS\SYSTEM32\CRYPTBASE.dll
0x00007ffb45860000 - 0x00007ffb45869000 	C:\Users\PRASANTH\Downloads\sts-4.24.0.RELEASE\plugins\org.eclipse.justj.openjdk.hotspot.jre.full.win32.x86_64_21.0.3.v20240426-1530\jre\bin\extnet.dll
0x00007ffb46ce0000 - 0x00007ffb46cf0000 	C:\Users\PRASANTH\Downloads\sts-4.24.0.RELEASE\plugins\org.eclipse.justj.openjdk.hotspot.jre.full.win32.x86_64_21.0.3.v20240426-1530\jre\bin\verify.dll
0x00007ffb46c80000 - 0x00007ffb46c8e000 	C:\Users\PRASANTH\Downloads\sts-4.24.0.RELEASE\plugins\org.eclipse.justj.openjdk.hotspot.jre.full.win32.x86_64_21.0.3.v20240426-1530\jre\bin\sunmscapi.dll
0x00007ffb5efc0000 - 0x00007ffb5f137000 	C:\WINDOWS\System32\CRYPT32.dll
0x00007ffb5e1e0000 - 0x00007ffb5e210000 	C:\WINDOWS\SYSTEM32\ncrypt.dll
0x00007ffb5e190000 - 0x00007ffb5e1cf000 	C:\WINDOWS\SYSTEM32\NTASN1.dll
0x00007ffb3fb20000 - 0x00007ffb3fb28000 	C:\WINDOWS\system32\wshunix.dll

dbghelp: loaded successfully - version: 4.0.5 - missing functions: none
symbol engine: initialized successfully - sym options: 0x614 - pdb path: .;C:\Users\PRASANTH\Downloads\sts-4.24.0.RELEASE\plugins\org.eclipse.justj.openjdk.hotspot.jre.full.win32.x86_64_21.0.3.v20240426-1530\jre\bin;C:\WINDOWS\SYSTEM32;C:\WINDOWS\WinSxS\amd64_microsoft.windows.common-controls_6595b64144ccf1df_6.0.26100.3360_none_3e0cc616e3305d09;C:\Users\PRASANTH\Downloads\sts-4.24.0.RELEASE\plugins\org.eclipse.justj.openjdk.hotspot.jre.full.win32.x86_64_21.0.3.v20240426-1530\jre\bin\server

VM Arguments:
jvm_args: -XX:+ShowCodeDetailsInExceptionMessages -agentlib:jdwp=transport=dt_socket,suspend=y,address=localhost:58706 -Dcom.sun.management.jmxremote -Dcom.sun.management.jmxremote.port=58700 -Dcom.sun.management.jmxremote.authenticate=false -Dcom.sun.management.jmxremote.ssl=false -Djava.rmi.server.hostname=localhost -Dspring.jmx.enabled=true -Dmanagement.endpoints.jmx.exposure.include=* -Dspring.application.admin.enabled=true -XX:TieredStopAtLevel=1 -Dspring.boot.project.name=ServicesManagement -javaagent:C:\Users\PRASANTH\Downloads\sts-4.24.0.RELEASE\configuration\org.eclipse.osgi\270\0\.cp\lib\javaagent-shaded.jar -Dfile.encoding=UTF-8 -Dstdout.encoding=UTF-8 -Dstderr.encoding=UTF-8 
java_command: com.services.ServicesManagementApplication --spring.output.ansi.enabled=always
java_class_path (initial): D:\DemoProject\ServicesManagement\target\classes;C:\Users\PRASANTH\.m2\repository\org\springframework\cloud\spring-cloud-starter-openfeign\4.2.0\spring-cloud-starter-openfeign-4.2.0.jar;C:\Users\PRASANTH\.m2\repository\org\springframework\cloud\spring-cloud-starter\4.2.0\spring-cloud-starter-4.2.0.jar;C:\Users\PRASANTH\.m2\repository\org\springframework\cloud\spring-cloud-context\4.2.0\spring-cloud-context-4.2.0.jar;C:\Users\PRASANTH\.m2\repository\org\bouncycastle\bcprov-jdk18on\1.78.1\bcprov-jdk18on-1.78.1.jar;C:\Users\PRASANTH\.m2\repository\org\springframework\cloud\spring-cloud-openfeign-core\4.2.0\spring-cloud-openfeign-core-4.2.0.jar;C:\Users\PRASANTH\.m2\repository\io\github\openfeign\feign-form-spring\13.5\feign-form-spring-13.5.jar;C:\Users\PRASANTH\.m2\repository\io\github\openfeign\feign-form\13.5\feign-form-13.5.jar;C:\Users\PRASANTH\.m2\repository\commons-fileupload\commons-fileupload\1.5\commons-fileupload-1.5.jar;C:\Users\PRASANTH\.m2\repository\commons-io\commons-io\2.11.0\commons-io-2.11.0.jar;C:\Users\PRASANTH\.m2\repository\org\springframework\spring-web\6.2.3\spring-web-6.2.3.jar;C:\Users\PRASANTH\.m2\repository\org\springframework\spring-beans\6.2.3\spring-beans-6.2.3.jar;C:\Users\PRASANTH\.m2\repository\io\micrometer\micrometer-observation\1.14.4\micrometer-observation-1.14.4.jar;C:\Users\PRASANTH\.m2\repository\io\micrometer\micrometer-commons\1.14.4\micrometer-commons-1.14.4.jar;C:\Users\PRASANTH\.m2\repository\org\springframework\cloud\spring-cloud-commons\4.2.0\spring-cloud-commons-4.2.0.jar;C:\Users\PRASANTH\.m2\repository\org\springframework\security\spring-security-crypto\6.4.3\spring-security-crypto-6.4.3.jar;C:\Users\PRASANTH\.m2\repository\io\github\openfeign\feign-core\13.5\feign-core-13.5.jar;C:\Users\PRASANTH\.m2\repository\io\github\openfeign\feign-slf4j\13.5\feign-slf4j-13.5.jar;C:\Users\PRASANTH\.m2\repository\org\slf4j\slf4j-api\2.0.16\slf4j-api-2.0.16.jar;C:\Users\PRASANTH\.m2\repository\org\springframework\boot\spring-boot-starter-web\3.4.3\spring-boot-starter-web-3.4.3.jar;C:\Users\PRASANTH\.m2\repository\org\springframework\boot\spring-boot-starter\3.4.3\spring-boot-starter-3.4.3.jar;C:\Users\PRASANTH\.m2\repository\org\springframework\boot\spring-boot-starter-logging\3.4.3\spring-boot-starter-logging-3.4.3.jar;C:\Users\PRASANTH\.m2\repository\ch\qos\logback\logback-classic\1.5.16\logback-classic-1.5.16.jar;C:\Users\PRASANTH\.m2\repository\ch\qos\logback\logback-core\1.5.16\logback-core-1.5.16.jar;C:\Users\PRASANTH\.m2\repository\org\apache\logging\log4j\log4j-to-slf4j\2.24.3\log4j-to-slf4j-2.24.3.jar;C:\Users\PRASANTH\.m2\repository\org\apache\logging\log4j\log4j-api\2.24.3\log4j-api-2.24.3.jar;C:\Users\PRASANTH\.m2\repository\org\slf4j\jul-to-slf4j\2.0.16\jul-to-slf4j-2.0.16.jar;C:\Users\PRASANTH\.m2\repository\jakarta\annotation\jakarta.annotation-api\2.1.1\jakarta.annotation-api-2.1.1.jar;C:\Users\PRASANTH\.m2\repository\org\yaml\snakeyaml\2.3\snakeyaml-2.3.jar;C:\Users\PRASANTH\.m2\repository\org\springframework\boot\spring-boot-starter-json\3.4.3\spring-boot-starter-json-3.4.3.jar;C:\Users\PRASANTH\.m2\repository\com\fasterxml\jackson\core\jackson-databind\2.18.2\jackson-databind-2.18.2.jar;C:\Users\PRASANTH\.m2\repository\com\fasterxml\jackson\datatype\jackson-datatype-jdk8\2.18.2\jackson-datatype-jdk8-2.18.2.jar;C:\Users\PRASANTH\.m2\repository\com\fasterxml\jackson\datatype\jackson-datatype-jsr310\2.18.2\jackson-datatype-jsr310-2.18.2.jar;C:\Users\PRASANTH\.m2\repository\com\fasterxml\jackson\module\jackson-module-parameter-names\2.18.2\jackson-module-parameter-names-2.18.2.jar;C:\Users\PRASANTH\.m2\repository\org\springframework\boot\spring-boot-starter-tomcat\3.4.3\spring-boot-starter-tomcat-3.4.3.jar;C:\Users\PRASANTH\.m2\repository\org\apache\tomcat\embed\tomcat-embed-core\10.1.36\tomcat-embed-core-10.1.36.jar;C:\Users\PRASANTH\.m2\repository\org\apache\tomcat\embed\tomcat-embed-el\10.1.36\tomcat-embed-el-10.1.36.jar;C:\Users\PRASANTH\.m2\repository\org\apache\tomcat\embed\tomcat-embed-websocket\10.1.36\tomcat-embed-websocket-10.1.36.jar;C:\Users\PRASANTH\.m2\repository\org\springframework\spring-webmvc\6.2.3\spring-webmvc-6.2.3.jar;C:\Users\PRASANTH\.m2\repository\org\springframework\spring-aop\6.2.3\spring-aop-6.2.3.jar;C:\Users\PRASANTH\.m2\repository\org\springframework\spring-context\6.2.3\spring-context-6.2.3.jar;C:\Users\PRASANTH\.m2\repository\org\springframework\spring-expression\6.2.3\spring-expression-6.2.3.jar;C:\Users\PRASANTH\.m2\repository\org\springframework\cloud\spring-cloud-starter-netflix-eureka-client\4.2.0\spring-cloud-starter-netflix-eureka-client-4.2.0.jar;C:\Users\PRASANTH\.m2\repository\org\springframework\cloud\spring-cloud-netflix-eureka-client\4.2.0\spring-cloud-netflix-eureka-client-4.2.0.jar;C:\Users\PRASANTH\.m2\repository\org\apache\httpcomponents\client5\httpclient5\5.4.2\httpclient5-5.4.2.jar;C:\Users\PRASANTH\.m2\repository\org\apache\httpcomponents\core5\httpcore5\5.3.3\httpcore5-5.3.3.jar;C:\Users\PRASANTH\.m2\repository\org\apache\httpcomponents\core5\httpcore5-h2\5.3.3\httpcore5-h2-5.3.3.jar;C:\Users\PRASANTH\.m2\repository\com\netflix\eureka\eureka-client\2.0.4\eureka-client-2.0.4.jar;C:\Users\PRASANTH\.m2\repository\com\thoughtworks\xstream\xstream\1.4.20\xstream-1.4.20.jar;C:\Users\PRASANTH\.m2\repository\io\github\x-stream\mxparser\1.2.2\mxparser-1.2.2.jar;C:\Users\PRASANTH\.m2\repository\xmlpull\xmlpull\1.1.3.1\xmlpull-1.1.3.1.jar;C:\Users\PRASANTH\.m2\repository\jakarta\ws\rs\jakarta.ws.rs-api\3.1.0\jakarta.ws.rs-api-3.1.0.jar;C:\Users\PRASANTH\.m2\repository\jakarta\inject\jakarta.inject-api\2.0.1\jakarta.inject-api-2.0.1.jar;C:\Users\PRASANTH\.m2\repository\com\netflix\spectator\spectator-api\1.7.3\spectator-api-1.7.3.jar;C:\Users\PRASANTH\.m2\repository\org\apache\httpcomponents\httpclient\4.5.3\httpclient-4.5.3.jar;C:\Users\PRASANTH\.m2\repository\org\apache\httpcomponents\httpcore\4.4.16\httpcore-4.4.16.jar;C:\Users\PRASANTH\.m2\repository\commons-codec\commons-codec\1.17.2\commons-codec-1.17.2.jar;C:\Users\PRASANTH\.m2\repository\commons-configuration\commons-configuration\1.10\commons-configuration-1.10.jar;C:\Users\PRASANTH\.m2\repository\commons-lang\commons-lang\2.6\commons-lang-2.6.jar;C:\Users\PRASANTH\.m2\repository\com\fasterxml\jackson\core\jackson-annotations\2.18.2\jackson-annotations-2.18.2.jar;C:\Users\PRASANTH\.m2\repository\com\fasterxml\jackson\core\jackson-core\2.18.2\jackson-core-2.18.2.jar;C:\Users\PRASANTH\.m2\repository\com\netflix\netflix-commons\netflix-eventbus\0.3.0\netflix-eventbus-0.3.0.jar;C:\Users\PRASANTH\.m2\repository\com\netflix\netflix-commons\netflix-infix\0.3.0\netflix-infix-0.3.0.jar;C:\Users\PRASANTH\.m2\repository\commons-jxpath\commons-jxpath\1.3\commons-jxpath-1.3.jar;C:\Users\PRASANTH\.m2\repository\joda-time\joda-time\2.3\joda-time-2.3.jar;C:\Users\PRASANTH\.m2\repository\org\antlr\antlr-runtime\3.4\antlr-runtime-3.4.jar;C:\Users\PRASANTH\.m2\repository\org\antlr\stringtemplate\3.2.1\stringtemplate-3.2.1.jar;C:\Users\PRASANTH\.m2\repository\antlr\antlr\2.7.7\antlr-2.7.7.jar;C:\Users\PRASANTH\.m2\repository\com\google\guava\guava\14.0.1\guava-14.0.1.jar;C:\Users\PRASANTH\.m2\repository\com\google\code\gson\gson\2.11.0\gson-2.11.0.jar;C:\Users\PRASANTH\.m2\repository\com\google\errorprone\error_prone_annotations\2.27.0\error_prone_annotations-2.27.0.jar;C:\Users\PRASANTH\.m2\repository\com\netflix\servo\servo-core\0.5.3\servo-core-0.5.3.jar;C:\Users\PRASANTH\.m2\repository\org\apache\commons\commons-math\2.2\commons-math-2.2.jar;C:\Users\PRASANTH\.m2\repository\javax\annotation\javax.annotation-api\1.2\javax.annotation-api-1.2.jar;C:\Users\PRASANTH\.m2\repository\org\codehaus\jettison\jettison\1.5.4\jettison-1.5.4.jar;C:\Users\PRASANTH\.m2\repository\org\springframework\cloud\spring-cloud-starter-loadbalancer\4.2.0\spring-cloud-starter-loadbalancer-4.2.0.jar;C:\Users\PRASANTH\.m2\repository\org\springframework\cloud\spring-cloud-loadbalancer\4.2.0\spring-cloud-loadbalancer-4.2.0.jar;C:\Users\PRASANTH\.m2\repository\io\projectreactor\reactor-core\3.7.3\reactor-core-3.7.3.jar;C:\Users\PRASANTH\.m2\repository\org\reactivestreams\reactive-streams\1.0.4\reactive-streams-1.0.4.jar;C:\Users\PRASANTH\.m2\repository\io\projectreactor\addons\reactor-extra\3.5.2\reactor-extra-3.5.2.jar;C:\Users\PRASANTH\.m2\repository\org\springframework\boot\spring-boot-starter-cache\3.4.3\spring-boot-starter-cache-3.4.3.jar;C:\Users\PRASANTH\.m2\repository\org\springframework\spring-context-support\6.2.3\spring-context-support-6.2.3.jar;C:\Users\PRASANTH\.m2\repository\com\stoyanr\evictor\1.0.0\evictor-1.0.0.jar;C:\Users\PRASANTH\.m2\repository\org\springframework\boot\spring-boot-starter-data-jpa\3.4.3\spring-boot-starter-data-jpa-3.4.3.jar;C:\Users\PRASANTH\.m2\repository\org\springframework\boot\spring-boot-starter-jdbc\3.4.3\spring-boot-starter-jdbc-3.4.3.jar;C:\Users\PRASANTH\.m2\repository\com\zaxxer\HikariCP\5.1.0\HikariCP-5.1.0.jar;C:\Users\PRASANTH\.m2\repository\org\springframework\spring-jdbc\6.2.3\spring-jdbc-6.2.3.jar;C:\Users\PRASANTH\.m2\repository\org\hibernate\orm\hibernate-core\6.6.8.Final\hibernate-core-6.6.8.Final.jar;C:\Users\PRASANTH\.m2\repository\jakarta\persistence\jakarta.persistence-api\3.1.0\jakarta.persistence-api-3.1.0.jar;C:\Users\PRASANTH\.m2\repository\jakarta\transaction\jakarta.transaction-api\2.0.1\jakarta.transaction-api-2.0.1.jar;C:\Users\PRASANTH\.m2\repository\org\jboss\logging\jboss-logging\3.6.1.Final\jboss-logging-3.6.1.Final.jar;C:\Users\PRASANTH\.m2\repository\org\hibernate\common\hibernate-commons-annotations\7.0.3.Final\hibernate-commons-annotations-7.0.3.Final.jar;C:\Users\PRASANTH\.m2\repository\io\smallrye\jandex\3.2.0\jandex-3.2.0.jar;C:\Users\PRASANTH\.m2\repository\com\fasterxml\classmate\1.7.0\classmate-1.7.0.jar;C:\Users\PRASANTH\.m2\repository\net\bytebuddy\byte-buddy\1.15.11\byte-buddy-1.15.11.jar;C:\Users\PRASANTH\.m2\repository\org\glassfish\jaxb\jaxb-runtime\4.0.5\jaxb-runtime-4.0.5.jar;C:\Users\PRASANTH\.m2\repository\org\glassfish\jaxb\jaxb-core\4.0.5\jaxb-core-4.0.5.jar;C:\Users\PRASANTH\.m2\repository\org\eclipse\angus\angus-activation\2.0.2\angus-activation-2.0.2.jar;C:\Users\PRASANTH\.m2\repository\org\glassfish\jaxb\txw2\4.0.5\txw2-4.0.5.jar;C:\Users\PRASANTH\.m2\repository\com\sun\istack\istack-commons-runtime\4.1.2\istack-commons-runtime-4.1.2.jar;C:\Users\PRASANTH\.m2\repository\org\antlr\antlr4-runtime\4.13.0\antlr4-runtime-4.13.0.jar;C:\Users\PRASANTH\.m2\repository\org\springframework\data\spring-data-jpa\3.4.3\spring-data-jpa-3.4.3.jar;C:\Users\PRASANTH\.m2\repository\org\springframework\data\spring-data-commons\3.4.3\spring-data-commons-3.4.3.jar;C:\Users\PRASANTH\.m2\repository\org\springframework\spring-orm\6.2.3\spring-orm-6.2.3.jar;C:\Users\PRASANTH\.m2\repository\org\springframework\spring-tx\6.2.3\spring-tx-6.2.3.jar;C:\Users\PRASANTH\.m2\repository\org\springframework\spring-aspects\6.2.3\spring-aspects-6.2.3.jar;C:\Users\PRASANTH\.m2\repository\org\aspectj\aspectjweaver\1.9.22.1\aspectjweaver-1.9.22.1.jar;C:\Users\PRASANTH\.m2\repository\com\mysql\mysql-connector-j\9.1.0\mysql-connector-j-9.1.0.jar;C:\Users\PRASANTH\.m2\repository\org\springframework\boot\spring-boot-devtools\3.4.3\spring-boot-devtools-3.4.3.jar;C:\Users\PRASANTH\.m2\repository\org\springframework\boot\spring-boot\3.4.3\spring-boot-3.4.3.jar;C:\Users\PRASANTH\.m2\repository\org\springframework\boot\spring-boot-autoconfigure\3.4.3\spring-boot-autoconfigure-3.4.3.jar;C:\Users\PRASANTH\.m2\repository\org\projectlombok\lombok\1.18.36\lombok-1.18.36.jar;C:\Users\PRASANTH\.m2\repository\jakarta\xml\bind\jakarta.xml.bind-api\4.0.2\jakarta.xml.bind-api-4.0.2.jar;C:\Users\PRASANTH\.m2\repository\jakarta\activation\jakarta.activation-api\2.1.3\jakarta.activation-api-2.1.3.jar;C:\Users\PRASANTH\.m2\repository\org\springframework\spring-core\6.2.3\spring-core-6.2.3.jar;C:\Users\PRASANTH\.m2\repository\org\springframework\spring-jcl\6.2.3\spring-jcl-6.2.3.jar
Launcher Type: SUN_STANDARD

[Global flags]
     intx CICompilerCount                          = 4                                         {product} {ergonomic}
     uint ConcGCThreads                            = 3                                         {product} {ergonomic}
     uint G1ConcRefinementThreads                  = 10                                        {product} {ergonomic}
   size_t G1HeapRegionSize                         = 1048576                                   {product} {ergonomic}
    uintx GCDrainStackTargetSize                   = 64                                        {product} {ergonomic}
   size_t InitialHeapSize                          = 123731968                                 {product} {ergonomic}
     bool ManagementServer                         = true                                      {product} {command line}
   size_t MarkStackSize                            = 4194304                                   {product} {ergonomic}
   size_t MaxHeapSize                              = 1977614336                                {product} {ergonomic}
   size_t MaxNewSize                               = 1185939456                                {product} {ergonomic}
   size_t MinHeapDeltaBytes                        = 1048576                                   {product} {ergonomic}
   size_t MinHeapSize                              = 8388608                                   {product} {ergonomic}
    uintx NonNMethodCodeHeapSize                   = 4096                                   {pd product} {ergonomic}
    uintx NonProfiledCodeHeapSize                  = 0                                      {pd product} {ergonomic}
     bool ProfileInterpreter                       = false                                  {pd product} {command line}
    uintx ProfiledCodeHeapSize                     = 0                                      {pd product} {ergonomic}
     bool ShowCodeDetailsInExceptionMessages       = true                                   {manageable} {command line}
   size_t SoftMaxHeapSize                          = 1977614336                             {manageable} {ergonomic}
     intx TieredStopAtLevel                        = 1                                         {product} {command line}
     bool UseCompressedOops                        = true                           {product lp64_product} {ergonomic}
     bool UseG1GC                                  = true                                      {product} {ergonomic}
     bool UseLargePagesIndividualAllocation        = false                                  {pd product} {ergonomic}

Logging:
Log output configuration:
 #0: stdout all=warning uptime,level,tags foldmultilines=false
 #1: stderr all=off uptime,level,tags foldmultilines=false

Environment Variables:
PATH=C:\Users\PRASANTH\Downloads\sts-4.24.0.RELEASE\plugins\org.eclipse.justj.openjdk.hotspot.jre.full.win32.x86_64_21.0.3.v20240426-1530\jre\bin;C:/Users/PRASANTH/Downloads/sts-4.24.0.RELEASE//plugins/org.eclipse.justj.openjdk.hotspot.jre.full.win32.x86_64_21.0.3.v20240426-1530/jre/bin/server;C:/Users/PRASANTH/Downloads/sts-4.24.0.RELEASE//plugins/org.eclipse.justj.openjdk.hotspot.jre.full.win32.x86_64_21.0.3.v20240426-1530/jre/bin;C:\Program Files\Common Files\Oracle\Java\javapath;C:\Python310\Scripts\;C:\Python310\;C:\Program Files\Python310\Scripts\;C:\Program Files\Python310\;C:\windows\system32;C:\windows;C:\windows\System32\Wbem;C:\windows\System32\WindowsPowerShell\v1.0\;C:\windows\System32\OpenSSH\;C:\Program Files (x86)\NVIDIA Corporation\PhysX\Common;C:\Program Files\NVIDIA Corporation\NVIDIA NvDLISR;C:\WINDOWS\system32;C:\WINDOWS;C:\WINDOWS\System32\Wbem;C:\WINDOWS\System32\WindowsPowerShell\v1.0\;C:\WINDOWS\System32\OpenSSH\;C:\Program Files (x86)\MATLAB\R2009a\bin;C:\Program Files (x86)\MATLAB\R2009a\bin\win32;C:\ProgramData\chocolatey\bin;C:\Program Files\dotnet\;C:\Program Files (x86)\dotnet\;C:\Program Files\HP\HP One Agent;C:\WINDOWS\system32;C:\WINDOWS;C:\WINDOWS\System32\Wbem;C:\WINDOWS\System32\WindowsPowerShell\v1.0\;C:\WINDOWS\System32\OpenSSH\;C:\Program Files\Git\cmd;C:\Program Files (x86)\Git\cmd;%JAVA_HOME%\bin;C:\Program Files\PowerShell\7\;C:\softwares\apache-maven-3.8.8\bin;C:\Program Files\nodejs\;C:\Program Files\Docker\Docker\resources\bin;C:\Program Files\PuTTY\;C:\Users\PRASANTH\AppData\Local\Programs\Python\Python313\Scripts\;C:\Users\PRASANTH\AppData\Local\Programs\Python\Python313\;C:\Program Files\MySQL\MySQL Shell 8.0\bin\;C:\MinGW\bin;C:\Users\PRASANTH\AppData\Local\Programs\Microsoft VS Code\bin;C:\Users\PRASANTH\AppData\Local\Microsoft\WindowsApps;;C:\Program Files\JetBrains\IntelliJ IDEA Community Edition 2024.1\bin;;C:\Program Files\JetBrains\PyCharm 2024.1\bin;;C:\Program Files\JetBrains\PyCharm Community Edition 2024.1\bin;;C:\Users\PRASANTH\AppData\Roaming\npm;C:\Users\PRASANTH\Downloads\sts-4.24.0.RELEASE;
USERNAME=PRASANTH
OS=Windows_NT
PROCESSOR_IDENTIFIER=AMD64 Family 23 Model 96 Stepping 1, AuthenticAMD
TMP=C:\Users\PRASANTH\AppData\Local\Temp
TEMP=C:\Users\PRASANTH\AppData\Local\Temp




Periodic native trim disabled

---------------  S Y S T E M  ---------------

OS:
 Windows 11 , 64 bit Build 26100 (10.0.26100.3360)
OS uptime: 0 days 22:57 hours
Hyper-V role detected

CPU: total 12 (initial active 12) (12 cores per cpu, 2 threads per core) family 23 model 96 stepping 1 microcode 0x860010c, cx8, cmov, fxsr, ht, mmx, 3dnowpref, sse, sse2, sse3, ssse3, sse4a, sse4.1, sse4.2, popcnt, lzcnt, tsc, tscinvbit, avx, avx2, aes, clmul, bmi1, bmi2, adx, sha, fma, vzeroupper, clflush, clflushopt, hv, rdtscp, rdpid, f16c
Processor Information for processor 0
  Max Mhz: 3000, Current Mhz: 3000, Mhz Limit: 3000
Processor Information for processor 1
  Max Mhz: 3000, Current Mhz: 3000, Mhz Limit: 3000
Processor Information for processor 2
  Max Mhz: 3000, Current Mhz: 3000, Mhz Limit: 3000
Processor Information for processor 3
  Max Mhz: 3000, Current Mhz: 3000, Mhz Limit: 3000
Processor Information for processor 4
  Max Mhz: 3000, Current Mhz: 3000, Mhz Limit: 3000
Processor Information for processor 5
  Max Mhz: 3000, Current Mhz: 3000, Mhz Limit: 3000
Processor Information for processor 6
  Max Mhz: 3000, Current Mhz: 3000, Mhz Limit: 3000
Processor Information for processor 7
  Max Mhz: 3000, Current Mhz: 3000, Mhz Limit: 3000
Processor Information for processor 8
  Max Mhz: 3000, Current Mhz: 1400, Mhz Limit: 3000
Processor Information for processor 9
  Max Mhz: 3000, Current Mhz: 1400, Mhz Limit: 3000
Processor Information for processor 10
  Max Mhz: 3000, Current Mhz: 1400, Mhz Limit: 3000
Processor Information for processor 11
  Max Mhz: 3000, Current Mhz: 1400, Mhz Limit: 3000

Memory: 4k page, system-wide physical 7539M (1081M free)
TotalPageFile size 20339M (AvailPageFile size 5361M)
current process WorkingSet (physical memory assigned to process): 300M, peak: 341M
current process commit charge ("private bytes"): 371M, peak: 387M

vm_info: OpenJDK 64-Bit Server VM (21.0.3+9-LTS) for windows-amd64 JRE (21.0.3+9-LTS), built on 2024-04-16T00:00:00Z by "admin" with MS VC++ 17.7 (VS2022)

END.
