#
# A fatal error has been detected by the Java Runtime Environment:
#
#  EXCEPTION_ACCESS_VIOLATION (0xc0000005) at pc=0x00007ffa5ee1e341, pid=23844, tid=26656
#
# JRE version: OpenJDK Runtime Environment Temurin-21.0.3+9 (21.0.3+9) (build 21.0.3+9-LTS)
# Java VM: OpenJDK 64-Bit Server VM Temurin-21.0.3+9 (21.0.3+9-LTS, mixed mode, emulated-client, tiered, compressed oops, compressed class ptrs, g1 gc, windows-amd64)
# Problematic frame:
# V  [jvm.dll+0x26e341]
#
# No core dump will be written. Minidumps are not enabled by default on client versions of Windows
#
# If you would like to submit a bug report, please visit:
#   https://github.com/adoptium/adoptium-support/issues
#

---------------  S U M M A R Y ------------

Command Line: -XX:+ShowCodeDetailsInExceptionMessages -agentlib:jdwp=transport=dt_socket,suspend=y,address=localhost:53849 -Dcom.sun.management.jmxremote -Dcom.sun.management.jmxremote.port=53836 -Dcom.sun.management.jmxremote.authenticate=false -Dcom.sun.management.jmxremote.ssl=false -Djava.rmi.server.hostname=localhost -Dspring.jmx.enabled=true -Dmanagement.endpoints.jmx.exposure.include=* -Dspring.application.admin.enabled=true -XX:TieredStopAtLevel=1 -Dspring.boot.project.name=ServicesManagement -javaagent:C:\Users\PRASANTH\Downloads\sts-4.24.0.RELEASE\configuration\org.eclipse.osgi\270\0\.cp\lib\javaagent-shaded.jar -Dfile.encoding=UTF-8 -Dstdout.encoding=UTF-8 -Dstderr.encoding=UTF-8 com.services.ServicesManagementApplication --spring.output.ansi.enabled=always

Host: AMD Ryzen 5 4600H with Radeon Graphics         , 12 cores, 7G,  Windows 11 , 64 bit Build 26100 (10.0.26100.3360)
Time: Thu Mar 13 09:43:25 2025 India Standard Time elapsed time: 1434.380307 seconds (0d 0h 23m 54s)

---------------  T H R E A D  ---------------

Current thread (0x0000026d78071a20):  VMThread "VM Thread"          [id=26656, stack(0x000000f535200000,0x000000f535300000) (1024K)]

Stack: [0x000000f535200000,0x000000f535300000],  sp=0x000000f5352feff8,  free space=1019k
Native frames: (J=compiled Java code, j=interpreted, Vv=VM code, C=native code)
V  [jvm.dll+0x26e341]


siginfo: EXCEPTION_ACCESS_VIOLATION (0xc0000005), reading address 0x0000026d031c7a00


Registers:
RAX=0x0000026d02fc79e8, RBX=0x0000026d02f507c8, RCX=0x00000000001fffe0, RDX=0x000000000000ffff
RSP=0x000000f5352feff8, RBP=0x00000000000000b4, RSI=0x000000f5352ff110, RDI=0x0000026d02f507c8
R8 =0x00007ffa5ee1e336, R9 =0x0000026d02f507c8, R10=0x0000026d78025750, R11=0x0000026d02f50cc0
R12=0x0000026d02ff1ac0, R13=0x0000026d02f507c8, R14=0x000000000000ffff, R15=0x0000000000000002
RIP=0x00007ffa5ee1e341, EFLAGS=0x0000000000010212


Register to memory mapping:

RAX=0x0000026d02fc79e8 is pointing into metadata
RBX=0x0000026d02f507c8 is pointing into metadata
RCX=0x00000000001fffe0 is an unknown value
RDX=0x000000000000ffff is an unknown value
RSP=0x000000f5352feff8 points into unknown readable memory: 0x00007ffa5ee1be92 | 92 be e1 5e fa 7f 00 00
RBP=0x00000000000000b4 is an unknown value
RSI=0x000000f5352ff110 points into unknown readable memory: 0x0000026d02ff2080 | 80 20 ff 02 6d 02 00 00
RDI=0x0000026d02f507c8 is pointing into metadata
R8 =0x00007ffa5ee1e336 jvm.dll
R9 =0x0000026d02f507c8 is pointing into metadata
R10=0x0000026d78025750 points into unknown readable memory: 0x0000001e00000002 | 02 00 00 00 1e 00 00 00
R11={method} {0x0000026d02f50cc8} 'deleteImage' '(Ljava/lang/String;)Lorg/springframework/http/ResponseEntity;' in 'com/services/controller/MinioController'
R12=0x0000026d02ff1ac0 is pointing into metadata
R13=0x0000026d02f507c8 is pointing into metadata
R14=0x000000000000ffff is an unknown value
R15=0x0000000000000002 is an unknown value

Top of Stack: (sp=0x000000f5352feff8)
0x000000f5352feff8:   00007ffa5ee1be92 0000000000000000
0x000000f5352ff008:   0000000000000000 0000000000000010
0x000000f5352ff018:   00007ffa5f269257 00000000000000b4
0x000000f5352ff028:   00007ffa5f22bfa8 0000000000000062
0x000000f5352ff038:   00007ffa5ef4b440 0000026d69d60000
0x000000f5352ff048:   000000f5352ff0e0 0000000000000005
0x000000f5352ff058:   0000026d00000000 000000f5352ff0e0
0x000000f5352ff068:   00007ffa5ecf6c2e 0000026d02f50cc0
0x000000f5352ff078:   0000000000000008 00000000000000b4
0x000000f5352ff088:   0000026d02f50f1b 00000000000000b4
0x000000f5352ff098:   00007ffa5f22ca75 00000000000000b4
0x000000f5352ff0a8:   000000f5352ff119 00000000000000b4
0x000000f5352ff0b8:   00000000000000a8 0000026d02ff1ac0
0x000000f5352ff0c8:   0000026d02f507c8 0000026d02f50cc0
0x000000f5352ff0d8:   0000026d78071a20 0000026d02f50cc0
0x000000f5352ff0e8:   0000026d78071a20 0000000e0000000b
0x000000f5352ff0f8:   000000b400000022 0000000000000000
0x000000f5352ff108:   00007ffa000000b4 0000026d02ff2080
0x000000f5352ff118:   0000026d78071a20 0000000e0000000b
0x000000f5352ff128:   000000b400000022 000000f535cf0000
0x000000f5352ff138:   00007ffa000000b4 0000026d7783e8e0
0x000000f5352ff148:   0000000000000001 0000000000000002
0x000000f5352ff158:   0000000000000010 0000026d02ff2080
0x000000f5352ff168:   0000000000000001 000000f535cff1a0
0x000000f5352ff178:   00007ffa5f145fe2 0000026d02f50cc0
0x000000f5352ff188:   0000026d02ff1ac0 0000026d02f507c8
0x000000f5352ff198:   0000026d02ff20b0 0000000000000000
0x000000f5352ff1a8:   0000000000000000 00007ffa5f2266b0
0x000000f5352ff1b8:   00007ffa5f141f29 0000000000000000
0x000000f5352ff1c8:   0000000100c3f170 0000026d78071a20
0x000000f5352ff1d8:   000000f535cff1a0 0000000000000000
0x000000f5352ff1e8:   0000000000000020 000000f5352ff2c9 

Instructions: (pc=0x00007ffa5ee1e341)
0x00007ffa5ee1e241:   48 89 44 24 20 41 b8 6b 03 00 00 eb 4b 4d 85 c0
0x00007ffa5ee1e251:   74 3b 4c 8b 4c 24 30 48 8d 4c 24 38 48 8b d7 44
0x00007ffa5ee1e261:   89 6c 24 20 e8 86 75 09 00 48 8b 44 24 38 48 8d
0x00007ffa5ee1e271:   15 22 b1 79 00 4c 8b cd 48 89 44 24 20 41 b8 70
0x00007ffa5ee1e281:   03 00 00 48 8b cf e8 a4 65 09 00 eb 1d 4c 89 6c
0x00007ffa5ee1e291:   24 20 41 b8 72 03 00 00 4c 8b cd 48 8d 15 f5 b0
0x00007ffa5ee1e2a1:   79 00 48 8b cf e8 15 67 09 00 4c 39 2e 74 13 49
0x00007ffa5ee1e2b1:   8b d4 48 8b cb e8 95 6e e5 ff 48 8b ce e8 6d 6e
0x00007ffa5ee1e2c1:   e5 ff 4c 39 73 18 74 0c 48 89 73 10 4c 89 73 18
0x00007ffa5ee1e2d1:   4c 89 7b 20 48 8b 9c 24 80 00 00 00 48 83 c4 40
0x00007ffa5ee1e2e1:   41 5f 41 5e 41 5d 41 5c 5f 5e 5d c3 cc cc cc 41
0x00007ffa5ee1e2f1:   81 c0 4e ff ff ff 4c 8b c9 41 83 f8 37 77 36 49
0x00007ffa5ee1e301:   63 c0 48 8d 0d f6 1c d9 ff 0f b6 84 01 58 e3 26
0x00007ffa5ee1e311:   00 44 8b 84 81 4c e3 26 00 4c 03 c1 41 ff e0 49
0x00007ffa5ee1e321:   8b 41 10 f7 d2 48 63 d2 48 03 d2 48 8b 48 28 0f
0x00007ffa5ee1e331:   b7 44 d1 12 c3 49 8b 41 10 48 63 ca 48 c1 e1 05
0x00007ffa5ee1e341:   48 8b 4c 01 38 0f b7 c1 c3 66 90 36 e3 26 00 20
0x00007ffa5ee1e351:   e3 26 00 36 e3 26 00 00 00 00 00 00 00 00 00 01
0x00007ffa5ee1e361:   02 02 02 02 02 02 02 02 02 02 02 02 02 02 02 02
0x00007ffa5ee1e371:   02 02 02 02 02 02 02 02 02 02 02 02 02 02 02 02
0x00007ffa5ee1e381:   02 02 02 02 02 02 02 02 02 02 02 02 02 02 00 48
0x00007ffa5ee1e391:   89 5c 24 18 55 56 57 41 54 41 55 41 56 41 57 b8
0x00007ffa5ee1e3a1:   40 13 00 00 e8 86 20 6d 00 48 2b e0 48 8b 05 44
0x00007ffa5ee1e3b1:   ae 9d 00 48 33 c4 48 89 84 24 30 13 00 00 65 48
0x00007ffa5ee1e3c1:   8b 04 25 58 00 00 00 4c 8b e2 8b 15 17 37 a6 00
0x00007ffa5ee1e3d1:   48 8b f9 b9 70 00 00 00 48 8b 1c d0 80 3c 19 00
0x00007ffa5ee1e3e1:   75 0a e8 18 1a 6d 00 b9 70 00 00 00 b8 20 00 00
0x00007ffa5ee1e3f1:   00 45 33 f6 41 bd ff ff ff ff 48 8b 04 18 48 8b
0x00007ffa5ee1e401:   b0 18 03 00 00 48 8b 46 20 48 8b 6e 10 4c 8b 7e
0x00007ffa5ee1e411:   18 48 89 44 24 38 48 8b 46 28 48 89 44 24 30 44
0x00007ffa5ee1e421:   38 34 19 75 0a e8 d5 19 6d 00 b9 70 00 00 00 b8
0x00007ffa5ee1e431:   20 00 00 00 48 8b 04 18 48 8b 80 98 03 00 00 48 


Stack slot to memory mapping:

stack at sp + 0 slots: 0x00007ffa5ee1be92 jvm.dll
stack at sp + 1 slots: 0x0 is null
stack at sp + 2 slots: 0x0 is null
stack at sp + 3 slots: 0x0000000000000010 is an unknown value
stack at sp + 4 slots: 0x00007ffa5f269257 jvm.dll
stack at sp + 5 slots: 0x00000000000000b4 is an unknown value
stack at sp + 6 slots: 0x00007ffa5f22bfa8 jvm.dll
stack at sp + 7 slots: 0x0000000000000062 is an unknown value

VM_Operation (0x000000f535cff1a0): RedefineClasses, mode: safepoint, requested by thread 0x0000026d7837a4b0, redefining class com.services.controller.MinioController



---------------  P R O C E S S  ---------------

Threads class SMR info:
_java_thread_list=0x0000026d77854f80, length=32, elements={
0x0000026d780ea010, 0x0000026d780eb5e0, 0x0000026d780c7400, 0x0000026d780fbec0,
0x0000026d780fc920, 0x0000026d780ca5e0, 0x0000026d7810dcf0, 0x0000026d77970c90,
0x0000026d7837a4b0, 0x0000026d7837d990, 0x0000026d78380130, 0x0000026d7d6a4c60,
0x0000026d7d5cd670, 0x0000026d7d92d0b0, 0x0000026d7812bce0, 0x0000026d7db6c2b0,
0x0000026d7dbb9b20, 0x0000026d7e686c70, 0x0000026d012360e0, 0x0000026d0174b230,
0x0000026d0174a510, 0x0000026d0174aba0, 0x0000026d0174b8c0, 0x0000026d017497f0,
0x0000026d0174e6b0, 0x0000026d0174f3d0, 0x0000026d0174d300, 0x0000026d012381b0,
0x0000026d7e688d40, 0x0000026d7e6886b0, 0x0000026d7e687990, 0x0000026d7e688020
}

Java Threads: ( => current thread )
  0x0000026d780ea010 JavaThread "Reference Handler"          daemon [_thread_blocked, id=3760, stack(0x000000f535300000,0x000000f535400000) (1024K)]
  0x0000026d780eb5e0 JavaThread "Finalizer"                  daemon [_thread_blocked, id=26036, stack(0x000000f535400000,0x000000f535500000) (1024K)]
  0x0000026d780c7400 JavaThread "Signal Dispatcher"          daemon [_thread_blocked, id=24308, stack(0x000000f535500000,0x000000f535600000) (1024K)]
  0x0000026d780fbec0 JavaThread "Attach Listener"            daemon [_thread_blocked, id=23864, stack(0x000000f535600000,0x000000f535700000) (1024K)]
  0x0000026d780fc920 JavaThread "Service Thread"             daemon [_thread_blocked, id=24160, stack(0x000000f535700000,0x000000f535800000) (1024K)]
  0x0000026d780ca5e0 JavaThread "Monitor Deflation Thread"   daemon [_thread_blocked, id=24320, stack(0x000000f535800000,0x000000f535900000) (1024K)]
  0x0000026d7810dcf0 JavaThread "C1 CompilerThread0"         daemon [_thread_blocked, id=16768, stack(0x000000f535900000,0x000000f535a00000) (1024K)]
  0x0000026d77970c90 JavaThread "Common-Cleaner"             daemon [_thread_blocked, id=22636, stack(0x000000f535a00000,0x000000f535b00000) (1024K)]
  0x0000026d7837a4b0 JavaThread "JDWP Transport Listener: dt_socket" daemon [_thread_blocked, id=11092, stack(0x000000f535c00000,0x000000f535d00000) (1024K)]
  0x0000026d7837d990 JavaThread "JDWP Event Helper Thread"   daemon [_thread_blocked, id=28132, stack(0x000000f535d00000,0x000000f535e00000) (1024K)]
  0x0000026d78380130 JavaThread "JDWP Command Reader"        daemon [_thread_in_native, id=23340, stack(0x000000f535e00000,0x000000f535f00000) (1024K)]
  0x0000026d7d6a4c60 JavaThread "Notification Thread"        daemon [_thread_blocked, id=22152, stack(0x000000f535f00000,0x000000f536000000) (1024K)]
  0x0000026d7d5cd670 JavaThread "RMI TCP Accept-0"           daemon [_thread_in_native, id=25720, stack(0x000000f536a00000,0x000000f536b00000) (1024K)]
  0x0000026d7d92d0b0 JavaThread "RMI TCP Accept-53836"       daemon [_thread_in_native, id=28000, stack(0x000000f536b00000,0x000000f536c00000) (1024K)]
  0x0000026d7812bce0 JavaThread "RMI TCP Accept-0"           daemon [_thread_in_native, id=12012, stack(0x000000f536c00000,0x000000f536d00000) (1024K)]
  0x0000026d7db6c2b0 JavaThread "RMI Scheduler(0)"           daemon [_thread_blocked, id=24176, stack(0x000000f536e00000,0x000000f536f00000) (1024K)]
  0x0000026d7dbb9b20 JavaThread "JMX server connection timeout 39" daemon [_thread_blocked, id=27728, stack(0x000000f537000000,0x000000f537100000) (1024K)]
  0x0000026d7e686c70 JavaThread "mysql-cj-abandoned-connection-cleanup" daemon [_thread_blocked, id=28136, stack(0x000000f537900000,0x000000f537a00000) (1024K)]
  0x0000026d012360e0 JavaThread "spectator-gauge-polling-0"  daemon [_thread_blocked, id=27560, stack(0x000000f537f00000,0x000000f538000000) (1024K)]
  0x0000026d0174b230 JavaThread "DestroyJavaVM"                     [_thread_blocked, id=28420, stack(0x000000f534b00000,0x000000f534c00000) (1024K)]
  0x0000026d0174a510 JavaThread "Catalina-utility-1"                [_thread_blocked, id=21224, stack(0x000000f534a00000,0x000000f534b00000) (1024K)]
  0x0000026d0174aba0 JavaThread "Catalina-utility-2"                [_thread_blocked, id=21980, stack(0x000000f535b00000,0x000000f535c00000) (1024K)]
  0x0000026d0174b8c0 JavaThread "container-0"                       [_thread_blocked, id=27860, stack(0x000000f536100000,0x000000f536200000) (1024K)]
  0x0000026d017497f0 JavaThread "AsyncResolver-bootstrap-%d" daemon [_thread_blocked, id=17056, stack(0x000000f537600000,0x000000f537700000) (1024K)]
  0x0000026d0174e6b0 JavaThread "DiscoveryClient-%d"         daemon [_thread_blocked, id=4024, stack(0x000000f537700000,0x000000f537800000) (1024K)]
  0x0000026d0174f3d0 JavaThread "DiscoveryClient-%d"         daemon [_thread_blocked, id=28460, stack(0x000000f537800000,0x000000f537900000) (1024K)]
  0x0000026d0174d300 JavaThread "DiscoveryClient-InstanceInfoReplicator-%d" daemon [_thread_blocked, id=26648, stack(0x000000f537b00000,0x000000f537c00000) (1024K)]
  0x0000026d012381b0 JavaThread "RMI TCP Connection(idle)"   daemon [_thread_blocked, id=22248, stack(0x000000f538b00000,0x000000f538c00000) (1024K)]
  0x0000026d7e688d40 JavaThread "DiscoveryClient-HeartbeatExecutor-%d" daemon [_thread_blocked, id=26608, stack(0x000000f537200000,0x000000f537300000) (1024K)]
  0x0000026d7e6886b0 JavaThread "DiscoveryClient-CacheRefreshExecutor-%d" daemon [_thread_blocked, id=28220, stack(0x000000f538e00000,0x000000f538f00000) (1024K)]
  0x0000026d7e687990 JavaThread "AsyncResolver-bootstrap-executor-%d" daemon [_thread_blocked, id=24980, stack(0x000000f534800000,0x000000f534900000) (1024K)]
  0x0000026d7e688020 JavaThread "Thread-19"                         [_thread_blocked, id=21696, stack(0x000000f534900000,0x000000f534a00000) (1024K)]
Total: 32

Other Threads:
=>0x0000026d78071a20 VMThread "VM Thread"                           [id=26656, stack(0x000000f535200000,0x000000f535300000) (1024K)]
  0x0000026d7796e510 WatcherThread "VM Periodic Task Thread"        [id=23940, stack(0x000000f535100000,0x000000f535200000) (1024K)]
  0x0000026d6a048050 WorkerThread "GC Thread#0"                     [id=17020, stack(0x000000f534c00000,0x000000f534d00000) (1024K)]
  0x0000026d7d8d30d0 WorkerThread "GC Thread#1"                     [id=13444, stack(0x000000f536200000,0x000000f536300000) (1024K)]
  0x0000026d7d8e5e00 WorkerThread "GC Thread#2"                     [id=28308, stack(0x000000f536300000,0x000000f536400000) (1024K)]
  0x0000026d7d8e61a0 WorkerThread "GC Thread#3"                     [id=21796, stack(0x000000f536400000,0x000000f536500000) (1024K)]
  0x0000026d7d8e6540 WorkerThread "GC Thread#4"                     [id=14996, stack(0x000000f536500000,0x000000f536600000) (1024K)]
  0x0000026d7d8e68e0 WorkerThread "GC Thread#5"                     [id=24788, stack(0x000000f536600000,0x000000f536700000) (1024K)]
  0x0000026d7d8f6c90 WorkerThread "GC Thread#6"                     [id=23036, stack(0x000000f536700000,0x000000f536800000) (1024K)]
  0x0000026d7d9077d0 WorkerThread "GC Thread#7"                     [id=15880, stack(0x000000f536800000,0x000000f536900000) (1024K)]
  0x0000026d7d907b70 WorkerThread "GC Thread#8"                     [id=28548, stack(0x000000f536900000,0x000000f536a00000) (1024K)]
  0x0000026d7d908650 WorkerThread "GC Thread#9"                     [id=24248, stack(0x000000f537100000,0x000000f537200000) (1024K)]
  0x0000026d6a057b00 ConcurrentGCThread "G1 Main Marker"            [id=26248, stack(0x000000f534d00000,0x000000f534e00000) (1024K)]
  0x0000026d6a059b30 WorkerThread "G1 Conc#0"                       [id=3048, stack(0x000000f534e00000,0x000000f534f00000) (1024K)]
  0x0000026d7d907f10 WorkerThread "G1 Conc#1"                       [id=26060, stack(0x000000f537400000,0x000000f537500000) (1024K)]
  0x0000026d7d907430 WorkerThread "G1 Conc#2"                       [id=22888, stack(0x000000f537500000,0x000000f537600000) (1024K)]
  0x0000026d6a08ea70 ConcurrentGCThread "G1 Refine#0"               [id=24104, stack(0x000000f534f00000,0x000000f535000000) (1024K)]
  0x0000026d77841450 ConcurrentGCThread "G1 Service"                [id=24224, stack(0x000000f535000000,0x000000f535100000) (1024K)]
Total: 18

Threads with active compile tasks:
Total: 0

VM state: at safepoint (normal execution)

VM Mutex/Monitor currently owned by a thread:  ([mutex/lock_event])
[0x00007ffa5f852128] Threads_lock - owner thread: 0x0000026d78071a20

Heap address: 0x000000008a200000, size: 1886 MB, Compressed Oops mode: 32-bit

CDS archive(s) not mapped
Compressed class space mapped at: 0x0000000100000000-0x0000000140000000, reserved size: 1073741824
Narrow klass base: 0x0000000000000000, Narrow klass shift: 3, Narrow klass range: 0x140000000

GC Precious Log:
 CardTable entry size: 512
 Card Set container configuration: InlinePtr #cards 5 size 8 Array Of Cards #cards 12 size 40 Howl #buckets 4 coarsen threshold 1843 Howl Bitmap #cards 512 size 80 coarsen threshold 460 Card regions per heap region 1 cards per card region 2048
 CPUs: 12 total, 12 available
 Memory: 7539M
 Large Page Support: Disabled
 NUMA Support: Disabled
 Compressed Oops: Enabled (32-bit)
 Heap Region Size: 1M
 Heap Min Capacity: 8M
 Heap Initial Capacity: 118M
 Heap Max Capacity: 1886M
 Pre-touch: Disabled
 Parallel Workers: 10
 Concurrent Workers: 3
 Concurrent Refinement Workers: 10
 Periodic GC: Disabled

Heap:
 garbage-first heap   total 118784K, used 96712K [0x000000008a200000, 0x0000000100000000)
  region size 1024K, 53 young (54272K), 5 survivors (5120K)
 Metaspace       used 95237K, committed 96000K, reserved 1179648K
  class space    used 12506K, committed 12864K, reserved 1048576K

Heap Regions: E=young(eden), S=young(survivor), O=old, HS=humongous(starts), HC=humongous(continues), CS=collection set, F=free, TAMS=top-at-mark-start, PB=parsable bottom
|   0|0x000000008a200000, 0x000000008a300000, 0x000000008a300000|100%|HS|  |TAMS 0x000000008a200000| PB 0x000000008a200000| Complete 
|   1|0x000000008a300000, 0x000000008a3ffff8, 0x000000008a400000| 99%| O|  |TAMS 0x000000008a300000| PB 0x000000008a300000| Untracked 
|   2|0x000000008a400000, 0x000000008a500000, 0x000000008a500000|100%| O|  |TAMS 0x000000008a400000| PB 0x000000008a400000| Untracked 
|   3|0x000000008a500000, 0x000000008a600000, 0x000000008a600000|100%|HS|  |TAMS 0x000000008a500000| PB 0x000000008a500000| Complete 
|   4|0x000000008a600000, 0x000000008a700000, 0x000000008a700000|100%|HS|  |TAMS 0x000000008a600000| PB 0x000000008a600000| Complete 
|   5|0x000000008a700000, 0x000000008a7fffb8, 0x000000008a800000| 99%| O|  |TAMS 0x000000008a700000| PB 0x000000008a700000| Untracked 
|   6|0x000000008a800000, 0x000000008a900000, 0x000000008a900000|100%| O|  |TAMS 0x000000008a800000| PB 0x000000008a800000| Untracked 
|   7|0x000000008a900000, 0x000000008aa00000, 0x000000008aa00000|100%| O|  |TAMS 0x000000008a900000| PB 0x000000008a900000| Untracked 
|   8|0x000000008aa00000, 0x000000008ab00000, 0x000000008ab00000|100%| O|  |TAMS 0x000000008aa00000| PB 0x000000008aa00000| Untracked 
|   9|0x000000008ab00000, 0x000000008ac00000, 0x000000008ac00000|100%| O|  |TAMS 0x000000008ab00000| PB 0x000000008ab00000| Untracked 
|  10|0x000000008ac00000, 0x000000008ad00000, 0x000000008ad00000|100%| O|  |TAMS 0x000000008ac00000| PB 0x000000008ac00000| Untracked 
|  11|0x000000008ad00000, 0x000000008adffff8, 0x000000008ae00000| 99%| O|  |TAMS 0x000000008ad00000| PB 0x000000008ad00000| Untracked 
|  12|0x000000008ae00000, 0x000000008aefffc8, 0x000000008af00000| 99%| O|  |TAMS 0x000000008ae00000| PB 0x000000008ae00000| Untracked 
|  13|0x000000008af00000, 0x000000008afffff8, 0x000000008b000000| 99%| O|  |TAMS 0x000000008af00000| PB 0x000000008af00000| Untracked 
|  14|0x000000008b000000, 0x000000008b0f9d18, 0x000000008b100000| 97%| O|  |TAMS 0x000000008b000000| PB 0x000000008b000000| Untracked 
|  15|0x000000008b100000, 0x000000008b1ffff0, 0x000000008b200000| 99%| O|  |TAMS 0x000000008b100000| PB 0x000000008b100000| Untracked 
|  16|0x000000008b200000, 0x000000008b2ffff0, 0x000000008b300000| 99%| O|  |TAMS 0x000000008b200000| PB 0x000000008b200000| Untracked 
|  17|0x000000008b300000, 0x000000008b3ffff0, 0x000000008b400000| 99%| O|  |TAMS 0x000000008b300000| PB 0x000000008b300000| Untracked 
|  18|0x000000008b400000, 0x000000008b4ffff0, 0x000000008b500000| 99%| O|  |TAMS 0x000000008b400000| PB 0x000000008b400000| Untracked 
|  19|0x000000008b500000, 0x000000008b5fff88, 0x000000008b600000| 99%| O|  |TAMS 0x000000008b500000| PB 0x000000008b500000| Untracked 
|  20|0x000000008b600000, 0x000000008b700000, 0x000000008b700000|100%| O|  |TAMS 0x000000008b600000| PB 0x000000008b600000| Untracked 
|  21|0x000000008b700000, 0x000000008b7fffe8, 0x000000008b800000| 99%| O|  |TAMS 0x000000008b700000| PB 0x000000008b700000| Untracked 
|  22|0x000000008b800000, 0x000000008b8fffe8, 0x000000008b900000| 99%| O|  |TAMS 0x000000008b800000| PB 0x000000008b800000| Untracked 
|  23|0x000000008b900000, 0x000000008b9fffe0, 0x000000008ba00000| 99%| O|  |TAMS 0x000000008b900000| PB 0x000000008b900000| Untracked 
|  24|0x000000008ba00000, 0x000000008bafffe8, 0x000000008bb00000| 99%| O|  |TAMS 0x000000008ba00000| PB 0x000000008ba00000| Untracked 
|  25|0x000000008bb00000, 0x000000008bc00000, 0x000000008bc00000|100%| O|  |TAMS 0x000000008bb00000| PB 0x000000008bb00000| Untracked 
|  26|0x000000008bc00000, 0x000000008bd00000, 0x000000008bd00000|100%| O|  |TAMS 0x000000008bc00000| PB 0x000000008bc00000| Untracked 
|  27|0x000000008bd00000, 0x000000008bdfffe8, 0x000000008be00000| 99%| O|  |TAMS 0x000000008bd00000| PB 0x000000008bd00000| Untracked 
|  28|0x000000008be00000, 0x000000008befffe0, 0x000000008bf00000| 99%| O|  |TAMS 0x000000008be00000| PB 0x000000008be00000| Untracked 
|  29|0x000000008bf00000, 0x000000008bffffe8, 0x000000008c000000| 99%| O|  |TAMS 0x000000008bf00000| PB 0x000000008bf00000| Untracked 
|  30|0x000000008c000000, 0x000000008c0fffe8, 0x000000008c100000| 99%| O|  |TAMS 0x000000008c000000| PB 0x000000008c000000| Untracked 
|  31|0x000000008c100000, 0x000000008c200000, 0x000000008c200000|100%| O|  |TAMS 0x000000008c100000| PB 0x000000008c100000| Untracked 
|  32|0x000000008c200000, 0x000000008c2fffe0, 0x000000008c300000| 99%| O|  |TAMS 0x000000008c200000| PB 0x000000008c200000| Untracked 
|  33|0x000000008c300000, 0x000000008c3fffe8, 0x000000008c400000| 99%| O|  |TAMS 0x000000008c300000| PB 0x000000008c300000| Untracked 
|  34|0x000000008c400000, 0x000000008c4ffff0, 0x000000008c500000| 99%| O|  |TAMS 0x000000008c400000| PB 0x000000008c400000| Untracked 
|  35|0x000000008c500000, 0x000000008c5fffa0, 0x000000008c600000| 99%| O|  |TAMS 0x000000008c500000| PB 0x000000008c500000| Untracked 
|  36|0x000000008c600000, 0x000000008c6fffe8, 0x000000008c700000| 99%| O|  |TAMS 0x000000008c600000| PB 0x000000008c600000| Untracked 
|  37|0x000000008c700000, 0x000000008c77db48, 0x000000008c800000| 49%| O|  |TAMS 0x000000008c700000| PB 0x000000008c700000| Untracked 
|  38|0x000000008c800000, 0x000000008c8551b8, 0x000000008c900000| 33%| O|Cm|TAMS 0x000000008c800000| PB 0x000000008c800000| Complete 
|  39|0x000000008c900000, 0x000000008c9e1600, 0x000000008ca00000| 88%| O|  |TAMS 0x000000008c900000| PB 0x000000008c900000| Untracked 
|  40|0x000000008ca00000, 0x000000008caffd18, 0x000000008cb00000| 99%| O|  |TAMS 0x000000008ca00000| PB 0x000000008ca00000| Untracked 
|  41|0x000000008cb00000, 0x000000008cb56f00, 0x000000008cc00000| 33%| O|Cm|TAMS 0x000000008cb00000| PB 0x000000008cb00000| Complete 
|  42|0x000000008cc00000, 0x000000008cc86010, 0x000000008cd00000| 52%| O|  |TAMS 0x000000008cc00000| PB 0x000000008cc00000| Untracked 
|  43|0x000000008cd00000, 0x000000008cd00000, 0x000000008ce00000|  0%| F|  |TAMS 0x000000008cd00000| PB 0x000000008cd00000| Untracked 
|  44|0x000000008ce00000, 0x000000008ce00000, 0x000000008cf00000|  0%| F|  |TAMS 0x000000008ce00000| PB 0x000000008ce00000| Untracked 
|  45|0x000000008cf00000, 0x000000008d000000, 0x000000008d000000|100%| O|  |TAMS 0x000000008cf00000| PB 0x000000008cf00000| Untracked 
|  46|0x000000008d000000, 0x000000008d100000, 0x000000008d100000|100%| O|  |TAMS 0x000000008d000000| PB 0x000000008d000000| Untracked 
|  47|0x000000008d100000, 0x000000008d200000, 0x000000008d200000|100%| O|  |TAMS 0x000000008d100000| PB 0x000000008d100000| Untracked 
|  48|0x000000008d200000, 0x000000008d23fe80, 0x000000008d300000| 24%| O|  |TAMS 0x000000008d200000| PB 0x000000008d200000| Untracked 
|  49|0x000000008d300000, 0x000000008d300000, 0x000000008d400000|  0%| F|  |TAMS 0x000000008d300000| PB 0x000000008d300000| Untracked 
|  50|0x000000008d400000, 0x000000008d4a7bb0, 0x000000008d500000| 65%| S|CS|TAMS 0x000000008d400000| PB 0x000000008d400000| Complete 
|  51|0x000000008d500000, 0x000000008d600000, 0x000000008d600000|100%| S|CS|TAMS 0x000000008d500000| PB 0x000000008d500000| Complete 
|  52|0x000000008d600000, 0x000000008d700000, 0x000000008d700000|100%| S|CS|TAMS 0x000000008d600000| PB 0x000000008d600000| Complete 
|  53|0x000000008d700000, 0x000000008d700000, 0x000000008d800000|  0%| F|  |TAMS 0x000000008d700000| PB 0x000000008d700000| Untracked 
|  54|0x000000008d800000, 0x000000008d800000, 0x000000008d900000|  0%| F|  |TAMS 0x000000008d800000| PB 0x000000008d800000| Untracked 
|  55|0x000000008d900000, 0x000000008d900000, 0x000000008da00000|  0%| F|  |TAMS 0x000000008d900000| PB 0x000000008d900000| Untracked 
|  56|0x000000008da00000, 0x000000008da00000, 0x000000008db00000|  0%| F|  |TAMS 0x000000008da00000| PB 0x000000008da00000| Untracked 
|  57|0x000000008db00000, 0x000000008db00000, 0x000000008dc00000|  0%| F|  |TAMS 0x000000008db00000| PB 0x000000008db00000| Untracked 
|  58|0x000000008dc00000, 0x000000008dd00000, 0x000000008dd00000|100%| S|CS|TAMS 0x000000008dc00000| PB 0x000000008dc00000| Complete 
|  59|0x000000008dd00000, 0x000000008de00000, 0x000000008de00000|100%| S|CS|TAMS 0x000000008dd00000| PB 0x000000008dd00000| Complete 
|  60|0x000000008de00000, 0x000000008de00000, 0x000000008df00000|  0%| F|  |TAMS 0x000000008de00000| PB 0x000000008de00000| Untracked 
|  61|0x000000008df00000, 0x000000008df00000, 0x000000008e000000|  0%| F|  |TAMS 0x000000008df00000| PB 0x000000008df00000| Untracked 
|  62|0x000000008e000000, 0x000000008e000000, 0x000000008e100000|  0%| F|  |TAMS 0x000000008e000000| PB 0x000000008e000000| Untracked 
|  63|0x000000008e100000, 0x000000008e100000, 0x000000008e200000|  0%| F|  |TAMS 0x000000008e100000| PB 0x000000008e100000| Untracked 
|  64|0x000000008e200000, 0x000000008e200000, 0x000000008e300000|  0%| F|  |TAMS 0x000000008e200000| PB 0x000000008e200000| Untracked 
|  65|0x000000008e300000, 0x000000008e300000, 0x000000008e400000|  0%| F|  |TAMS 0x000000008e300000| PB 0x000000008e300000| Untracked 
|  66|0x000000008e400000, 0x000000008e400000, 0x000000008e500000|  0%| F|  |TAMS 0x000000008e400000| PB 0x000000008e400000| Untracked 
|  67|0x000000008e500000, 0x000000008e500000, 0x000000008e600000|  0%| F|  |TAMS 0x000000008e500000| PB 0x000000008e500000| Untracked 
|  68|0x000000008e600000, 0x000000008e66b050, 0x000000008e700000| 41%| E|  |TAMS 0x000000008e600000| PB 0x000000008e600000| Complete 
|  69|0x000000008e700000, 0x000000008e800000, 0x000000008e800000|100%| E|CS|TAMS 0x000000008e700000| PB 0x000000008e700000| Complete 
|  70|0x000000008e800000, 0x000000008e900000, 0x000000008e900000|100%| E|CS|TAMS 0x000000008e800000| PB 0x000000008e800000| Complete 
|  71|0x000000008e900000, 0x000000008ea00000, 0x000000008ea00000|100%| E|CS|TAMS 0x000000008e900000| PB 0x000000008e900000| Complete 
|  72|0x000000008ea00000, 0x000000008eb00000, 0x000000008eb00000|100%| E|CS|TAMS 0x000000008ea00000| PB 0x000000008ea00000| Complete 
|  73|0x000000008eb00000, 0x000000008ec00000, 0x000000008ec00000|100%| E|CS|TAMS 0x000000008eb00000| PB 0x000000008eb00000| Complete 
|  74|0x000000008ec00000, 0x000000008ed00000, 0x000000008ed00000|100%| E|CS|TAMS 0x000000008ec00000| PB 0x000000008ec00000| Complete 
|  75|0x000000008ed00000, 0x000000008ee00000, 0x000000008ee00000|100%| E|CS|TAMS 0x000000008ed00000| PB 0x000000008ed00000| Complete 
|  76|0x000000008ee00000, 0x000000008ef00000, 0x000000008ef00000|100%| E|CS|TAMS 0x000000008ee00000| PB 0x000000008ee00000| Complete 
|  77|0x000000008ef00000, 0x000000008f000000, 0x000000008f000000|100%| E|CS|TAMS 0x000000008ef00000| PB 0x000000008ef00000| Complete 
|  78|0x000000008f000000, 0x000000008f100000, 0x000000008f100000|100%| E|CS|TAMS 0x000000008f000000| PB 0x000000008f000000| Complete 
|  79|0x000000008f100000, 0x000000008f200000, 0x000000008f200000|100%| E|CS|TAMS 0x000000008f100000| PB 0x000000008f100000| Complete 
|  80|0x000000008f200000, 0x000000008f300000, 0x000000008f300000|100%| E|CS|TAMS 0x000000008f200000| PB 0x000000008f200000| Complete 
|  81|0x000000008f300000, 0x000000008f400000, 0x000000008f400000|100%| E|CS|TAMS 0x000000008f300000| PB 0x000000008f300000| Complete 
|  82|0x000000008f400000, 0x000000008f500000, 0x000000008f500000|100%| E|CS|TAMS 0x000000008f400000| PB 0x000000008f400000| Complete 
|  83|0x000000008f500000, 0x000000008f600000, 0x000000008f600000|100%| E|CS|TAMS 0x000000008f500000| PB 0x000000008f500000| Complete 
|  84|0x000000008f600000, 0x000000008f700000, 0x000000008f700000|100%| E|CS|TAMS 0x000000008f600000| PB 0x000000008f600000| Complete 
|  85|0x000000008f700000, 0x000000008f800000, 0x000000008f800000|100%| E|CS|TAMS 0x000000008f700000| PB 0x000000008f700000| Complete 
|  86|0x000000008f800000, 0x000000008f900000, 0x000000008f900000|100%| E|CS|TAMS 0x000000008f800000| PB 0x000000008f800000| Complete 
|  87|0x000000008f900000, 0x000000008fa00000, 0x000000008fa00000|100%| E|CS|TAMS 0x000000008f900000| PB 0x000000008f900000| Complete 
|  88|0x000000008fa00000, 0x000000008fb00000, 0x000000008fb00000|100%| E|CS|TAMS 0x000000008fa00000| PB 0x000000008fa00000| Complete 
|  89|0x000000008fb00000, 0x000000008fc00000, 0x000000008fc00000|100%| E|CS|TAMS 0x000000008fb00000| PB 0x000000008fb00000| Complete 
|  90|0x000000008fc00000, 0x000000008fd00000, 0x000000008fd00000|100%| E|CS|TAMS 0x000000008fc00000| PB 0x000000008fc00000| Complete 
|  91|0x000000008fd00000, 0x000000008fe00000, 0x000000008fe00000|100%| E|CS|TAMS 0x000000008fd00000| PB 0x000000008fd00000| Complete 
|  92|0x000000008fe00000, 0x000000008ff00000, 0x000000008ff00000|100%| E|CS|TAMS 0x000000008fe00000| PB 0x000000008fe00000| Complete 
|  93|0x000000008ff00000, 0x0000000090000000, 0x0000000090000000|100%| E|CS|TAMS 0x000000008ff00000| PB 0x000000008ff00000| Complete 
|  94|0x0000000090000000, 0x0000000090100000, 0x0000000090100000|100%| E|CS|TAMS 0x0000000090000000| PB 0x0000000090000000| Complete 
|  95|0x0000000090100000, 0x0000000090200000, 0x0000000090200000|100%| E|CS|TAMS 0x0000000090100000| PB 0x0000000090100000| Complete 
|  96|0x0000000090200000, 0x0000000090300000, 0x0000000090300000|100%| E|CS|TAMS 0x0000000090200000| PB 0x0000000090200000| Complete 
|  97|0x0000000090300000, 0x0000000090400000, 0x0000000090400000|100%| E|CS|TAMS 0x0000000090300000| PB 0x0000000090300000| Complete 
|  98|0x0000000090400000, 0x0000000090500000, 0x0000000090500000|100%| E|CS|TAMS 0x0000000090400000| PB 0x0000000090400000| Complete 
|  99|0x0000000090500000, 0x0000000090600000, 0x0000000090600000|100%| E|CS|TAMS 0x0000000090500000| PB 0x0000000090500000| Complete 
| 100|0x0000000090600000, 0x0000000090700000, 0x0000000090700000|100%| E|CS|TAMS 0x0000000090600000| PB 0x0000000090600000| Complete 
| 101|0x0000000090700000, 0x0000000090800000, 0x0000000090800000|100%| E|CS|TAMS 0x0000000090700000| PB 0x0000000090700000| Complete 
| 102|0x0000000090800000, 0x0000000090900000, 0x0000000090900000|100%| E|CS|TAMS 0x0000000090800000| PB 0x0000000090800000| Complete 
| 103|0x0000000090900000, 0x0000000090a00000, 0x0000000090a00000|100%| E|CS|TAMS 0x0000000090900000| PB 0x0000000090900000| Complete 
| 104|0x0000000090a00000, 0x0000000090b00000, 0x0000000090b00000|100%| E|  |TAMS 0x0000000090a00000| PB 0x0000000090a00000| Complete 
| 105|0x0000000090b00000, 0x0000000090c00000, 0x0000000090c00000|100%| E|CS|TAMS 0x0000000090b00000| PB 0x0000000090b00000| Complete 
| 106|0x0000000090c00000, 0x0000000090d00000, 0x0000000090d00000|100%| E|CS|TAMS 0x0000000090c00000| PB 0x0000000090c00000| Complete 
| 107|0x0000000090d00000, 0x0000000090e00000, 0x0000000090e00000|100%| E|CS|TAMS 0x0000000090d00000| PB 0x0000000090d00000| Complete 
| 108|0x0000000090e00000, 0x0000000090f00000, 0x0000000090f00000|100%| E|CS|TAMS 0x0000000090e00000| PB 0x0000000090e00000| Complete 
| 109|0x0000000090f00000, 0x0000000091000000, 0x0000000091000000|100%| E|CS|TAMS 0x0000000090f00000| PB 0x0000000090f00000| Complete 
| 110|0x0000000091000000, 0x0000000091100000, 0x0000000091100000|100%| E|CS|TAMS 0x0000000091000000| PB 0x0000000091000000| Complete 
| 111|0x0000000091100000, 0x0000000091200000, 0x0000000091200000|100%| E|CS|TAMS 0x0000000091100000| PB 0x0000000091100000| Complete 
| 112|0x0000000091200000, 0x0000000091300000, 0x0000000091300000|100%| E|CS|TAMS 0x0000000091200000| PB 0x0000000091200000| Complete 
| 113|0x0000000091300000, 0x0000000091400000, 0x0000000091400000|100%| E|CS|TAMS 0x0000000091300000| PB 0x0000000091300000| Complete 
| 114|0x0000000091400000, 0x0000000091500000, 0x0000000091500000|100%| E|CS|TAMS 0x0000000091400000| PB 0x0000000091400000| Complete 
| 117|0x0000000091700000, 0x0000000091800000, 0x0000000091800000|100%| E|CS|TAMS 0x0000000091700000| PB 0x0000000091700000| Complete 

Card table byte_map: [0x0000026d73240000,0x0000026d735f0000] _byte_map_base: 0x0000026d72def000

Marking Bits: (CMBitMap*) 0x0000026d6a048660
 Bits: [0x0000026d735f0000, 0x0000026d75368000)

Polling page: 0x0000026d6b840000

Metaspace:

Usage:
  Non-class:     80.79 MB used.
      Class:     12.21 MB used.
       Both:     93.01 MB used.

Virtual space:
  Non-class space:      128.00 MB reserved,      81.19 MB ( 63%) committed,  2 nodes.
      Class space:        1.00 GB reserved,      12.56 MB (  1%) committed,  1 nodes.
             Both:        1.12 GB reserved,      93.75 MB (  8%) committed. 

Chunk freelists:
   Non-Class:  14.66 MB
       Class:  3.35 MB
        Both:  18.01 MB

MaxMetaspaceSize: unlimited
CompressedClassSpaceSize: 1.00 GB
Initial GC threshold: 21.00 MB
Current GC threshold: 153.06 MB
CDS: off
 - commit_granule_bytes: 65536.
 - commit_granule_words: 8192.
 - virtual_space_node_default_size: 8388608.
 - enlarge_chunks_in_place: 1.
 - use_allocation_guard: 0.


Internal statistics:

num_allocs_failed_limit: 9.
num_arena_births: 1902.
num_arena_deaths: 896.
num_vsnodes_births: 3.
num_vsnodes_deaths: 0.
num_space_committed: 1500.
num_space_uncommitted: 0.
num_chunks_returned_to_freelist: 1036.
num_chunks_taken_from_freelist: 5367.
num_chunk_merges: 225.
num_chunk_splits: 3419.
num_chunks_enlarged: 2576.
num_inconsistent_stats: 0.

CodeCache: size=49152Kb used=16787Kb max_used=17481Kb free=32364Kb
 bounds [0x0000026d6f3f0000, 0x0000026d70590000, 0x0000026d723f0000]
 total_blobs=9560 nmethods=8781 adapters=702
 compilation: enabled
              stopped_count=0, restarted_count=0
 full_count=0

Compilation events (20 events):
Event: 1431.955 Thread 0x0000026d7810dcf0 11351       1       com.fasterxml.jackson.core.json.UTF8JsonGenerator::writeFieldName (202 bytes)
Event: 1431.958 Thread 0x0000026d7810dcf0 nmethod 11351 0x0000026d6f76b790 code [0x0000026d6f76ba00, 0x0000026d6f76c0b0]
Event: 1431.958 Thread 0x0000026d7810dcf0 11352       1       com.fasterxml.jackson.databind.ser.BeanPropertyWriter::serializeAsField (233 bytes)
Event: 1431.963 Thread 0x0000026d7810dcf0 nmethod 11352 0x0000026d6f76a510 code [0x0000026d6f76a840, 0x0000026d6f76b1e8]
Event: 1431.963 Thread 0x0000026d7810dcf0 11353       1       org.springframework.util.LinkedCaseInsensitiveMap::computeIfAbsent (10 bytes)
Event: 1431.963 Thread 0x0000026d7810dcf0 nmethod 11353 0x0000026d6f76a190 code [0x0000026d6f76a340, 0x0000026d6f76a478]
Event: 1431.963 Thread 0x0000026d7810dcf0 11354       1       org.springframework.util.LinkedCaseInsensitiveMap::computeIfAbsent (51 bytes)
Event: 1431.965 Thread 0x0000026d7810dcf0 nmethod 11354 0x0000026d6f769890 code [0x0000026d6f769aa0, 0x0000026d6f769e70]
Event: 1431.965 Thread 0x0000026d7810dcf0 11355       1       java.time.Clock$SystemClock::instant (4 bytes)
Event: 1431.965 Thread 0x0000026d7810dcf0 nmethod 11355 0x0000026d6f769590 code [0x0000026d6f769740, 0x0000026d6f769828]
Event: 1432.001 Thread 0x0000026d7810dcf0 11356       1       java.util.concurrent.ConcurrentHashMap$BaseIterator::remove (37 bytes)
Event: 1432.002 Thread 0x0000026d7810dcf0 nmethod 11356 0x0000026d6f769090 code [0x0000026d6f769260, 0x0000026d6f769440]
Event: 1432.004 Thread 0x0000026d7810dcf0 11357       1       ch.qos.logback.core.encoder.LayoutWrappingEncoder::convertToBytes (21 bytes)
Event: 1432.005 Thread 0x0000026d7810dcf0 nmethod 11357 0x0000026d6f768a90 code [0x0000026d6f768c80, 0x0000026d6f768ec0]
Event: 1432.005 Thread 0x0000026d7810dcf0 11358   !   1       ch.qos.logback.core.OutputStreamAppender::writeBytes (55 bytes)
Event: 1432.007 Thread 0x0000026d7810dcf0 nmethod 11358 0x0000026d6f768090 code [0x0000026d6f7682c0, 0x0000026d6f768700]
Event: 1432.007 Thread 0x0000026d7810dcf0 11359       1       java.lang.invoke.BoundMethodHandle$Species_LL::copyWith (24 bytes)
Event: 1432.008 Thread 0x0000026d7810dcf0 nmethod 11359 0x0000026d6f767c10 code [0x0000026d6f767de0, 0x0000026d6f767f68]
Event: 1432.014 Thread 0x0000026d7810dcf0 11360       1       java.lang.Thread::alive (15 bytes)
Event: 1432.014 Thread 0x0000026d7810dcf0 nmethod 11360 0x0000026d6f767910 code [0x0000026d6f767aa0, 0x0000026d6f767b98]

GC Heap History (20 events):
Event: 412.140 GC heap before
{Heap before GC invocations=31 (full 0):
 garbage-first heap   total 118784K, used 103346K [0x000000008a200000, 0x0000000100000000)
  region size 1024K, 59 young (60416K), 6 survivors (6144K)
 Metaspace       used 92023K, committed 92864K, reserved 1179648K
  class space    used 12153K, committed 12544K, reserved 1048576K
}
Event: 412.161 GC heap after
{Heap after GC invocations=32 (full 0):
 garbage-first heap   total 118784K, used 50402K [0x000000008a200000, 0x0000000100000000)
  region size 1024K, 5 young (5120K), 5 survivors (5120K)
 Metaspace       used 92023K, committed 92864K, reserved 1179648K
  class space    used 12153K, committed 12544K, reserved 1048576K
}
Event: 594.117 GC heap before
{Heap before GC invocations=32 (full 0):
 garbage-first heap   total 118784K, used 62690K [0x000000008a200000, 0x0000000100000000)
  region size 1024K, 18 young (18432K), 5 survivors (5120K)
 Metaspace       used 92132K, committed 93056K, reserved 1179648K
  class space    used 12185K, committed 12608K, reserved 1048576K
}
Event: 594.229 GC heap after
{Heap after GC invocations=33 (full 1):
 garbage-first heap   total 118784K, used 36991K [0x000000008a200000, 0x0000000100000000)
  region size 1024K, 0 young (0K), 0 survivors (0K)
 Metaspace       used 91638K, committed 93056K, reserved 1179648K
  class space    used 12060K, committed 12608K, reserved 1048576K
}
Event: 598.630 GC heap before
{Heap before GC invocations=33 (full 1):
 garbage-first heap   total 118784K, used 98431K [0x000000008a200000, 0x0000000100000000)
  region size 1024K, 62 young (63488K), 0 survivors (0K)
 Metaspace       used 91846K, committed 93120K, reserved 1179648K
  class space    used 12101K, committed 12608K, reserved 1048576K
}
Event: 598.641 GC heap after
{Heap after GC invocations=34 (full 1):
 garbage-first heap   total 118784K, used 43114K [0x000000008a200000, 0x0000000100000000)
  region size 1024K, 6 young (6144K), 6 survivors (6144K)
 Metaspace       used 91846K, committed 93120K, reserved 1179648K
  class space    used 12101K, committed 12608K, reserved 1048576K
}
Event: 599.700 GC heap before
{Heap before GC invocations=35 (full 1):
 garbage-first heap   total 118784K, used 103530K [0x000000008a200000, 0x0000000100000000)
  region size 1024K, 63 young (64512K), 6 survivors (6144K)
 Metaspace       used 92367K, committed 93248K, reserved 1179648K
  class space    used 12166K, committed 12608K, reserved 1048576K
}
Event: 599.710 GC heap after
{Heap after GC invocations=36 (full 1):
 garbage-first heap   total 118784K, used 47521K [0x000000008a200000, 0x0000000100000000)
  region size 1024K, 6 young (6144K), 6 survivors (6144K)
 Metaspace       used 92367K, committed 93248K, reserved 1179648K
  class space    used 12166K, committed 12608K, reserved 1048576K
}
Event: 604.033 GC heap before
{Heap before GC invocations=36 (full 1):
 garbage-first heap   total 118784K, used 54689K [0x000000008a200000, 0x0000000100000000)
  region size 1024K, 14 young (14336K), 6 survivors (6144K)
 Metaspace       used 92508K, committed 93376K, reserved 1179648K
  class space    used 12194K, committed 12608K, reserved 1048576K
}
Event: 604.096 GC heap after
{Heap after GC invocations=37 (full 2):
 garbage-first heap   total 118784K, used 40053K [0x000000008a200000, 0x0000000100000000)
  region size 1024K, 0 young (0K), 0 survivors (0K)
 Metaspace       used 92397K, committed 93376K, reserved 1179648K
  class space    used 12168K, committed 12608K, reserved 1048576K
}
Event: 605.122 GC heap before
{Heap before GC invocations=37 (full 2):
 garbage-first heap   total 118784K, used 97397K [0x000000008a200000, 0x0000000100000000)
  region size 1024K, 58 young (59392K), 0 survivors (0K)
 Metaspace       used 92507K, committed 93376K, reserved 1179648K
  class space    used 12183K, committed 12608K, reserved 1048576K
}
Event: 605.128 GC heap after
{Heap after GC invocations=38 (full 2):
 garbage-first heap   total 118784K, used 44969K [0x000000008a200000, 0x0000000100000000)
  region size 1024K, 5 young (5120K), 5 survivors (5120K)
 Metaspace       used 92507K, committed 93376K, reserved 1179648K
  class space    used 12183K, committed 12608K, reserved 1048576K
}
Event: 606.101 GC heap before
{Heap before GC invocations=39 (full 2):
 garbage-first heap   total 118784K, used 104361K [0x000000008a200000, 0x0000000100000000)
  region size 1024K, 61 young (62464K), 5 survivors (5120K)
 Metaspace       used 92882K, committed 93760K, reserved 1179648K
  class space    used 12210K, committed 12608K, reserved 1048576K
}
Event: 606.108 GC heap after
{Heap after GC invocations=40 (full 2):
 garbage-first heap   total 118784K, used 46975K [0x000000008a200000, 0x0000000100000000)
  region size 1024K, 4 young (4096K), 4 survivors (4096K)
 Metaspace       used 92882K, committed 93760K, reserved 1179648K
  class space    used 12210K, committed 12608K, reserved 1048576K
}
Event: 760.073 GC heap before
{Heap before GC invocations=40 (full 2):
 garbage-first heap   total 118784K, used 61311K [0x000000008a200000, 0x0000000100000000)
  region size 1024K, 19 young (19456K), 4 survivors (4096K)
 Metaspace       used 93169K, committed 94016K, reserved 1179648K
  class space    used 12233K, committed 12608K, reserved 1048576K
}
Event: 760.160 GC heap after
{Heap after GC invocations=41 (full 3):
 garbage-first heap   total 118784K, used 41514K [0x000000008a200000, 0x0000000100000000)
  region size 1024K, 0 young (0K), 0 survivors (0K)
 Metaspace       used 93166K, committed 94016K, reserved 1179648K
  class space    used 12233K, committed 12608K, reserved 1048576K
}
Event: 761.293 GC heap before
{Heap before GC invocations=41 (full 3):
 garbage-first heap   total 118784K, used 98858K [0x000000008a200000, 0x0000000100000000)
  region size 1024K, 58 young (59392K), 0 survivors (0K)
 Metaspace       used 93279K, committed 94080K, reserved 1179648K
  class space    used 12250K, committed 12608K, reserved 1048576K
}
Event: 761.299 GC heap after
{Heap after GC invocations=42 (full 3):
 garbage-first heap   total 118784K, used 46543K [0x000000008a200000, 0x0000000100000000)
  region size 1024K, 5 young (5120K), 5 survivors (5120K)
 Metaspace       used 93279K, committed 94080K, reserved 1179648K
  class space    used 12250K, committed 12608K, reserved 1048576K
}
Event: 763.856 GC heap before
{Heap before GC invocations=43 (full 3):
 garbage-first heap   total 118784K, used 105935K [0x000000008a200000, 0x0000000100000000)
  region size 1024K, 61 young (62464K), 5 survivors (5120K)
 Metaspace       used 93499K, committed 94400K, reserved 1179648K
  class space    used 12244K, committed 12672K, reserved 1048576K
}
Event: 763.863 GC heap after
{Heap after GC invocations=44 (full 3):
 garbage-first heap   total 118784K, used 49608K [0x000000008a200000, 0x0000000100000000)
  region size 1024K, 5 young (5120K), 5 survivors (5120K)
 Metaspace       used 93499K, committed 94400K, reserved 1179648K
  class space    used 12244K, committed 12672K, reserved 1048576K
}

Dll operation events (12 events):
Event: 0.058 Loaded shared library C:\Users\PRASANTH\Downloads\sts-4.24.0.RELEASE\plugins\org.eclipse.justj.openjdk.hotspot.jre.full.win32.x86_64_21.0.3.v20240426-1530\jre\bin\java.dll
Event: 0.067 Loaded shared library C:\Users\PRASANTH\Downloads\sts-4.24.0.RELEASE\plugins\org.eclipse.justj.openjdk.hotspot.jre.full.win32.x86_64_21.0.3.v20240426-1530\jre\bin\zip.dll
Event: 0.558 Loaded shared library C:\Users\PRASANTH\Downloads\sts-4.24.0.RELEASE\plugins\org.eclipse.justj.openjdk.hotspot.jre.full.win32.x86_64_21.0.3.v20240426-1530\jre\bin\instrument.dll
Event: 0.580 Loaded shared library C:\Users\PRASANTH\Downloads\sts-4.24.0.RELEASE\plugins\org.eclipse.justj.openjdk.hotspot.jre.full.win32.x86_64_21.0.3.v20240426-1530\jre\bin\net.dll
Event: 0.582 Loaded shared library C:\Users\PRASANTH\Downloads\sts-4.24.0.RELEASE\plugins\org.eclipse.justj.openjdk.hotspot.jre.full.win32.x86_64_21.0.3.v20240426-1530\jre\bin\nio.dll
Event: 0.598 Loaded shared library C:\Users\PRASANTH\Downloads\sts-4.24.0.RELEASE\plugins\org.eclipse.justj.openjdk.hotspot.jre.full.win32.x86_64_21.0.3.v20240426-1530\jre\bin\zip.dll
Event: 2.325 Loaded shared library C:\Users\PRASANTH\Downloads\sts-4.24.0.RELEASE\plugins\org.eclipse.justj.openjdk.hotspot.jre.full.win32.x86_64_21.0.3.v20240426-1530\jre\bin\jimage.dll
Event: 2.416 Loaded shared library C:\Users\PRASANTH\Downloads\sts-4.24.0.RELEASE\plugins\org.eclipse.justj.openjdk.hotspot.jre.full.win32.x86_64_21.0.3.v20240426-1530\jre\bin\management.dll
Event: 2.431 Loaded shared library C:\Users\PRASANTH\Downloads\sts-4.24.0.RELEASE\plugins\org.eclipse.justj.openjdk.hotspot.jre.full.win32.x86_64_21.0.3.v20240426-1530\jre\bin\management_ext.dll
Event: 2.806 Loaded shared library C:\Users\PRASANTH\Downloads\sts-4.24.0.RELEASE\plugins\org.eclipse.justj.openjdk.hotspot.jre.full.win32.x86_64_21.0.3.v20240426-1530\jre\bin\extnet.dll
Event: 2.836 Loaded shared library C:\Users\PRASANTH\Downloads\sts-4.24.0.RELEASE\plugins\org.eclipse.justj.openjdk.hotspot.jre.full.win32.x86_64_21.0.3.v20240426-1530\jre\bin\verify.dll
Event: 4.379 Loaded shared library C:\Users\PRASANTH\Downloads\sts-4.24.0.RELEASE\plugins\org.eclipse.justj.openjdk.hotspot.jre.full.win32.x86_64_21.0.3.v20240426-1530\jre\bin\sunmscapi.dll

Deoptimization events (20 events):
Event: 1431.996 Thread 0x0000026d012332f0 DEOPT PACKING pc=0x0000026d6f55e8a4 sp=0x000000f5385fefd0
Event: 1431.996 Thread 0x0000026d012332f0 DEOPT UNPACKING pc=0x0000026d6f444e42 sp=0x000000f5385fe578 mode 1
Event: 1431.996 Thread 0x0000026d01233980 DEOPT PACKING pc=0x0000026d6f55e8a4 sp=0x000000f5386feb70
Event: 1431.996 Thread 0x0000026d01233980 DEOPT UNPACKING pc=0x0000026d6f444e42 sp=0x000000f5386fe118 mode 1
Event: 1432.015 Thread 0x0000026d0174bf50 DEOPT PACKING pc=0x0000026d6f57f86c sp=0x000000f536dfef00
Event: 1432.015 Thread 0x0000026d0174bf50 DEOPT UNPACKING pc=0x0000026d6f444e42 sp=0x000000f536dfe490 mode 1
Event: 1432.015 Thread 0x0000026d0174bf50 DEOPT PACKING pc=0x0000026d6f592754 sp=0x000000f536dff090
Event: 1432.015 Thread 0x0000026d0174bf50 DEOPT UNPACKING pc=0x0000026d6f444e42 sp=0x000000f536dfe5e8 mode 1
Event: 1432.016 Thread 0x0000026d0174bf50 DEOPT PACKING pc=0x0000026d6f591f8c sp=0x000000f536dff1c0
Event: 1432.016 Thread 0x0000026d0174bf50 DEOPT UNPACKING pc=0x0000026d6f444e42 sp=0x000000f536dfe650 mode 1
Event: 1432.016 Thread 0x0000026d0174bf50 DEOPT PACKING pc=0x0000026d6f596d04 sp=0x000000f536dff1f0
Event: 1432.016 Thread 0x0000026d0174bf50 DEOPT UNPACKING pc=0x0000026d6f444e42 sp=0x000000f536dfe6f0 mode 1
Event: 1432.026 Thread 0x0000026d0174d300 DEOPT PACKING pc=0x0000026d6f57f86c sp=0x000000f537bfee50
Event: 1432.026 Thread 0x0000026d0174d300 DEOPT UNPACKING pc=0x0000026d6f444e42 sp=0x000000f537bfe3e0 mode 1
Event: 1432.026 Thread 0x0000026d0174d300 DEOPT PACKING pc=0x0000026d6f592754 sp=0x000000f537bfefe0
Event: 1432.026 Thread 0x0000026d0174d300 DEOPT UNPACKING pc=0x0000026d6f444e42 sp=0x000000f537bfe538 mode 1
Event: 1432.026 Thread 0x0000026d0174d300 DEOPT PACKING pc=0x0000026d6f591f8c sp=0x000000f537bff110
Event: 1432.026 Thread 0x0000026d0174d300 DEOPT UNPACKING pc=0x0000026d6f444e42 sp=0x000000f537bfe5a0 mode 1
Event: 1432.026 Thread 0x0000026d0174d300 DEOPT PACKING pc=0x0000026d6f596d04 sp=0x000000f537bff140
Event: 1432.026 Thread 0x0000026d0174d300 DEOPT UNPACKING pc=0x0000026d6f444e42 sp=0x000000f537bfe640 mode 1

Classes loaded (20 events):
Event: 784.736 Loading class javax/xml/stream/events/Namespace done
Event: 784.736 Loading class com/sun/xml/internal/stream/events/AttributeImpl
Event: 784.736 Loading class com/sun/xml/internal/stream/events/AttributeImpl done
Event: 784.736 Loading class com/sun/xml/internal/stream/events/NamespaceImpl done
Event: 784.736 Loading class com/sun/org/apache/xerces/internal/util/NamespaceSupport$Prefixes
Event: 784.736 Loading class com/sun/org/apache/xerces/internal/util/NamespaceSupport$Prefixes done
Event: 784.739 Loading class com/sun/xml/internal/stream/util/ReadOnlyIterator
Event: 784.739 Loading class com/sun/xml/internal/stream/util/ReadOnlyIterator done
Event: 784.843 Loading class com/sun/xml/internal/stream/events/EndElementEvent
Event: 784.844 Loading class javax/xml/stream/events/EndElement
Event: 784.844 Loading class javax/xml/stream/events/EndElement done
Event: 784.844 Loading class com/sun/xml/internal/stream/events/EndElementEvent done
Event: 784.852 Loading class java/util/concurrent/CompletableFuture$UniRelay
Event: 784.853 Loading class java/util/concurrent/CompletableFuture$UniRelay done
Event: 786.486 Loading class java/util/concurrent/CompletableFuture$AsyncSupply
Event: 786.486 Loading class java/util/concurrent/CompletableFuture$AsyncSupply done
Event: 786.489 Loading class java/io/SequenceInputStream
Event: 786.490 Loading class java/io/SequenceInputStream done
Event: 1063.740 Loading class jdk/internal/loader/BootLoader$PackageHelper
Event: 1063.743 Loading class jdk/internal/loader/BootLoader$PackageHelper done

Classes unloaded (20 events):
Event: 761.337 Thread 0x0000026d78071a20 Unloading class 0x0000000100a15400 'java/lang/invoke/LambdaForm$MH+0x0000000100a15400'
Event: 761.337 Thread 0x0000026d78071a20 Unloading class 0x0000000100a15c00 'java/lang/invoke/LambdaForm$MH+0x0000000100a15c00'
Event: 761.337 Thread 0x0000026d78071a20 Unloading class 0x0000000100a18000 'java/lang/invoke/LambdaForm$MH+0x0000000100a18000'
Event: 761.337 Thread 0x0000026d78071a20 Unloading class 0x0000000100a20400 'java/lang/invoke/LambdaForm$MH+0x0000000100a20400'
Event: 761.337 Thread 0x0000026d78071a20 Unloading class 0x0000000100a28800 'java/lang/invoke/LambdaForm$MH+0x0000000100a28800'
Event: 761.337 Thread 0x0000026d78071a20 Unloading class 0x0000000100a41c00 'java/lang/invoke/LambdaForm$MH+0x0000000100a41c00'
Event: 761.337 Thread 0x0000026d78071a20 Unloading class 0x0000000100a4c800 'java/lang/invoke/LambdaForm$MH+0x0000000100a4c800'
Event: 761.337 Thread 0x0000026d78071a20 Unloading class 0x0000000100a78c00 'java/lang/invoke/LambdaForm$MH+0x0000000100a78c00'
Event: 761.337 Thread 0x0000026d78071a20 Unloading class 0x0000000100a79000 'java/lang/invoke/LambdaForm$MH+0x0000000100a79000'
Event: 761.337 Thread 0x0000026d78071a20 Unloading class 0x0000000100a99000 'java/lang/invoke/LambdaForm$MH+0x0000000100a99000'
Event: 761.337 Thread 0x0000026d78071a20 Unloading class 0x0000000100ab0800 'java/lang/invoke/LambdaForm$MH+0x0000000100ab0800'
Event: 761.337 Thread 0x0000026d78071a20 Unloading class 0x0000000100ab1c00 'java/lang/invoke/LambdaForm$MH+0x0000000100ab1c00'
Event: 761.337 Thread 0x0000026d78071a20 Unloading class 0x0000000100abc800 'java/lang/invoke/LambdaForm$MH+0x0000000100abc800'
Event: 761.337 Thread 0x0000026d78071a20 Unloading class 0x0000000100ac5800 'java/lang/invoke/LambdaForm$MH+0x0000000100ac5800'
Event: 761.337 Thread 0x0000026d78071a20 Unloading class 0x0000000100ac8000 'java/lang/invoke/LambdaForm$BMH+0x0000000100ac8000'
Event: 761.337 Thread 0x0000026d78071a20 Unloading class 0x0000000100ac9800 'java/lang/invoke/LambdaForm$MH+0x0000000100ac9800'
Event: 761.337 Thread 0x0000026d78071a20 Unloading class 0x0000000100b91400 'java/lang/invoke/LambdaForm$MH+0x0000000100b91400'
Event: 761.337 Thread 0x0000026d78071a20 Unloading class 0x0000000100b92800 'java/lang/invoke/LambdaForm$MH+0x0000000100b92800'
Event: 761.337 Thread 0x0000026d78071a20 Unloading class 0x0000000100ba4800 'java/lang/invoke/LambdaForm$MH+0x0000000100ba4800'
Event: 761.337 Thread 0x0000026d78071a20 Unloading class 0x000000010014ac00 'java/lang/invoke/LambdaForm$MH+0x000000010014ac00'

Classes redefined (9 events):
Event: 589.883 Thread 0x0000026d78071a20 redefined class name=com.services.config.MinioConfig, count=1
Event: 592.690 Thread 0x0000026d78071a20 redefined class name=com.services.config.MinioConfig, count=2
Event: 756.101 Thread 0x0000026d78071a20 redefined class name=com.services.config.MinioConfig, count=1
Event: 756.101 Thread 0x0000026d78071a20 redefined class name=com.services.config.MinioConfig, count=3
Event: 756.101 Thread 0x0000026d78071a20 redefined class name=com.services.config.MinioConfig, count=1
Event: 1430.852 Thread 0x0000026d78071a20 redefined class name=com.services.controller.MinioController, count=1
Event: 1430.852 Thread 0x0000026d78071a20 redefined class name=com.services.controller.MinioController, count=1
Event: 1430.852 Thread 0x0000026d78071a20 redefined class name=com.services.controller.MinioController, count=1
Event: 1430.852 Thread 0x0000026d78071a20 redefined class name=com.services.controller.MinioController, count=1

Internal exceptions (20 events):
Event: 760.072 Thread 0x0000026d01236770 Exception <a 'java/lang/InterruptedException'{0x00000000907e7c08}: sleep interrupted> (0x00000000907e7c08) 
thrown [s\src\hotspot\share\prims\jvm.cpp, line 3074]
Event: 760.194 Thread 0x0000026d7e687990 Exception <a 'sun/nio/fs/WindowsException'{0x00000000917c2c30}> (0x00000000917c2c30) 
thrown [s\src\hotspot\share\prims\jni.cpp, line 520]
Event: 761.150 Thread 0x0000026d7e687990 Exception <a 'java/lang/NoClassDefFoundError'{0x000000008ecc61c8}: org/flywaydb/core/Flyway> (0x000000008ecc61c8) 
thrown [s\src\hotspot\share\oops\constantPool.cpp, line 873]
Event: 761.152 Thread 0x0000026d7e687990 Exception <a 'java/lang/NoClassDefFoundError'{0x000000008ecc6828}: liquibase/integration/spring/SpringLiquibase> (0x000000008ecc6828) 
thrown [s\src\hotspot\share\oops\constantPool.cpp, line 873]
Event: 761.163 Thread 0x0000026d7e687990 Exception <a 'java/lang/NoClassDefFoundError'{0x000000008eb52138}: org/jooq/DSLContext> (0x000000008eb52138) 
thrown [s\src\hotspot\share\oops\constantPool.cpp, line 873]
Event: 761.166 Thread 0x0000026d7e687990 Exception <a 'java/lang/NoClassDefFoundError'{0x000000008eb63d58}: org/springframework/batch/core/repository/JobRepository> (0x000000008eb63d58) 
thrown [s\src\hotspot\share\oops\constantPool.cpp, line 873]
Event: 761.169 Thread 0x0000026d7e687990 Exception <a 'java/lang/NoClassDefFoundError'{0x000000008eb643b0}: org/quartz/Scheduler> (0x000000008eb643b0) 
thrown [s\src\hotspot\share\oops\constantPool.cpp, line 873]
Event: 761.171 Thread 0x0000026d7e687990 Exception <a 'java/lang/NoClassDefFoundError'{0x000000008eb64a30}: org/springframework/session/jdbc/JdbcIndexedSessionRepository> (0x000000008eb64a30) 
thrown [s\src\hotspot\share\oops\constantPool.cpp, line 873]
Event: 761.289 Thread 0x0000026d7e687990 Exception <a 'java/io/FileNotFoundException'{0x000000008dc1d6e0}> (0x000000008dc1d6e0) 
thrown [s\src\hotspot\share\prims\jni.cpp, line 520]
Event: 761.412 Thread 0x0000026d7e687990 Exception <a 'java/io/FileNotFoundException'{0x00000000912386d0}> (0x00000000912386d0) 
thrown [s\src\hotspot\share\prims\jni.cpp, line 520]
Event: 763.411 Thread 0x0000026d7e687990 Exception <a 'java/lang/NoSuchMethodError'{0x000000008fabb1f0}: 'void java.lang.invoke.DelegatingMethodHandle$Holder.reinvoke_L(java.lang.Object, java.lang.Object, int)'> (0x000000008fabb1f0) 
thrown [s\src\hotspot\share\interpreter\linkResolver.cpp, line 773]
Event: 763.465 Thread 0x0000026d7e687990 Exception <a 'java/lang/NoSuchMethodError'{0x000000008f7dec68}: 'void java.lang.invoke.DelegatingMethodHandle$Holder.reinvoke_L(java.lang.Object, java.lang.Object, int, java.lang.Object)'> (0x000000008f7dec68) 
thrown [s\src\hotspot\share\interpreter\linkResolver.cpp, line 773]
Event: 763.633 Thread 0x0000026d7e687990 Exception <a 'java/net/BindException'{0x000000008eb9c738}: Address already in use: bind> (0x000000008eb9c738) 
thrown [s\src\hotspot\share\prims\jni.cpp, line 539]
Event: 763.850 Thread 0x0000026d7e687990 Exception <a 'java/lang/NoSuchMethodError'{0x000000008de85dd8}: 'java.lang.Object java.lang.invoke.DelegatingMethodHandle$Holder.reinvoke_L(java.lang.Object, int, int, long, java.lang.Object, long, long, long)'> (0x000000008de85dd8) 
thrown [s\src\hotspot\share\interpreter\linkResolver.cpp, line 773]
Event: 763.852 Thread 0x0000026d7e687990 Exception <a 'java/lang/NoSuchMethodError'{0x000000008de9c130}: 'java.lang.Object java.lang.invoke.DelegatingMethodHandle$Holder.reinvoke_L(java.lang.Object, java.lang.Object, java.lang.Object, java.lang.Object, java.lang.Object, java.lang.Object, java.lang.Object, java.lang.Object, java.lang.Object, java.lang.Object, java.lang.Object, java.lang.Object, java.lang.Object, java.lang.Object, int, java.lang.Object, java.lang.Object, java.lang.Object, java.lang.Object, java.lang.Object, java.lang.Object, java.l
Event: 763.854 Thread 0x0000026d7e687990 Exception <a 'java/lang/NoSuchMethodError'{0x000000008dee7d18}: 'java.lang.Object java.lang.invoke.DelegatingMethodHandle$Holder.reinvoke_L(java.lang.Object, java.lang.Object, java.lang.Object, java.lang.Object, java.lang.Object, java.lang.Object, java.lang.Object, java.lang.Object, java.lang.Object, java.lang.Object, java.lang.Object, java.lang.Object, java.lang.Object, java.lang.Object, java.lang.Object, java.lang.Object, java.lang.Object, java.lang.Object, java.lang.Object, java.lang.Object, java.lang.O
Event: 763.888 Thread 0x0000026d0174d300 Exception <a 'java/lang/NoSuchMethodError'{0x000000009136e1e0}: 'long java.lang.invoke.DelegatingMethodHandle$Holder.reinvoke_L(java.lang.Object, java.lang.Object)'> (0x000000009136e1e0) 
thrown [s\src\hotspot\share\interpreter\linkResolver.cpp, line 773]
Event: 763.896 Thread 0x0000026d01236e00 Exception <a 'java/lang/NoSuchMethodError'{0x0000000091201fc0}: static [B.<clinit>()V> (0x0000000091201fc0) 
thrown [s\src\hotspot\share\prims\jni.cpp, line 1111]
Event: 785.822 Thread 0x0000026d0174fa60 Exception <a 'java/lang/NoSuchMethodError'{0x0000000090788810}: 'void java.lang.invoke.DirectMethodHandle$Holder.invokeStatic(java.lang.Object, long, java.lang.Object)'> (0x0000000090788810) 
thrown [s\src\hotspot\share\interpreter\linkResolver.cpp, line 773]
Event: 1086.534 Thread 0x0000026d01239bf0 Exception <a 'java/net/SocketException'{0x0000000090f1b4b8}: Connection reset by peer: shutdown> (0x0000000090f1b4b8) 
thrown [s\src\hotspot\share\prims\jni.cpp, line 539]

ZGC Phase Switch (0 events):
No events

VM Operations (20 events):
Event: 1263.318 Executing VM operation: Cleanup done
Event: 1334.917 Executing VM operation: Cleanup
Event: 1334.917 Executing VM operation: Cleanup done
Event: 1382.509 Executing VM operation: HandshakeAllThreads (HandshakeForDeflation)
Event: 1382.509 Executing VM operation: HandshakeAllThreads (HandshakeForDeflation) done
Event: 1382.509 Executing VM operation: RendezvousGCThreads
Event: 1382.509 Executing VM operation: RendezvousGCThreads done
Event: 1430.537 Executing VM operation: RedefineClasses
Event: 1431.094 Executing VM operation: RedefineClasses done
Event: 1431.121 Executing VM operation: ChangeBreakpoints
Event: 1431.125 Executing VM operation: ChangeBreakpoints done
Event: 1431.128 Executing VM operation: ChangeBreakpoints
Event: 1431.133 Executing VM operation: ChangeBreakpoints done
Event: 1431.136 Executing VM operation: ChangeBreakpoints
Event: 1431.140 Executing VM operation: ChangeBreakpoints done
Event: 1431.143 Executing VM operation: ChangeBreakpoints
Event: 1431.147 Executing VM operation: ChangeBreakpoints done
Event: 1432.149 Executing VM operation: Cleanup
Event: 1432.149 Executing VM operation: Cleanup done
Event: 1434.334 Executing VM operation: RedefineClasses

Events (20 events):
Event: 1309.312 Thread 0x0000026d7788f3f0 Thread exited: 0x0000026d7788f3f0
Event: 1431.943 Thread 0x0000026d7e688020 Thread added: 0x0000026d7e688020
Event: 1431.944 Thread 0x0000026d01749160 Thread exited: 0x0000026d01749160
Event: 1431.961 Thread 0x0000026d7e6893d0 Thread added: 0x0000026d7e6893d0
Event: 1431.987 Thread 0x0000026d01234010 Thread exited: 0x0000026d01234010
Event: 1431.988 Thread 0x0000026d7e6893d0 Thread exited: 0x0000026d7e6893d0
Event: 1431.988 Thread 0x0000026d01237490 Thread exited: 0x0000026d01237490
Event: 1431.993 Thread 0x0000026d01749e80 Thread exited: 0x0000026d01749e80
Event: 1431.994 Thread 0x0000026d0174d990 Thread exited: 0x0000026d0174d990
Event: 1431.994 Thread 0x0000026d01236770 Thread exited: 0x0000026d01236770
Event: 1431.994 Thread 0x0000026d01232c60 Thread exited: 0x0000026d01232c60
Event: 1431.995 Thread 0x0000026d01750780 Thread exited: 0x0000026d01750780
Event: 1431.996 Thread 0x0000026d0174fa60 Thread exited: 0x0000026d0174fa60
Event: 1431.996 Thread 0x0000026d012332f0 Thread exited: 0x0000026d012332f0
Event: 1431.996 Thread 0x0000026d0174e020 Thread exited: 0x0000026d0174e020
Event: 1431.997 Thread 0x0000026d012353c0 Thread exited: 0x0000026d012353c0
Event: 1431.997 Thread 0x0000026d01233980 Thread exited: 0x0000026d01233980
Event: 1432.014 Thread 0x0000026d7e6893d0 Thread added: 0x0000026d7e6893d0
Event: 1432.016 Thread 0x0000026d0174bf50 Thread exited: 0x0000026d0174bf50
Event: 1432.025 Thread 0x0000026d7e6893d0 Thread exited: 0x0000026d7e6893d0


Dynamic libraries:
0x00007ff68c830000 - 0x00007ff68c83e000 	C:\Users\PRASANTH\Downloads\sts-4.24.0.RELEASE\plugins\org.eclipse.justj.openjdk.hotspot.jre.full.win32.x86_64_21.0.3.v20240426-1530\jre\bin\javaw.exe
0x00007ffabcb80000 - 0x00007ffabcde0000 	C:\WINDOWS\SYSTEM32\ntdll.dll
0x00007ffabc540000 - 0x00007ffabc607000 	C:\WINDOWS\System32\KERNEL32.DLL
0x00007ffaba2b0000 - 0x00007ffaba679000 	C:\WINDOWS\System32\KERNELBASE.dll
0x00007ffaba070000 - 0x00007ffaba1bc000 	C:\WINDOWS\System32\ucrtbase.dll
0x00007ffab14f0000 - 0x00007ffab1508000 	C:\Users\PRASANTH\Downloads\sts-4.24.0.RELEASE\plugins\org.eclipse.justj.openjdk.hotspot.jre.full.win32.x86_64_21.0.3.v20240426-1530\jre\bin\jli.dll
0x00007ffab2c70000 - 0x00007ffab2c8b000 	C:\Users\PRASANTH\Downloads\sts-4.24.0.RELEASE\plugins\org.eclipse.justj.openjdk.hotspot.jre.full.win32.x86_64_21.0.3.v20240426-1530\jre\bin\VCRUNTIME140.dll
0x00007ffabc960000 - 0x00007ffabcb2a000 	C:\WINDOWS\System32\USER32.dll
0x00007ffaba280000 - 0x00007ffaba2a7000 	C:\WINDOWS\System32\win32u.dll
0x00007ffa9f060000 - 0x00007ffa9f2f6000 	C:\WINDOWS\WinSxS\amd64_microsoft.windows.common-controls_6595b64144ccf1df_6.0.26100.3360_none_3e0cc616e3305d09\COMCTL32.dll
0x00007ffabc020000 - 0x00007ffabc04a000 	C:\WINDOWS\System32\GDI32.dll
0x00007ffabb960000 - 0x00007ffabba09000 	C:\WINDOWS\System32\msvcrt.dll
0x00007ffaba680000 - 0x00007ffaba7b0000 	C:\WINDOWS\System32\gdi32full.dll
0x00007ffaba850000 - 0x00007ffaba8f3000 	C:\WINDOWS\System32\msvcp_win.dll
0x00007ffabc7a0000 - 0x00007ffabc7cf000 	C:\WINDOWS\System32\IMM32.DLL
0x00007ffab2c60000 - 0x00007ffab2c6c000 	C:\Users\PRASANTH\Downloads\sts-4.24.0.RELEASE\plugins\org.eclipse.justj.openjdk.hotspot.jre.full.win32.x86_64_21.0.3.v20240426-1530\jre\bin\vcruntime140_1.dll
0x00007ffa7c020000 - 0x00007ffa7c0ae000 	C:\Users\PRASANTH\Downloads\sts-4.24.0.RELEASE\plugins\org.eclipse.justj.openjdk.hotspot.jre.full.win32.x86_64_21.0.3.v20240426-1530\jre\bin\msvcp140.dll
0x00007ffa5ebb0000 - 0x00007ffa5f932000 	C:\Users\PRASANTH\Downloads\sts-4.24.0.RELEASE\plugins\org.eclipse.justj.openjdk.hotspot.jre.full.win32.x86_64_21.0.3.v20240426-1530\jre\bin\server\jvm.dll
0x00007ffabbb10000 - 0x00007ffabbbc2000 	C:\WINDOWS\System32\ADVAPI32.dll
0x00007ffabc050000 - 0x00007ffabc0f6000 	C:\WINDOWS\System32\sechost.dll
0x00007ffabbcb0000 - 0x00007ffabbdc6000 	C:\WINDOWS\System32\RPCRT4.dll
0x00007ffabc670000 - 0x00007ffabc6e4000 	C:\WINDOWS\System32\WS2_32.dll
0x00007ffab9c10000 - 0x00007ffab9c5e000 	C:\WINDOWS\SYSTEM32\POWRPROF.dll
0x00007ffab0e50000 - 0x00007ffab0e86000 	C:\WINDOWS\SYSTEM32\WINMM.dll
0x00007ffab0e90000 - 0x00007ffab0e9b000 	C:\WINDOWS\SYSTEM32\VERSION.dll
0x00007ffab9bf0000 - 0x00007ffab9c04000 	C:\WINDOWS\SYSTEM32\UMPDC.dll
0x00007ffab8ba0000 - 0x00007ffab8bba000 	C:\WINDOWS\SYSTEM32\kernel.appcore.dll
0x00007ffab28c0000 - 0x00007ffab28ca000 	C:\Users\PRASANTH\Downloads\sts-4.24.0.RELEASE\plugins\org.eclipse.justj.openjdk.hotspot.jre.full.win32.x86_64_21.0.3.v20240426-1530\jre\bin\jimage.dll
0x00007ffaad470000 - 0x00007ffaad6b1000 	C:\WINDOWS\SYSTEM32\DBGHELP.DLL
0x00007ffabc190000 - 0x00007ffabc512000 	C:\WINDOWS\System32\combase.dll
0x00007ffabbbd0000 - 0x00007ffabbca6000 	C:\WINDOWS\System32\OLEAUT32.dll
0x00007ffa9c550000 - 0x00007ffa9c589000 	C:\WINDOWS\SYSTEM32\dbgcore.DLL
0x00007ffaba900000 - 0x00007ffaba999000 	C:\WINDOWS\System32\bcryptPrimitives.dll
0x00007ffaa0330000 - 0x00007ffaa036c000 	C:\Users\PRASANTH\Downloads\sts-4.24.0.RELEASE\plugins\org.eclipse.justj.openjdk.hotspot.jre.full.win32.x86_64_21.0.3.v20240426-1530\jre\bin\jdwp.dll
0x00007ffab28b0000 - 0x00007ffab28bf000 	C:\Users\PRASANTH\Downloads\sts-4.24.0.RELEASE\plugins\org.eclipse.justj.openjdk.hotspot.jre.full.win32.x86_64_21.0.3.v20240426-1530\jre\bin\instrument.dll
0x00007ffab14d0000 - 0x00007ffab14ef000 	C:\Users\PRASANTH\Downloads\sts-4.24.0.RELEASE\plugins\org.eclipse.justj.openjdk.hotspot.jre.full.win32.x86_64_21.0.3.v20240426-1530\jre\bin\java.dll
0x00007ffab14b0000 - 0x00007ffab14c8000 	C:\Users\PRASANTH\Downloads\sts-4.24.0.RELEASE\plugins\org.eclipse.justj.openjdk.hotspot.jre.full.win32.x86_64_21.0.3.v20240426-1530\jre\bin\zip.dll
0x00007ffabb240000 - 0x00007ffabb95c000 	C:\WINDOWS\System32\SHELL32.dll
0x00007ffab9d80000 - 0x00007ffab9ee8000 	C:\WINDOWS\System32\wintypes.dll
0x00007ffab7a50000 - 0x00007ffab8296000 	C:\WINDOWS\SYSTEM32\windows.storage.dll
0x00007ffabb0c0000 - 0x00007ffabb1ad000 	C:\WINDOWS\System32\SHCORE.dll
0x00007ffabc6f0000 - 0x00007ffabc74d000 	C:\WINDOWS\System32\shlwapi.dll
0x00007ffab9c90000 - 0x00007ffab9cbf000 	C:\WINDOWS\SYSTEM32\profapi.dll
0x00007ffab6d70000 - 0x00007ffab6d7b000 	C:\Users\PRASANTH\Downloads\sts-4.24.0.RELEASE\plugins\org.eclipse.justj.openjdk.hotspot.jre.full.win32.x86_64_21.0.3.v20240426-1530\jre\bin\dt_socket.dll
0x00007ffab85a0000 - 0x00007ffab85d3000 	C:\WINDOWS\SYSTEM32\IPHLPAPI.DLL
0x00007ffab90c0000 - 0x00007ffab912a000 	C:\WINDOWS\system32\mswsock.dll
0x00007ffab8630000 - 0x00007ffab8755000 	C:\WINDOWS\SYSTEM32\DNSAPI.dll
0x00007ffabcb30000 - 0x00007ffabcb3a000 	C:\WINDOWS\System32\NSI.dll
0x00007ffab1e00000 - 0x00007ffab1e0b000 	C:\Windows\System32\rasadhlp.dll
0x00007ffaaec10000 - 0x00007ffaaec95000 	C:\WINDOWS\System32\fwpuclnt.dll
0x00007ffab14a0000 - 0x00007ffab14b0000 	C:\Users\PRASANTH\Downloads\sts-4.24.0.RELEASE\plugins\org.eclipse.justj.openjdk.hotspot.jre.full.win32.x86_64_21.0.3.v20240426-1530\jre\bin\net.dll
0x00007ffab1ca0000 - 0x00007ffab1dbd000 	C:\WINDOWS\SYSTEM32\WINHTTP.dll
0x00007ffab1480000 - 0x00007ffab1496000 	C:\Users\PRASANTH\Downloads\sts-4.24.0.RELEASE\plugins\org.eclipse.justj.openjdk.hotspot.jre.full.win32.x86_64_21.0.3.v20240426-1530\jre\bin\nio.dll
0x00007ffab5830000 - 0x00007ffab583a000 	C:\Users\PRASANTH\Downloads\sts-4.24.0.RELEASE\plugins\org.eclipse.justj.openjdk.hotspot.jre.full.win32.x86_64_21.0.3.v20240426-1530\jre\bin\management.dll
0x00007ffab3400000 - 0x00007ffab340b000 	C:\Users\PRASANTH\Downloads\sts-4.24.0.RELEASE\plugins\org.eclipse.justj.openjdk.hotspot.jre.full.win32.x86_64_21.0.3.v20240426-1530\jre\bin\management_ext.dll
0x00007ffabc940000 - 0x00007ffabc948000 	C:\WINDOWS\System32\PSAPI.DLL
0x00007ffa9d1d0000 - 0x00007ffa9d1e8000 	C:\WINDOWS\system32\napinsp.dll
0x00007ffa968d0000 - 0x00007ffa968e2000 	C:\WINDOWS\System32\winrnr.dll
0x00007ffa96870000 - 0x00007ffa96892000 	C:\WINDOWS\system32\nlansp_c.dll
0x00007ffab1dc0000 - 0x00007ffab1dd6000 	C:\WINDOWS\system32\wshbth.dll
0x00007ffab9360000 - 0x00007ffab937c000 	C:\WINDOWS\SYSTEM32\CRYPTSP.dll
0x00007ffab8b00000 - 0x00007ffab8b3a000 	C:\WINDOWS\system32\rsaenh.dll
0x00007ffab9160000 - 0x00007ffab918b000 	C:\WINDOWS\SYSTEM32\USERENV.dll
0x00007ffab95a0000 - 0x00007ffab95c6000 	C:\WINDOWS\SYSTEM32\bcrypt.dll
0x00007ffab9380000 - 0x00007ffab938c000 	C:\WINDOWS\SYSTEM32\CRYPTBASE.dll
0x00007ffab5840000 - 0x00007ffab5849000 	C:\Users\PRASANTH\Downloads\sts-4.24.0.RELEASE\plugins\org.eclipse.justj.openjdk.hotspot.jre.full.win32.x86_64_21.0.3.v20240426-1530\jre\bin\extnet.dll
0x00007ffab1470000 - 0x00007ffab1480000 	C:\Users\PRASANTH\Downloads\sts-4.24.0.RELEASE\plugins\org.eclipse.justj.openjdk.hotspot.jre.full.win32.x86_64_21.0.3.v20240426-1530\jre\bin\verify.dll
0x00007ffaa0190000 - 0x00007ffaa019e000 	C:\Users\PRASANTH\Downloads\sts-4.24.0.RELEASE\plugins\org.eclipse.justj.openjdk.hotspot.jre.full.win32.x86_64_21.0.3.v20240426-1530\jre\bin\sunmscapi.dll
0x00007ffab9ef0000 - 0x00007ffaba067000 	C:\WINDOWS\System32\CRYPT32.dll
0x00007ffab9560000 - 0x00007ffab9590000 	C:\WINDOWS\SYSTEM32\ncrypt.dll
0x00007ffab9510000 - 0x00007ffab954f000 	C:\WINDOWS\SYSTEM32\NTASN1.dll
0x00007ffab1810000 - 0x00007ffab1818000 	C:\WINDOWS\system32\wshunix.dll

dbghelp: loaded successfully - version: 4.0.5 - missing functions: none
symbol engine: initialized successfully - sym options: 0x614 - pdb path: .;C:\Users\PRASANTH\Downloads\sts-4.24.0.RELEASE\plugins\org.eclipse.justj.openjdk.hotspot.jre.full.win32.x86_64_21.0.3.v20240426-1530\jre\bin;C:\WINDOWS\SYSTEM32;C:\WINDOWS\WinSxS\amd64_microsoft.windows.common-controls_6595b64144ccf1df_6.0.26100.3360_none_3e0cc616e3305d09;C:\Users\PRASANTH\Downloads\sts-4.24.0.RELEASE\plugins\org.eclipse.justj.openjdk.hotspot.jre.full.win32.x86_64_21.0.3.v20240426-1530\jre\bin\server

VM Arguments:
jvm_args: -XX:+ShowCodeDetailsInExceptionMessages -agentlib:jdwp=transport=dt_socket,suspend=y,address=localhost:53849 -Dcom.sun.management.jmxremote -Dcom.sun.management.jmxremote.port=53836 -Dcom.sun.management.jmxremote.authenticate=false -Dcom.sun.management.jmxremote.ssl=false -Djava.rmi.server.hostname=localhost -Dspring.jmx.enabled=true -Dmanagement.endpoints.jmx.exposure.include=* -Dspring.application.admin.enabled=true -XX:TieredStopAtLevel=1 -Dspring.boot.project.name=ServicesManagement -javaagent:C:\Users\PRASANTH\Downloads\sts-4.24.0.RELEASE\configuration\org.eclipse.osgi\270\0\.cp\lib\javaagent-shaded.jar -Dfile.encoding=UTF-8 -Dstdout.encoding=UTF-8 -Dstderr.encoding=UTF-8 
java_command: com.services.ServicesManagementApplication --spring.output.ansi.enabled=always
java_class_path (initial): D:\DemoProject\ServicesManagement\target\classes;C:\Users\PRASANTH\.m2\repository\org\springframework\cloud\spring-cloud-starter-openfeign\4.2.0\spring-cloud-starter-openfeign-4.2.0.jar;C:\Users\PRASANTH\.m2\repository\org\springframework\cloud\spring-cloud-starter\4.2.0\spring-cloud-starter-4.2.0.jar;C:\Users\PRASANTH\.m2\repository\org\springframework\cloud\spring-cloud-context\4.2.0\spring-cloud-context-4.2.0.jar;C:\Users\PRASANTH\.m2\repository\org\bouncycastle\bcprov-jdk18on\1.78.1\bcprov-jdk18on-1.78.1.jar;C:\Users\PRASANTH\.m2\repository\org\springframework\cloud\spring-cloud-openfeign-core\4.2.0\spring-cloud-openfeign-core-4.2.0.jar;C:\Users\PRASANTH\.m2\repository\io\github\openfeign\feign-form-spring\13.5\feign-form-spring-13.5.jar;C:\Users\PRASANTH\.m2\repository\io\github\openfeign\feign-form\13.5\feign-form-13.5.jar;C:\Users\PRASANTH\.m2\repository\commons-fileupload\commons-fileupload\1.5\commons-fileupload-1.5.jar;C:\Users\PRASANTH\.m2\repository\commons-io\commons-io\2.11.0\commons-io-2.11.0.jar;C:\Users\PRASANTH\.m2\repository\org\springframework\spring-web\6.2.3\spring-web-6.2.3.jar;C:\Users\PRASANTH\.m2\repository\org\springframework\spring-beans\6.2.3\spring-beans-6.2.3.jar;C:\Users\PRASANTH\.m2\repository\io\micrometer\micrometer-observation\1.14.4\micrometer-observation-1.14.4.jar;C:\Users\PRASANTH\.m2\repository\io\micrometer\micrometer-commons\1.14.4\micrometer-commons-1.14.4.jar;C:\Users\PRASANTH\.m2\repository\org\springframework\cloud\spring-cloud-commons\4.2.0\spring-cloud-commons-4.2.0.jar;C:\Users\PRASANTH\.m2\repository\org\springframework\security\spring-security-crypto\6.4.3\spring-security-crypto-6.4.3.jar;C:\Users\PRASANTH\.m2\repository\io\github\openfeign\feign-core\13.5\feign-core-13.5.jar;C:\Users\PRASANTH\.m2\repository\io\github\openfeign\feign-slf4j\13.5\feign-slf4j-13.5.jar;C:\Users\PRASANTH\.m2\repository\org\slf4j\slf4j-api\2.0.16\slf4j-api-2.0.16.jar;C:\Users\PRASANTH\.m2\repository\org\springframework\boot\spring-boot-starter-web\3.4.3\spring-boot-starter-web-3.4.3.jar;C:\Users\PRASANTH\.m2\repository\org\springframework\boot\spring-boot-starter\3.4.3\spring-boot-starter-3.4.3.jar;C:\Users\PRASANTH\.m2\repository\org\springframework\boot\spring-boot-starter-logging\3.4.3\spring-boot-starter-logging-3.4.3.jar;C:\Users\PRASANTH\.m2\repository\ch\qos\logback\logback-classic\1.5.16\logback-classic-1.5.16.jar;C:\Users\PRASANTH\.m2\repository\ch\qos\logback\logback-core\1.5.16\logback-core-1.5.16.jar;C:\Users\PRASANTH\.m2\repository\org\apache\logging\log4j\log4j-to-slf4j\2.24.3\log4j-to-slf4j-2.24.3.jar;C:\Users\PRASANTH\.m2\repository\org\apache\logging\log4j\log4j-api\2.24.3\log4j-api-2.24.3.jar;C:\Users\PRASANTH\.m2\repository\org\slf4j\jul-to-slf4j\2.0.16\jul-to-slf4j-2.0.16.jar;C:\Users\PRASANTH\.m2\repository\jakarta\annotation\jakarta.annotation-api\2.1.1\jakarta.annotation-api-2.1.1.jar;C:\Users\PRASANTH\.m2\repository\org\yaml\snakeyaml\2.3\snakeyaml-2.3.jar;C:\Users\PRASANTH\.m2\repository\org\springframework\boot\spring-boot-starter-json\3.4.3\spring-boot-starter-json-3.4.3.jar;C:\Users\PRASANTH\.m2\repository\com\fasterxml\jackson\datatype\jackson-datatype-jdk8\2.18.2\jackson-datatype-jdk8-2.18.2.jar;C:\Users\PRASANTH\.m2\repository\com\fasterxml\jackson\datatype\jackson-datatype-jsr310\2.18.2\jackson-datatype-jsr310-2.18.2.jar;C:\Users\PRASANTH\.m2\repository\com\fasterxml\jackson\module\jackson-module-parameter-names\2.18.2\jackson-module-parameter-names-2.18.2.jar;C:\Users\PRASANTH\.m2\repository\org\springframework\boot\spring-boot-starter-tomcat\3.4.3\spring-boot-starter-tomcat-3.4.3.jar;C:\Users\PRASANTH\.m2\repository\org\apache\tomcat\embed\tomcat-embed-core\10.1.36\tomcat-embed-core-10.1.36.jar;C:\Users\PRASANTH\.m2\repository\org\apache\tomcat\embed\tomcat-embed-el\10.1.36\tomcat-embed-el-10.1.36.jar;C:\Users\PRASANTH\.m2\repository\org\apache\tomcat\embed\tomcat-embed-websocket\10.1.36\tomcat-embed-websocket-10.1.36.jar;C:\Users\PRASANTH\.m2\repository\org\springframework\spring-webmvc\6.2.3\spring-webmvc-6.2.3.jar;C:\Users\PRASANTH\.m2\repository\org\springframework\spring-aop\6.2.3\spring-aop-6.2.3.jar;C:\Users\PRASANTH\.m2\repository\org\springframework\spring-context\6.2.3\spring-context-6.2.3.jar;C:\Users\PRASANTH\.m2\repository\org\springframework\spring-expression\6.2.3\spring-expression-6.2.3.jar;C:\Users\PRASANTH\.m2\repository\org\springframework\cloud\spring-cloud-starter-netflix-eureka-client\4.2.0\spring-cloud-starter-netflix-eureka-client-4.2.0.jar;C:\Users\PRASANTH\.m2\repository\org\springframework\cloud\spring-cloud-netflix-eureka-client\4.2.0\spring-cloud-netflix-eureka-client-4.2.0.jar;C:\Users\PRASANTH\.m2\repository\org\apache\httpcomponents\client5\httpclient5\5.4.2\httpclient5-5.4.2.jar;C:\Users\PRASANTH\.m2\repository\org\apache\httpcomponents\core5\httpcore5\5.3.3\httpcore5-5.3.3.jar;C:\Users\PRASANTH\.m2\repository\org\apache\httpcomponents\core5\httpcore5-h2\5.3.3\httpcore5-h2-5.3.3.jar;C:\Users\PRASANTH\.m2\repository\com\netflix\eureka\eureka-client\2.0.4\eureka-client-2.0.4.jar;C:\Users\PRASANTH\.m2\repository\com\thoughtworks\xstream\xstream\1.4.20\xstream-1.4.20.jar;C:\Users\PRASANTH\.m2\repository\io\github\x-stream\mxparser\1.2.2\mxparser-1.2.2.jar;C:\Users\PRASANTH\.m2\repository\xmlpull\xmlpull\1.1.3.1\xmlpull-1.1.3.1.jar;C:\Users\PRASANTH\.m2\repository\jakarta\ws\rs\jakarta.ws.rs-api\3.1.0\jakarta.ws.rs-api-3.1.0.jar;C:\Users\PRASANTH\.m2\repository\com\netflix\spectator\spectator-api\1.7.3\spectator-api-1.7.3.jar;C:\Users\PRASANTH\.m2\repository\org\apache\httpcomponents\httpclient\4.5.3\httpclient-4.5.3.jar;C:\Users\PRASANTH\.m2\repository\org\apache\httpcomponents\httpcore\4.4.16\httpcore-4.4.16.jar;C:\Users\PRASANTH\.m2\repository\commons-codec\commons-codec\1.17.2\commons-codec-1.17.2.jar;C:\Users\PRASANTH\.m2\repository\commons-configuration\commons-configuration\1.10\commons-configuration-1.10.jar;C:\Users\PRASANTH\.m2\repository\commons-lang\commons-lang\2.6\commons-lang-2.6.jar;C:\Users\PRASANTH\.m2\repository\com\netflix\netflix-commons\netflix-eventbus\0.3.0\netflix-eventbus-0.3.0.jar;C:\Users\PRASANTH\.m2\repository\com\netflix\netflix-commons\netflix-infix\0.3.0\netflix-infix-0.3.0.jar;C:\Users\PRASANTH\.m2\repository\commons-jxpath\commons-jxpath\1.3\commons-jxpath-1.3.jar;C:\Users\PRASANTH\.m2\repository\joda-time\joda-time\2.3\joda-time-2.3.jar;C:\Users\PRASANTH\.m2\repository\org\antlr\antlr-runtime\3.4\antlr-runtime-3.4.jar;C:\Users\PRASANTH\.m2\repository\org\antlr\stringtemplate\3.2.1\stringtemplate-3.2.1.jar;C:\Users\PRASANTH\.m2\repository\antlr\antlr\2.7.7\antlr-2.7.7.jar;C:\Users\PRASANTH\.m2\repository\com\google\code\gson\gson\2.11.0\gson-2.11.0.jar;C:\Users\PRASANTH\.m2\repository\com\netflix\servo\servo-core\0.5.3\servo-core-0.5.3.jar;C:\Users\PRASANTH\.m2\repository\org\apache\commons\commons-math\2.2\commons-math-2.2.jar;C:\Users\PRASANTH\.m2\repository\javax\annotation\javax.annotation-api\1.2\javax.annotation-api-1.2.jar;C:\Users\PRASANTH\.m2\repository\org\codehaus\jettison\jettison\1.5.4\jettison-1.5.4.jar;C:\Users\PRASANTH\.m2\repository\org\springframework\cloud\spring-cloud-starter-loadbalancer\4.2.0\spring-cloud-starter-loadbalancer-4.2.0.jar;C:\Users\PRASANTH\.m2\repository\org\springframework\cloud\spring-cloud-loadbalancer\4.2.0\spring-cloud-loadbalancer-4.2.0.jar;C:\Users\PRASANTH\.m2\repository\io\projectreactor\reactor-core\3.7.3\reactor-core-3.7.3.jar;C:\Users\PRASANTH\.m2\repository\org\reactivestreams\reactive-streams\1.0.4\reactive-streams-1.0.4.jar;C:\Users\PRASANTH\.m2\repository\io\projectreactor\addons\reactor-extra\3.5.2\reactor-extra-3.5.2.jar;C:\Users\PRASANTH\.m2\repository\org\springframework\boot\spring-boot-starter-cache\3.4.3\spring-boot-starter-cache-3.4.3.jar;C:\Users\PRASANTH\.m2\repository\org\springframework\spring-context-support\6.2.3\spring-context-support-6.2.3.jar;C:\Users\PRASANTH\.m2\repository\com\stoyanr\evictor\1.0.0\evictor-1.0.0.jar;C:\Users\PRASANTH\.m2\repository\io\minio\minio\8.5.2\minio-8.5.2.jar;C:\Users\PRASANTH\.m2\repository\com\carrotsearch\thirdparty\simple-xml-safe\2.7.1\simple-xml-safe-2.7.1.jar;C:\Users\PRASANTH\.m2\repository\com\google\guava\guava\30.1.1-jre\guava-30.1.1-jre.jar;C:\Users\PRASANTH\.m2\repository\com\google\guava\failureaccess\1.0.1\failureaccess-1.0.1.jar;C:\Users\PRASANTH\.m2\repository\com\google\guava\listenablefuture\9999.0-empty-to-avoid-conflict-with-guava\listenablefuture-9999.0-empty-to-avoid-conflict-with-guava.jar;C:\Users\PRASANTH\.m2\repository\com\google\code\findbugs\jsr305\3.0.2\jsr305-3.0.2.jar;C:\Users\PRASANTH\.m2\repository\org\checkerframework\checker-qual\3.8.0\checker-qual-3.8.0.jar;C:\Users\PRASANTH\.m2\repository\com\google\errorprone\error_prone_annotations\2.5.1\error_prone_annotations-2.5.1.jar;C:\Users\PRASANTH\.m2\repository\com\google\j2objc\j2objc-annotations\1.3\j2objc-annotations-1.3.jar;C:\Users\PRASANTH\.m2\repository\com\squareup\okhttp3\okhttp\4.10.0\okhttp-4.10.0.jar;C:\Users\PRASANTH\.m2\repository\com\squareup\okio\okio-jvm\3.0.0\okio-jvm-3.0.0.jar;C:\Users\PRASANTH\.m2\repository\org\jetbrains\kotlin\kotlin-stdlib-jdk8\1.9.25\kotlin-stdlib-jdk8-1.9.25.jar;C:\Users\PRASANTH\.m2\repository\org\jetbrains\kotlin\kotlin-stdlib-jdk7\1.9.25\kotlin-stdlib-jdk7-1.9.25.jar;C:\Users\PRASANTH\.m2\repository\org\jetbrains\kotlin\kotlin-stdlib-common\1.9.25\kotlin-stdlib-common-1.9.25.jar;C:\Users\PRASANTH\.m2\repository\org\jetbrains\kotlin\kotlin-stdlib\1.9.25\kotlin-stdlib-1.9.25.jar;C:\Users\PRASANTH\.m2\repository\org\jetbrains\annotations\13.0\annotations-13.0.jar;C:\Users\PRASANTH\.m2\repository\com\fasterxml\jackson\core\jackson-annotations\2.18.2\jackson-annotations-2.18.2.jar;C:\Users\PRASANTH\.m2\repository\com\fasterxml\jackson\core\jackson-core\2.18.2\jackson-core-2.18.2.jar;C:\Users\PRASANTH\.m2\repository\com\fasterxml\jackson\core\jackson-databind\2.18.2\jackson-databind-2.18.2.jar;C:\Users\PRASANTH\.m2\repository\org\bouncycastle\bcprov-jdk15on\1.69\bcprov-jdk15on-1.69.jar;C:\Users\PRASANTH\.m2\repository\org\apache\commons\commons-compress\1.21\commons-compress-1.21.jar;C:\Users\PRASANTH\.m2\repository\org\xerial\snappy\snappy-java\1.1.8.4\snappy-java-1.1.8.4.jar;C:\Users\PRASANTH\.m2\repository\org\springframework\boot\spring-boot-starter-data-jpa\3.4.3\spring-boot-starter-data-jpa-3.4.3.jar;C:\Users\PRASANTH\.m2\repository\org\springframework\boot\spring-boot-starter-jdbc\3.4.3\spring-boot-starter-jdbc-3.4.3.jar;C:\Users\PRASANTH\.m2\repository\com\zaxxer\HikariCP\5.1.0\HikariCP-5.1.0.jar;C:\Users\PRASANTH\.m2\repository\org\springframework\spring-jdbc\6.2.3\spring-jdbc-6.2.3.jar;C:\Users\PRASANTH\.m2\repository\org\springframework\data\spring-data-jpa\3.4.3\spring-data-jpa-3.4.3.jar;C:\Users\PRASANTH\.m2\repository\org\springframework\data\spring-data-commons\3.4.3\spring-data-commons-3.4.3.jar;C:\Users\PRASANTH\.m2\repository\org\springframework\spring-orm\6.2.3\spring-orm-6.2.3.jar;C:\Users\PRASANTH\.m2\repository\org\springframework\spring-tx\6.2.3\spring-tx-6.2.3.jar;C:\Users\PRASANTH\.m2\repository\org\springframework\spring-aspects\6.2.3\spring-aspects-6.2.3.jar;C:\Users\PRASANTH\.m2\repository\org\aspectj\aspectjweaver\1.9.22.1\aspectjweaver-1.9.22.1.jar;C:\Users\PRASANTH\.m2\repository\com\mysql\mysql-connector-j\9.1.0\mysql-connector-j-9.1.0.jar;C:\Users\PRASANTH\.m2\repository\org\hibernate\orm\hibernate-core\6.6.8.Final\hibernate-core-6.6.8.Final.jar;C:\Users\PRASANTH\.m2\repository\jakarta\persistence\jakarta.persistence-api\3.1.0\jakarta.persistence-api-3.1.0.jar;C:\Users\PRASANTH\.m2\repository\jakarta\transaction\jakarta.transaction-api\2.0.1\jakarta.transaction-api-2.0.1.jar;C:\Users\PRASANTH\.m2\repository\org\jboss\logging\jboss-logging\3.6.1.Final\jboss-logging-3.6.1.Final.jar;C:\Users\PRASANTH\.m2\repository\org\hibernate\common\hibernate-commons-annotations\7.0.3.Final\hibernate-commons-annotations-7.0.3.Final.jar;C:\Users\PRASANTH\.m2\repository\io\smallrye\jandex\3.2.0\jandex-3.2.0.jar;C:\Users\PRASANTH\.m2\repository\com\fasterxml\classmate\1.7.0\classmate-1.7.0.jar;C:\Users\PRASANTH\.m2\repository\net\bytebuddy\byte-buddy\1.15.11\byte-buddy-1.15.11.jar;C:\Users\PRASANTH\.m2\repository\jakarta\xml\bind\jakarta.xml.bind-api\4.0.2\jakarta.xml.bind-api-4.0.2.jar;C:\Users\PRASANTH\.m2\repository\jakarta\activation\jakarta.activation-api\2.1.3\jakarta.activation-api-2.1.3.jar;C:\Users\PRASANTH\.m2\repository\org\glassfish\jaxb\jaxb-runtime\4.0.5\jaxb-runtime-4.0.5.jar;C:\Users\PRASANTH\.m2\repository\org\glassfish\jaxb\jaxb-core\4.0.5\jaxb-core-4.0.5.jar;C:\Users\PRASANTH\.m2\repository\org\eclipse\angus\angus-activation\2.0.2\angus-activation-2.0.2.jar;C:\Users\PRASANTH\.m2\repository\org\glassfish\jaxb\txw2\4.0.5\txw2-4.0.5.jar;C:\Users\PRASANTH\.m2\repository\com\sun\istack\istack-commons-runtime\4.1.2\istack-commons-runtime-4.1.2.jar;C:\Users\PRASANTH\.m2\repository\jakarta\inject\jakarta.inject-api\2.0.1\jakarta.inject-api-2.0.1.jar;C:\Users\PRASANTH\.m2\repository\org\antlr\antlr4-runtime\4.13.0\antlr4-runtime-4.13.0.jar;C:\Users\PRASANTH\.m2\repository\org\springframework\boot\spring-boot-configuration-processor\3.4.3\spring-boot-configuration-processor-3.4.3.jar;C:\Users\PRASANTH\.m2\repository\org\springframework\boot\spring-boot-devtools\3.4.3\spring-boot-devtools-3.4.3.jar;C:\Users\PRASANTH\.m2\repository\org\springframework\boot\spring-boot\3.4.3\spring-boot-3.4.3.jar;C:\Users\PRASANTH\.m2\repository\org\springframework\boot\spring-boot-autoconfigure\3.4.3\spring-boot-autoconfigure-3.4.3.jar;C:\Users\PRASANTH\.m2\repository\org\projectlombok\lombok\1.18.36\lombok-1.18.36.jar;C:\Users\PRASANTH\.m2\repository\org\springframework\spring-core\6.2.3\spring-core-6.2.3.jar;C:\Users\PRASANTH\.m2\repository\org\springframework\spring-jcl\6.2.3\spring-jcl-6.2.3.jar
Launcher Type: SUN_STANDARD

[Global flags]
     intx CICompilerCount                          = 4                                         {product} {ergonomic}
     uint ConcGCThreads                            = 3                                         {product} {ergonomic}
     uint G1ConcRefinementThreads                  = 10                                        {product} {ergonomic}
   size_t G1HeapRegionSize                         = 1048576                                   {product} {ergonomic}
    uintx GCDrainStackTargetSize                   = 64                                        {product} {ergonomic}
   size_t InitialHeapSize                          = 123731968                                 {product} {ergonomic}
     bool ManagementServer                         = true                                      {product} {command line}
   size_t MarkStackSize                            = 4194304                                   {product} {ergonomic}
   size_t MaxHeapSize                              = 1977614336                                {product} {ergonomic}
   size_t MaxNewSize                               = 1185939456                                {product} {ergonomic}
   size_t MinHeapDeltaBytes                        = 1048576                                   {product} {ergonomic}
   size_t MinHeapSize                              = 8388608                                   {product} {ergonomic}
    uintx NonNMethodCodeHeapSize                   = 4096                                   {pd product} {ergonomic}
    uintx NonProfiledCodeHeapSize                  = 0                                      {pd product} {ergonomic}
     bool ProfileInterpreter                       = false                                  {pd product} {command line}
    uintx ProfiledCodeHeapSize                     = 0                                      {pd product} {ergonomic}
     bool ShowCodeDetailsInExceptionMessages       = true                                   {manageable} {command line}
   size_t SoftMaxHeapSize                          = 1977614336                             {manageable} {ergonomic}
     intx TieredStopAtLevel                        = 1                                         {product} {command line}
     bool UseCompressedOops                        = true                           {product lp64_product} {ergonomic}
     bool UseG1GC                                  = true                                      {product} {ergonomic}
     bool UseLargePagesIndividualAllocation        = false                                  {pd product} {ergonomic}

Logging:
Log output configuration:
 #0: stdout all=warning uptime,level,tags foldmultilines=false
 #1: stderr all=off uptime,level,tags foldmultilines=false

Environment Variables:
PATH=C:\Users\PRASANTH\Downloads\sts-4.24.0.RELEASE\plugins\org.eclipse.justj.openjdk.hotspot.jre.full.win32.x86_64_21.0.3.v20240426-1530\jre\bin;C:/Users/PRASANTH/Downloads/sts-4.24.0.RELEASE//plugins/org.eclipse.justj.openjdk.hotspot.jre.full.win32.x86_64_21.0.3.v20240426-1530/jre/bin/server;C:/Users/PRASANTH/Downloads/sts-4.24.0.RELEASE//plugins/org.eclipse.justj.openjdk.hotspot.jre.full.win32.x86_64_21.0.3.v20240426-1530/jre/bin;C:\Program Files\Common Files\Oracle\Java\javapath;C:\Python310\Scripts\;C:\Python310\;C:\Program Files\Python310\Scripts\;C:\Program Files\Python310\;C:\windows\system32;C:\windows;C:\windows\System32\Wbem;C:\windows\System32\WindowsPowerShell\v1.0\;C:\windows\System32\OpenSSH\;C:\Program Files (x86)\NVIDIA Corporation\PhysX\Common;C:\Program Files\NVIDIA Corporation\NVIDIA NvDLISR;C:\WINDOWS\system32;C:\WINDOWS;C:\WINDOWS\System32\Wbem;C:\WINDOWS\System32\WindowsPowerShell\v1.0\;C:\WINDOWS\System32\OpenSSH\;C:\Program Files (x86)\MATLAB\R2009a\bin;C:\Program Files (x86)\MATLAB\R2009a\bin\win32;C:\ProgramData\chocolatey\bin;C:\Program Files\dotnet\;C:\Program Files (x86)\dotnet\;C:\Program Files\HP\HP One Agent;C:\WINDOWS\system32;C:\WINDOWS;C:\WINDOWS\System32\Wbem;C:\WINDOWS\System32\WindowsPowerShell\v1.0\;C:\WINDOWS\System32\OpenSSH\;C:\Program Files\Git\cmd;C:\Program Files (x86)\Git\cmd;%JAVA_HOME%\bin;C:\Program Files\PowerShell\7\;C:\softwares\apache-maven-3.8.8\bin;C:\Program Files\nodejs\;C:\Program Files\Docker\Docker\resources\bin;C:\Program Files\PuTTY\;C:\Users\PRASANTH\AppData\Local\Programs\Python\Python313\Scripts\;C:\Users\PRASANTH\AppData\Local\Programs\Python\Python313\;C:\Program Files\MySQL\MySQL Shell 8.0\bin\;C:\MinGW\bin;C:\Users\PRASANTH\AppData\Local\Programs\Microsoft VS Code\bin;C:\Users\PRASANTH\AppData\Local\Microsoft\WindowsApps;;C:\Program Files\JetBrains\IntelliJ IDEA Community Edition 2024.1\bin;;C:\Program Files\JetBrains\PyCharm 2024.1\bin;;C:\Program Files\JetBrains\PyCharm Community Edition 2024.1\bin;;C:\Users\PRASANTH\AppData\Roaming\npm;C:\Users\PRASANTH\Downloads\sts-4.24.0.RELEASE;
USERNAME=PRASANTH
OS=Windows_NT
PROCESSOR_IDENTIFIER=AMD64 Family 23 Model 96 Stepping 1, AuthenticAMD
TMP=C:\Users\PRASANTH\AppData\Local\Temp
TEMP=C:\Users\PRASANTH\AppData\Local\Temp




Periodic native trim disabled

---------------  S Y S T E M  ---------------

OS:
 Windows 11 , 64 bit Build 26100 (10.0.26100.3360)
OS uptime: 2 days 11:55 hours
Hyper-V role detected

CPU: total 12 (initial active 12) (12 cores per cpu, 2 threads per core) family 23 model 96 stepping 1 microcode 0x860010c, cx8, cmov, fxsr, ht, mmx, 3dnowpref, sse, sse2, sse3, ssse3, sse4a, sse4.1, sse4.2, popcnt, lzcnt, tsc, tscinvbit, avx, avx2, aes, clmul, bmi1, bmi2, adx, sha, fma, vzeroupper, clflush, clflushopt, hv, rdtscp, rdpid, f16c
Processor Information for processor 0
  Max Mhz: 3000, Current Mhz: 3000, Mhz Limit: 3000
Processor Information for processor 1
  Max Mhz: 3000, Current Mhz: 3000, Mhz Limit: 3000
Processor Information for processor 2
  Max Mhz: 3000, Current Mhz: 3000, Mhz Limit: 3000
Processor Information for processor 3
  Max Mhz: 3000, Current Mhz: 3000, Mhz Limit: 3000
Processor Information for processor 4
  Max Mhz: 3000, Current Mhz: 3000, Mhz Limit: 3000
Processor Information for processor 5
  Max Mhz: 3000, Current Mhz: 3000, Mhz Limit: 3000
Processor Information for processor 6
  Max Mhz: 3000, Current Mhz: 3000, Mhz Limit: 3000
Processor Information for processor 7
  Max Mhz: 3000, Current Mhz: 3000, Mhz Limit: 3000
Processor Information for processor 8
  Max Mhz: 3000, Current Mhz: 3000, Mhz Limit: 3000
Processor Information for processor 9
  Max Mhz: 3000, Current Mhz: 3000, Mhz Limit: 3000
Processor Information for processor 10
  Max Mhz: 3000, Current Mhz: 1400, Mhz Limit: 3000
Processor Information for processor 11
  Max Mhz: 3000, Current Mhz: 1400, Mhz Limit: 3000

Memory: 4k page, system-wide physical 7539M (763M free)
TotalPageFile size 20851M (AvailPageFile size 1782M)
current process WorkingSet (physical memory assigned to process): 177M, peak: 317M
current process commit charge ("private bytes"): 367M, peak: 381M

vm_info: OpenJDK 64-Bit Server VM (21.0.3+9-LTS) for windows-amd64 JRE (21.0.3+9-LTS), built on 2024-04-16T00:00:00Z by "admin" with MS VC++ 17.7 (VS2022)

END.
